{
  "stats": {
    "suites": 4,
    "tests": 6,
    "passes": 4,
    "pending": 1,
    "failures": 1,
    "start": "2023-08-06T08:11:31.284Z",
    "end": "2023-08-06T08:12:57.291Z",
    "duration": 86007,
    "testsRegistered": 7,
    "passPercent": 66.66666666666666,
    "pendingPercent": 14.285714285714285,
    "other": 1,
    "hasOther": true,
    "skipped": 0,
    "hasSkipped": false
  },
  "results": [
    {
      "uuid": "d90f591c-909f-4727-8beb-91dca587394d",
      "title": "",
      "fullFile": "cypress/integration/artigo.spec.js",
      "file": "cypress/integration/artigo.spec.js",
      "beforeHooks": [],
      "afterHooks": [],
      "tests": [],
      "suites": [
        {
          "uuid": "714f5de7-1a5c-4555-a91b-f26491804158",
          "title": "Acessar Artigo com usuário deslogado",
          "fullFile": "",
          "file": "",
          "beforeHooks": [],
          "afterHooks": [],
          "tests": [],
          "suites": [
            {
              "uuid": "08845c85-bfba-4196-a2a5-0c3681645de9",
              "title": "Acessar artigo com sucesso",
              "fullFile": "",
              "file": "",
              "beforeHooks": [],
              "afterHooks": [],
              "tests": [
                {
                  "title": "Tentar acessar artigo exclusivo para médico e farmacêutico, estando deslogado",
                  "fullTitle": "Acessar Artigo com usuário deslogado Acessar artigo com sucesso Tentar acessar artigo exclusivo para médico e farmacêutico, estando deslogado",
                  "timedOut": null,
                  "duration": 24429,
                  "state": "passed",
                  "speed": "slow",
                  "pass": true,
                  "fail": false,
                  "pending": false,
                  "context": null,
                  "code": "cy.visit('https://stg-cd.sanoficonecta.com.br/artigos/resultados-empower-lung1-localmente-avancada');\ncy.get('.c-base-modal-content__paper').should('be.visible');\ncy.get('.c-base-modal-content__body > .c-text--h2').should('contain', 'Conteúdo exclusivo para Médico e  Farmacêutico');",
                  "err": {},
                  "uuid": "fa0bcee2-c771-45ad-a256-641f0484713a",
                  "parentUUID": "08845c85-bfba-4196-a2a5-0c3681645de9",
                  "isHook": false,
                  "skipped": false
                },
                {
                  "title": "Acessar artigo",
                  "fullTitle": "Acessar Artigo com usuário deslogado Acessar artigo com sucesso Acessar artigo",
                  "timedOut": null,
                  "duration": 13212,
                  "state": "passed",
                  "speed": "slow",
                  "pass": true,
                  "fail": false,
                  "pending": false,
                  "context": null,
                  "code": "_artigo.default.AcessarArtigo();",
                  "err": {},
                  "uuid": "54947972-d268-4f39-8a4d-7eb5d3e42035",
                  "parentUUID": "08845c85-bfba-4196-a2a5-0c3681645de9",
                  "isHook": false,
                  "skipped": false
                }
              ],
              "suites": [],
              "passes": [
                "fa0bcee2-c771-45ad-a256-641f0484713a",
                "54947972-d268-4f39-8a4d-7eb5d3e42035"
              ],
              "failures": [],
              "pending": [],
              "skipped": [],
              "duration": 37641,
              "root": false,
              "rootEmpty": false,
              "_timeout": 2000
            }
          ],
          "passes": [],
          "failures": [],
          "pending": [],
          "skipped": [],
          "duration": 0,
          "root": false,
          "rootEmpty": false,
          "_timeout": 2000
        },
        {
          "uuid": "da3c3a89-df83-4f6a-9aca-d5f3e53f7aaa",
          "title": "Acessar Artigo com usuário logado",
          "fullFile": "",
          "file": "",
          "beforeHooks": [],
          "afterHooks": [],
          "tests": [],
          "suites": [
            {
              "uuid": "69a8a3d0-b895-4dc3-8b76-3198488018fa",
              "title": "Acessar artigo com sucesso",
              "fullFile": "",
              "file": "",
              "beforeHooks": [],
              "afterHooks": [],
              "tests": [
                {
                  "title": "Acessar artigo",
                  "fullTitle": "Acessar Artigo com usuário logado Acessar artigo com sucesso Acessar artigo",
                  "timedOut": null,
                  "duration": 13114,
                  "state": "failed",
                  "speed": null,
                  "pass": false,
                  "fail": true,
                  "pending": false,
                  "context": null,
                  "code": "_login.default.loginMedico();\n_artigo.default.AcessarArtigo();",
                  "err": {
                    "message": "AssertionError: Timed out retrying after 4000ms: Expected to find element: `.c-text--bold > :nth-child(2)`, but never found it.",
                    "estack": "AssertionError: Timed out retrying after 4000ms: Expected to find element: `.c-text--bold > :nth-child(2)`, but never found it.\n    at Login.loginMedico (https://stg-cd.sanoficonecta.com.br/__cypress/tests?p=cypress/integration/artigo.spec.js:393:28)\n    at Context.eval (https://stg-cd.sanoficonecta.com.br/__cypress/tests?p=cypress/integration/artigo.spec.js:144:22)",
                    "diff": null
                  },
                  "uuid": "b0d2d914-7997-4304-9f29-89648beb9319",
                  "parentUUID": "69a8a3d0-b895-4dc3-8b76-3198488018fa",
                  "isHook": false,
                  "skipped": false
                },
                {
                  "title": "Adicionar e Retirar Artigo dos favoritos",
                  "fullTitle": "Acessar Artigo com usuário logado Acessar artigo com sucesso Adicionar e Retirar Artigo dos favoritos",
                  "timedOut": null,
                  "duration": 0,
                  "state": "pending",
                  "speed": null,
                  "pass": false,
                  "fail": false,
                  "pending": true,
                  "context": null,
                  "code": "",
                  "err": {},
                  "uuid": "e2b73b8f-dfa3-4a5a-a301-800618830b7c",
                  "parentUUID": "69a8a3d0-b895-4dc3-8b76-3198488018fa",
                  "isHook": false,
                  "skipped": false
                },
                {
                  "title": "Tentar acessar artigo exclusivo para médico e farmacêutico, utilizando perfil sem permissão",
                  "fullTitle": "Acessar Artigo com usuário logado Acessar artigo com sucesso Tentar acessar artigo exclusivo para médico e farmacêutico, utilizando perfil sem permissão",
                  "timedOut": null,
                  "duration": 13152,
                  "state": "failed",
                  "speed": null,
                  "pass": false,
                  "fail": true,
                  "pending": false,
                  "context": null,
                  "code": "_login.default.loginFisioterapeutaComRegistro(); //cy.get('.c-navbar__area-logged > .c-navbar__item').click()\n\ncy.visit('https://stg-cd.sanoficonecta.com.br/artigos/resultados-empower-lung1-localmente-avancada');\ncy.get('.c-base-modal-content__body > .c-text--h2').should('contain', 'Conteúdo exclusivo para Médico e  Farmacêutico');",
                  "err": {
                    "message": "AssertionError: Timed out retrying after 4000ms: Expected to find element: `.c-text--bold > :nth-child(2)`, but never found it.",
                    "estack": "AssertionError: Timed out retrying after 4000ms: Expected to find element: `.c-text--bold > :nth-child(2)`, but never found it.\n    at Login.loginFisioterapeutaComRegistro (https://stg-cd.sanoficonecta.com.br/__cypress/tests?p=cypress/integration/artigo.spec.js:493:28)\n    at Context.eval (https://stg-cd.sanoficonecta.com.br/__cypress/tests?p=cypress/integration/artigo.spec.js:164:22)",
                    "diff": null
                  },
                  "uuid": "4be59fba-3782-449f-94e5-afbdeb617ba6",
                  "parentUUID": "69a8a3d0-b895-4dc3-8b76-3198488018fa",
                  "isHook": false,
                  "skipped": false
                },
                {
                  "title": "Tentar acessar artigo exclusivo, com Soft Login",
                  "fullTitle": "Acessar Artigo com usuário logado Acessar artigo com sucesso Tentar acessar artigo exclusivo, com Soft Login",
                  "timedOut": null,
                  "duration": 9724,
                  "state": "passed",
                  "speed": "slow",
                  "pass": true,
                  "fail": false,
                  "pending": false,
                  "context": null,
                  "code": "//cy.get('.c-navbar__area-logged > .c-navbar__item').click()\ncy.visit('https://stg-cd.sanoficonecta.com.br/artigos/resultados-empower-lung1-localmente-avancada');\ncy.get('.c-base-modal-content__body > .c-text--h2').should('contain', 'Conteúdo exclusivo para Médico e  Farmacêutico');\ncy.get('input[value=\"true\"]').check();\ncy.get('#sf-continue-validation').click();\ncy.get('#hcp-type').select('Farmacêutico (CRF)');\ncy.get('#uf').select('RS');\ncy.get('#sf-register-2').type('4444444');\ncy.get('#sf-email').type('farma104@teste.com');\ncy.get('#opt-in').check();\ncy.get('#sf-continue-validation').click();\ncy.get('.c-base-modal-content__body > :nth-child(1) > .c-text--h2').should('have.text', 'Criar conta');",
                  "err": {},
                  "uuid": "913aa2cb-acd7-4e6d-a61a-c40505170080",
                  "parentUUID": "69a8a3d0-b895-4dc3-8b76-3198488018fa",
                  "isHook": false,
                  "skipped": false
                },
                {
                  "title": "Acessar artigo exclusivo para médico e farmacêutico, utilizando perfil de Farmacêutico",
                  "fullTitle": "Acessar Artigo com usuário logado Acessar artigo com sucesso Acessar artigo exclusivo para médico e farmacêutico, utilizando perfil de Farmacêutico",
                  "timedOut": null,
                  "duration": 12180,
                  "state": "passed",
                  "speed": "slow",
                  "pass": true,
                  "fail": false,
                  "pending": false,
                  "context": null,
                  "code": "_login.default.loginFarmaceutico(); //cy.get('.c-navbar__area-logged > .c-navbar__item').click()\n\ncy.visit('https://stg-cd.sanoficonecta.com.br/artigos/resultados-empower-lung1-localmente-avancada');\ncy.get('.c-hero-article__title').should('contain', 'Resultados do cemiplimabe');",
                  "err": {},
                  "uuid": "d42b4686-afe2-4b99-9309-467545d25b8d",
                  "parentUUID": "69a8a3d0-b895-4dc3-8b76-3198488018fa",
                  "isHook": false,
                  "skipped": false
                }
              ],
              "suites": [],
              "passes": [
                "913aa2cb-acd7-4e6d-a61a-c40505170080",
                "d42b4686-afe2-4b99-9309-467545d25b8d"
              ],
              "failures": [
                "b0d2d914-7997-4304-9f29-89648beb9319",
                "4be59fba-3782-449f-94e5-afbdeb617ba6"
              ],
              "pending": [
                "e2b73b8f-dfa3-4a5a-a301-800618830b7c"
              ],
              "skipped": [],
              "duration": 48170,
              "root": false,
              "rootEmpty": false,
              "_timeout": 2000
            }
          ],
          "passes": [],
          "failures": [],
          "pending": [],
          "skipped": [],
          "duration": 0,
          "root": false,
          "rootEmpty": false,
          "_timeout": 2000
        }
      ],
      "passes": [],
      "failures": [],
      "pending": [],
      "skipped": [],
      "duration": 0,
      "root": true,
      "rootEmpty": true,
      "_timeout": 2000
    }
  ],
  "meta": {
    "mocha": {
      "version": "7.0.1"
    },
    "mochawesome": {
      "options": {
        "quiet": true,
        "reportFilename": "mochawesome",
        "saveHtml": false,
        "saveJson": true,
        "consoleReporter": "spec",
        "useInlineDiffs": false,
        "code": true
      },
      "version": "6.3.1"
    },
    "marge": {
      "options": {
        "id": "default",
        "reportDir": "mochawesome-report",
        "quiet": true,
        "overwrite": false,
        "html": false,
        "json": true
      },
      "version": "5.2.0"
    }
  }
}