{
  "stats": {
    "suites": 2,
    "tests": 4,
    "passes": 4,
    "pending": 0,
    "failures": 0,
    "start": "2021-10-13T18:27:09.968Z",
    "end": "2021-10-13T18:27:42.857Z",
    "duration": 32889,
    "testsRegistered": 4,
    "passPercent": 100,
    "pendingPercent": 0,
    "other": 0,
    "hasOther": false,
    "skipped": 0,
    "hasSkipped": false
  },
  "results": [
    {
      "uuid": "82d045dd-68bf-4753-97d7-5c3cce43395f",
      "title": "",
      "fullFile": "cypress/integration/cadastro.spec.js",
      "file": "cypress/integration/cadastro.spec.js",
      "beforeHooks": [],
      "afterHooks": [],
      "tests": [],
      "suites": [
        {
          "uuid": "f6de498c-6152-4138-b0aa-d9ac480f17bf",
          "title": "Cadastro",
          "fullFile": "",
          "file": "",
          "beforeHooks": [],
          "afterHooks": [],
          "tests": [],
          "suites": [
            {
              "uuid": "4aa3a575-a9c1-4e3f-a038-a9ac25714c8b",
              "title": "Cadastro sem sucesso",
              "fullFile": "",
              "file": "",
              "beforeHooks": [],
              "afterHooks": [],
              "tests": [
                {
                  "title": "Tentar realizar cadastro de Médico com registro invalido",
                  "fullTitle": "Cadastro Cadastro sem sucesso Tentar realizar cadastro de Médico com registro invalido",
                  "timedOut": null,
                  "duration": 27140,
                  "state": "passed",
                  "speed": "slow",
                  "pass": true,
                  "fail": false,
                  "pending": false,
                  "context": null,
                  "code": "cy.get('.menu-profile__indicator').click();\ncy.get('#btnSignUp').click();\ncy.get('#hcp-type').select('Médico (CRM)');\ncy.get('#uf').select('BA');\ncy.get('#sf-register-2').type(chance.phone());\ncy.get('#sf-email').type(chance.email());\ncy.get('#opt-in').check();\ncy.get('#sf-continue-validation').click({\n  force: true\n});\ncy.get('#registro-error').should('contain.text', 'CRM inválido no CFM');\ncy.get('.c-base-modal-content__head > .icon').click();",
                  "err": {},
                  "uuid": "cff0d99b-3877-4bdf-8543-f65abf6834d5",
                  "parentUUID": "4aa3a575-a9c1-4e3f-a038-a9ac25714c8b",
                  "isHook": false,
                  "skipped": false
                },
                {
                  "title": "Tentar realizar cadastro de Médico sem aceitar os termos",
                  "fullTitle": "Cadastro Cadastro sem sucesso Tentar realizar cadastro de Médico sem aceitar os termos",
                  "timedOut": null,
                  "duration": 1740,
                  "state": "passed",
                  "speed": "slow",
                  "pass": true,
                  "fail": false,
                  "pending": false,
                  "context": null,
                  "code": "cy.get('.menu-profile__indicator').click();\ncy.get('#btnSignUp').click();\ncy.get('#hcp-type').select('Médico (CRM)');\ncy.get('#uf').select('BA');\ncy.get('#sf-register-2').type('4163');\ncy.get('#sf-email').type(chance.email());\ncy.get('#sf-continue-validation').click({\n  force: true\n});\ncy.get('#terms-error').should('contain.text', 'Marcar o aceite');\ncy.get('.c-base-modal-content__head > .icon').click();",
                  "err": {},
                  "uuid": "8ed125e8-87a1-434f-8d0b-ac98885d57eb",
                  "parentUUID": "4aa3a575-a9c1-4e3f-a038-a9ac25714c8b",
                  "isHook": false,
                  "skipped": false
                },
                {
                  "title": "Tentar realizar cadastro de Médico duplicado",
                  "fullTitle": "Cadastro Cadastro sem sucesso Tentar realizar cadastro de Médico duplicado",
                  "timedOut": null,
                  "duration": 3052,
                  "state": "passed",
                  "speed": "slow",
                  "pass": true,
                  "fail": false,
                  "pending": false,
                  "context": null,
                  "code": "cy.get('.menu-profile__indicator').click();\ncy.get('#btnSignUp').click();\ncy.get('#hcp-type').select('Médico (CRM)');\ncy.get('#uf').select('BA');\ncy.get('#sf-register-2').type('4163');\ncy.get('#sf-email').type(chance.email());\ncy.get('#opt-in').check();\ncy.get('#sf-continue-validation').click({\n  force: true\n});\ncy.get('.c-text--h3 > strong').should('contain.text', 'Olá, identificamos que você já tem uma conta');\ncy.get('.c-base-modal-content__head > .icon').click();",
                  "err": {},
                  "uuid": "1825b071-275b-4f1c-a2fe-9e9baf3d746c",
                  "parentUUID": "4aa3a575-a9c1-4e3f-a038-a9ac25714c8b",
                  "isHook": false,
                  "skipped": false
                },
                {
                  "title": "Tentar realizar cadastro de Médico sem informar os dados",
                  "fullTitle": "Cadastro Cadastro sem sucesso Tentar realizar cadastro de Médico sem informar os dados",
                  "timedOut": null,
                  "duration": 891,
                  "state": "passed",
                  "speed": "slow",
                  "pass": true,
                  "fail": false,
                  "pending": false,
                  "context": null,
                  "code": "cy.get('.menu-profile__indicator').click();\ncy.get('#btnSignUp').click();\ncy.get('#hcp-type').select('Médico (CRM)');\ncy.get('#sf-continue-validation').click({\n  force: true\n});\ncy.get('#uf-error').should('contain.text', 'Escolher Estado');\ncy.get('#registro-error').should('contain.text', 'Favor informar seu número de registro');\ncy.get('#email-error').should('contain.text', 'Email inválido');\ncy.get('#terms-error').should('contain.text', 'Marcar o aceite');\ncy.get('.c-base-modal-content__head > .icon').click();",
                  "err": {},
                  "uuid": "1faa765f-d4a1-4e7d-8057-23213ca97858",
                  "parentUUID": "4aa3a575-a9c1-4e3f-a038-a9ac25714c8b",
                  "isHook": false,
                  "skipped": false
                }
              ],
              "suites": [],
              "passes": [
                "cff0d99b-3877-4bdf-8543-f65abf6834d5",
                "8ed125e8-87a1-434f-8d0b-ac98885d57eb",
                "1825b071-275b-4f1c-a2fe-9e9baf3d746c",
                "1faa765f-d4a1-4e7d-8057-23213ca97858"
              ],
              "failures": [],
              "pending": [],
              "skipped": [],
              "duration": 32823,
              "root": false,
              "rootEmpty": false,
              "_timeout": 2000
            }
          ],
          "passes": [],
          "failures": [],
          "pending": [],
          "skipped": [],
          "duration": 0,
          "root": false,
          "rootEmpty": false,
          "_timeout": 2000
        }
      ],
      "passes": [],
      "failures": [],
      "pending": [],
      "skipped": [],
      "duration": 0,
      "root": true,
      "rootEmpty": true,
      "_timeout": 2000
    }
  ],
  "meta": {
    "mocha": {
      "version": "7.0.1"
    },
    "mochawesome": {
      "options": {
        "quiet": true,
        "reportFilename": "mochawesome",
        "saveHtml": false,
        "saveJson": true,
        "consoleReporter": "spec",
        "useInlineDiffs": false,
        "code": true
      },
      "version": "6.3.1"
    },
    "marge": {
      "options": {
        "id": "default",
        "reportDir": "mochawesome-report",
        "quiet": true,
        "overwrite": false,
        "html": false,
        "json": true
      },
      "version": "5.2.0"
    }
  }
}