{
  "stats": {
    "suites": 2,
    "tests": 6,
    "passes": 5,
    "pending": 0,
    "failures": 1,
    "start": "2022-04-16T08:22:46.181Z",
    "end": "2022-04-16T08:24:01.927Z",
    "duration": 75746,
    "testsRegistered": 12,
    "passPercent": 41.66666666666667,
    "pendingPercent": 0,
    "other": 0,
    "hasOther": false,
    "skipped": 6,
    "hasSkipped": true
  },
  "results": [
    {
      "uuid": "3d3b58f5-bcfd-4a7a-8421-54fe2a72aed4",
      "title": "",
      "fullFile": "cypress/integration/login.spec.js",
      "file": "cypress/integration/login.spec.js",
      "beforeHooks": [],
      "afterHooks": [],
      "tests": [],
      "suites": [
        {
          "uuid": "584fdb4e-c0d1-4fa7-b677-87f45d43c6bb",
          "title": "Login",
          "fullFile": "",
          "file": "",
          "beforeHooks": [],
          "afterHooks": [],
          "tests": [],
          "suites": [
            {
              "uuid": "bac4625f-da9b-407b-92a9-d89b75d8dd66",
              "title": "Login com sucesso",
              "fullFile": "",
              "file": "",
              "beforeHooks": [],
              "afterHooks": [],
              "tests": [
                {
                  "title": "Realizar login de Médico com número de registro",
                  "fullTitle": "Login Login com sucesso Realizar login de Médico com número de registro",
                  "timedOut": null,
                  "duration": 23971,
                  "state": "passed",
                  "speed": "slow",
                  "pass": true,
                  "fail": false,
                  "pending": false,
                  "context": null,
                  "code": "_login.default.loginMedicoComRegistro();",
                  "err": {},
                  "uuid": "b5d686d9-d56c-4d9f-9a7e-1e3d8c3d785a",
                  "parentUUID": "bac4625f-da9b-407b-92a9-d89b75d8dd66",
                  "isHook": false,
                  "skipped": false
                },
                {
                  "title": "Realizar login de Farmacêutico com número de registro",
                  "fullTitle": "Login Login com sucesso Realizar login de Farmacêutico com número de registro",
                  "timedOut": null,
                  "duration": 11854,
                  "state": "passed",
                  "speed": "slow",
                  "pass": true,
                  "fail": false,
                  "pending": false,
                  "context": null,
                  "code": "_login.default.loginFarmaceuticoComRegistro();",
                  "err": {},
                  "uuid": "96a26071-211e-4c33-bf06-c6c5faca9e39",
                  "parentUUID": "bac4625f-da9b-407b-92a9-d89b75d8dd66",
                  "isHook": false,
                  "skipped": false
                },
                {
                  "title": "Realizar login de Enfermeiro com número de registro",
                  "fullTitle": "Login Login com sucesso Realizar login de Enfermeiro com número de registro",
                  "timedOut": null,
                  "duration": 11792,
                  "state": "passed",
                  "speed": "slow",
                  "pass": true,
                  "fail": false,
                  "pending": false,
                  "context": null,
                  "code": "_login.default.loginEnfermeiroComRegistro();",
                  "err": {},
                  "uuid": "6c26f5bd-8d13-4093-ae7d-b20070788148",
                  "parentUUID": "bac4625f-da9b-407b-92a9-d89b75d8dd66",
                  "isHook": false,
                  "skipped": false
                },
                {
                  "title": "Realizar login de Nutricionista com número de registro",
                  "fullTitle": "Login Login com sucesso Realizar login de Nutricionista com número de registro",
                  "timedOut": null,
                  "duration": 10889,
                  "state": "passed",
                  "speed": "slow",
                  "pass": true,
                  "fail": false,
                  "pending": false,
                  "context": null,
                  "code": "_login.default.loginNutricionistaComRegistro();",
                  "err": {},
                  "uuid": "a700075f-40e9-45d0-8b86-462e029a9227",
                  "parentUUID": "bac4625f-da9b-407b-92a9-d89b75d8dd66",
                  "isHook": false,
                  "skipped": false
                },
                {
                  "title": "Realizar login de Fisioterapeuta com número de registro",
                  "fullTitle": "Login Login com sucesso Realizar login de Fisioterapeuta com número de registro",
                  "timedOut": null,
                  "duration": 9847,
                  "state": "passed",
                  "speed": "slow",
                  "pass": true,
                  "fail": false,
                  "pending": false,
                  "context": null,
                  "code": "_login.default.loginFisioterapeutaComRegistro();",
                  "err": {},
                  "uuid": "782625d8-85fe-4750-be4c-d0135d7ff5eb",
                  "parentUUID": "bac4625f-da9b-407b-92a9-d89b75d8dd66",
                  "isHook": false,
                  "skipped": false
                },
                {
                  "title": "Realizar login de Médico com email",
                  "fullTitle": "Login Login com sucesso Realizar login de Médico com email",
                  "timedOut": null,
                  "duration": 7146,
                  "state": "failed",
                  "speed": null,
                  "pass": false,
                  "fail": true,
                  "pending": false,
                  "context": null,
                  "code": "_login.default.loginMedicoComEmail();",
                  "err": {
                    "message": "AssertionError: Timed out retrying after 4000ms: Expected to find element: `:nth-child(1) > .form-element > :nth-child(1) > .input-wrapper > .input-wrapper__text-input`, but never found it.\n\nBecause this error occurred during a `before each` hook we are skipping the remaining tests in the current suite: `Login`",
                    "estack": "AssertionError: Timed out retrying after 4000ms: Expected to find element: `:nth-child(1) > .form-element > :nth-child(1) > .input-wrapper > .input-wrapper__text-input`, but never found it.\n\nBecause this error occurred during a `before each` hook we are skipping the remaining tests in the current suite: `Login`\n    at LoginSistema.acessarSistema (https://stg-cd.sanoficonecta.com.br/__cypress/tests?p=cypress/integration/login.spec.js:219:8)\n    at Context.eval (https://stg-cd.sanoficonecta.com.br/__cypress/tests?p=cypress/integration/login.spec.js:126:27)",
                    "diff": null
                  },
                  "uuid": "063b381d-79c7-449d-829a-a7db58518261",
                  "parentUUID": "bac4625f-da9b-407b-92a9-d89b75d8dd66",
                  "isHook": false,
                  "skipped": false
                },
                {
                  "title": "Realizar login de Farmacêutico com email",
                  "fullTitle": "Login Login com sucesso Realizar login de Farmacêutico com email",
                  "timedOut": null,
                  "duration": 0,
                  "state": "skipped",
                  "speed": null,
                  "pass": false,
                  "fail": false,
                  "pending": false,
                  "context": null,
                  "code": "_login.default.loginFarmaceuticoComEmail();",
                  "err": {},
                  "uuid": "924370e0-3297-407a-b219-492bb72bc51b",
                  "parentUUID": "bac4625f-da9b-407b-92a9-d89b75d8dd66",
                  "isHook": false,
                  "skipped": true
                },
                {
                  "title": "Realizar login de Enfermeiro com email",
                  "fullTitle": "Login Login com sucesso Realizar login de Enfermeiro com email",
                  "timedOut": null,
                  "duration": 0,
                  "state": "skipped",
                  "speed": null,
                  "pass": false,
                  "fail": false,
                  "pending": false,
                  "context": null,
                  "code": "_login.default.loginEnfermeiroComEmail();",
                  "err": {},
                  "uuid": "1da52bbf-1206-4d46-907f-05aba72682dc",
                  "parentUUID": "bac4625f-da9b-407b-92a9-d89b75d8dd66",
                  "isHook": false,
                  "skipped": true
                },
                {
                  "title": "Realizar login de Nutricionista com email",
                  "fullTitle": "Login Login com sucesso Realizar login de Nutricionista com email",
                  "timedOut": null,
                  "duration": 0,
                  "state": "skipped",
                  "speed": null,
                  "pass": false,
                  "fail": false,
                  "pending": false,
                  "context": null,
                  "code": "_login.default.loginNutricionistaComEmail();",
                  "err": {},
                  "uuid": "c7983505-1733-4d54-a39e-2e860756756c",
                  "parentUUID": "bac4625f-da9b-407b-92a9-d89b75d8dd66",
                  "isHook": false,
                  "skipped": true
                },
                {
                  "title": "Realizar login de Fisioterapeuta com email",
                  "fullTitle": "Login Login com sucesso Realizar login de Fisioterapeuta com email",
                  "timedOut": null,
                  "duration": 0,
                  "state": "skipped",
                  "speed": null,
                  "pass": false,
                  "fail": false,
                  "pending": false,
                  "context": null,
                  "code": "_login.default.loginFisioterapeutaComEmail();",
                  "err": {},
                  "uuid": "eb8bfe83-a5ba-464c-a080-9f11fa343520",
                  "parentUUID": "bac4625f-da9b-407b-92a9-d89b75d8dd66",
                  "isHook": false,
                  "skipped": true
                }
              ],
              "suites": [],
              "passes": [
                "b5d686d9-d56c-4d9f-9a7e-1e3d8c3d785a",
                "96a26071-211e-4c33-bf06-c6c5faca9e39",
                "6c26f5bd-8d13-4093-ae7d-b20070788148",
                "a700075f-40e9-45d0-8b86-462e029a9227",
                "782625d8-85fe-4750-be4c-d0135d7ff5eb"
              ],
              "failures": [
                "063b381d-79c7-449d-829a-a7db58518261"
              ],
              "pending": [],
              "skipped": [
                "924370e0-3297-407a-b219-492bb72bc51b",
                "1da52bbf-1206-4d46-907f-05aba72682dc",
                "c7983505-1733-4d54-a39e-2e860756756c",
                "eb8bfe83-a5ba-464c-a080-9f11fa343520"
              ],
              "duration": 75499,
              "root": false,
              "rootEmpty": false,
              "_timeout": 2000
            },
            {
              "uuid": "426bfcb4-9b87-4943-90c1-ae18f76d8c63",
              "title": "Login sem sucesso",
              "fullFile": "",
              "file": "",
              "beforeHooks": [],
              "afterHooks": [],
              "tests": [
                {
                  "title": "Tentar realizar login sem informar os dados obrigatórios",
                  "fullTitle": "Login Login sem sucesso Tentar realizar login sem informar os dados obrigatórios",
                  "timedOut": null,
                  "duration": 0,
                  "state": "skipped",
                  "speed": null,
                  "pass": false,
                  "fail": false,
                  "pending": false,
                  "context": null,
                  "code": "_login.default.loginSemDadosObrigatorios();",
                  "err": {},
                  "uuid": "35adc7d6-3e93-40ae-b124-ada99928b533",
                  "parentUUID": null,
                  "isHook": false,
                  "skipped": true
                },
                {
                  "title": "Tentar realizar login com dados inválidos",
                  "fullTitle": "Login Login sem sucesso Tentar realizar login com dados inválidos",
                  "timedOut": null,
                  "duration": 0,
                  "state": "skipped",
                  "speed": null,
                  "pass": false,
                  "fail": false,
                  "pending": false,
                  "context": null,
                  "code": "_login.default.loginComDadosInvalidos();",
                  "err": {},
                  "uuid": "e7edb3bf-83c7-4d44-b254-937534b7e86e",
                  "parentUUID": null,
                  "isHook": false,
                  "skipped": true
                }
              ],
              "suites": [],
              "passes": [],
              "failures": [],
              "pending": [],
              "skipped": [
                "35adc7d6-3e93-40ae-b124-ada99928b533",
                "e7edb3bf-83c7-4d44-b254-937534b7e86e"
              ],
              "duration": 0,
              "root": false,
              "rootEmpty": false,
              "_timeout": 2000
            }
          ],
          "passes": [],
          "failures": [],
          "pending": [],
          "skipped": [],
          "duration": 0,
          "root": false,
          "rootEmpty": false,
          "_timeout": 2000
        }
      ],
      "passes": [],
      "failures": [],
      "pending": [],
      "skipped": [],
      "duration": 0,
      "root": true,
      "rootEmpty": true,
      "_timeout": 2000
    }
  ],
  "meta": {
    "mocha": {
      "version": "7.0.1"
    },
    "mochawesome": {
      "options": {
        "quiet": true,
        "reportFilename": "mochawesome",
        "saveHtml": false,
        "saveJson": true,
        "consoleReporter": "spec",
        "useInlineDiffs": false,
        "code": true
      },
      "version": "6.3.1"
    },
    "marge": {
      "options": {
        "id": "default",
        "reportDir": "mochawesome-report",
        "quiet": true,
        "overwrite": false,
        "html": false,
        "json": true
      },
      "version": "5.2.0"
    }
  }
}