{
  "stats": {
    "suites": 4,
    "tests": 3,
    "passes": 2,
    "pending": 1,
    "failures": 0,
    "start": "2021-11-24T08:13:45.998Z",
    "end": "2021-11-24T08:14:41.676Z",
    "duration": 55678,
    "testsRegistered": 3,
    "passPercent": 100,
    "pendingPercent": 33.33333333333333,
    "other": 0,
    "hasOther": false,
    "skipped": 0,
    "hasSkipped": false
  },
  "results": [
    {
      "uuid": "968d4319-dc1e-48ad-bc93-f1f95f71068a",
      "title": "",
      "fullFile": "cypress/integration/artigo.spec.js",
      "file": "cypress/integration/artigo.spec.js",
      "beforeHooks": [],
      "afterHooks": [],
      "tests": [],
      "suites": [
        {
          "uuid": "12e939d0-8ea6-4486-8a1b-58b2fb340f65",
          "title": "Acessar Artigo com usuário deslogado",
          "fullFile": "",
          "file": "",
          "beforeHooks": [],
          "afterHooks": [],
          "tests": [],
          "suites": [
            {
              "uuid": "08ae50cf-70a5-4a16-bf53-2a7390cc7e2e",
              "title": "Acessar artigo com sucesso",
              "fullFile": "",
              "file": "",
              "beforeHooks": [],
              "afterHooks": [],
              "tests": [
                {
                  "title": "Acessar artigo",
                  "fullTitle": "Acessar Artigo com usuário deslogado Acessar artigo com sucesso Acessar artigo",
                  "timedOut": null,
                  "duration": 33943,
                  "state": "passed",
                  "speed": "slow",
                  "pass": true,
                  "fail": false,
                  "pending": false,
                  "context": null,
                  "code": "cy.get('.c-navbar__area-logged > .c-navbar__item').click();\ncy.get('#modal-search-box').should('be.visible').type('Artigo Modular Teste home automatizada');\ncy.get('.grid-lg-10 > .modal-search__icon').click();\ncy.wait(2000);\ncy.contains('Artigo Modular Teste home automatizada').click();\ncy.get('.c-hero-article__title').should('contain', 'Artigo Modular Teste');",
                  "err": {},
                  "uuid": "ea461811-448e-4767-a3a3-8f7ff27ab44d",
                  "parentUUID": "08ae50cf-70a5-4a16-bf53-2a7390cc7e2e",
                  "isHook": false,
                  "skipped": false
                }
              ],
              "suites": [],
              "passes": [
                "ea461811-448e-4767-a3a3-8f7ff27ab44d"
              ],
              "failures": [],
              "pending": [],
              "skipped": [],
              "duration": 33943,
              "root": false,
              "rootEmpty": false,
              "_timeout": 2000
            }
          ],
          "passes": [],
          "failures": [],
          "pending": [],
          "skipped": [],
          "duration": 0,
          "root": false,
          "rootEmpty": false,
          "_timeout": 2000
        },
        {
          "uuid": "90e3c8cf-b50a-4d96-a6c8-cf3d47a79970",
          "title": "Acessar Artigo com usuário logado",
          "fullFile": "",
          "file": "",
          "beforeHooks": [],
          "afterHooks": [],
          "tests": [],
          "suites": [
            {
              "uuid": "2838a762-e014-477e-b3bd-249ceba4c57f",
              "title": "Acessar artigo com sucesso",
              "fullFile": "",
              "file": "",
              "beforeHooks": [],
              "afterHooks": [],
              "tests": [
                {
                  "title": "Acessar artigo",
                  "fullTitle": "Acessar Artigo com usuário logado Acessar artigo com sucesso Acessar artigo",
                  "timedOut": null,
                  "duration": 21641,
                  "state": "passed",
                  "speed": "slow",
                  "pass": true,
                  "fail": false,
                  "pending": false,
                  "context": null,
                  "code": "cy.get('.c-navbar__area-logged > .c-navbar__item').click();\ncy.get('#modal-search-box').should('be.visible').type('Artigo Modular Teste home automatizada');\ncy.get('.grid-lg-10 > .modal-search__icon').click();\ncy.wait(2000);\ncy.contains('Artigo Modular Teste home automatizada').click();\ncy.get('.c-hero-article__title').should('contain', 'Artigo Modular Teste');",
                  "err": {},
                  "uuid": "6fc0304a-91f3-4ab6-a0b2-1eea1feae30f",
                  "parentUUID": "2838a762-e014-477e-b3bd-249ceba4c57f",
                  "isHook": false,
                  "skipped": false
                },
                {
                  "title": "Adicionar e Retirar Artigo dos favoritos",
                  "fullTitle": "Acessar Artigo com usuário logado Acessar artigo com sucesso Adicionar e Retirar Artigo dos favoritos",
                  "timedOut": null,
                  "duration": 0,
                  "state": "pending",
                  "speed": null,
                  "pass": false,
                  "fail": false,
                  "pending": true,
                  "context": null,
                  "code": "",
                  "err": {},
                  "uuid": "882d21e3-9f8c-4276-90a4-3ce45ce423e5",
                  "parentUUID": "2838a762-e014-477e-b3bd-249ceba4c57f",
                  "isHook": false,
                  "skipped": false
                }
              ],
              "suites": [],
              "passes": [
                "6fc0304a-91f3-4ab6-a0b2-1eea1feae30f"
              ],
              "failures": [],
              "pending": [
                "882d21e3-9f8c-4276-90a4-3ce45ce423e5"
              ],
              "skipped": [],
              "duration": 21641,
              "root": false,
              "rootEmpty": false,
              "_timeout": 2000
            }
          ],
          "passes": [],
          "failures": [],
          "pending": [],
          "skipped": [],
          "duration": 0,
          "root": false,
          "rootEmpty": false,
          "_timeout": 2000
        }
      ],
      "passes": [],
      "failures": [],
      "pending": [],
      "skipped": [],
      "duration": 0,
      "root": true,
      "rootEmpty": true,
      "_timeout": 2000
    }
  ],
  "meta": {
    "mocha": {
      "version": "7.0.1"
    },
    "mochawesome": {
      "options": {
        "quiet": true,
        "reportFilename": "mochawesome",
        "saveHtml": false,
        "saveJson": true,
        "consoleReporter": "spec",
        "useInlineDiffs": false,
        "code": true
      },
      "version": "6.3.1"
    },
    "marge": {
      "options": {
        "id": "default",
        "reportDir": "mochawesome-report",
        "quiet": true,
        "overwrite": false,
        "html": false,
        "json": true
      },
      "version": "5.2.0"
    }
  }
}