{
  "stats": {
    "suites": 2,
    "tests": 1,
    "passes": 0,
    "pending": 0,
    "failures": 1,
    "start": "2021-12-19T08:13:49.646Z",
    "end": "2021-12-19T08:14:16.149Z",
    "duration": 26503,
    "testsRegistered": 7,
    "passPercent": 0,
    "pendingPercent": 0,
    "other": 0,
    "hasOther": false,
    "skipped": 5,
    "hasSkipped": true
  },
  "results": [
    {
      "uuid": "2b199f2a-da0e-4e2f-a41a-ac79e95998e5",
      "title": "",
      "fullFile": "cypress/integration/artigo.spec.js",
      "file": "cypress/integration/artigo.spec.js",
      "beforeHooks": [],
      "afterHooks": [],
      "tests": [],
      "suites": [
        {
          "uuid": "0c6f5ed4-2ef8-4aca-a1a4-57e6f8ded1d1",
          "title": "Acessar Artigo com usuário deslogado",
          "fullFile": "",
          "file": "",
          "beforeHooks": [],
          "afterHooks": [],
          "tests": [],
          "suites": [
            {
              "uuid": "4653663b-4297-40c6-88af-6cfc414ac8fb",
              "title": "Acessar artigo com sucesso",
              "fullFile": "",
              "file": "",
              "beforeHooks": [],
              "afterHooks": [],
              "tests": [
                {
                  "title": "Tentar acessar artigo exclusivo para médico e farmacêutico, estando deslogado",
                  "fullTitle": "Acessar Artigo com usuário deslogado Acessar artigo com sucesso Tentar acessar artigo exclusivo para médico e farmacêutico, estando deslogado",
                  "timedOut": null,
                  "duration": 26448,
                  "state": "failed",
                  "speed": null,
                  "pass": false,
                  "fail": true,
                  "pending": false,
                  "context": null,
                  "code": "cy.visit('https://stg-cd.sanoficonecta.com.br/artigos/resultados-empower-lung1-localmente-avancada');\ncy.get('.c-base-modal-content__paper').should('be.visible');\ncy.get('.c-base-modal-content__body > .c-text--h2').should('contain', 'Conteúdo exclusivo para Médico e  Farmacêutico');",
                  "err": {
                    "message": "AssertionError: Timed out retrying after 4000ms: Expected to find element: `.c-internal-login__login-button`, but never found it.\n\nBecause this error occurred during a `before each` hook we are skipping all of the remaining tests.",
                    "estack": "AssertionError: Timed out retrying after 4000ms: Expected to find element: `.c-internal-login__login-button`, but never found it.\n\nBecause this error occurred during a `before each` hook we are skipping all of the remaining tests.\n    at LoginSistema.acessarSistema (https://stg-cd.sanoficonecta.com.br/__cypress/tests?p=cypress/integration/artigo.spec.js:309:8)\n    at Context.eval (https://stg-cd.sanoficonecta.com.br/__cypress/tests?p=cypress/integration/artigo.spec.js:127:25)",
                    "diff": null
                  },
                  "uuid": "9c424d3b-cf0b-4221-8b54-fdecd7fd3da6",
                  "parentUUID": "4653663b-4297-40c6-88af-6cfc414ac8fb",
                  "isHook": false,
                  "skipped": false
                },
                {
                  "title": "Acessar artigo",
                  "fullTitle": "Acessar Artigo com usuário deslogado Acessar artigo com sucesso Acessar artigo",
                  "timedOut": null,
                  "duration": 0,
                  "state": "skipped",
                  "speed": null,
                  "pass": false,
                  "fail": false,
                  "pending": false,
                  "context": null,
                  "code": "_artigo.default.AcessarArtigo();",
                  "err": {},
                  "uuid": "27067afa-4b87-4039-a054-82d3758c2271",
                  "parentUUID": "4653663b-4297-40c6-88af-6cfc414ac8fb",
                  "isHook": false,
                  "skipped": true
                }
              ],
              "suites": [],
              "passes": [],
              "failures": [
                "9c424d3b-cf0b-4221-8b54-fdecd7fd3da6"
              ],
              "pending": [],
              "skipped": [
                "27067afa-4b87-4039-a054-82d3758c2271"
              ],
              "duration": 26448,
              "root": false,
              "rootEmpty": false,
              "_timeout": 2000
            }
          ],
          "passes": [],
          "failures": [],
          "pending": [],
          "skipped": [],
          "duration": 0,
          "root": false,
          "rootEmpty": false,
          "_timeout": 2000
        },
        {
          "uuid": "669d3a44-f887-4de4-873e-bdd724a91b33",
          "title": "Acessar Artigo com usuário logado",
          "fullFile": "",
          "file": "",
          "beforeHooks": [],
          "afterHooks": [],
          "tests": [],
          "suites": [
            {
              "uuid": "4ff3b41d-47d2-4151-8bd7-37a2b3ff0ff2",
              "title": "Acessar artigo com sucesso",
              "fullFile": "",
              "file": "",
              "beforeHooks": [],
              "afterHooks": [],
              "tests": [
                {
                  "title": "Acessar artigo",
                  "fullTitle": "Acessar Artigo com usuário logado Acessar artigo com sucesso Acessar artigo",
                  "timedOut": null,
                  "duration": 0,
                  "state": "skipped",
                  "speed": null,
                  "pass": false,
                  "fail": false,
                  "pending": false,
                  "context": null,
                  "code": "_login.default.loginMedico();\n_artigo.default.AcessarArtigo();",
                  "err": {},
                  "uuid": "5f9fcfb7-82f8-4376-8908-172c0d833997",
                  "parentUUID": null,
                  "isHook": false,
                  "skipped": true
                },
                {
                  "title": "Adicionar e Retirar Artigo dos favoritos",
                  "fullTitle": "Acessar Artigo com usuário logado Acessar artigo com sucesso Adicionar e Retirar Artigo dos favoritos",
                  "timedOut": null,
                  "duration": 0,
                  "state": "skipped",
                  "speed": null,
                  "pass": false,
                  "fail": false,
                  "pending": true,
                  "context": null,
                  "code": "",
                  "err": {},
                  "uuid": "b44ceb9d-402a-4bdd-aaeb-fc0737abcf17",
                  "parentUUID": null,
                  "isHook": false,
                  "skipped": false
                },
                {
                  "title": "Tentar acessar artigo exclusivo para médico e farmacêutico, utilizando perfil sem permissão",
                  "fullTitle": "Acessar Artigo com usuário logado Acessar artigo com sucesso Tentar acessar artigo exclusivo para médico e farmacêutico, utilizando perfil sem permissão",
                  "timedOut": null,
                  "duration": 0,
                  "state": "skipped",
                  "speed": null,
                  "pass": false,
                  "fail": false,
                  "pending": false,
                  "context": null,
                  "code": "_login.default.loginFisioterapeutaComRegistro(); //cy.get('.c-navbar__area-logged > .c-navbar__item').click()\n\ncy.visit('https://stg-cd.sanoficonecta.com.br/artigos/resultados-empower-lung1-localmente-avancada');\ncy.get('.c-base-modal-content__body > .c-text--h2').should('contain', 'Conteúdo exclusivo para Médico e  Farmacêutico');",
                  "err": {},
                  "uuid": "e23fa547-842f-437a-9cb2-b802c86cac78",
                  "parentUUID": null,
                  "isHook": false,
                  "skipped": true
                },
                {
                  "title": "Tentar acessar artigo exclusivo, com Soft Login",
                  "fullTitle": "Acessar Artigo com usuário logado Acessar artigo com sucesso Tentar acessar artigo exclusivo, com Soft Login",
                  "timedOut": null,
                  "duration": 0,
                  "state": "skipped",
                  "speed": null,
                  "pass": false,
                  "fail": false,
                  "pending": false,
                  "context": null,
                  "code": "//cy.get('.c-navbar__area-logged > .c-navbar__item').click()\ncy.visit('https://stg-cd.sanoficonecta.com.br/artigos/resultados-empower-lung1-localmente-avancada');\ncy.get('.c-base-modal-content__body > .c-text--h2').should('contain', 'Conteúdo exclusivo para Médico e  Farmacêutico');\ncy.get('input[value=\"true\"]').check();\ncy.get('#sf-continue-validation').click();\ncy.get('#hcp-type').select('Farmacêutico (CRF)');\ncy.get('#uf').select('RS');\ncy.get('#sf-register-2').type('4444444');\ncy.get('#sf-email').type('farma104@teste.com');\ncy.get('#opt-in').check();\ncy.get('#sf-continue-validation').click();\ncy.get('.c-base-modal-content__body > :nth-child(1) > .c-text--h2').should('have.text', 'Criar conta');",
                  "err": {},
                  "uuid": "acd83986-0565-4675-94c7-b56420434bfd",
                  "parentUUID": null,
                  "isHook": false,
                  "skipped": true
                },
                {
                  "title": "Acessar artigo exclusivo para médico e farmacêutico, utilizando perfil de Farmacêutico",
                  "fullTitle": "Acessar Artigo com usuário logado Acessar artigo com sucesso Acessar artigo exclusivo para médico e farmacêutico, utilizando perfil de Farmacêutico",
                  "timedOut": null,
                  "duration": 0,
                  "state": "skipped",
                  "speed": null,
                  "pass": false,
                  "fail": false,
                  "pending": false,
                  "context": null,
                  "code": "_login.default.loginFarmaceutico(); //cy.get('.c-navbar__area-logged > .c-navbar__item').click()\n\ncy.visit('https://stg-cd.sanoficonecta.com.br/artigos/resultados-empower-lung1-localmente-avancada');\ncy.get('.c-hero-article__title').should('contain', 'Resultados do cemiplimabe');",
                  "err": {},
                  "uuid": "6f6cacff-7aa9-4750-b72f-a6baf76ebc02",
                  "parentUUID": null,
                  "isHook": false,
                  "skipped": true
                }
              ],
              "suites": [],
              "passes": [],
              "failures": [],
              "pending": [
                "b44ceb9d-402a-4bdd-aaeb-fc0737abcf17"
              ],
              "skipped": [
                "5f9fcfb7-82f8-4376-8908-172c0d833997",
                "e23fa547-842f-437a-9cb2-b802c86cac78",
                "acd83986-0565-4675-94c7-b56420434bfd",
                "6f6cacff-7aa9-4750-b72f-a6baf76ebc02"
              ],
              "duration": 0,
              "root": false,
              "rootEmpty": false,
              "_timeout": 2000
            }
          ],
          "passes": [],
          "failures": [],
          "pending": [],
          "skipped": [],
          "duration": 0,
          "root": false,
          "rootEmpty": false,
          "_timeout": 2000
        }
      ],
      "passes": [],
      "failures": [],
      "pending": [],
      "skipped": [],
      "duration": 0,
      "root": true,
      "rootEmpty": true,
      "_timeout": 2000
    }
  ],
  "meta": {
    "mocha": {
      "version": "7.0.1"
    },
    "mochawesome": {
      "options": {
        "quiet": true,
        "reportFilename": "mochawesome",
        "saveHtml": false,
        "saveJson": true,
        "consoleReporter": "spec",
        "useInlineDiffs": false,
        "code": true
      },
      "version": "6.3.1"
    },
    "marge": {
      "options": {
        "id": "default",
        "reportDir": "mochawesome-report",
        "quiet": true,
        "overwrite": false,
        "html": false,
        "json": true
      },
      "version": "5.2.0"
    }
  }
}