{
  "stats": {
    "suites": 2,
    "tests": 4,
    "passes": 4,
    "pending": 0,
    "failures": 0,
    "start": "2021-10-13T18:53:27.427Z",
    "end": "2021-10-13T18:54:01.272Z",
    "duration": 33845,
    "testsRegistered": 4,
    "passPercent": 100,
    "pendingPercent": 0,
    "other": 0,
    "hasOther": false,
    "skipped": 0,
    "hasSkipped": false
  },
  "results": [
    {
      "uuid": "fed420c8-19f9-4670-945e-257848d489ae",
      "title": "",
      "fullFile": "cypress/integration/cadastro.spec.js",
      "file": "cypress/integration/cadastro.spec.js",
      "beforeHooks": [],
      "afterHooks": [],
      "tests": [],
      "suites": [
        {
          "uuid": "acbf645a-1466-40c0-b235-7a30cbb19945",
          "title": "Cadastro",
          "fullFile": "",
          "file": "",
          "beforeHooks": [],
          "afterHooks": [],
          "tests": [],
          "suites": [
            {
              "uuid": "54a8e6ff-06a7-428f-8171-1434a5f632e1",
              "title": "Cadastro sem sucesso",
              "fullFile": "",
              "file": "",
              "beforeHooks": [],
              "afterHooks": [],
              "tests": [
                {
                  "title": "Tentar realizar cadastro de Médico com registro invalido",
                  "fullTitle": "Cadastro Cadastro sem sucesso Tentar realizar cadastro de Médico com registro invalido",
                  "timedOut": null,
                  "duration": 28348,
                  "state": "passed",
                  "speed": "slow",
                  "pass": true,
                  "fail": false,
                  "pending": false,
                  "context": null,
                  "code": "cy.get('.menu-profile__indicator').click();\ncy.get('#btnSignUp').click();\ncy.get('#hcp-type').select('Médico (CRM)');\ncy.get('#uf').select('BA');\ncy.get('#sf-register-2').type(chance.phone());\ncy.get('#sf-email').type(chance.email());\ncy.get('#opt-in').check();\ncy.get('#sf-continue-validation').click({\n  force: true\n});\ncy.get('#registro-error').should('contain.text', 'CRM inválido no CFM');\ncy.get('.c-base-modal-content__head > .icon').click();",
                  "err": {},
                  "uuid": "45c89f13-7cfd-4dbf-ac8b-3fb48ea48c24",
                  "parentUUID": "54a8e6ff-06a7-428f-8171-1434a5f632e1",
                  "isHook": false,
                  "skipped": false
                },
                {
                  "title": "Tentar realizar cadastro de Médico sem aceitar os termos",
                  "fullTitle": "Cadastro Cadastro sem sucesso Tentar realizar cadastro de Médico sem aceitar os termos",
                  "timedOut": null,
                  "duration": 1603,
                  "state": "passed",
                  "speed": "slow",
                  "pass": true,
                  "fail": false,
                  "pending": false,
                  "context": null,
                  "code": "cy.get('.menu-profile__indicator').click();\ncy.get('#btnSignUp').click();\ncy.get('#hcp-type').select('Médico (CRM)');\ncy.get('#uf').select('BA');\ncy.get('#sf-register-2').type('4163');\ncy.get('#sf-email').type(chance.email());\ncy.get('#sf-continue-validation').click({\n  force: true\n});\ncy.get('#terms-error').should('contain.text', 'Marcar o aceite');\ncy.get('.c-base-modal-content__head > .icon').click();",
                  "err": {},
                  "uuid": "ffb64b2c-1b02-44ae-acea-62b842cb9319",
                  "parentUUID": "54a8e6ff-06a7-428f-8171-1434a5f632e1",
                  "isHook": false,
                  "skipped": false
                },
                {
                  "title": "Tentar realizar cadastro de Médico duplicado",
                  "fullTitle": "Cadastro Cadastro sem sucesso Tentar realizar cadastro de Médico duplicado",
                  "timedOut": null,
                  "duration": 3103,
                  "state": "passed",
                  "speed": "slow",
                  "pass": true,
                  "fail": false,
                  "pending": false,
                  "context": null,
                  "code": "cy.get('.menu-profile__indicator').click();\ncy.get('#btnSignUp').click();\ncy.get('#hcp-type').select('Médico (CRM)');\ncy.get('#uf').select('BA');\ncy.get('#sf-register-2').type('4163');\ncy.get('#sf-email').type(chance.email());\ncy.get('#opt-in').check();\ncy.get('#sf-continue-validation').click({\n  force: true\n});\ncy.get('.c-text--h3 > strong').should('contain.text', 'Olá, identificamos que você já tem uma conta');\ncy.get('.c-base-modal-content__head > .icon').click();",
                  "err": {},
                  "uuid": "2b12ef70-bd96-47fa-b879-4149ca670736",
                  "parentUUID": "54a8e6ff-06a7-428f-8171-1434a5f632e1",
                  "isHook": false,
                  "skipped": false
                },
                {
                  "title": "Tentar realizar cadastro de Médico sem informar os dados",
                  "fullTitle": "Cadastro Cadastro sem sucesso Tentar realizar cadastro de Médico sem informar os dados",
                  "timedOut": null,
                  "duration": 736,
                  "state": "passed",
                  "speed": "slow",
                  "pass": true,
                  "fail": false,
                  "pending": false,
                  "context": null,
                  "code": "cy.get('.menu-profile__indicator').click();\ncy.get('#btnSignUp').click();\ncy.get('#hcp-type').select('Médico (CRM)');\ncy.get('#sf-continue-validation').click({\n  force: true\n});\ncy.get('#uf-error').should('contain.text', 'Escolher Estado');\ncy.get('#registro-error').should('contain.text', 'Favor informar seu número de registro');\ncy.get('#email-error').should('contain.text', 'Email inválido');\ncy.get('#terms-error').should('contain.text', 'Marcar o aceite');\ncy.get('.c-base-modal-content__head > .icon').click();",
                  "err": {},
                  "uuid": "b9bb6a43-af3a-4b18-abef-97188413e44c",
                  "parentUUID": "54a8e6ff-06a7-428f-8171-1434a5f632e1",
                  "isHook": false,
                  "skipped": false
                }
              ],
              "suites": [],
              "passes": [
                "45c89f13-7cfd-4dbf-ac8b-3fb48ea48c24",
                "ffb64b2c-1b02-44ae-acea-62b842cb9319",
                "2b12ef70-bd96-47fa-b879-4149ca670736",
                "b9bb6a43-af3a-4b18-abef-97188413e44c"
              ],
              "failures": [],
              "pending": [],
              "skipped": [],
              "duration": 33790,
              "root": false,
              "rootEmpty": false,
              "_timeout": 2000
            }
          ],
          "passes": [],
          "failures": [],
          "pending": [],
          "skipped": [],
          "duration": 0,
          "root": false,
          "rootEmpty": false,
          "_timeout": 2000
        }
      ],
      "passes": [],
      "failures": [],
      "pending": [],
      "skipped": [],
      "duration": 0,
      "root": true,
      "rootEmpty": true,
      "_timeout": 2000
    }
  ],
  "meta": {
    "mocha": {
      "version": "7.0.1"
    },
    "mochawesome": {
      "options": {
        "quiet": true,
        "reportFilename": "mochawesome",
        "saveHtml": false,
        "saveJson": true,
        "consoleReporter": "spec",
        "useInlineDiffs": false,
        "code": true
      },
      "version": "6.3.1"
    },
    "marge": {
      "options": {
        "id": "default",
        "reportDir": "mochawesome-report",
        "quiet": true,
        "overwrite": false,
        "html": false,
        "json": true
      },
      "version": "5.2.0"
    }
  }
}