{
  "stats": {
    "suites": 2,
    "tests": 4,
    "passes": 4,
    "pending": 0,
    "failures": 0,
    "start": "2021-10-13T18:40:22.486Z",
    "end": "2021-10-13T18:40:56.684Z",
    "duration": 34198,
    "testsRegistered": 4,
    "passPercent": 100,
    "pendingPercent": 0,
    "other": 0,
    "hasOther": false,
    "skipped": 0,
    "hasSkipped": false
  },
  "results": [
    {
      "uuid": "e7d1b7f9-25fd-4743-8c5f-8a7e636dbf47",
      "title": "",
      "fullFile": "cypress/integration/cadastro.spec.js",
      "file": "cypress/integration/cadastro.spec.js",
      "beforeHooks": [],
      "afterHooks": [],
      "tests": [],
      "suites": [
        {
          "uuid": "c1ecfdc9-e219-4822-8397-a2a8e42480cd",
          "title": "Cadastro",
          "fullFile": "",
          "file": "",
          "beforeHooks": [],
          "afterHooks": [],
          "tests": [],
          "suites": [
            {
              "uuid": "8e1e6e2a-474c-43bc-b27e-1ed523c7812d",
              "title": "Cadastro sem sucesso",
              "fullFile": "",
              "file": "",
              "beforeHooks": [],
              "afterHooks": [],
              "tests": [
                {
                  "title": "Tentar realizar cadastro de Médico com registro invalido",
                  "fullTitle": "Cadastro Cadastro sem sucesso Tentar realizar cadastro de Médico com registro invalido",
                  "timedOut": null,
                  "duration": 28242,
                  "state": "passed",
                  "speed": "slow",
                  "pass": true,
                  "fail": false,
                  "pending": false,
                  "context": null,
                  "code": "cy.get('.menu-profile__indicator').click();\ncy.get('#btnSignUp').click();\ncy.get('#hcp-type').select('Médico (CRM)');\ncy.get('#uf').select('BA');\ncy.get('#sf-register-2').type(chance.phone());\ncy.get('#sf-email').type(chance.email());\ncy.get('#opt-in').check();\ncy.get('#sf-continue-validation').click({\n  force: true\n});\ncy.get('#registro-error').should('contain.text', 'CRM inválido no CFM');\ncy.get('.c-base-modal-content__head > .icon').click();",
                  "err": {},
                  "uuid": "59b8dea0-594f-43f8-b130-e27ba5d5b7de",
                  "parentUUID": "8e1e6e2a-474c-43bc-b27e-1ed523c7812d",
                  "isHook": false,
                  "skipped": false
                },
                {
                  "title": "Tentar realizar cadastro de Médico sem aceitar os termos",
                  "fullTitle": "Cadastro Cadastro sem sucesso Tentar realizar cadastro de Médico sem aceitar os termos",
                  "timedOut": null,
                  "duration": 1668,
                  "state": "passed",
                  "speed": "slow",
                  "pass": true,
                  "fail": false,
                  "pending": false,
                  "context": null,
                  "code": "cy.get('.menu-profile__indicator').click();\ncy.get('#btnSignUp').click();\ncy.get('#hcp-type').select('Médico (CRM)');\ncy.get('#uf').select('BA');\ncy.get('#sf-register-2').type('4163');\ncy.get('#sf-email').type(chance.email());\ncy.get('#sf-continue-validation').click({\n  force: true\n});\ncy.get('#terms-error').should('contain.text', 'Marcar o aceite');\ncy.get('.c-base-modal-content__head > .icon').click();",
                  "err": {},
                  "uuid": "971fc6af-5002-42a0-9725-473a8c6c3c97",
                  "parentUUID": "8e1e6e2a-474c-43bc-b27e-1ed523c7812d",
                  "isHook": false,
                  "skipped": false
                },
                {
                  "title": "Tentar realizar cadastro de Médico duplicado",
                  "fullTitle": "Cadastro Cadastro sem sucesso Tentar realizar cadastro de Médico duplicado",
                  "timedOut": null,
                  "duration": 3416,
                  "state": "passed",
                  "speed": "slow",
                  "pass": true,
                  "fail": false,
                  "pending": false,
                  "context": null,
                  "code": "cy.get('.menu-profile__indicator').click();\ncy.get('#btnSignUp').click();\ncy.get('#hcp-type').select('Médico (CRM)');\ncy.get('#uf').select('BA');\ncy.get('#sf-register-2').type('4163');\ncy.get('#sf-email').type(chance.email());\ncy.get('#opt-in').check();\ncy.get('#sf-continue-validation').click({\n  force: true\n});\ncy.get('.c-text--h3 > strong').should('contain.text', 'Olá, identificamos que você já tem uma conta');\ncy.get('.c-base-modal-content__head > .icon').click();",
                  "err": {},
                  "uuid": "3f5b9b67-a51b-4ea6-a9a9-9e17af5ceadb",
                  "parentUUID": "8e1e6e2a-474c-43bc-b27e-1ed523c7812d",
                  "isHook": false,
                  "skipped": false
                },
                {
                  "title": "Tentar realizar cadastro de Médico sem informar os dados",
                  "fullTitle": "Cadastro Cadastro sem sucesso Tentar realizar cadastro de Médico sem informar os dados",
                  "timedOut": null,
                  "duration": 815,
                  "state": "passed",
                  "speed": "slow",
                  "pass": true,
                  "fail": false,
                  "pending": false,
                  "context": null,
                  "code": "cy.get('.menu-profile__indicator').click();\ncy.get('#btnSignUp').click();\ncy.get('#hcp-type').select('Médico (CRM)');\ncy.get('#sf-continue-validation').click({\n  force: true\n});\ncy.get('#uf-error').should('contain.text', 'Escolher Estado');\ncy.get('#registro-error').should('contain.text', 'Favor informar seu número de registro');\ncy.get('#email-error').should('contain.text', 'Email inválido');\ncy.get('#terms-error').should('contain.text', 'Marcar o aceite');\ncy.get('.c-base-modal-content__head > .icon').click();",
                  "err": {},
                  "uuid": "7c55f02b-3f6d-4c6d-8154-e3dbcad7782a",
                  "parentUUID": "8e1e6e2a-474c-43bc-b27e-1ed523c7812d",
                  "isHook": false,
                  "skipped": false
                }
              ],
              "suites": [],
              "passes": [
                "59b8dea0-594f-43f8-b130-e27ba5d5b7de",
                "971fc6af-5002-42a0-9725-473a8c6c3c97",
                "3f5b9b67-a51b-4ea6-a9a9-9e17af5ceadb",
                "7c55f02b-3f6d-4c6d-8154-e3dbcad7782a"
              ],
              "failures": [],
              "pending": [],
              "skipped": [],
              "duration": 34141,
              "root": false,
              "rootEmpty": false,
              "_timeout": 2000
            }
          ],
          "passes": [],
          "failures": [],
          "pending": [],
          "skipped": [],
          "duration": 0,
          "root": false,
          "rootEmpty": false,
          "_timeout": 2000
        }
      ],
      "passes": [],
      "failures": [],
      "pending": [],
      "skipped": [],
      "duration": 0,
      "root": true,
      "rootEmpty": true,
      "_timeout": 2000
    }
  ],
  "meta": {
    "mocha": {
      "version": "7.0.1"
    },
    "mochawesome": {
      "options": {
        "quiet": true,
        "reportFilename": "mochawesome",
        "saveHtml": false,
        "saveJson": true,
        "consoleReporter": "spec",
        "useInlineDiffs": false,
        "code": true
      },
      "version": "6.3.1"
    },
    "marge": {
      "options": {
        "id": "default",
        "reportDir": "mochawesome-report",
        "quiet": true,
        "overwrite": false,
        "html": false,
        "json": true
      },
      "version": "5.2.0"
    }
  }
}