{
  "stats": {
    "suites": 1,
    "tests": 1,
    "passes": 0,
    "pending": 0,
    "failures": 1,
    "start": "2022-01-03T08:16:07.634Z",
    "end": "2022-01-03T08:16:28.440Z",
    "duration": 20806,
    "testsRegistered": 6,
    "passPercent": 0,
    "pendingPercent": 0,
    "other": 0,
    "hasOther": false,
    "skipped": 5,
    "hasSkipped": true
  },
  "results": [
    {
      "uuid": "a60cdb9e-dc3f-4daa-aea4-66112f24dd3e",
      "title": "",
      "fullFile": "cypress/integration/cadastro.spec.js",
      "file": "cypress/integration/cadastro.spec.js",
      "beforeHooks": [],
      "afterHooks": [],
      "tests": [],
      "suites": [
        {
          "uuid": "a1275730-d749-40ba-80af-fed2b3e4c85f",
          "title": "Cadastro",
          "fullFile": "",
          "file": "",
          "beforeHooks": [],
          "afterHooks": [],
          "tests": [
            {
              "title": "Tentar realizar cadastro de Médico com registro invalido",
              "fullTitle": "Cadastro Tentar realizar cadastro de Médico com registro invalido",
              "timedOut": null,
              "duration": 20674,
              "state": "failed",
              "speed": null,
              "pass": false,
              "fail": true,
              "pending": false,
              "context": null,
              "code": "_cadastro.default.cadastroMedicoComRegistroInvalido();",
              "err": {
                "message": "AssertionError: Timed out retrying after 4000ms: Expected to find element: `.c-internal-login__login-button`, but never found it.\n\nBecause this error occurred during a `before each` hook we are skipping all of the remaining tests.",
                "estack": "AssertionError: Timed out retrying after 4000ms: Expected to find element: `.c-internal-login__login-button`, but never found it.\n\nBecause this error occurred during a `before each` hook we are skipping all of the remaining tests.\n    at LoginSistema.acessarSistema (https://stg-cd.sanoficonecta.com.br/__cypress/tests?p=cypress/integration/cadastro.spec.js:2491:8)\n    at Context.eval (https://stg-cd.sanoficonecta.com.br/__cypress/tests?p=cypress/integration/cadastro.spec.js:2231:25)",
                "diff": null
              },
              "uuid": "d55a73ba-5d01-4ddb-96be-c10d375fe878",
              "parentUUID": "a1275730-d749-40ba-80af-fed2b3e4c85f",
              "isHook": false,
              "skipped": false
            },
            {
              "title": "Tentar realizar cadastro de Médico sem aceitar os termos",
              "fullTitle": "Cadastro Tentar realizar cadastro de Médico sem aceitar os termos",
              "timedOut": null,
              "duration": 0,
              "state": "skipped",
              "speed": null,
              "pass": false,
              "fail": false,
              "pending": false,
              "context": null,
              "code": "_cadastro.default.cadastroMedicoSemAceitarTermos();",
              "err": {},
              "uuid": "5e54dd8f-9966-4dc1-a50c-39621a30c685",
              "parentUUID": "a1275730-d749-40ba-80af-fed2b3e4c85f",
              "isHook": false,
              "skipped": true
            },
            {
              "title": "Tentar realizar cadastro de Médico com registro já cadastrado",
              "fullTitle": "Cadastro Tentar realizar cadastro de Médico com registro já cadastrado",
              "timedOut": null,
              "duration": 0,
              "state": "skipped",
              "speed": null,
              "pass": false,
              "fail": false,
              "pending": false,
              "context": null,
              "code": "_cadastro.default.cadastroMedicoComRegistroJaCadastrado();",
              "err": {},
              "uuid": "e966a303-9756-4744-8575-16745ae289da",
              "parentUUID": "a1275730-d749-40ba-80af-fed2b3e4c85f",
              "isHook": false,
              "skipped": true
            },
            {
              "title": "Tentar realizar cadastro de Médico com email já cadastrado",
              "fullTitle": "Cadastro Tentar realizar cadastro de Médico com email já cadastrado",
              "timedOut": null,
              "duration": 0,
              "state": "skipped",
              "speed": null,
              "pass": false,
              "fail": false,
              "pending": false,
              "context": null,
              "code": "_cadastro.default.cadastroMedicoComEmailJaCadastrado();",
              "err": {},
              "uuid": "61f6bdac-3a8d-4a59-8127-fd4e1402c82b",
              "parentUUID": "a1275730-d749-40ba-80af-fed2b3e4c85f",
              "isHook": false,
              "skipped": true
            },
            {
              "title": "Tentar realizar cadastro de Médico sem informar os dados obrigatórios",
              "fullTitle": "Cadastro Tentar realizar cadastro de Médico sem informar os dados obrigatórios",
              "timedOut": null,
              "duration": 0,
              "state": "skipped",
              "speed": null,
              "pass": false,
              "fail": false,
              "pending": false,
              "context": null,
              "code": "_cadastro.default.cadastroMedicoSemInformarDadosObrigatorios();",
              "err": {},
              "uuid": "2738339f-15a1-4e36-a8d4-2daf7a5d6d9e",
              "parentUUID": "a1275730-d749-40ba-80af-fed2b3e4c85f",
              "isHook": false,
              "skipped": true
            },
            {
              "title": "Realizar cadastro de Nutricionista com sucesso",
              "fullTitle": "Cadastro Realizar cadastro de Nutricionista com sucesso",
              "timedOut": null,
              "duration": 0,
              "state": "skipped",
              "speed": null,
              "pass": false,
              "fail": false,
              "pending": false,
              "context": null,
              "code": "_cadastro.default.cadastroNutricionista();",
              "err": {},
              "uuid": "c1bedfe7-9d66-42f7-a366-83f063f1a43a",
              "parentUUID": "a1275730-d749-40ba-80af-fed2b3e4c85f",
              "isHook": false,
              "skipped": true
            }
          ],
          "suites": [],
          "passes": [],
          "failures": [
            "d55a73ba-5d01-4ddb-96be-c10d375fe878"
          ],
          "pending": [],
          "skipped": [
            "5e54dd8f-9966-4dc1-a50c-39621a30c685",
            "e966a303-9756-4744-8575-16745ae289da",
            "61f6bdac-3a8d-4a59-8127-fd4e1402c82b",
            "2738339f-15a1-4e36-a8d4-2daf7a5d6d9e",
            "c1bedfe7-9d66-42f7-a366-83f063f1a43a"
          ],
          "duration": 20674,
          "root": false,
          "rootEmpty": false,
          "_timeout": 2000
        }
      ],
      "passes": [],
      "failures": [],
      "pending": [],
      "skipped": [],
      "duration": 0,
      "root": true,
      "rootEmpty": true,
      "_timeout": 2000
    }
  ],
  "meta": {
    "mocha": {
      "version": "7.0.1"
    },
    "mochawesome": {
      "options": {
        "quiet": true,
        "reportFilename": "mochawesome",
        "saveHtml": false,
        "saveJson": true,
        "consoleReporter": "spec",
        "useInlineDiffs": false,
        "code": true
      },
      "version": "6.3.1"
    },
    "marge": {
      "options": {
        "id": "default",
        "reportDir": "mochawesome-report",
        "quiet": true,
        "overwrite": false,
        "html": false,
        "json": true
      },
      "version": "5.2.0"
    }
  }
}