{
  "stats": {
    "suites": 1,
    "tests": 7,
    "passes": 7,
    "pending": 0,
    "failures": 0,
    "start": "2021-11-26T08:22:42.916Z",
    "end": "2021-11-26T08:24:48.530Z",
    "duration": 125614,
    "testsRegistered": 7,
    "passPercent": 100,
    "pendingPercent": 0,
    "other": 0,
    "hasOther": false,
    "skipped": 0,
    "hasSkipped": false
  },
  "results": [
    {
      "uuid": "9b2cf8a2-4941-481d-9614-c07aa01bd6d3",
      "title": "",
      "fullFile": "cypress/integration/recuperar-senha.js",
      "file": "cypress/integration/recuperar-senha.js",
      "beforeHooks": [],
      "afterHooks": [],
      "tests": [],
      "suites": [
        {
          "uuid": "09d76022-9a54-4c9f-9e59-36e1494c1383",
          "title": "Recuperar Senha",
          "fullFile": "",
          "file": "",
          "beforeHooks": [],
          "afterHooks": [],
          "tests": [
            {
              "title": "Esqueci minha senha",
              "fullTitle": "Recuperar Senha Esqueci minha senha",
              "timedOut": null,
              "duration": 25780,
              "state": "passed",
              "speed": "slow",
              "pass": true,
              "fail": false,
              "pending": false,
              "context": null,
              "code": "cy.get('.menu-profile__indicator').click();\ncy.get('.menu-profile > #menu-profile-panel > .menu-profile__panel-content > .menu-profile__panel-row > #btnLogin').click();\ncy.get('#forgot-pass').click();\ncy.get('#uf').select('SC');\ncy.get('#lf-registro').type('11655');\ncy.get('#sf-email-different').click({\n  force: true\n});\ncy.get('.c-base-modal-content__body > :nth-child(1) > .c-text--h2').should('have.text', 'Esqueci minha senha');",
              "err": {},
              "uuid": "6bd75a3a-9f7d-421e-afe8-46ca050500b0",
              "parentUUID": "09d76022-9a54-4c9f-9e59-36e1494c1383",
              "isHook": false,
              "skipped": false
            },
            {
              "title": "Tentar recuperar senha utilizando Número do registro invalido",
              "fullTitle": "Recuperar Senha Tentar recuperar senha utilizando Número do registro invalido",
              "timedOut": null,
              "duration": 14275,
              "state": "passed",
              "speed": "slow",
              "pass": true,
              "fail": false,
              "pending": false,
              "context": null,
              "code": "cy.get('.menu-profile__indicator').click();\ncy.get('.menu-profile > #menu-profile-panel > .menu-profile__panel-content > .menu-profile__panel-row > #btnLogin').click();\ncy.get('#forgot-pass').click();\ncy.get('#uf').select('SC');\ncy.get('#lf-registro').type('7777');\ncy.get('#sf-email-different').click({\n  force: true\n});\ncy.get('#generic-error').should('have.text', 'Registro não localizado');",
              "err": {},
              "uuid": "e596258e-7e65-4551-be60-9c1eaeea2982",
              "parentUUID": "09d76022-9a54-4c9f-9e59-36e1494c1383",
              "isHook": false,
              "skipped": false
            },
            {
              "title": "Reenviar email de recuperacao de senha",
              "fullTitle": "Recuperar Senha Reenviar email de recuperacao de senha",
              "timedOut": null,
              "duration": 14846,
              "state": "passed",
              "speed": "slow",
              "pass": true,
              "fail": false,
              "pending": false,
              "context": null,
              "code": "cy.get('.menu-profile__indicator').click();\ncy.get('.menu-profile > #menu-profile-panel > .menu-profile__panel-content > .menu-profile__panel-row > #btnLogin').click();\ncy.get('#forgot-pass').click();\ncy.get('#uf').select('SC');\ncy.get('#lf-registro').type('11655');\ncy.get('#sf-email-different').click({\n  force: true\n});\ncy.get('.c-base-modal-content__body > :nth-child(1) > .c-text--h2').should('have.text', 'Esqueci minha senha');\ncy.get('#lf-resend-mail').click();\ncy.get('#lf-resend-mail').should('have.text', 'E-mail enviado!');",
              "err": {},
              "uuid": "f686bee1-8502-42a7-a41c-63fa37a0fed6",
              "parentUUID": "09d76022-9a54-4c9f-9e59-36e1494c1383",
              "isHook": false,
              "skipped": false
            },
            {
              "title": "Alterar email de recuperacao de senha",
              "fullTitle": "Recuperar Senha Alterar email de recuperacao de senha",
              "timedOut": null,
              "duration": 21504,
              "state": "passed",
              "speed": "slow",
              "pass": true,
              "fail": false,
              "pending": false,
              "context": null,
              "code": "cy.get('.menu-profile__indicator').click();\ncy.get('.menu-profile > #menu-profile-panel > .menu-profile__panel-content > .menu-profile__panel-row > #btnLogin').click();\ncy.get('#forgot-pass').click();\ncy.get('#hcp-type').select('Farmacêutico (CRF)');\ncy.get('#uf').select('RS');\ncy.get('#lf-registro').type('1234');\ncy.get('#sf-email-different').click({\n  force: true\n});\ncy.get('.c-base-modal-content__body > :nth-child(1) > .c-text--h2').should('have.text', 'Esqueci minha senha');\ncy.get('.c-base-modal-content__body > :nth-child(8) > span').click({\n  force: true\n});\ncy.get('.c-text--h2 > strong').should('have.text', 'Habilitar novo Email');\ncy.get('#sf-phone').type('489977777777');\ncy.get('.c-base-modal-content__paper').click();\ncy.get('#lf-email').type('medicorenovaemail@servidor.com');\ncy.get('#sf-continue-validation').click();\ncy.get('.c-base-modal-content__body > :nth-child(1) > .c-text--h2').should('have.text', 'Esqueci minha senha');",
              "err": {},
              "uuid": "d2aa4814-dc93-477b-b1de-a0e5ad515544",
              "parentUUID": "09d76022-9a54-4c9f-9e59-36e1494c1383",
              "isHook": false,
              "skipped": false
            },
            {
              "title": "Tentar alterar email de recuperacao de senha utilizando Email invalido",
              "fullTitle": "Recuperar Senha Tentar alterar email de recuperacao de senha utilizando Email invalido",
              "timedOut": null,
              "duration": 17605,
              "state": "passed",
              "speed": "slow",
              "pass": true,
              "fail": false,
              "pending": false,
              "context": null,
              "code": "cy.get('.menu-profile__indicator').click();\ncy.get('.menu-profile > #menu-profile-panel > .menu-profile__panel-content > .menu-profile__panel-row > #btnLogin').click();\ncy.get('#forgot-pass').click();\ncy.get('#hcp-type').select('Farmacêutico (CRF)');\ncy.get('#uf').select('RS');\ncy.get('#lf-registro').type('1234');\ncy.get('#sf-email-different').click({\n  force: true\n});\ncy.get('.c-base-modal-content__body > :nth-child(1) > .c-text--h2').should('have.text', 'Esqueci minha senha');\ncy.get('.c-base-modal-content__body > :nth-child(8) > span').click({\n  force: true\n});\ncy.get('.c-text--h2 > strong').should('have.text', 'Habilitar novo Email');\ncy.get('#sf-phone').type('489977777777');\ncy.get('.c-base-modal-content__paper').click();\ncy.get('#lf-email').type('ABc123@teste');\ncy.get('#sf-continue-validation').click();\ncy.get('.c-base-modal__text-error').should('have.text', 'Email inválido');",
              "err": {},
              "uuid": "37ce6593-8dd6-4ea6-9db8-6356bcc6664d",
              "parentUUID": "09d76022-9a54-4c9f-9e59-36e1494c1383",
              "isHook": false,
              "skipped": false
            },
            {
              "title": "Tentar alterar email de recuperacao de senha utilizando Email ja existente",
              "fullTitle": "Recuperar Senha Tentar alterar email de recuperacao de senha utilizando Email ja existente",
              "timedOut": null,
              "duration": 18714,
              "state": "passed",
              "speed": "slow",
              "pass": true,
              "fail": false,
              "pending": false,
              "context": null,
              "code": "cy.get('.menu-profile__indicator').click();\ncy.get('.menu-profile > #menu-profile-panel > .menu-profile__panel-content > .menu-profile__panel-row > #btnLogin').click();\ncy.get('#forgot-pass').click();\ncy.get('#hcp-type').select('Farmacêutico (CRF)');\ncy.get('#uf').select('RS');\ncy.get('#lf-registro').type('1234');\ncy.get('#sf-email-different').click({\n  force: true\n});\ncy.get('.c-base-modal-content__body > :nth-child(1) > .c-text--h2').should('have.text', 'Esqueci minha senha');\ncy.get('.c-base-modal-content__body > :nth-child(8) > span').click({\n  force: true\n});\ncy.get('.c-text--h2 > strong').should('have.text', 'Habilitar novo Email');\ncy.get('#sf-phone').type('489977777777');\ncy.get('.c-base-modal-content__paper').click();\ncy.get('#lf-email').type('maria@teste.com');\ncy.get('#sf-continue-validation').click();\ncy.get('.c-base-modal__text-error').should('have.text', 'Já existe um usuário com este e-mail');",
              "err": {},
              "uuid": "2e488ef5-d643-4883-b416-1e6376d2ef31",
              "parentUUID": "09d76022-9a54-4c9f-9e59-36e1494c1383",
              "isHook": false,
              "skipped": false
            },
            {
              "title": "Verificar obrigatoriedade dos campos UF e Registro ao Recuperar senha",
              "fullTitle": "Recuperar Senha Verificar obrigatoriedade dos campos UF e Registro ao Recuperar senha",
              "timedOut": null,
              "duration": 12644,
              "state": "passed",
              "speed": "slow",
              "pass": true,
              "fail": false,
              "pending": false,
              "context": null,
              "code": "cy.get('.menu-profile__indicator').click();\ncy.get('.menu-profile > #menu-profile-panel > .menu-profile__panel-content > .menu-profile__panel-row > #btnLogin').click();\ncy.get('#forgot-pass').click();\ncy.get('#sf-email-different').click({\n  force: true\n});\ncy.get('#uf-error').should('have.text', 'Escolher Estado');\ncy.get('#registro-error').should('have.text', 'Favor informar seu número de registro');",
              "err": {},
              "uuid": "0869ec0a-2781-4ff1-bf4d-086211537c3d",
              "parentUUID": "09d76022-9a54-4c9f-9e59-36e1494c1383",
              "isHook": false,
              "skipped": false
            }
          ],
          "suites": [],
          "passes": [
            "6bd75a3a-9f7d-421e-afe8-46ca050500b0",
            "e596258e-7e65-4551-be60-9c1eaeea2982",
            "f686bee1-8502-42a7-a41c-63fa37a0fed6",
            "d2aa4814-dc93-477b-b1de-a0e5ad515544",
            "37ce6593-8dd6-4ea6-9db8-6356bcc6664d",
            "2e488ef5-d643-4883-b416-1e6376d2ef31",
            "0869ec0a-2781-4ff1-bf4d-086211537c3d"
          ],
          "failures": [],
          "pending": [],
          "skipped": [],
          "duration": 125368,
          "root": false,
          "rootEmpty": false,
          "_timeout": 2000
        }
      ],
      "passes": [],
      "failures": [],
      "pending": [],
      "skipped": [],
      "duration": 0,
      "root": true,
      "rootEmpty": true,
      "_timeout": 2000
    }
  ],
  "meta": {
    "mocha": {
      "version": "7.0.1"
    },
    "mochawesome": {
      "options": {
        "quiet": true,
        "reportFilename": "mochawesome",
        "saveHtml": false,
        "saveJson": true,
        "consoleReporter": "spec",
        "useInlineDiffs": false,
        "code": true
      },
      "version": "6.3.1"
    },
    "marge": {
      "options": {
        "id": "default",
        "reportDir": "mochawesome-report",
        "quiet": true,
        "overwrite": false,
        "html": false,
        "json": true
      },
      "version": "5.2.0"
    }
  }
}