{
  "stats": {
    "suites": 3,
    "tests": 12,
    "passes": 1,
    "pending": 0,
    "failures": 11,
    "start": "2021-11-09T08:17:00.800Z",
    "end": "2021-11-09T08:19:36.936Z",
    "duration": 156136,
    "testsRegistered": 12,
    "passPercent": 8.333333333333332,
    "pendingPercent": 0,
    "other": 0,
    "hasOther": false,
    "skipped": 0,
    "hasSkipped": false
  },
  "results": [
    {
      "uuid": "3c547e4c-fdea-4fff-8525-b5e8ae6b3b5f",
      "title": "",
      "fullFile": "cypress/integration/login.spec.js",
      "file": "cypress/integration/login.spec.js",
      "beforeHooks": [],
      "afterHooks": [],
      "tests": [],
      "suites": [
        {
          "uuid": "58b162c5-aaa8-445b-8c71-e100da995b9a",
          "title": "Login",
          "fullFile": "",
          "file": "",
          "beforeHooks": [],
          "afterHooks": [],
          "tests": [],
          "suites": [
            {
              "uuid": "ce097ae8-a0ab-4590-8e5e-d082c8aecfd3",
              "title": "Login com sucesso",
              "fullFile": "",
              "file": "",
              "beforeHooks": [],
              "afterHooks": [],
              "tests": [
                {
                  "title": "Realizar login de Médico com número de registro",
                  "fullTitle": "Login Login com sucesso Realizar login de Médico com número de registro",
                  "timedOut": null,
                  "duration": 32900,
                  "state": "passed",
                  "speed": "slow",
                  "pass": true,
                  "fail": false,
                  "pending": false,
                  "context": null,
                  "code": "_login.default.loginMedicoComRegistro();",
                  "err": {},
                  "uuid": "d4c88d22-2767-4621-b91e-cbae731ff853",
                  "parentUUID": "ce097ae8-a0ab-4590-8e5e-d082c8aecfd3",
                  "isHook": false,
                  "skipped": false
                },
                {
                  "title": "Realizar login de Farmacêutico com número de registro",
                  "fullTitle": "Login Login com sucesso Realizar login de Farmacêutico com número de registro",
                  "timedOut": null,
                  "duration": 5879,
                  "state": "failed",
                  "speed": null,
                  "pass": false,
                  "fail": true,
                  "pending": false,
                  "context": null,
                  "code": "_login.default.loginFarmaceuticoComRegistro();",
                  "err": {
                    "message": "AssertionError: Timed out retrying after 4000ms: Expected to find element: `.c-text--bold > :nth-child(2)`, but never found it.",
                    "estack": "AssertionError: Timed out retrying after 4000ms: Expected to find element: `.c-text--bold > :nth-child(2)`, but never found it.\n    at Login.loginFarmaceuticoComRegistro (https://stg-cd.sanoficonecta.com.br/__cypress/tests?p=cypress/integration/login.spec.js:324:28)\n    at Context.eval (https://stg-cd.sanoficonecta.com.br/__cypress/tests?p=cypress/integration/login.spec.js:136:22)",
                    "diff": null
                  },
                  "uuid": "7fc3846c-dcc9-4de6-994f-4a54c356bf6b",
                  "parentUUID": "ce097ae8-a0ab-4590-8e5e-d082c8aecfd3",
                  "isHook": false,
                  "skipped": false
                },
                {
                  "title": "Realizar login de Enfermeiro com número de registro",
                  "fullTitle": "Login Login com sucesso Realizar login de Enfermeiro com número de registro",
                  "timedOut": null,
                  "duration": 4436,
                  "state": "failed",
                  "speed": null,
                  "pass": false,
                  "fail": true,
                  "pending": false,
                  "context": null,
                  "code": "_login.default.loginEnfermeiroComRegistro();",
                  "err": {
                    "message": "AssertionError: Timed out retrying after 4000ms: Expected to find element: `.menu-profile > #menu-profile-panel > .menu-profile__panel-content > .menu-profile__panel-row > #btnLogin`, but never found it.",
                    "estack": "AssertionError: Timed out retrying after 4000ms: Expected to find element: `.menu-profile > #menu-profile-panel > .menu-profile__panel-content > .menu-profile__panel-row > #btnLogin`, but never found it.\n    at Login.loginEnfermeiroComRegistro (https://stg-cd.sanoficonecta.com.br/__cypress/tests?p=cypress/integration/login.spec.js:332:8)\n    at Context.eval (https://stg-cd.sanoficonecta.com.br/__cypress/tests?p=cypress/integration/login.spec.js:139:22)",
                    "diff": null
                  },
                  "uuid": "3b64a2ed-e508-4933-a43e-92885c0f8628",
                  "parentUUID": "ce097ae8-a0ab-4590-8e5e-d082c8aecfd3",
                  "isHook": false,
                  "skipped": false
                },
                {
                  "title": "Realizar login de Nutricionista com número de registro",
                  "fullTitle": "Login Login com sucesso Realizar login de Nutricionista com número de registro",
                  "timedOut": null,
                  "duration": 4429,
                  "state": "failed",
                  "speed": null,
                  "pass": false,
                  "fail": true,
                  "pending": false,
                  "context": null,
                  "code": "_login.default.loginNutricionistaComRegistro();",
                  "err": {
                    "message": "AssertionError: Timed out retrying after 4000ms: Expected to find element: `.menu-profile > #menu-profile-panel > .menu-profile__panel-content > .menu-profile__panel-row > #btnLogin`, but never found it.",
                    "estack": "AssertionError: Timed out retrying after 4000ms: Expected to find element: `.menu-profile > #menu-profile-panel > .menu-profile__panel-content > .menu-profile__panel-row > #btnLogin`, but never found it.\n    at Login.loginNutricionistaComRegistro (https://stg-cd.sanoficonecta.com.br/__cypress/tests?p=cypress/integration/login.spec.js:348:8)\n    at Context.eval (https://stg-cd.sanoficonecta.com.br/__cypress/tests?p=cypress/integration/login.spec.js:142:22)",
                    "diff": null
                  },
                  "uuid": "12a7139b-6389-4551-94ff-f15f4bdfe8db",
                  "parentUUID": "ce097ae8-a0ab-4590-8e5e-d082c8aecfd3",
                  "isHook": false,
                  "skipped": false
                },
                {
                  "title": "Realizar login de Fisioterapeuta com número de registro",
                  "fullTitle": "Login Login com sucesso Realizar login de Fisioterapeuta com número de registro",
                  "timedOut": null,
                  "duration": 4455,
                  "state": "failed",
                  "speed": null,
                  "pass": false,
                  "fail": true,
                  "pending": false,
                  "context": null,
                  "code": "_login.default.loginFisioterapeutaComRegistro();",
                  "err": {
                    "message": "AssertionError: Timed out retrying after 4000ms: Expected to find element: `.menu-profile > #menu-profile-panel > .menu-profile__panel-content > .menu-profile__panel-row > #btnLogin`, but never found it.",
                    "estack": "AssertionError: Timed out retrying after 4000ms: Expected to find element: `.menu-profile > #menu-profile-panel > .menu-profile__panel-content > .menu-profile__panel-row > #btnLogin`, but never found it.\n    at Login.loginFisioterapeutaComRegistro (https://stg-cd.sanoficonecta.com.br/__cypress/tests?p=cypress/integration/login.spec.js:364:8)\n    at Context.eval (https://stg-cd.sanoficonecta.com.br/__cypress/tests?p=cypress/integration/login.spec.js:145:22)",
                    "diff": null
                  },
                  "uuid": "d5e51def-c87b-413f-aa57-8e0d9363fdf4",
                  "parentUUID": "ce097ae8-a0ab-4590-8e5e-d082c8aecfd3",
                  "isHook": false,
                  "skipped": false
                },
                {
                  "title": "Realizar login de Médico com email",
                  "fullTitle": "Login Login com sucesso Realizar login de Médico com email",
                  "timedOut": null,
                  "duration": 4454,
                  "state": "failed",
                  "speed": null,
                  "pass": false,
                  "fail": true,
                  "pending": false,
                  "context": null,
                  "code": "_login.default.loginMedicoComEmail();",
                  "err": {
                    "message": "AssertionError: Timed out retrying after 4000ms: Expected to find element: `.menu-profile > #menu-profile-panel > .menu-profile__panel-content > .menu-profile__panel-row > #btnLogin`, but never found it.",
                    "estack": "AssertionError: Timed out retrying after 4000ms: Expected to find element: `.menu-profile > #menu-profile-panel > .menu-profile__panel-content > .menu-profile__panel-row > #btnLogin`, but never found it.\n    at Login.loginMedicoComEmail (https://stg-cd.sanoficonecta.com.br/__cypress/tests?p=cypress/integration/login.spec.js:380:8)\n    at Context.eval (https://stg-cd.sanoficonecta.com.br/__cypress/tests?p=cypress/integration/login.spec.js:149:22)",
                    "diff": null
                  },
                  "uuid": "b2c12acb-a50c-465f-8244-55ee946dea90",
                  "parentUUID": "ce097ae8-a0ab-4590-8e5e-d082c8aecfd3",
                  "isHook": false,
                  "skipped": false
                },
                {
                  "title": "Realizar login de Farmacêutico com email",
                  "fullTitle": "Login Login com sucesso Realizar login de Farmacêutico com email",
                  "timedOut": null,
                  "duration": 4407,
                  "state": "failed",
                  "speed": null,
                  "pass": false,
                  "fail": true,
                  "pending": false,
                  "context": null,
                  "code": "_login.default.loginFarmaceuticoComEmail();",
                  "err": {
                    "message": "AssertionError: Timed out retrying after 4000ms: Expected to find element: `.menu-profile > #menu-profile-panel > .menu-profile__panel-content > .menu-profile__panel-row > #btnLogin`, but never found it.",
                    "estack": "AssertionError: Timed out retrying after 4000ms: Expected to find element: `.menu-profile > #menu-profile-panel > .menu-profile__panel-content > .menu-profile__panel-row > #btnLogin`, but never found it.\n    at Login.loginFarmaceuticoComEmail (https://stg-cd.sanoficonecta.com.br/__cypress/tests?p=cypress/integration/login.spec.js:396:8)\n    at Context.eval (https://stg-cd.sanoficonecta.com.br/__cypress/tests?p=cypress/integration/login.spec.js:152:22)",
                    "diff": null
                  },
                  "uuid": "649d7a0b-190a-48fd-be9f-21c7fa915d29",
                  "parentUUID": "ce097ae8-a0ab-4590-8e5e-d082c8aecfd3",
                  "isHook": false,
                  "skipped": false
                },
                {
                  "title": "Realizar login de Enfermeiro com email",
                  "fullTitle": "Login Login com sucesso Realizar login de Enfermeiro com email",
                  "timedOut": null,
                  "duration": 4468,
                  "state": "failed",
                  "speed": null,
                  "pass": false,
                  "fail": true,
                  "pending": false,
                  "context": null,
                  "code": "_login.default.loginEnfermeiroComEmail();",
                  "err": {
                    "message": "AssertionError: Timed out retrying after 4000ms: Expected to find element: `.menu-profile > #menu-profile-panel > .menu-profile__panel-content > .menu-profile__panel-row > #btnLogin`, but never found it.",
                    "estack": "AssertionError: Timed out retrying after 4000ms: Expected to find element: `.menu-profile > #menu-profile-panel > .menu-profile__panel-content > .menu-profile__panel-row > #btnLogin`, but never found it.\n    at Login.loginEnfermeiroComEmail (https://stg-cd.sanoficonecta.com.br/__cypress/tests?p=cypress/integration/login.spec.js:412:8)\n    at Context.eval (https://stg-cd.sanoficonecta.com.br/__cypress/tests?p=cypress/integration/login.spec.js:155:22)",
                    "diff": null
                  },
                  "uuid": "d964ef9f-3fb9-4ef4-a3db-80a14494ad4a",
                  "parentUUID": "ce097ae8-a0ab-4590-8e5e-d082c8aecfd3",
                  "isHook": false,
                  "skipped": false
                },
                {
                  "title": "Realizar login de Nutricionista com email",
                  "fullTitle": "Login Login com sucesso Realizar login de Nutricionista com email",
                  "timedOut": null,
                  "duration": 4381,
                  "state": "failed",
                  "speed": null,
                  "pass": false,
                  "fail": true,
                  "pending": false,
                  "context": null,
                  "code": "_login.default.loginNutricionistaComEmail();",
                  "err": {
                    "message": "AssertionError: Timed out retrying after 4000ms: Expected to find element: `.menu-profile > #menu-profile-panel > .menu-profile__panel-content > .menu-profile__panel-row > #btnLogin`, but never found it.",
                    "estack": "AssertionError: Timed out retrying after 4000ms: Expected to find element: `.menu-profile > #menu-profile-panel > .menu-profile__panel-content > .menu-profile__panel-row > #btnLogin`, but never found it.\n    at Login.loginNutricionistaComEmail (https://stg-cd.sanoficonecta.com.br/__cypress/tests?p=cypress/integration/login.spec.js:428:8)\n    at Context.eval (https://stg-cd.sanoficonecta.com.br/__cypress/tests?p=cypress/integration/login.spec.js:158:22)",
                    "diff": null
                  },
                  "uuid": "ae8d41f0-2c50-4b3b-9a21-7619a2e4ccbd",
                  "parentUUID": "ce097ae8-a0ab-4590-8e5e-d082c8aecfd3",
                  "isHook": false,
                  "skipped": false
                },
                {
                  "title": "Realizar login de Fisioterapeuta com email",
                  "fullTitle": "Login Login com sucesso Realizar login de Fisioterapeuta com email",
                  "timedOut": null,
                  "duration": 4402,
                  "state": "failed",
                  "speed": null,
                  "pass": false,
                  "fail": true,
                  "pending": false,
                  "context": null,
                  "code": "_login.default.loginFisioterapeutaComEmail();",
                  "err": {
                    "message": "AssertionError: Timed out retrying after 4000ms: Expected to find element: `.menu-profile > #menu-profile-panel > .menu-profile__panel-content > .menu-profile__panel-row > #btnLogin`, but never found it.",
                    "estack": "AssertionError: Timed out retrying after 4000ms: Expected to find element: `.menu-profile > #menu-profile-panel > .menu-profile__panel-content > .menu-profile__panel-row > #btnLogin`, but never found it.\n    at Login.loginFisioterapeutaComEmail (https://stg-cd.sanoficonecta.com.br/__cypress/tests?p=cypress/integration/login.spec.js:444:8)\n    at Context.eval (https://stg-cd.sanoficonecta.com.br/__cypress/tests?p=cypress/integration/login.spec.js:161:22)",
                    "diff": null
                  },
                  "uuid": "214be3c8-2850-4ec4-962a-0e697e4bf9a4",
                  "parentUUID": "ce097ae8-a0ab-4590-8e5e-d082c8aecfd3",
                  "isHook": false,
                  "skipped": false
                }
              ],
              "suites": [],
              "passes": [
                "d4c88d22-2767-4621-b91e-cbae731ff853"
              ],
              "failures": [
                "7fc3846c-dcc9-4de6-994f-4a54c356bf6b",
                "3b64a2ed-e508-4933-a43e-92885c0f8628",
                "12a7139b-6389-4551-94ff-f15f4bdfe8db",
                "d5e51def-c87b-413f-aa57-8e0d9363fdf4",
                "b2c12acb-a50c-465f-8244-55ee946dea90",
                "649d7a0b-190a-48fd-be9f-21c7fa915d29",
                "d964ef9f-3fb9-4ef4-a3db-80a14494ad4a",
                "ae8d41f0-2c50-4b3b-9a21-7619a2e4ccbd",
                "214be3c8-2850-4ec4-962a-0e697e4bf9a4"
              ],
              "pending": [],
              "skipped": [],
              "duration": 74211,
              "root": false,
              "rootEmpty": false,
              "_timeout": 2000
            },
            {
              "uuid": "3a5ea3fc-d97a-42e0-ad21-a5b5e5350ad0",
              "title": "Login sem sucesso",
              "fullFile": "",
              "file": "",
              "beforeHooks": [],
              "afterHooks": [],
              "tests": [
                {
                  "title": "Tentar realizar login sem informar os dados obrigatórios",
                  "fullTitle": "Login Login sem sucesso Tentar realizar login sem informar os dados obrigatórios",
                  "timedOut": null,
                  "duration": 4480,
                  "state": "failed",
                  "speed": null,
                  "pass": false,
                  "fail": true,
                  "pending": false,
                  "context": null,
                  "code": "_login.default.loginSemDadosObrigatorios();",
                  "err": {
                    "message": "AssertionError: Timed out retrying after 4000ms: Expected to find element: `.menu-profile > #menu-profile-panel > .menu-profile__panel-content > .menu-profile__panel-row > #btnLogin`, but never found it.",
                    "estack": "AssertionError: Timed out retrying after 4000ms: Expected to find element: `.menu-profile > #menu-profile-panel > .menu-profile__panel-content > .menu-profile__panel-row > #btnLogin`, but never found it.\n    at Login.loginSemDadosObrigatorios (https://stg-cd.sanoficonecta.com.br/__cypress/tests?p=cypress/integration/login.spec.js:460:8)\n    at Context.eval (https://stg-cd.sanoficonecta.com.br/__cypress/tests?p=cypress/integration/login.spec.js:166:22)",
                    "diff": null
                  },
                  "uuid": "f7c786b6-5c5e-40fe-a204-395c834d2919",
                  "parentUUID": "3a5ea3fc-d97a-42e0-ad21-a5b5e5350ad0",
                  "isHook": false,
                  "skipped": false
                },
                {
                  "title": "Tentar realizar login com dados inválidos",
                  "fullTitle": "Login Login sem sucesso Tentar realizar login com dados inválidos",
                  "timedOut": null,
                  "duration": 4473,
                  "state": "failed",
                  "speed": null,
                  "pass": false,
                  "fail": true,
                  "pending": false,
                  "context": null,
                  "code": "_login.default.loginComDadosInvalidos();",
                  "err": {
                    "message": "AssertionError: Timed out retrying after 4000ms: Expected to find element: `.menu-profile > #menu-profile-panel > .menu-profile__panel-content > .menu-profile__panel-row > #btnLogin`, but never found it.",
                    "estack": "AssertionError: Timed out retrying after 4000ms: Expected to find element: `.menu-profile > #menu-profile-panel > .menu-profile__panel-content > .menu-profile__panel-row > #btnLogin`, but never found it.\n    at Login.loginComDadosInvalidos (https://stg-cd.sanoficonecta.com.br/__cypress/tests?p=cypress/integration/login.spec.js:472:8)\n    at Context.eval (https://stg-cd.sanoficonecta.com.br/__cypress/tests?p=cypress/integration/login.spec.js:169:22)",
                    "diff": null
                  },
                  "uuid": "6dd1178d-1df8-443e-ae0c-9335be5cb9af",
                  "parentUUID": "3a5ea3fc-d97a-42e0-ad21-a5b5e5350ad0",
                  "isHook": false,
                  "skipped": false
                }
              ],
              "suites": [],
              "passes": [],
              "failures": [
                "f7c786b6-5c5e-40fe-a204-395c834d2919",
                "6dd1178d-1df8-443e-ae0c-9335be5cb9af"
              ],
              "pending": [],
              "skipped": [],
              "duration": 8953,
              "root": false,
              "rootEmpty": false,
              "_timeout": 2000
            }
          ],
          "passes": [],
          "failures": [],
          "pending": [],
          "skipped": [],
          "duration": 0,
          "root": false,
          "rootEmpty": false,
          "_timeout": 2000
        }
      ],
      "passes": [],
      "failures": [],
      "pending": [],
      "skipped": [],
      "duration": 0,
      "root": true,
      "rootEmpty": true,
      "_timeout": 2000
    }
  ],
  "meta": {
    "mocha": {
      "version": "7.0.1"
    },
    "mochawesome": {
      "options": {
        "quiet": true,
        "reportFilename": "mochawesome",
        "saveHtml": false,
        "saveJson": true,
        "consoleReporter": "spec",
        "useInlineDiffs": false,
        "code": true
      },
      "version": "6.3.1"
    },
    "marge": {
      "options": {
        "id": "default",
        "reportDir": "mochawesome-report",
        "quiet": true,
        "overwrite": false,
        "html": false,
        "json": true
      },
      "version": "5.2.0"
    }
  }
}