{
  "stats": {
    "suites": 1,
    "tests": 6,
    "passes": 3,
    "pending": 0,
    "failures": 3,
    "start": "2022-02-19T08:17:19.717Z",
    "end": "2022-02-19T08:18:36.987Z",
    "duration": 77270,
    "testsRegistered": 6,
    "passPercent": 50,
    "pendingPercent": 0,
    "other": 0,
    "hasOther": false,
    "skipped": 0,
    "hasSkipped": false
  },
  "results": [
    {
      "uuid": "7e1cb9f2-e270-4730-af5c-027cab8101bd",
      "title": "",
      "fullFile": "cypress/integration/cadastro.spec.js",
      "file": "cypress/integration/cadastro.spec.js",
      "beforeHooks": [],
      "afterHooks": [],
      "tests": [],
      "suites": [
        {
          "uuid": "c27652d9-0820-4397-859b-cc9d6421185f",
          "title": "Cadastro",
          "fullFile": "",
          "file": "",
          "beforeHooks": [],
          "afterHooks": [],
          "tests": [
            {
              "title": "Tentar realizar cadastro de Médico com registro invalido",
              "fullTitle": "Cadastro Tentar realizar cadastro de Médico com registro invalido",
              "timedOut": null,
              "duration": 22117,
              "state": "failed",
              "speed": null,
              "pass": false,
              "fail": true,
              "pending": false,
              "context": null,
              "code": "_cadastro.default.cadastroMedicoComRegistroInvalido();",
              "err": {
                "message": "AssertionError: Timed out retrying after 4000ms: Expected to find element: `#registro-error`, but never found it.",
                "estack": "AssertionError: Timed out retrying after 4000ms: Expected to find element: `#registro-error`, but never found it.\n    at Cadastro.cadastroMedicoComRegistroInvalido (https://stg-cd.sanoficonecta.com.br/__cypress/tests?p=cypress/integration/cadastro.spec.js:2372:30)\n    at Context.eval (https://stg-cd.sanoficonecta.com.br/__cypress/tests?p=cypress/integration/cadastro.spec.js:2235:23)",
                "diff": null
              },
              "uuid": "1a823db7-ed4f-4316-b0cf-656310e80f10",
              "parentUUID": "c27652d9-0820-4397-859b-cc9d6421185f",
              "isHook": false,
              "skipped": false
            },
            {
              "title": "Tentar realizar cadastro de Médico sem aceitar os termos",
              "fullTitle": "Cadastro Tentar realizar cadastro de Médico sem aceitar os termos",
              "timedOut": null,
              "duration": 7814,
              "state": "passed",
              "speed": "slow",
              "pass": true,
              "fail": false,
              "pending": false,
              "context": null,
              "code": "_cadastro.default.cadastroMedicoSemAceitarTermos();",
              "err": {},
              "uuid": "47abf82c-3467-4198-873b-938a4c911cab",
              "parentUUID": "c27652d9-0820-4397-859b-cc9d6421185f",
              "isHook": false,
              "skipped": false
            },
            {
              "title": "Tentar realizar cadastro de Médico com registro já cadastrado",
              "fullTitle": "Cadastro Tentar realizar cadastro de Médico com registro já cadastrado",
              "timedOut": null,
              "duration": 10996,
              "state": "failed",
              "speed": null,
              "pass": false,
              "fail": true,
              "pending": false,
              "context": null,
              "code": "_cadastro.default.cadastroMedicoComRegistroJaCadastrado();",
              "err": {
                "message": "AssertionError: Timed out retrying after 4000ms: Expected to find element: `.c-text--h3 > strong`, but never found it.",
                "estack": "AssertionError: Timed out retrying after 4000ms: Expected to find element: `.c-text--h3 > strong`, but never found it.\n    at Cadastro.cadastroMedicoComRegistroJaCadastrado (https://stg-cd.sanoficonecta.com.br/__cypress/tests?p=cypress/integration/cadastro.spec.js:2399:37)\n    at Context.eval (https://stg-cd.sanoficonecta.com.br/__cypress/tests?p=cypress/integration/cadastro.spec.js:2241:23)",
                "diff": null
              },
              "uuid": "bd4a73cf-f61c-487b-aa6f-1d2c654c36fd",
              "parentUUID": "c27652d9-0820-4397-859b-cc9d6421185f",
              "isHook": false,
              "skipped": false
            },
            {
              "title": "Tentar realizar cadastro de Médico com email já cadastrado",
              "fullTitle": "Cadastro Tentar realizar cadastro de Médico com email já cadastrado",
              "timedOut": null,
              "duration": 12049,
              "state": "failed",
              "speed": null,
              "pass": false,
              "fail": true,
              "pending": false,
              "context": null,
              "code": "_cadastro.default.cadastroMedicoComEmailJaCadastrado();",
              "err": {
                "message": "AssertionError: Timed out retrying after 4000ms: Expected to find element: `.c-text--h3 > strong`, but never found it.",
                "estack": "AssertionError: Timed out retrying after 4000ms: Expected to find element: `.c-text--h3 > strong`, but never found it.\n    at Cadastro.cadastroMedicoComEmailJaCadastrado (https://stg-cd.sanoficonecta.com.br/__cypress/tests?p=cypress/integration/cadastro.spec.js:2413:34)\n    at Context.eval (https://stg-cd.sanoficonecta.com.br/__cypress/tests?p=cypress/integration/cadastro.spec.js:2244:23)",
                "diff": null
              },
              "uuid": "f1a57458-87b5-4579-8108-04c8bafd3efc",
              "parentUUID": "c27652d9-0820-4397-859b-cc9d6421185f",
              "isHook": false,
              "skipped": false
            },
            {
              "title": "Tentar realizar cadastro de Médico sem informar os dados obrigatórios",
              "fullTitle": "Cadastro Tentar realizar cadastro de Médico sem informar os dados obrigatórios",
              "timedOut": null,
              "duration": 6926,
              "state": "passed",
              "speed": "slow",
              "pass": true,
              "fail": false,
              "pending": false,
              "context": null,
              "code": "_cadastro.default.cadastroMedicoSemInformarDadosObrigatorios();",
              "err": {},
              "uuid": "ec9b67ea-fb03-4fae-a811-8a64793166b9",
              "parentUUID": "c27652d9-0820-4397-859b-cc9d6421185f",
              "isHook": false,
              "skipped": false
            },
            {
              "title": "Realizar cadastro de Nutricionista com sucesso",
              "fullTitle": "Cadastro Realizar cadastro de Nutricionista com sucesso",
              "timedOut": null,
              "duration": 17186,
              "state": "passed",
              "speed": "slow",
              "pass": true,
              "fail": false,
              "pending": false,
              "context": null,
              "code": "_cadastro.default.cadastroNutricionista();",
              "err": {},
              "uuid": "86a37cdf-113e-4bd0-9bd2-90f91aeac4b6",
              "parentUUID": "c27652d9-0820-4397-859b-cc9d6421185f",
              "isHook": false,
              "skipped": false
            }
          ],
          "suites": [],
          "passes": [
            "47abf82c-3467-4198-873b-938a4c911cab",
            "ec9b67ea-fb03-4fae-a811-8a64793166b9",
            "86a37cdf-113e-4bd0-9bd2-90f91aeac4b6"
          ],
          "failures": [
            "1a823db7-ed4f-4316-b0cf-656310e80f10",
            "bd4a73cf-f61c-487b-aa6f-1d2c654c36fd",
            "f1a57458-87b5-4579-8108-04c8bafd3efc"
          ],
          "pending": [],
          "skipped": [],
          "duration": 77088,
          "root": false,
          "rootEmpty": false,
          "_timeout": 2000
        }
      ],
      "passes": [],
      "failures": [],
      "pending": [],
      "skipped": [],
      "duration": 0,
      "root": true,
      "rootEmpty": true,
      "_timeout": 2000
    }
  ],
  "meta": {
    "mocha": {
      "version": "7.0.1"
    },
    "mochawesome": {
      "options": {
        "quiet": true,
        "reportFilename": "mochawesome",
        "saveHtml": false,
        "saveJson": true,
        "consoleReporter": "spec",
        "useInlineDiffs": false,
        "code": true
      },
      "version": "6.3.1"
    },
    "marge": {
      "options": {
        "id": "default",
        "reportDir": "mochawesome-report",
        "quiet": true,
        "overwrite": false,
        "html": false,
        "json": true
      },
      "version": "5.2.0"
    }
  }
}