{
  "stats": {
    "suites": 5,
    "tests": 7,
    "passes": 0,
    "pending": 0,
    "failures": 7,
    "start": "2021-12-07T08:16:39.174Z",
    "end": "2021-12-07T08:17:27.852Z",
    "duration": 48678,
    "testsRegistered": 8,
    "passPercent": 0,
    "pendingPercent": 0,
    "other": 0,
    "hasOther": false,
    "skipped": 1,
    "hasSkipped": true
  },
  "results": [
    {
      "uuid": "d3ff822f-7c31-43b5-b5a4-e2548fba7b3c",
      "title": "",
      "fullFile": "cypress/integration/busca.spec.js",
      "file": "cypress/integration/busca.spec.js",
      "beforeHooks": [],
      "afterHooks": [],
      "tests": [],
      "suites": [
        {
          "uuid": "406ba953-48ed-41d3-ba15-ba262941a0b0",
          "title": "Busca com usuário deslogado",
          "fullFile": "",
          "file": "",
          "beforeHooks": [],
          "afterHooks": [],
          "tests": [],
          "suites": [
            {
              "uuid": "74baadde-af56-4697-856e-20a886f932ef",
              "title": "Busca com sucesso",
              "fullFile": "",
              "file": "",
              "beforeHooks": [],
              "afterHooks": [],
              "tests": [
                {
                  "title": "Realizar uma busca pelo nome completo do termo",
                  "fullTitle": "Busca com usuário deslogado Busca com sucesso Realizar uma busca pelo nome completo do termo",
                  "timedOut": null,
                  "duration": 23167,
                  "state": "failed",
                  "speed": null,
                  "pass": false,
                  "fail": true,
                  "pending": false,
                  "context": null,
                  "code": "_busca.default.BuscaDeslogadoHeaderComResultado();",
                  "err": {
                    "message": "AssertionError: Timed out retrying after 4000ms: Expected to find element: `.c-navbar__area-logged > .c-navbar__item`, but never found it.",
                    "estack": "AssertionError: Timed out retrying after 4000ms: Expected to find element: `.c-navbar__area-logged > .c-navbar__item`, but never found it.\n    at BuscaDeslogadoHeaderComResultado (https://stg-cd.sanoficonecta.com.br/__cypress/tests?p=cypress/integration/busca.spec.js:218:8)\n    at Context.eval (https://stg-cd.sanoficonecta.com.br/__cypress/tests?p=cypress/integration/busca.spec.js:132:22)",
                    "diff": null
                  },
                  "uuid": "b9612945-6d34-4bd8-a704-84d861cba410",
                  "parentUUID": "74baadde-af56-4697-856e-20a886f932ef",
                  "isHook": false,
                  "skipped": false
                },
                {
                  "title": "Realizar uma busca por parte do nome do termo",
                  "fullTitle": "Busca com usuário deslogado Busca com sucesso Realizar uma busca por parte do nome do termo",
                  "timedOut": null,
                  "duration": 4232,
                  "state": "failed",
                  "speed": null,
                  "pass": false,
                  "fail": true,
                  "pending": false,
                  "context": null,
                  "code": "_busca.default.BuscaParteNomeTermo();",
                  "err": {
                    "message": "AssertionError: Timed out retrying after 4000ms: Expected to find element: `.c-navbar__area-logged > .c-navbar__item`, but never found it.",
                    "estack": "AssertionError: Timed out retrying after 4000ms: Expected to find element: `.c-navbar__area-logged > .c-navbar__item`, but never found it.\n    at BuscaParteNomeTermo (https://stg-cd.sanoficonecta.com.br/__cypress/tests?p=cypress/integration/busca.spec.js:232:8)\n    at Context.eval (https://stg-cd.sanoficonecta.com.br/__cypress/tests?p=cypress/integration/busca.spec.js:135:22)",
                    "diff": null
                  },
                  "uuid": "5dc00dbc-a3ef-49af-8d73-c8b107ef2cfe",
                  "parentUUID": "74baadde-af56-4697-856e-20a886f932ef",
                  "isHook": false,
                  "skipped": false
                },
                {
                  "title": "Realizar uma busca por termo utilizando traço",
                  "fullTitle": "Busca com usuário deslogado Busca com sucesso Realizar uma busca por termo utilizando traço",
                  "timedOut": null,
                  "duration": 4188,
                  "state": "failed",
                  "speed": null,
                  "pass": false,
                  "fail": true,
                  "pending": false,
                  "context": null,
                  "code": "_busca.default.BuscaPorTermoComTraco();",
                  "err": {
                    "message": "AssertionError: Timed out retrying after 4000ms: Expected to find element: `.c-navbar__area-logged > .c-navbar__item`, but never found it.",
                    "estack": "AssertionError: Timed out retrying after 4000ms: Expected to find element: `.c-navbar__area-logged > .c-navbar__item`, but never found it.\n    at BuscaPorTermoComTraco (https://stg-cd.sanoficonecta.com.br/__cypress/tests?p=cypress/integration/busca.spec.js:246:8)\n    at Context.eval (https://stg-cd.sanoficonecta.com.br/__cypress/tests?p=cypress/integration/busca.spec.js:138:22)",
                    "diff": null
                  },
                  "uuid": "258da28f-e6ed-4bc5-9eab-8f5813270365",
                  "parentUUID": "74baadde-af56-4697-856e-20a886f932ef",
                  "isHook": false,
                  "skipped": false
                },
                {
                  "title": "Realizar uma busca por termo utilizando acentuação e preposição",
                  "fullTitle": "Busca com usuário deslogado Busca com sucesso Realizar uma busca por termo utilizando acentuação e preposição",
                  "timedOut": null,
                  "duration": 4221,
                  "state": "failed",
                  "speed": null,
                  "pass": false,
                  "fail": true,
                  "pending": false,
                  "context": null,
                  "code": "_busca.default.BuscaPorTermoComAcentuacaoePreposicao();",
                  "err": {
                    "message": "AssertionError: Timed out retrying after 4000ms: Expected to find element: `.c-navbar__area-logged > .c-navbar__item`, but never found it.",
                    "estack": "AssertionError: Timed out retrying after 4000ms: Expected to find element: `.c-navbar__area-logged > .c-navbar__item`, but never found it.\n    at BuscaPorTermoComAcentuacaoePreposicao (https://stg-cd.sanoficonecta.com.br/__cypress/tests?p=cypress/integration/busca.spec.js:253:8)\n    at Context.eval (https://stg-cd.sanoficonecta.com.br/__cypress/tests?p=cypress/integration/busca.spec.js:141:22)",
                    "diff": null
                  },
                  "uuid": "99b2546e-af6e-4996-8fed-86d972d80dca",
                  "parentUUID": "74baadde-af56-4697-856e-20a886f932ef",
                  "isHook": false,
                  "skipped": false
                }
              ],
              "suites": [],
              "passes": [],
              "failures": [
                "b9612945-6d34-4bd8-a704-84d861cba410",
                "5dc00dbc-a3ef-49af-8d73-c8b107ef2cfe",
                "258da28f-e6ed-4bc5-9eab-8f5813270365",
                "99b2546e-af6e-4996-8fed-86d972d80dca"
              ],
              "pending": [],
              "skipped": [],
              "duration": 35808,
              "root": false,
              "rootEmpty": false,
              "_timeout": 2000
            },
            {
              "uuid": "1ee72de1-d44b-4522-b69a-1b2085fc900e",
              "title": "Busca sem sucesso",
              "fullFile": "",
              "file": "",
              "beforeHooks": [],
              "afterHooks": [],
              "tests": [
                {
                  "title": "Realizar uma busca por termo inexistente",
                  "fullTitle": "Busca com usuário deslogado Busca sem sucesso Realizar uma busca por termo inexistente",
                  "timedOut": null,
                  "duration": 4258,
                  "state": "failed",
                  "speed": null,
                  "pass": false,
                  "fail": true,
                  "pending": false,
                  "context": null,
                  "code": "_busca.default.BuscaDeslogadoHeaderSemResultado();",
                  "err": {
                    "message": "AssertionError: Timed out retrying after 4000ms: Expected to find element: `.c-navbar__area-logged > .c-navbar__item`, but never found it.",
                    "estack": "AssertionError: Timed out retrying after 4000ms: Expected to find element: `.c-navbar__area-logged > .c-navbar__item`, but never found it.\n    at BuscaDeslogadoHeaderSemResultado (https://stg-cd.sanoficonecta.com.br/__cypress/tests?p=cypress/integration/busca.spec.js:225:8)\n    at Context.eval (https://stg-cd.sanoficonecta.com.br/__cypress/tests?p=cypress/integration/busca.spec.js:146:22)",
                    "diff": null
                  },
                  "uuid": "779de6a8-e6d2-4f30-9a33-027b4a06c5f2",
                  "parentUUID": "1ee72de1-d44b-4522-b69a-1b2085fc900e",
                  "isHook": false,
                  "skipped": false
                },
                {
                  "title": "Realizar uma busca vazia",
                  "fullTitle": "Busca com usuário deslogado Busca sem sucesso Realizar uma busca vazia",
                  "timedOut": null,
                  "duration": 4205,
                  "state": "failed",
                  "speed": null,
                  "pass": false,
                  "fail": true,
                  "pending": false,
                  "context": null,
                  "code": "_busca.default.BuscaVaziaDeslogado();",
                  "err": {
                    "message": "AssertionError: Timed out retrying after 4000ms: Expected to find element: `.c-navbar__area-logged > .c-navbar__item`, but never found it.",
                    "estack": "AssertionError: Timed out retrying after 4000ms: Expected to find element: `.c-navbar__area-logged > .c-navbar__item`, but never found it.\n    at BuscaVaziaDeslogado (https://stg-cd.sanoficonecta.com.br/__cypress/tests?p=cypress/integration/busca.spec.js:239:8)\n    at Context.eval (https://stg-cd.sanoficonecta.com.br/__cypress/tests?p=cypress/integration/busca.spec.js:149:22)",
                    "diff": null
                  },
                  "uuid": "8945d30c-6d7b-4bf9-ad53-082332b6a8cf",
                  "parentUUID": "1ee72de1-d44b-4522-b69a-1b2085fc900e",
                  "isHook": false,
                  "skipped": false
                }
              ],
              "suites": [],
              "passes": [],
              "failures": [
                "779de6a8-e6d2-4f30-9a33-027b4a06c5f2",
                "8945d30c-6d7b-4bf9-ad53-082332b6a8cf"
              ],
              "pending": [],
              "skipped": [],
              "duration": 8463,
              "root": false,
              "rootEmpty": false,
              "_timeout": 2000
            },
            {
              "uuid": "ba973d38-68ca-4ca2-9e37-a90d880b66d3",
              "title": "Busca com usuário logado como Médico",
              "fullFile": "",
              "file": "",
              "beforeHooks": [],
              "afterHooks": [],
              "tests": [],
              "suites": [
                {
                  "uuid": "54877e65-498e-46e6-8425-0e2e8df88351",
                  "title": "Busca com sucesso",
                  "fullFile": "",
                  "file": "",
                  "beforeHooks": [],
                  "afterHooks": [],
                  "tests": [
                    {
                      "title": "Realizar uma busca pelo nome completo do termo",
                      "fullTitle": "Busca com usuário deslogado Busca com usuário logado como Médico Busca com sucesso Realizar uma busca pelo nome completo do termo",
                      "timedOut": null,
                      "duration": 4235,
                      "state": "failed",
                      "speed": null,
                      "pass": false,
                      "fail": true,
                      "pending": false,
                      "context": null,
                      "code": "_busca.default.BuscaDeslogadoHeaderComResultado();",
                      "err": {
                        "message": "AssertionError: Timed out retrying after 4000ms: Expected to find element: `.menu-profile__status`, but never found it.\n\nBecause this error occurred during a `before each` hook we are skipping the remaining tests in the current suite: `Busca com usuário logado co...`",
                        "estack": "AssertionError: Timed out retrying after 4000ms: Expected to find element: `.menu-profile__status`, but never found it.\n\nBecause this error occurred during a `before each` hook we are skipping the remaining tests in the current suite: `Busca com usuário logado co...`\n    at Login.loginMedicoComRegistro (https://stg-cd.sanoficonecta.com.br/__cypress/tests?p=cypress/integration/busca.spec.js:421:8)\n    at Context.eval (https://stg-cd.sanoficonecta.com.br/__cypress/tests?p=cypress/integration/busca.spec.js:154:22)",
                        "diff": null
                      },
                      "uuid": "df886785-535b-4c71-90f8-bdb0493b6797",
                      "parentUUID": "54877e65-498e-46e6-8425-0e2e8df88351",
                      "isHook": false,
                      "skipped": false
                    }
                  ],
                  "suites": [],
                  "passes": [],
                  "failures": [
                    "df886785-535b-4c71-90f8-bdb0493b6797"
                  ],
                  "pending": [],
                  "skipped": [],
                  "duration": 4235,
                  "root": false,
                  "rootEmpty": false,
                  "_timeout": 2000
                },
                {
                  "uuid": "27c6f09e-8b61-4917-b18b-a64798dffee6",
                  "title": "Busca sem sucesso",
                  "fullFile": "",
                  "file": "",
                  "beforeHooks": [],
                  "afterHooks": [],
                  "tests": [
                    {
                      "title": "Realizar uma busca por termo inexistente",
                      "fullTitle": "Busca com usuário deslogado Busca com usuário logado como Médico Busca sem sucesso Realizar uma busca por termo inexistente",
                      "timedOut": null,
                      "duration": 0,
                      "state": "skipped",
                      "speed": null,
                      "pass": false,
                      "fail": false,
                      "pending": false,
                      "context": null,
                      "code": "_busca.default.BuscaDeslogadoHeaderSemResultado();",
                      "err": {},
                      "uuid": "a765817a-20f3-478c-a08e-36ab5c2e04c1",
                      "parentUUID": null,
                      "isHook": false,
                      "skipped": true
                    }
                  ],
                  "suites": [],
                  "passes": [],
                  "failures": [],
                  "pending": [],
                  "skipped": [
                    "a765817a-20f3-478c-a08e-36ab5c2e04c1"
                  ],
                  "duration": 0,
                  "root": false,
                  "rootEmpty": false,
                  "_timeout": 2000
                }
              ],
              "passes": [],
              "failures": [],
              "pending": [],
              "skipped": [],
              "duration": 0,
              "root": false,
              "rootEmpty": false,
              "_timeout": 2000
            }
          ],
          "passes": [],
          "failures": [],
          "pending": [],
          "skipped": [],
          "duration": 0,
          "root": false,
          "rootEmpty": false,
          "_timeout": 2000
        }
      ],
      "passes": [],
      "failures": [],
      "pending": [],
      "skipped": [],
      "duration": 0,
      "root": true,
      "rootEmpty": true,
      "_timeout": 2000
    }
  ],
  "meta": {
    "mocha": {
      "version": "7.0.1"
    },
    "mochawesome": {
      "options": {
        "quiet": true,
        "reportFilename": "mochawesome",
        "saveHtml": false,
        "saveJson": true,
        "consoleReporter": "spec",
        "useInlineDiffs": false,
        "code": true
      },
      "version": "6.3.1"
    },
    "marge": {
      "options": {
        "id": "default",
        "reportDir": "mochawesome-report",
        "quiet": true,
        "overwrite": false,
        "html": false,
        "json": true
      },
      "version": "5.2.0"
    }
  }
}