{
  "stats": {
    "suites": 1,
    "tests": 10,
    "passes": 0,
    "pending": 0,
    "failures": 10,
    "start": "2023-09-05T08:24:56.626Z",
    "end": "2023-09-05T08:27:48.978Z",
    "duration": 172352,
    "testsRegistered": 10,
    "passPercent": 0,
    "pendingPercent": 0,
    "other": 0,
    "hasOther": false,
    "skipped": 0,
    "hasSkipped": false
  },
  "results": [
    {
      "uuid": "15a647b8-3c09-4970-be6d-6ccca0efa1cd",
      "title": "",
      "fullFile": "cypress/integration/meu-perfil.spec.js",
      "file": "cypress/integration/meu-perfil.spec.js",
      "beforeHooks": [],
      "afterHooks": [],
      "tests": [],
      "suites": [
        {
          "uuid": "5b719500-1620-45e1-a6a2-8f4e84b8bb12",
          "title": "Meu Perfil",
          "fullFile": "",
          "file": "",
          "beforeHooks": [],
          "afterHooks": [],
          "tests": [
            {
              "title": "Alterar senha",
              "fullTitle": "Meu Perfil Alterar senha",
              "timedOut": null,
              "duration": 29859,
              "state": "failed",
              "speed": null,
              "pass": false,
              "fail": true,
              "pending": false,
              "context": null,
              "code": "_login.default.loginMedico();\n_meuPerfil.default.AcessarMinhaConta();\ncy.get('.c-my-profile__section-form-buttons > .c-my-profile__button').click();\ncy.get('.modal-change-password__form > :nth-child(1) > .form-element > :nth-child(1) > .input-wrapper > .input-wrapper__text-input').type('123456');\ncy.get('.modal-change-password__form > :nth-child(2) > .form-element > :nth-child(1) > .input-wrapper > .input-wrapper__text-input').type('123456');\ncy.get('.modal-change-password__form-buttons > button').click({\n  force: true\n});\ncy.get('.grid-lg-11 > .c-text').should('have.text', 'Dados alterados com sucesso');",
              "err": {
                "message": "CypressError: Timed out retrying after 4050ms: `cy.click()` failed because this element:\n\n`<button class=\"header__profile header__profile--icon\" data-content=\"D\">...</button>`\n\nis being covered by another element:\n\n`<div class=\"c-base-modal-content c-base-modal-content__shadow\">...</div>`\n\nFix this problem, or use {force: true} to disable error checking.\n\nhttps://on.cypress.io/element-cannot-be-interacted-with",
                "estack": "CypressError: Timed out retrying after 4050ms: `cy.click()` failed because this element:\n\n`<button class=\"header__profile header__profile--icon\" data-content=\"D\">...</button>`\n\nis being covered by another element:\n\n`<div class=\"c-base-modal-content c-base-modal-content__shadow\">...</div>`\n\nFix this problem, or use {force: true} to disable error checking.\n\nhttps://on.cypress.io/element-cannot-be-interacted-with\n    at $Cy.ensureDescendents (https://stg-cd.sanoficonecta.com.br/__cypress/runner/cypress_runner.js:144188:26)\n    at ensureDescendents (https://stg-cd.sanoficonecta.com.br/__cypress/runner/cypress_runner.js:132368:8)\n    at ensureDescendentsAndScroll (https://stg-cd.sanoficonecta.com.br/__cypress/runner/cypress_runner.js:132375:14)\n    at ensureElIsNotCovered (https://stg-cd.sanoficonecta.com.br/__cypress/runner/cypress_runner.js:132509:5)\n    at runAllChecks (https://stg-cd.sanoficonecta.com.br/__cypress/runner/cypress_runner.js:132696:52)\n    at retryActionability (https://stg-cd.sanoficonecta.com.br/__cypress/runner/cypress_runner.js:132719:16)\n    at tryCatcher (https://stg-cd.sanoficonecta.com.br/__cypress/runner/cypress_runner.js:10798:23)\n    at Function.Promise.attempt.Promise.try (https://stg-cd.sanoficonecta.com.br/__cypress/runner/cypress_runner.js:8072:29)\n    at tryFn (https://stg-cd.sanoficonecta.com.br/__cypress/runner/cypress_runner.js:148863:21)\n    at whenStable (https://stg-cd.sanoficonecta.com.br/__cypress/runner/cypress_runner.js:148901:12)\n    at https://stg-cd.sanoficonecta.com.br/__cypress/runner/cypress_runner.js:148393:16\n    at tryCatcher (https://stg-cd.sanoficonecta.com.br/__cypress/runner/cypress_runner.js:10798:23)\n    at Promise._settlePromiseFromHandler (https://stg-cd.sanoficonecta.com.br/__cypress/runner/cypress_runner.js:8733:31)\n    at Promise._settlePromise (https://stg-cd.sanoficonecta.com.br/__cypress/runner/cypress_runner.js:8790:18)\n    at Promise._settlePromise0 (https://stg-cd.sanoficonecta.com.br/__cypress/runner/cypress_runner.js:8835:10)\n    at Promise._settlePromises (https://stg-cd.sanoficonecta.com.br/__cypress/runner/cypress_runner.js:8915:18)\nFrom Your Spec Code:\n    at MeuPerfil.AcessarMinhaConta (https://stg-cd.sanoficonecta.com.br/__cypress/tests?p=cypress/integration/meu-perfil.spec.js:667:27)\n    at Context.eval (https://stg-cd.sanoficonecta.com.br/__cypress/tests?p=cypress/integration/meu-perfil.spec.js:133:24)",
                "diff": null
              },
              "uuid": "10de86ff-7e49-4814-8dd6-2c8b98bf6783",
              "parentUUID": "5b719500-1620-45e1-a6a2-8f4e84b8bb12",
              "isHook": false,
              "skipped": false
            },
            {
              "title": "Tentar alterar senha, utilizando uma senha com menos de seis caracteres",
              "fullTitle": "Meu Perfil Tentar alterar senha, utilizando uma senha com menos de seis caracteres",
              "timedOut": null,
              "duration": 15288,
              "state": "failed",
              "speed": null,
              "pass": false,
              "fail": true,
              "pending": false,
              "context": null,
              "code": "_login.default.loginMedico();\n_meuPerfil.default.AcessarMinhaConta();\ncy.get('.c-my-profile__section-form-buttons > .c-my-profile__button').click();\ncy.get('.modal-change-password__form > :nth-child(1) > .form-element > :nth-child(1) > .input-wrapper > .input-wrapper__text-input').type('123');\ncy.contains('Senha inválida').should('have.text', 'Senha inválida');",
              "err": {
                "message": "CypressError: Timed out retrying after 4050ms: `cy.click()` failed because this element:\n\n`<button class=\"header__profile header__profile--icon\" data-content=\"D\">...</button>`\n\nis being covered by another element:\n\n`<div class=\"c-base-modal-content c-base-modal-content__shadow\">...</div>`\n\nFix this problem, or use {force: true} to disable error checking.\n\nhttps://on.cypress.io/element-cannot-be-interacted-with",
                "estack": "CypressError: Timed out retrying after 4050ms: `cy.click()` failed because this element:\n\n`<button class=\"header__profile header__profile--icon\" data-content=\"D\">...</button>`\n\nis being covered by another element:\n\n`<div class=\"c-base-modal-content c-base-modal-content__shadow\">...</div>`\n\nFix this problem, or use {force: true} to disable error checking.\n\nhttps://on.cypress.io/element-cannot-be-interacted-with\n    at $Cy.ensureDescendents (https://stg-cd.sanoficonecta.com.br/__cypress/runner/cypress_runner.js:144188:26)\n    at ensureDescendents (https://stg-cd.sanoficonecta.com.br/__cypress/runner/cypress_runner.js:132368:8)\n    at ensureDescendentsAndScroll (https://stg-cd.sanoficonecta.com.br/__cypress/runner/cypress_runner.js:132375:14)\n    at ensureElIsNotCovered (https://stg-cd.sanoficonecta.com.br/__cypress/runner/cypress_runner.js:132509:5)\n    at runAllChecks (https://stg-cd.sanoficonecta.com.br/__cypress/runner/cypress_runner.js:132696:52)\n    at retryActionability (https://stg-cd.sanoficonecta.com.br/__cypress/runner/cypress_runner.js:132719:16)\n    at tryCatcher (https://stg-cd.sanoficonecta.com.br/__cypress/runner/cypress_runner.js:10798:23)\n    at Function.Promise.attempt.Promise.try (https://stg-cd.sanoficonecta.com.br/__cypress/runner/cypress_runner.js:8072:29)\n    at tryFn (https://stg-cd.sanoficonecta.com.br/__cypress/runner/cypress_runner.js:148863:21)\n    at whenStable (https://stg-cd.sanoficonecta.com.br/__cypress/runner/cypress_runner.js:148901:12)\n    at https://stg-cd.sanoficonecta.com.br/__cypress/runner/cypress_runner.js:148393:16\n    at tryCatcher (https://stg-cd.sanoficonecta.com.br/__cypress/runner/cypress_runner.js:10798:23)\n    at Promise._settlePromiseFromHandler (https://stg-cd.sanoficonecta.com.br/__cypress/runner/cypress_runner.js:8733:31)\n    at Promise._settlePromise (https://stg-cd.sanoficonecta.com.br/__cypress/runner/cypress_runner.js:8790:18)\n    at Promise._settlePromise0 (https://stg-cd.sanoficonecta.com.br/__cypress/runner/cypress_runner.js:8835:10)\n    at Promise._settlePromises (https://stg-cd.sanoficonecta.com.br/__cypress/runner/cypress_runner.js:8915:18)\nFrom Your Spec Code:\n    at MeuPerfil.AcessarMinhaConta (https://stg-cd.sanoficonecta.com.br/__cypress/tests?p=cypress/integration/meu-perfil.spec.js:667:27)\n    at Context.eval (https://stg-cd.sanoficonecta.com.br/__cypress/tests?p=cypress/integration/meu-perfil.spec.js:146:24)",
                "diff": null
              },
              "uuid": "235c68db-1263-4853-abbc-50c657462efb",
              "parentUUID": "5b719500-1620-45e1-a6a2-8f4e84b8bb12",
              "isHook": false,
              "skipped": false
            },
            {
              "title": "Tentar alterar senha, utilizando a senha de confirmação diferente",
              "fullTitle": "Meu Perfil Tentar alterar senha, utilizando a senha de confirmação diferente",
              "timedOut": null,
              "duration": 14670,
              "state": "failed",
              "speed": null,
              "pass": false,
              "fail": true,
              "pending": false,
              "context": null,
              "code": "_login.default.loginMedico();\n_meuPerfil.default.AcessarMinhaConta();\ncy.get('.c-my-profile__section-form-buttons > .c-my-profile__button').click();\ncy.get('.modal-change-password__form > :nth-child(1) > .form-element > :nth-child(1) > .input-wrapper > .input-wrapper__text-input').type('Teste@123');\ncy.get('.modal-change-password__form > :nth-child(2) > .form-element > :nth-child(1) > .input-wrapper > .input-wrapper__text-input').type('Teste@999');\ncy.get('.modal-change-password__form-buttons > button').click({\n  force: true\n});\ncy.contains('Os Passwords digitados estão diferentes.').should('have.text', 'Os Passwords digitados estão diferentes.');",
              "err": {
                "message": "CypressError: Timed out retrying after 4050ms: `cy.click()` failed because this element:\n\n`<button class=\"header__profile header__profile--icon\" data-content=\"D\">...</button>`\n\nis being covered by another element:\n\n`<div class=\"c-base-modal-content c-base-modal-content__shadow\">...</div>`\n\nFix this problem, or use {force: true} to disable error checking.\n\nhttps://on.cypress.io/element-cannot-be-interacted-with",
                "estack": "CypressError: Timed out retrying after 4050ms: `cy.click()` failed because this element:\n\n`<button class=\"header__profile header__profile--icon\" data-content=\"D\">...</button>`\n\nis being covered by another element:\n\n`<div class=\"c-base-modal-content c-base-modal-content__shadow\">...</div>`\n\nFix this problem, or use {force: true} to disable error checking.\n\nhttps://on.cypress.io/element-cannot-be-interacted-with\n    at $Cy.ensureDescendents (https://stg-cd.sanoficonecta.com.br/__cypress/runner/cypress_runner.js:144188:26)\n    at ensureDescendents (https://stg-cd.sanoficonecta.com.br/__cypress/runner/cypress_runner.js:132368:8)\n    at ensureDescendentsAndScroll (https://stg-cd.sanoficonecta.com.br/__cypress/runner/cypress_runner.js:132375:14)\n    at ensureElIsNotCovered (https://stg-cd.sanoficonecta.com.br/__cypress/runner/cypress_runner.js:132509:5)\n    at runAllChecks (https://stg-cd.sanoficonecta.com.br/__cypress/runner/cypress_runner.js:132696:52)\n    at retryActionability (https://stg-cd.sanoficonecta.com.br/__cypress/runner/cypress_runner.js:132719:16)\n    at tryCatcher (https://stg-cd.sanoficonecta.com.br/__cypress/runner/cypress_runner.js:10798:23)\n    at Function.Promise.attempt.Promise.try (https://stg-cd.sanoficonecta.com.br/__cypress/runner/cypress_runner.js:8072:29)\n    at tryFn (https://stg-cd.sanoficonecta.com.br/__cypress/runner/cypress_runner.js:148863:21)\n    at whenStable (https://stg-cd.sanoficonecta.com.br/__cypress/runner/cypress_runner.js:148901:12)\n    at https://stg-cd.sanoficonecta.com.br/__cypress/runner/cypress_runner.js:148393:16\n    at tryCatcher (https://stg-cd.sanoficonecta.com.br/__cypress/runner/cypress_runner.js:10798:23)\n    at Promise._settlePromiseFromHandler (https://stg-cd.sanoficonecta.com.br/__cypress/runner/cypress_runner.js:8733:31)\n    at Promise._settlePromise (https://stg-cd.sanoficonecta.com.br/__cypress/runner/cypress_runner.js:8790:18)\n    at Promise._settlePromise0 (https://stg-cd.sanoficonecta.com.br/__cypress/runner/cypress_runner.js:8835:10)\n    at Promise._settlePromises (https://stg-cd.sanoficonecta.com.br/__cypress/runner/cypress_runner.js:8915:18)\nFrom Your Spec Code:\n    at MeuPerfil.AcessarMinhaConta (https://stg-cd.sanoficonecta.com.br/__cypress/tests?p=cypress/integration/meu-perfil.spec.js:667:27)\n    at Context.eval (https://stg-cd.sanoficonecta.com.br/__cypress/tests?p=cypress/integration/meu-perfil.spec.js:155:24)",
                "diff": null
              },
              "uuid": "ff730af1-d3b2-411b-a214-d16c26519d5b",
              "parentUUID": "5b719500-1620-45e1-a6a2-8f4e84b8bb12",
              "isHook": false,
              "skipped": false
            },
            {
              "title": "Alterar numero do celular",
              "fullTitle": "Meu Perfil Alterar numero do celular",
              "timedOut": null,
              "duration": 15022,
              "state": "failed",
              "speed": null,
              "pass": false,
              "fail": true,
              "pending": false,
              "context": null,
              "code": "_login.default.loginMedico();\n_meuPerfil.default.AcessarMinhaConta();\ncy.get(':nth-child(3) > .form-element > :nth-child(1) > .input-wrapper > .input-wrapper__text-input').clear().type('51987165588{enter}');\ncy.get(':nth-child(2) > #profile').click(); // Falta validacão, pois não temos um feedback ao salvar a alteração.",
              "err": {
                "message": "CypressError: Timed out retrying after 4050ms: `cy.click()` failed because this element:\n\n`<button class=\"header__profile header__profile--icon\" data-content=\"D\">...</button>`\n\nis being covered by another element:\n\n`<div class=\"c-base-modal-content c-base-modal-content__shadow\">...</div>`\n\nFix this problem, or use {force: true} to disable error checking.\n\nhttps://on.cypress.io/element-cannot-be-interacted-with",
                "estack": "CypressError: Timed out retrying after 4050ms: `cy.click()` failed because this element:\n\n`<button class=\"header__profile header__profile--icon\" data-content=\"D\">...</button>`\n\nis being covered by another element:\n\n`<div class=\"c-base-modal-content c-base-modal-content__shadow\">...</div>`\n\nFix this problem, or use {force: true} to disable error checking.\n\nhttps://on.cypress.io/element-cannot-be-interacted-with\n    at $Cy.ensureDescendents (https://stg-cd.sanoficonecta.com.br/__cypress/runner/cypress_runner.js:144188:26)\n    at ensureDescendents (https://stg-cd.sanoficonecta.com.br/__cypress/runner/cypress_runner.js:132368:8)\n    at ensureDescendentsAndScroll (https://stg-cd.sanoficonecta.com.br/__cypress/runner/cypress_runner.js:132375:14)\n    at ensureElIsNotCovered (https://stg-cd.sanoficonecta.com.br/__cypress/runner/cypress_runner.js:132509:5)\n    at runAllChecks (https://stg-cd.sanoficonecta.com.br/__cypress/runner/cypress_runner.js:132696:52)\n    at retryActionability (https://stg-cd.sanoficonecta.com.br/__cypress/runner/cypress_runner.js:132719:16)\n    at tryCatcher (https://stg-cd.sanoficonecta.com.br/__cypress/runner/cypress_runner.js:10798:23)\n    at Function.Promise.attempt.Promise.try (https://stg-cd.sanoficonecta.com.br/__cypress/runner/cypress_runner.js:8072:29)\n    at tryFn (https://stg-cd.sanoficonecta.com.br/__cypress/runner/cypress_runner.js:148863:21)\n    at whenStable (https://stg-cd.sanoficonecta.com.br/__cypress/runner/cypress_runner.js:148901:12)\n    at https://stg-cd.sanoficonecta.com.br/__cypress/runner/cypress_runner.js:148393:16\n    at tryCatcher (https://stg-cd.sanoficonecta.com.br/__cypress/runner/cypress_runner.js:10798:23)\n    at Promise._settlePromiseFromHandler (https://stg-cd.sanoficonecta.com.br/__cypress/runner/cypress_runner.js:8733:31)\n    at Promise._settlePromise (https://stg-cd.sanoficonecta.com.br/__cypress/runner/cypress_runner.js:8790:18)\n    at Promise._settlePromise0 (https://stg-cd.sanoficonecta.com.br/__cypress/runner/cypress_runner.js:8835:10)\n    at Promise._settlePromises (https://stg-cd.sanoficonecta.com.br/__cypress/runner/cypress_runner.js:8915:18)\nFrom Your Spec Code:\n    at MeuPerfil.AcessarMinhaConta (https://stg-cd.sanoficonecta.com.br/__cypress/tests?p=cypress/integration/meu-perfil.spec.js:667:27)\n    at Context.eval (https://stg-cd.sanoficonecta.com.br/__cypress/tests?p=cypress/integration/meu-perfil.spec.js:168:24)",
                "diff": null
              },
              "uuid": "588f2e6a-ca31-41db-b32b-a2cc9daed5c8",
              "parentUUID": "5b719500-1620-45e1-a6a2-8f4e84b8bb12",
              "isHook": false,
              "skipped": false
            },
            {
              "title": "Alterar numero do celular utilizando um numero inválido",
              "fullTitle": "Meu Perfil Alterar numero do celular utilizando um numero inválido",
              "timedOut": null,
              "duration": 15228,
              "state": "failed",
              "speed": null,
              "pass": false,
              "fail": true,
              "pending": false,
              "context": null,
              "code": "_login.default.loginMedico();\n_meuPerfil.default.AcessarMinhaConta();\ncy.get(':nth-child(3) > .form-element > :nth-child(1) > .input-wrapper > .input-wrapper__text-input').clear().type('00111111111{enter}');\ncy.get(':nth-child(3) > .form-element > .form-element__error-message').should('have.text', 'Celular inválido');",
              "err": {
                "message": "CypressError: Timed out retrying after 4050ms: `cy.click()` failed because this element:\n\n`<button class=\"header__profile header__profile--icon\" data-content=\"D\">...</button>`\n\nis being covered by another element:\n\n`<div class=\"c-base-modal-content c-base-modal-content__shadow\">...</div>`\n\nFix this problem, or use {force: true} to disable error checking.\n\nhttps://on.cypress.io/element-cannot-be-interacted-with",
                "estack": "CypressError: Timed out retrying after 4050ms: `cy.click()` failed because this element:\n\n`<button class=\"header__profile header__profile--icon\" data-content=\"D\">...</button>`\n\nis being covered by another element:\n\n`<div class=\"c-base-modal-content c-base-modal-content__shadow\">...</div>`\n\nFix this problem, or use {force: true} to disable error checking.\n\nhttps://on.cypress.io/element-cannot-be-interacted-with\n    at $Cy.ensureDescendents (https://stg-cd.sanoficonecta.com.br/__cypress/runner/cypress_runner.js:144188:26)\n    at ensureDescendents (https://stg-cd.sanoficonecta.com.br/__cypress/runner/cypress_runner.js:132368:8)\n    at ensureDescendentsAndScroll (https://stg-cd.sanoficonecta.com.br/__cypress/runner/cypress_runner.js:132375:14)\n    at ensureElIsNotCovered (https://stg-cd.sanoficonecta.com.br/__cypress/runner/cypress_runner.js:132509:5)\n    at runAllChecks (https://stg-cd.sanoficonecta.com.br/__cypress/runner/cypress_runner.js:132696:52)\n    at retryActionability (https://stg-cd.sanoficonecta.com.br/__cypress/runner/cypress_runner.js:132719:16)\n    at tryCatcher (https://stg-cd.sanoficonecta.com.br/__cypress/runner/cypress_runner.js:10798:23)\n    at Function.Promise.attempt.Promise.try (https://stg-cd.sanoficonecta.com.br/__cypress/runner/cypress_runner.js:8072:29)\n    at tryFn (https://stg-cd.sanoficonecta.com.br/__cypress/runner/cypress_runner.js:148863:21)\n    at whenStable (https://stg-cd.sanoficonecta.com.br/__cypress/runner/cypress_runner.js:148901:12)\n    at https://stg-cd.sanoficonecta.com.br/__cypress/runner/cypress_runner.js:148393:16\n    at tryCatcher (https://stg-cd.sanoficonecta.com.br/__cypress/runner/cypress_runner.js:10798:23)\n    at Promise._settlePromiseFromHandler (https://stg-cd.sanoficonecta.com.br/__cypress/runner/cypress_runner.js:8733:31)\n    at Promise._settlePromise (https://stg-cd.sanoficonecta.com.br/__cypress/runner/cypress_runner.js:8790:18)\n    at Promise._settlePromise0 (https://stg-cd.sanoficonecta.com.br/__cypress/runner/cypress_runner.js:8835:10)\n    at Promise._settlePromises (https://stg-cd.sanoficonecta.com.br/__cypress/runner/cypress_runner.js:8915:18)\nFrom Your Spec Code:\n    at MeuPerfil.AcessarMinhaConta (https://stg-cd.sanoficonecta.com.br/__cypress/tests?p=cypress/integration/meu-perfil.spec.js:667:27)\n    at Context.eval (https://stg-cd.sanoficonecta.com.br/__cypress/tests?p=cypress/integration/meu-perfil.spec.js:176:24)",
                "diff": null
              },
              "uuid": "d98a2834-d874-49bc-a073-9ff6bf130504",
              "parentUUID": "5b719500-1620-45e1-a6a2-8f4e84b8bb12",
              "isHook": false,
              "skipped": false
            },
            {
              "title": "Alterar email",
              "fullTitle": "Meu Perfil Alterar email",
              "timedOut": null,
              "duration": 16158,
              "state": "failed",
              "speed": null,
              "pass": false,
              "fail": true,
              "pending": false,
              "context": null,
              "code": "_login.default.loginMedico();\n_meuPerfil.default.AcessarMinhaConta();\ncy.get(':nth-child(4) > .form-element > :nth-child(1) > .input-wrapper > .input-wrapper__text-input').clear().type('medico04@teste.com.br{enter}');",
              "err": {
                "message": "CypressError: Timed out retrying after 4050ms: `cy.click()` failed because this element:\n\n`<button class=\"header__profile header__profile--icon\" data-content=\"D\">...</button>`\n\nis being covered by another element:\n\n`<div class=\"c-base-modal-content c-base-modal-content__shadow\">...</div>`\n\nFix this problem, or use {force: true} to disable error checking.\n\nhttps://on.cypress.io/element-cannot-be-interacted-with",
                "estack": "CypressError: Timed out retrying after 4050ms: `cy.click()` failed because this element:\n\n`<button class=\"header__profile header__profile--icon\" data-content=\"D\">...</button>`\n\nis being covered by another element:\n\n`<div class=\"c-base-modal-content c-base-modal-content__shadow\">...</div>`\n\nFix this problem, or use {force: true} to disable error checking.\n\nhttps://on.cypress.io/element-cannot-be-interacted-with\n    at $Cy.ensureDescendents (https://stg-cd.sanoficonecta.com.br/__cypress/runner/cypress_runner.js:144188:26)\n    at ensureDescendents (https://stg-cd.sanoficonecta.com.br/__cypress/runner/cypress_runner.js:132368:8)\n    at ensureDescendentsAndScroll (https://stg-cd.sanoficonecta.com.br/__cypress/runner/cypress_runner.js:132375:14)\n    at ensureElIsNotCovered (https://stg-cd.sanoficonecta.com.br/__cypress/runner/cypress_runner.js:132509:5)\n    at runAllChecks (https://stg-cd.sanoficonecta.com.br/__cypress/runner/cypress_runner.js:132696:52)\n    at retryActionability (https://stg-cd.sanoficonecta.com.br/__cypress/runner/cypress_runner.js:132719:16)\n    at tryCatcher (https://stg-cd.sanoficonecta.com.br/__cypress/runner/cypress_runner.js:10798:23)\n    at Function.Promise.attempt.Promise.try (https://stg-cd.sanoficonecta.com.br/__cypress/runner/cypress_runner.js:8072:29)\n    at tryFn (https://stg-cd.sanoficonecta.com.br/__cypress/runner/cypress_runner.js:148863:21)\n    at whenStable (https://stg-cd.sanoficonecta.com.br/__cypress/runner/cypress_runner.js:148901:12)\n    at https://stg-cd.sanoficonecta.com.br/__cypress/runner/cypress_runner.js:148393:16\n    at tryCatcher (https://stg-cd.sanoficonecta.com.br/__cypress/runner/cypress_runner.js:10798:23)\n    at Promise._settlePromiseFromHandler (https://stg-cd.sanoficonecta.com.br/__cypress/runner/cypress_runner.js:8733:31)\n    at Promise._settlePromise (https://stg-cd.sanoficonecta.com.br/__cypress/runner/cypress_runner.js:8790:18)\n    at Promise._settlePromise0 (https://stg-cd.sanoficonecta.com.br/__cypress/runner/cypress_runner.js:8835:10)\n    at Promise._settlePromises (https://stg-cd.sanoficonecta.com.br/__cypress/runner/cypress_runner.js:8915:18)\nFrom Your Spec Code:\n    at MeuPerfil.AcessarMinhaConta (https://stg-cd.sanoficonecta.com.br/__cypress/tests?p=cypress/integration/meu-perfil.spec.js:667:27)\n    at Context.eval (https://stg-cd.sanoficonecta.com.br/__cypress/tests?p=cypress/integration/meu-perfil.spec.js:184:24)",
                "diff": null
              },
              "uuid": "ed38ea9a-7956-4ef2-bfa9-998d34fd4064",
              "parentUUID": "5b719500-1620-45e1-a6a2-8f4e84b8bb12",
              "isHook": false,
              "skipped": false
            },
            {
              "title": "Alterar email utilizando email inválido",
              "fullTitle": "Meu Perfil Alterar email utilizando email inválido",
              "timedOut": null,
              "duration": 15720,
              "state": "failed",
              "speed": null,
              "pass": false,
              "fail": true,
              "pending": false,
              "context": null,
              "code": "_login.default.loginMedico();\n_meuPerfil.default.AcessarMinhaConta();\ncy.get(':nth-child(4) > .form-element > :nth-child(1) > .input-wrapper > .input-wrapper__text-input').clear().type('testemedico{enter}');\ncy.get(':nth-child(2) > #profile').click();\ncy.get(':nth-child(4) > .form-element > .form-element__error-message').should('have.text', 'E-mail inválido');",
              "err": {
                "message": "CypressError: Timed out retrying after 4050ms: `cy.click()` failed because this element:\n\n`<button class=\"header__profile header__profile--icon\" data-content=\"D\">...</button>`\n\nis being covered by another element:\n\n`<div class=\"c-base-modal-content c-base-modal-content__shadow\">...</div>`\n\nFix this problem, or use {force: true} to disable error checking.\n\nhttps://on.cypress.io/element-cannot-be-interacted-with",
                "estack": "CypressError: Timed out retrying after 4050ms: `cy.click()` failed because this element:\n\n`<button class=\"header__profile header__profile--icon\" data-content=\"D\">...</button>`\n\nis being covered by another element:\n\n`<div class=\"c-base-modal-content c-base-modal-content__shadow\">...</div>`\n\nFix this problem, or use {force: true} to disable error checking.\n\nhttps://on.cypress.io/element-cannot-be-interacted-with\n    at $Cy.ensureDescendents (https://stg-cd.sanoficonecta.com.br/__cypress/runner/cypress_runner.js:144188:26)\n    at ensureDescendents (https://stg-cd.sanoficonecta.com.br/__cypress/runner/cypress_runner.js:132368:8)\n    at ensureDescendentsAndScroll (https://stg-cd.sanoficonecta.com.br/__cypress/runner/cypress_runner.js:132375:14)\n    at ensureElIsNotCovered (https://stg-cd.sanoficonecta.com.br/__cypress/runner/cypress_runner.js:132509:5)\n    at runAllChecks (https://stg-cd.sanoficonecta.com.br/__cypress/runner/cypress_runner.js:132696:52)\n    at retryActionability (https://stg-cd.sanoficonecta.com.br/__cypress/runner/cypress_runner.js:132719:16)\n    at tryCatcher (https://stg-cd.sanoficonecta.com.br/__cypress/runner/cypress_runner.js:10798:23)\n    at Function.Promise.attempt.Promise.try (https://stg-cd.sanoficonecta.com.br/__cypress/runner/cypress_runner.js:8072:29)\n    at tryFn (https://stg-cd.sanoficonecta.com.br/__cypress/runner/cypress_runner.js:148863:21)\n    at whenStable (https://stg-cd.sanoficonecta.com.br/__cypress/runner/cypress_runner.js:148901:12)\n    at https://stg-cd.sanoficonecta.com.br/__cypress/runner/cypress_runner.js:148393:16\n    at tryCatcher (https://stg-cd.sanoficonecta.com.br/__cypress/runner/cypress_runner.js:10798:23)\n    at Promise._settlePromiseFromHandler (https://stg-cd.sanoficonecta.com.br/__cypress/runner/cypress_runner.js:8733:31)\n    at Promise._settlePromise (https://stg-cd.sanoficonecta.com.br/__cypress/runner/cypress_runner.js:8790:18)\n    at Promise._settlePromise0 (https://stg-cd.sanoficonecta.com.br/__cypress/runner/cypress_runner.js:8835:10)\n    at Promise._settlePromises (https://stg-cd.sanoficonecta.com.br/__cypress/runner/cypress_runner.js:8915:18)\nFrom Your Spec Code:\n    at MeuPerfil.AcessarMinhaConta (https://stg-cd.sanoficonecta.com.br/__cypress/tests?p=cypress/integration/meu-perfil.spec.js:667:27)\n    at Context.eval (https://stg-cd.sanoficonecta.com.br/__cypress/tests?p=cypress/integration/meu-perfil.spec.js:191:24)",
                "diff": null
              },
              "uuid": "a1cd5aec-f533-4bf7-a177-448bc311aeb3",
              "parentUUID": "5b719500-1620-45e1-a6a2-8f4e84b8bb12",
              "isHook": false,
              "skipped": false
            },
            {
              "title": "Tentar alterar email ja existente",
              "fullTitle": "Meu Perfil Tentar alterar email ja existente",
              "timedOut": null,
              "duration": 16356,
              "state": "failed",
              "speed": null,
              "pass": false,
              "fail": true,
              "pending": false,
              "context": null,
              "code": "_login.default.loginMedico();\n_meuPerfil.default.AcessarMinhaConta();\ncy.get(':nth-child(4) > .form-element > :nth-child(1) > .input-wrapper > .input-wrapper__text-input').clear().type('testemedico@grr.la{enter}');\ncy.wait(2000);\ncy.get('.c-my-profile__save-container--btn').click(); // Falta validacão, pois não temos um feedback ao salvar a alteração.\ncy.get('.header__profile').click();\ncy.get('.menu-drawer__signout > span').click();",
              "err": {
                "message": "CypressError: Timed out retrying after 4050ms: `cy.click()` failed because this element:\n\n`<button class=\"header__profile header__profile--icon\" data-content=\"D\">...</button>`\n\nis being covered by another element:\n\n`<div class=\"c-base-modal-content c-base-modal-content__shadow\">...</div>`\n\nFix this problem, or use {force: true} to disable error checking.\n\nhttps://on.cypress.io/element-cannot-be-interacted-with",
                "estack": "CypressError: Timed out retrying after 4050ms: `cy.click()` failed because this element:\n\n`<button class=\"header__profile header__profile--icon\" data-content=\"D\">...</button>`\n\nis being covered by another element:\n\n`<div class=\"c-base-modal-content c-base-modal-content__shadow\">...</div>`\n\nFix this problem, or use {force: true} to disable error checking.\n\nhttps://on.cypress.io/element-cannot-be-interacted-with\n    at $Cy.ensureDescendents (https://stg-cd.sanoficonecta.com.br/__cypress/runner/cypress_runner.js:144188:26)\n    at ensureDescendents (https://stg-cd.sanoficonecta.com.br/__cypress/runner/cypress_runner.js:132368:8)\n    at ensureDescendentsAndScroll (https://stg-cd.sanoficonecta.com.br/__cypress/runner/cypress_runner.js:132375:14)\n    at ensureElIsNotCovered (https://stg-cd.sanoficonecta.com.br/__cypress/runner/cypress_runner.js:132509:5)\n    at runAllChecks (https://stg-cd.sanoficonecta.com.br/__cypress/runner/cypress_runner.js:132696:52)\n    at retryActionability (https://stg-cd.sanoficonecta.com.br/__cypress/runner/cypress_runner.js:132719:16)\n    at tryCatcher (https://stg-cd.sanoficonecta.com.br/__cypress/runner/cypress_runner.js:10798:23)\n    at Function.Promise.attempt.Promise.try (https://stg-cd.sanoficonecta.com.br/__cypress/runner/cypress_runner.js:8072:29)\n    at tryFn (https://stg-cd.sanoficonecta.com.br/__cypress/runner/cypress_runner.js:148863:21)\n    at whenStable (https://stg-cd.sanoficonecta.com.br/__cypress/runner/cypress_runner.js:148901:12)\n    at https://stg-cd.sanoficonecta.com.br/__cypress/runner/cypress_runner.js:148393:16\n    at tryCatcher (https://stg-cd.sanoficonecta.com.br/__cypress/runner/cypress_runner.js:10798:23)\n    at Promise._settlePromiseFromHandler (https://stg-cd.sanoficonecta.com.br/__cypress/runner/cypress_runner.js:8733:31)\n    at Promise._settlePromise (https://stg-cd.sanoficonecta.com.br/__cypress/runner/cypress_runner.js:8790:18)\n    at Promise._settlePromise0 (https://stg-cd.sanoficonecta.com.br/__cypress/runner/cypress_runner.js:8835:10)\n    at Promise._settlePromises (https://stg-cd.sanoficonecta.com.br/__cypress/runner/cypress_runner.js:8915:18)\nFrom Your Spec Code:\n    at MeuPerfil.AcessarMinhaConta (https://stg-cd.sanoficonecta.com.br/__cypress/tests?p=cypress/integration/meu-perfil.spec.js:667:27)\n    at Context.eval (https://stg-cd.sanoficonecta.com.br/__cypress/tests?p=cypress/integration/meu-perfil.spec.js:200:24)",
                "diff": null
              },
              "uuid": "d8f29dda-2920-473b-8b47-fc5a6182b5e9",
              "parentUUID": "5b719500-1620-45e1-a6a2-8f4e84b8bb12",
              "isHook": false,
              "skipped": false
            },
            {
              "title": "Adicionar Interesse e Especialidade para usuário perfil de médico",
              "fullTitle": "Meu Perfil Adicionar Interesse e Especialidade para usuário perfil de médico",
              "timedOut": null,
              "duration": 16471,
              "state": "failed",
              "speed": null,
              "pass": false,
              "fail": true,
              "pending": false,
              "context": null,
              "code": "_login.default.loginMedico();\n_meuPerfil.default.AcessarMinhaConta();\ncy.get(':nth-child(3) > #profile > .grid-md-10 > .c-accordion-item__title-text > .c-my-profile__section-error').click();\ncy.get('#expertiseprimary').select('Endoscopia');\ncy.get('#expertisesecondary').select('Geriatria');\ncy.get(':nth-child(9) > .c-select-list__option').click();\ncy.get('.c-my-profile__save-container--btn').click();\ncy.get('.grid-lg-11 > .c-text').should('have.text', 'Dados alterados com sucesso');\ncy.wait(2000);\ncy.get(':nth-child(9) > .c-select-list__option').click();\ncy.get('.grid-lg-11 > .c-text').should('have.text', 'Dados alterados com sucesso');",
              "err": {
                "message": "CypressError: Timed out retrying after 4050ms: `cy.click()` failed because this element:\n\n`<button class=\"header__profile header__profile--icon\" data-content=\"D\">...</button>`\n\nis being covered by another element:\n\n`<div class=\"c-base-modal-content c-base-modal-content__shadow\">...</div>`\n\nFix this problem, or use {force: true} to disable error checking.\n\nhttps://on.cypress.io/element-cannot-be-interacted-with",
                "estack": "CypressError: Timed out retrying after 4050ms: `cy.click()` failed because this element:\n\n`<button class=\"header__profile header__profile--icon\" data-content=\"D\">...</button>`\n\nis being covered by another element:\n\n`<div class=\"c-base-modal-content c-base-modal-content__shadow\">...</div>`\n\nFix this problem, or use {force: true} to disable error checking.\n\nhttps://on.cypress.io/element-cannot-be-interacted-with\n    at $Cy.ensureDescendents (https://stg-cd.sanoficonecta.com.br/__cypress/runner/cypress_runner.js:144188:26)\n    at ensureDescendents (https://stg-cd.sanoficonecta.com.br/__cypress/runner/cypress_runner.js:132368:8)\n    at ensureDescendentsAndScroll (https://stg-cd.sanoficonecta.com.br/__cypress/runner/cypress_runner.js:132375:14)\n    at ensureElIsNotCovered (https://stg-cd.sanoficonecta.com.br/__cypress/runner/cypress_runner.js:132509:5)\n    at runAllChecks (https://stg-cd.sanoficonecta.com.br/__cypress/runner/cypress_runner.js:132696:52)\n    at retryActionability (https://stg-cd.sanoficonecta.com.br/__cypress/runner/cypress_runner.js:132719:16)\n    at tryCatcher (https://stg-cd.sanoficonecta.com.br/__cypress/runner/cypress_runner.js:10798:23)\n    at Function.Promise.attempt.Promise.try (https://stg-cd.sanoficonecta.com.br/__cypress/runner/cypress_runner.js:8072:29)\n    at tryFn (https://stg-cd.sanoficonecta.com.br/__cypress/runner/cypress_runner.js:148863:21)\n    at whenStable (https://stg-cd.sanoficonecta.com.br/__cypress/runner/cypress_runner.js:148901:12)\n    at https://stg-cd.sanoficonecta.com.br/__cypress/runner/cypress_runner.js:148393:16\n    at tryCatcher (https://stg-cd.sanoficonecta.com.br/__cypress/runner/cypress_runner.js:10798:23)\n    at Promise._settlePromiseFromHandler (https://stg-cd.sanoficonecta.com.br/__cypress/runner/cypress_runner.js:8733:31)\n    at Promise._settlePromise (https://stg-cd.sanoficonecta.com.br/__cypress/runner/cypress_runner.js:8790:18)\n    at Promise._settlePromise0 (https://stg-cd.sanoficonecta.com.br/__cypress/runner/cypress_runner.js:8835:10)\n    at Promise._settlePromises (https://stg-cd.sanoficonecta.com.br/__cypress/runner/cypress_runner.js:8915:18)\nFrom Your Spec Code:\n    at MeuPerfil.AcessarMinhaConta (https://stg-cd.sanoficonecta.com.br/__cypress/tests?p=cypress/integration/meu-perfil.spec.js:667:27)\n    at Context.eval (https://stg-cd.sanoficonecta.com.br/__cypress/tests?p=cypress/integration/meu-perfil.spec.js:212:24)",
                "diff": null
              },
              "uuid": "7af50582-b583-4544-acb5-bdec49c813c8",
              "parentUUID": "5b719500-1620-45e1-a6a2-8f4e84b8bb12",
              "isHook": false,
              "skipped": false
            },
            {
              "title": "Alterar especialidades para usuário perfil de médico",
              "fullTitle": "Meu Perfil Alterar especialidades para usuário perfil de médico",
              "timedOut": null,
              "duration": 16956,
              "state": "failed",
              "speed": null,
              "pass": false,
              "fail": true,
              "pending": false,
              "context": null,
              "code": "_login.default.loginMedico();\n_meuPerfil.default.AcessarMinhaConta();\ncy.get(':nth-child(3) > #profile > .grid-md-10 > .c-accordion-item__title-text > .c-my-profile__section-error').click();\ncy.get('#expertiseprimary').select('Angiologia');\ncy.get('#expertisesecondary').select('Cirurgia geral');\ncy.get('.c-my-profile__save-container--btn').click();\ncy.get('.grid-lg-11 > .c-text').should('have.text', 'Dados alterados com sucesso');\ncy.get('#expertiseprimary').select('Cardiologia');\ncy.get('#expertisesecondary').select('Neurologia');\ncy.get('.c-my-profile__save-container--btn').click();\ncy.get('.grid-lg-11 > .c-text').should('have.text', 'Dados alterados com sucesso');",
              "err": {
                "message": "CypressError: Timed out retrying after 4050ms: `cy.click()` failed because this element:\n\n`<button class=\"header__profile header__profile--icon\" data-content=\"D\">...</button>`\n\nis being covered by another element:\n\n`<div class=\"c-base-modal-content c-base-modal-content__shadow\">...</div>`\n\nFix this problem, or use {force: true} to disable error checking.\n\nhttps://on.cypress.io/element-cannot-be-interacted-with",
                "estack": "CypressError: Timed out retrying after 4050ms: `cy.click()` failed because this element:\n\n`<button class=\"header__profile header__profile--icon\" data-content=\"D\">...</button>`\n\nis being covered by another element:\n\n`<div class=\"c-base-modal-content c-base-modal-content__shadow\">...</div>`\n\nFix this problem, or use {force: true} to disable error checking.\n\nhttps://on.cypress.io/element-cannot-be-interacted-with\n    at $Cy.ensureDescendents (https://stg-cd.sanoficonecta.com.br/__cypress/runner/cypress_runner.js:144188:26)\n    at ensureDescendents (https://stg-cd.sanoficonecta.com.br/__cypress/runner/cypress_runner.js:132368:8)\n    at ensureDescendentsAndScroll (https://stg-cd.sanoficonecta.com.br/__cypress/runner/cypress_runner.js:132375:14)\n    at ensureElIsNotCovered (https://stg-cd.sanoficonecta.com.br/__cypress/runner/cypress_runner.js:132509:5)\n    at runAllChecks (https://stg-cd.sanoficonecta.com.br/__cypress/runner/cypress_runner.js:132696:52)\n    at retryActionability (https://stg-cd.sanoficonecta.com.br/__cypress/runner/cypress_runner.js:132719:16)\n    at tryCatcher (https://stg-cd.sanoficonecta.com.br/__cypress/runner/cypress_runner.js:10798:23)\n    at Function.Promise.attempt.Promise.try (https://stg-cd.sanoficonecta.com.br/__cypress/runner/cypress_runner.js:8072:29)\n    at tryFn (https://stg-cd.sanoficonecta.com.br/__cypress/runner/cypress_runner.js:148863:21)\n    at whenStable (https://stg-cd.sanoficonecta.com.br/__cypress/runner/cypress_runner.js:148901:12)\n    at https://stg-cd.sanoficonecta.com.br/__cypress/runner/cypress_runner.js:148393:16\n    at tryCatcher (https://stg-cd.sanoficonecta.com.br/__cypress/runner/cypress_runner.js:10798:23)\n    at Promise._settlePromiseFromHandler (https://stg-cd.sanoficonecta.com.br/__cypress/runner/cypress_runner.js:8733:31)\n    at Promise._settlePromise (https://stg-cd.sanoficonecta.com.br/__cypress/runner/cypress_runner.js:8790:18)\n    at Promise._settlePromise0 (https://stg-cd.sanoficonecta.com.br/__cypress/runner/cypress_runner.js:8835:10)\n    at Promise._settlePromises (https://stg-cd.sanoficonecta.com.br/__cypress/runner/cypress_runner.js:8915:18)\nFrom Your Spec Code:\n    at MeuPerfil.AcessarMinhaConta (https://stg-cd.sanoficonecta.com.br/__cypress/tests?p=cypress/integration/meu-perfil.spec.js:667:27)\n    at Context.eval (https://stg-cd.sanoficonecta.com.br/__cypress/tests?p=cypress/integration/meu-perfil.spec.js:227:24)",
                "diff": null
              },
              "uuid": "2950ef75-fd74-4aee-a09e-d422916461f1",
              "parentUUID": "5b719500-1620-45e1-a6a2-8f4e84b8bb12",
              "isHook": false,
              "skipped": false
            }
          ],
          "suites": [],
          "passes": [],
          "failures": [
            "10de86ff-7e49-4814-8dd6-2c8b98bf6783",
            "235c68db-1263-4853-abbc-50c657462efb",
            "ff730af1-d3b2-411b-a214-d16c26519d5b",
            "588f2e6a-ca31-41db-b32b-a2cc9daed5c8",
            "d98a2834-d874-49bc-a073-9ff6bf130504",
            "ed38ea9a-7956-4ef2-bfa9-998d34fd4064",
            "a1cd5aec-f533-4bf7-a177-448bc311aeb3",
            "d8f29dda-2920-473b-8b47-fc5a6182b5e9",
            "7af50582-b583-4544-acb5-bdec49c813c8",
            "2950ef75-fd74-4aee-a09e-d422916461f1"
          ],
          "pending": [],
          "skipped": [],
          "duration": 171728,
          "root": false,
          "rootEmpty": false,
          "_timeout": 2000
        }
      ],
      "passes": [],
      "failures": [],
      "pending": [],
      "skipped": [],
      "duration": 0,
      "root": true,
      "rootEmpty": true,
      "_timeout": 2000
    }
  ],
  "meta": {
    "mocha": {
      "version": "7.0.1"
    },
    "mochawesome": {
      "options": {
        "quiet": true,
        "reportFilename": "mochawesome",
        "saveHtml": false,
        "saveJson": true,
        "consoleReporter": "spec",
        "useInlineDiffs": false,
        "code": true
      },
      "version": "6.3.1"
    },
    "marge": {
      "options": {
        "id": "default",
        "reportDir": "mochawesome-report",
        "quiet": true,
        "overwrite": false,
        "html": false,
        "json": true
      },
      "version": "5.2.0"
    }
  }
}