{
  "stats": {
    "suites": 1,
    "tests": 7,
    "passes": 7,
    "pending": 0,
    "failures": 0,
    "start": "2022-07-17T08:29:04.644Z",
    "end": "2022-07-17T08:30:22.089Z",
    "duration": 77445,
    "testsRegistered": 7,
    "passPercent": 100,
    "pendingPercent": 0,
    "other": 0,
    "hasOther": false,
    "skipped": 0,
    "hasSkipped": false
  },
  "results": [
    {
      "uuid": "1506c8e4-09aa-4bb7-b924-67a18b7e9ded",
      "title": "",
      "fullFile": "cypress/integration/recuperar-senha.js",
      "file": "cypress/integration/recuperar-senha.js",
      "beforeHooks": [],
      "afterHooks": [],
      "tests": [],
      "suites": [
        {
          "uuid": "e749339b-ad8e-4673-b339-d7a06510b426",
          "title": "Recuperar Senha",
          "fullFile": "",
          "file": "",
          "beforeHooks": [],
          "afterHooks": [],
          "tests": [
            {
              "title": "Esqueci minha senha",
              "fullTitle": "Recuperar Senha Esqueci minha senha",
              "timedOut": null,
              "duration": 16734,
              "state": "passed",
              "speed": "slow",
              "pass": true,
              "fail": false,
              "pending": false,
              "context": null,
              "code": "cy.get('.header__login > :nth-child(1)').click();\ncy.get('.menu-drawer__signin').click();\ncy.get('#forgot-pass').click();\ncy.get('#uf').select('SC');\ncy.get('#lf-registro').type('11655');\ncy.get('#sf-email-different').click({\n  force: true\n});\ncy.get('.c-base-modal-content__body > :nth-child(1) > .c-text--h2').should('have.text', 'Esqueci minha senha');",
              "err": {},
              "uuid": "8e867e30-ea35-4183-b714-f7abbb80a149",
              "parentUUID": "e749339b-ad8e-4673-b339-d7a06510b426",
              "isHook": false,
              "skipped": false
            },
            {
              "title": "Tentar recuperar senha utilizando Número do registro invalido",
              "fullTitle": "Recuperar Senha Tentar recuperar senha utilizando Número do registro invalido",
              "timedOut": null,
              "duration": 7717,
              "state": "passed",
              "speed": "slow",
              "pass": true,
              "fail": false,
              "pending": false,
              "context": null,
              "code": "cy.get('.header__login > :nth-child(1)').click();\ncy.get('.menu-drawer__signin').click();\ncy.get('#forgot-pass').click();\ncy.get('#uf').select('SC');\ncy.get('#lf-registro').type('7777');\ncy.get('#sf-email-different').click({\n  force: true\n});\ncy.get('#generic-error').should('have.text', 'Registro não localizado');",
              "err": {},
              "uuid": "3e461eb5-d407-424a-8ef4-ff1b5a493017",
              "parentUUID": "e749339b-ad8e-4673-b339-d7a06510b426",
              "isHook": false,
              "skipped": false
            },
            {
              "title": "Reenviar email de recuperação de senha",
              "fullTitle": "Recuperar Senha Reenviar email de recuperação de senha",
              "timedOut": null,
              "duration": 8581,
              "state": "passed",
              "speed": "slow",
              "pass": true,
              "fail": false,
              "pending": false,
              "context": null,
              "code": "cy.get('.header__login > :nth-child(1)').click();\ncy.get('.menu-drawer__signin').click();\ncy.get('#forgot-pass').click();\ncy.get('#uf').select('SC');\ncy.get('#lf-registro').type('11655');\ncy.get('#sf-email-different').click({\n  force: true\n});\ncy.get('.c-base-modal-content__body > :nth-child(1) > .c-text--h2').should('have.text', 'Esqueci minha senha');\ncy.get('#lf-resend-mail').click();\ncy.get('#lf-resend-mail').should('have.text', 'E-mail enviado!');",
              "err": {},
              "uuid": "ae5bd96e-76e0-4881-905b-3734cda691ca",
              "parentUUID": "e749339b-ad8e-4673-b339-d7a06510b426",
              "isHook": false,
              "skipped": false
            },
            {
              "title": "Alterar email de recuperação de senha",
              "fullTitle": "Recuperar Senha Alterar email de recuperação de senha",
              "timedOut": null,
              "duration": 14440,
              "state": "passed",
              "speed": "slow",
              "pass": true,
              "fail": false,
              "pending": false,
              "context": null,
              "code": "cy.get('.header__login > :nth-child(1)').click();\ncy.get('.menu-drawer__signin').click();\ncy.get('#forgot-pass').click();\ncy.get('#hcp-type').select('Farmacêutico (CRF)');\ncy.get('#uf').select('RS');\ncy.get('#lf-registro').type('1234');\ncy.get('#sf-email-different').click({\n  force: true\n});\ncy.get('.c-base-modal-content__body > :nth-child(1) > .c-text--h2').should('have.text', 'Esqueci minha senha');\ncy.get('.c-base-modal-content__body > :nth-child(8) > span').click({\n  force: true\n});\ncy.get('.c-text--h2 > strong').should('have.text', 'Habilitar novo Email');\ncy.get('#sf-phone').type('489977777777');\ncy.get('.c-base-modal-content__paper').click();\ncy.wait(2000);\ncy.get('#lf-email').type('medicorenovaemail@servidor.com');\ncy.get('#sf-continue-validation').click();\ncy.get('.c-base-modal-content__body > :nth-child(1) > .c-text--h2').should('have.text', 'Esqueci minha senha');",
              "err": {},
              "uuid": "7fd65988-b0ac-4ac2-98aa-b17bee8c8c09",
              "parentUUID": "e749339b-ad8e-4673-b339-d7a06510b426",
              "isHook": false,
              "skipped": false
            },
            {
              "title": "Tentar alterar email de recuperacao de senha utilizando Email invalido",
              "fullTitle": "Recuperar Senha Tentar alterar email de recuperacao de senha utilizando Email invalido",
              "timedOut": null,
              "duration": 11861,
              "state": "passed",
              "speed": "slow",
              "pass": true,
              "fail": false,
              "pending": false,
              "context": null,
              "code": "cy.get('.header__login > :nth-child(1)').click();\ncy.get('.menu-drawer__signin').click();\ncy.get('#forgot-pass').click();\ncy.get('#hcp-type').select('Farmacêutico (CRF)');\ncy.get('#uf').select('RS');\ncy.get('#lf-registro').type('1234');\ncy.get('#sf-email-different').click({\n  force: true\n});\ncy.get('.c-base-modal-content__body > :nth-child(1) > .c-text--h2').should('have.text', 'Esqueci minha senha');\ncy.get('.c-base-modal-content__body > :nth-child(8) > span').click({\n  force: true\n});\ncy.get('.c-text--h2 > strong').should('have.text', 'Habilitar novo Email');\ncy.get('#sf-phone').type('489977777777');\ncy.get('#lf-email').type('ABc123@teste');\ncy.get('#sf-continue-validation').click();\ncy.get('.c-base-modal__text-error').should('have.text', 'Email inválido');",
              "err": {},
              "uuid": "56f86bc8-0141-44db-9562-e803c01861fd",
              "parentUUID": "e749339b-ad8e-4673-b339-d7a06510b426",
              "isHook": false,
              "skipped": false
            },
            {
              "title": "Tentar alterar email de recuperacao de senha utilizando Email ja existente",
              "fullTitle": "Recuperar Senha Tentar alterar email de recuperacao de senha utilizando Email ja existente",
              "timedOut": null,
              "duration": 11167,
              "state": "passed",
              "speed": "slow",
              "pass": true,
              "fail": false,
              "pending": false,
              "context": null,
              "code": "cy.get('.header__login > :nth-child(1)').click();\ncy.get('.menu-drawer__signin').click();\ncy.get('#forgot-pass').click();\ncy.get('#hcp-type').select('Farmacêutico (CRF)');\ncy.get('#uf').select('RS');\ncy.get('#lf-registro').type('1234');\ncy.get('#sf-email-different').click({\n  force: true\n});\ncy.get('.c-base-modal-content__body > :nth-child(1) > .c-text--h2').should('have.text', 'Esqueci minha senha');\ncy.get('.c-base-modal-content__body > :nth-child(8) > span').click({\n  force: true\n});\ncy.get('.c-text--h2 > strong').should('have.text', 'Habilitar novo Email');\ncy.get('#sf-phone').type('489977777777');\ncy.get('.c-base-modal-content__paper').click();\ncy.get('#lf-email').type('maria@teste.com');\ncy.get('#sf-continue-validation').click();\ncy.get('.c-base-modal__text-error').should('have.text', 'Já existe um usuário com este e-mail');",
              "err": {},
              "uuid": "58cef289-4d71-4f6a-a396-f7c2cca72f35",
              "parentUUID": "e749339b-ad8e-4673-b339-d7a06510b426",
              "isHook": false,
              "skipped": false
            },
            {
              "title": "Verificar obrigatoriedade dos campos UF e Registro ao Recuperar senha",
              "fullTitle": "Recuperar Senha Verificar obrigatoriedade dos campos UF e Registro ao Recuperar senha",
              "timedOut": null,
              "duration": 6798,
              "state": "passed",
              "speed": "slow",
              "pass": true,
              "fail": false,
              "pending": false,
              "context": null,
              "code": "cy.get('.header__login > :nth-child(1)').click();\ncy.get('.menu-drawer__signin').click();\ncy.get('#forgot-pass').click();\ncy.get('#sf-email-different').click({\n  force: true\n});\ncy.get('#uf-error').should('have.text', 'Escolher Estado');\ncy.get('#registro-error').should('have.text', 'Favor informar seu número de registro');",
              "err": {},
              "uuid": "b90e7fa4-0ff8-43ba-9de4-ea72baeb233b",
              "parentUUID": "e749339b-ad8e-4673-b339-d7a06510b426",
              "isHook": false,
              "skipped": false
            }
          ],
          "suites": [],
          "passes": [
            "8e867e30-ea35-4183-b714-f7abbb80a149",
            "3e461eb5-d407-424a-8ef4-ff1b5a493017",
            "ae5bd96e-76e0-4881-905b-3734cda691ca",
            "7fd65988-b0ac-4ac2-98aa-b17bee8c8c09",
            "56f86bc8-0141-44db-9562-e803c01861fd",
            "58cef289-4d71-4f6a-a396-f7c2cca72f35",
            "b90e7fa4-0ff8-43ba-9de4-ea72baeb233b"
          ],
          "failures": [],
          "pending": [],
          "skipped": [],
          "duration": 77298,
          "root": false,
          "rootEmpty": false,
          "_timeout": 2000
        }
      ],
      "passes": [],
      "failures": [],
      "pending": [],
      "skipped": [],
      "duration": 0,
      "root": true,
      "rootEmpty": true,
      "_timeout": 2000
    }
  ],
  "meta": {
    "mocha": {
      "version": "7.0.1"
    },
    "mochawesome": {
      "options": {
        "quiet": true,
        "reportFilename": "mochawesome",
        "saveHtml": false,
        "saveJson": true,
        "consoleReporter": "spec",
        "useInlineDiffs": false,
        "code": true
      },
      "version": "6.3.1"
    },
    "marge": {
      "options": {
        "id": "default",
        "reportDir": "mochawesome-report",
        "quiet": true,
        "overwrite": false,
        "html": false,
        "json": true
      },
      "version": "5.2.0"
    }
  }
}