{
  "stats": {
    "suites": 1,
    "tests": 6,
    "passes": 4,
    "pending": 0,
    "failures": 2,
    "start": "2023-03-11T08:16:43.366Z",
    "end": "2023-03-11T08:17:46.861Z",
    "duration": 63495,
    "testsRegistered": 6,
    "passPercent": 66.66666666666666,
    "pendingPercent": 0,
    "other": 0,
    "hasOther": false,
    "skipped": 0,
    "hasSkipped": false
  },
  "results": [
    {
      "uuid": "dd52d53e-9e2c-4919-b38e-35641b466b27",
      "title": "",
      "fullFile": "cypress/integration/cadastro.spec.js",
      "file": "cypress/integration/cadastro.spec.js",
      "beforeHooks": [],
      "afterHooks": [],
      "tests": [],
      "suites": [
        {
          "uuid": "6dfffb0d-b0cc-486b-bd59-db9ccb4fc55f",
          "title": "Cadastro",
          "fullFile": "",
          "file": "",
          "beforeHooks": [],
          "afterHooks": [],
          "tests": [
            {
              "title": "Tentar realizar cadastro de Médico com registro invalido",
              "fullTitle": "Cadastro Tentar realizar cadastro de Médico com registro invalido",
              "timedOut": null,
              "duration": 21263,
              "state": "failed",
              "speed": null,
              "pass": false,
              "fail": true,
              "pending": false,
              "context": null,
              "code": "_cadastro.default.cadastroMedicoComRegistroInvalido();",
              "err": {
                "message": "AssertionError: Timed out retrying after 4000ms: Expected to find element: `#registro-error`, but never found it.",
                "estack": "AssertionError: Timed out retrying after 4000ms: Expected to find element: `#registro-error`, but never found it.\n    at Cadastro.cadastroMedicoComRegistroInvalido (https://stg-cd.sanoficonecta.com.br/__cypress/tests?p=cypress/integration/cadastro.spec.js:2372:30)\n    at Context.eval (https://stg-cd.sanoficonecta.com.br/__cypress/tests?p=cypress/integration/cadastro.spec.js:2235:23)",
                "diff": null
              },
              "uuid": "64c713db-696f-4347-9dd9-13d0e9cb3c16",
              "parentUUID": "6dfffb0d-b0cc-486b-bd59-db9ccb4fc55f",
              "isHook": false,
              "skipped": false
            },
            {
              "title": "Tentar realizar cadastro de Médico sem aceitar os termos",
              "fullTitle": "Cadastro Tentar realizar cadastro de Médico sem aceitar os termos",
              "timedOut": null,
              "duration": 6065,
              "state": "passed",
              "speed": "slow",
              "pass": true,
              "fail": false,
              "pending": false,
              "context": null,
              "code": "_cadastro.default.cadastroMedicoSemAceitarTermos();",
              "err": {},
              "uuid": "df68acd6-bc93-4d7e-99df-82dd5c5e2815",
              "parentUUID": "6dfffb0d-b0cc-486b-bd59-db9ccb4fc55f",
              "isHook": false,
              "skipped": false
            },
            {
              "title": "Tentar realizar cadastro de Médico com registro já cadastrado",
              "fullTitle": "Cadastro Tentar realizar cadastro de Médico com registro já cadastrado",
              "timedOut": null,
              "duration": 7334,
              "state": "passed",
              "speed": "slow",
              "pass": true,
              "fail": false,
              "pending": false,
              "context": null,
              "code": "_cadastro.default.cadastroMedicoComRegistroJaCadastrado();",
              "err": {},
              "uuid": "032fd502-a3fd-4174-8d15-2ed325ded7ea",
              "parentUUID": "6dfffb0d-b0cc-486b-bd59-db9ccb4fc55f",
              "isHook": false,
              "skipped": false
            },
            {
              "title": "Tentar realizar cadastro de Médico com email já cadastrado",
              "fullTitle": "Cadastro Tentar realizar cadastro de Médico com email já cadastrado",
              "timedOut": null,
              "duration": 10366,
              "state": "failed",
              "speed": null,
              "pass": false,
              "fail": true,
              "pending": false,
              "context": null,
              "code": "_cadastro.default.cadastroMedicoComEmailJaCadastrado();",
              "err": {
                "message": "AssertionError: Timed out retrying after 4000ms: Expected to find element: `.c-text--h3 > strong`, but never found it.",
                "estack": "AssertionError: Timed out retrying after 4000ms: Expected to find element: `.c-text--h3 > strong`, but never found it.\n    at Cadastro.cadastroMedicoComEmailJaCadastrado (https://stg-cd.sanoficonecta.com.br/__cypress/tests?p=cypress/integration/cadastro.spec.js:2413:34)\n    at Context.eval (https://stg-cd.sanoficonecta.com.br/__cypress/tests?p=cypress/integration/cadastro.spec.js:2244:23)",
                "diff": null
              },
              "uuid": "5958ad0b-0dc9-4a36-8d08-3f8a73b84f83",
              "parentUUID": "6dfffb0d-b0cc-486b-bd59-db9ccb4fc55f",
              "isHook": false,
              "skipped": false
            },
            {
              "title": "Tentar realizar cadastro de Médico sem informar os dados obrigatórios",
              "fullTitle": "Cadastro Tentar realizar cadastro de Médico sem informar os dados obrigatórios",
              "timedOut": null,
              "duration": 5387,
              "state": "passed",
              "speed": "slow",
              "pass": true,
              "fail": false,
              "pending": false,
              "context": null,
              "code": "_cadastro.default.cadastroMedicoSemInformarDadosObrigatorios();",
              "err": {},
              "uuid": "6c3431bf-583c-4d4a-8824-18f97facc53a",
              "parentUUID": "6dfffb0d-b0cc-486b-bd59-db9ccb4fc55f",
              "isHook": false,
              "skipped": false
            },
            {
              "title": "Realizar cadastro de Nutricionista com sucesso",
              "fullTitle": "Cadastro Realizar cadastro de Nutricionista com sucesso",
              "timedOut": null,
              "duration": 12941,
              "state": "passed",
              "speed": "slow",
              "pass": true,
              "fail": false,
              "pending": false,
              "context": null,
              "code": "_cadastro.default.cadastroNutricionista();",
              "err": {},
              "uuid": "3a547b6c-dc78-4426-8dc6-7a6d898bb10e",
              "parentUUID": "6dfffb0d-b0cc-486b-bd59-db9ccb4fc55f",
              "isHook": false,
              "skipped": false
            }
          ],
          "suites": [],
          "passes": [
            "df68acd6-bc93-4d7e-99df-82dd5c5e2815",
            "032fd502-a3fd-4174-8d15-2ed325ded7ea",
            "6c3431bf-583c-4d4a-8824-18f97facc53a",
            "3a547b6c-dc78-4426-8dc6-7a6d898bb10e"
          ],
          "failures": [
            "64c713db-696f-4347-9dd9-13d0e9cb3c16",
            "5958ad0b-0dc9-4a36-8d08-3f8a73b84f83"
          ],
          "pending": [],
          "skipped": [],
          "duration": 63356,
          "root": false,
          "rootEmpty": false,
          "_timeout": 2000
        }
      ],
      "passes": [],
      "failures": [],
      "pending": [],
      "skipped": [],
      "duration": 0,
      "root": true,
      "rootEmpty": true,
      "_timeout": 2000
    }
  ],
  "meta": {
    "mocha": {
      "version": "7.0.1"
    },
    "mochawesome": {
      "options": {
        "quiet": true,
        "reportFilename": "mochawesome",
        "saveHtml": false,
        "saveJson": true,
        "consoleReporter": "spec",
        "useInlineDiffs": false,
        "code": true
      },
      "version": "6.3.1"
    },
    "marge": {
      "options": {
        "id": "default",
        "reportDir": "mochawesome-report",
        "quiet": true,
        "overwrite": false,
        "html": false,
        "json": true
      },
      "version": "5.2.0"
    }
  }
}