{
  "stats": {
    "suites": 3,
    "tests": 12,
    "passes": 2,
    "pending": 0,
    "failures": 10,
    "start": "2023-06-19T08:20:48.091Z",
    "end": "2023-06-19T08:23:50.989Z",
    "duration": 182898,
    "testsRegistered": 12,
    "passPercent": 16.666666666666664,
    "pendingPercent": 0,
    "other": 0,
    "hasOther": false,
    "skipped": 0,
    "hasSkipped": false
  },
  "results": [
    {
      "uuid": "d101ec77-5d79-4231-bb17-3fd58bce25f0",
      "title": "",
      "fullFile": "cypress/integration/login.spec.js",
      "file": "cypress/integration/login.spec.js",
      "beforeHooks": [],
      "afterHooks": [],
      "tests": [],
      "suites": [
        {
          "uuid": "935f29dc-42fc-4e07-88fb-4fb1a1e836a9",
          "title": "Login",
          "fullFile": "",
          "file": "",
          "beforeHooks": [],
          "afterHooks": [],
          "tests": [],
          "suites": [
            {
              "uuid": "c2ff2cae-aa5e-4f30-b989-daf3a99b1a88",
              "title": "Login com sucesso",
              "fullFile": "",
              "file": "",
              "beforeHooks": [],
              "afterHooks": [],
              "tests": [
                {
                  "title": "Realizar login de Médico com número de registro",
                  "fullTitle": "Login Login com sucesso Realizar login de Médico com número de registro",
                  "timedOut": null,
                  "duration": 25691,
                  "state": "failed",
                  "speed": null,
                  "pass": false,
                  "fail": true,
                  "pending": false,
                  "context": null,
                  "code": "_login.default.loginMedicoComRegistro();",
                  "err": {
                    "message": "CypressError: Timed out retrying after 4050ms: `cy.click()` failed because this element:\n\n`<button class=\"header__profile header__profile--icon\" data-content=\"D\">...</button>`\n\nis being covered by another element:\n\n`<div class=\"c-base-modal-content c-base-modal-content__shadow\">...</div>`\n\nFix this problem, or use {force: true} to disable error checking.\n\nhttps://on.cypress.io/element-cannot-be-interacted-with",
                    "estack": "CypressError: Timed out retrying after 4050ms: `cy.click()` failed because this element:\n\n`<button class=\"header__profile header__profile--icon\" data-content=\"D\">...</button>`\n\nis being covered by another element:\n\n`<div class=\"c-base-modal-content c-base-modal-content__shadow\">...</div>`\n\nFix this problem, or use {force: true} to disable error checking.\n\nhttps://on.cypress.io/element-cannot-be-interacted-with\n    at $Cy.ensureDescendents (https://stg-cd.sanoficonecta.com.br/__cypress/runner/cypress_runner.js:144188:26)\n    at ensureDescendents (https://stg-cd.sanoficonecta.com.br/__cypress/runner/cypress_runner.js:132368:8)\n    at ensureDescendentsAndScroll (https://stg-cd.sanoficonecta.com.br/__cypress/runner/cypress_runner.js:132375:14)\n    at ensureElIsNotCovered (https://stg-cd.sanoficonecta.com.br/__cypress/runner/cypress_runner.js:132509:5)\n    at runAllChecks (https://stg-cd.sanoficonecta.com.br/__cypress/runner/cypress_runner.js:132696:52)\n    at retryActionability (https://stg-cd.sanoficonecta.com.br/__cypress/runner/cypress_runner.js:132719:16)\n    at tryCatcher (https://stg-cd.sanoficonecta.com.br/__cypress/runner/cypress_runner.js:10798:23)\n    at Function.Promise.attempt.Promise.try (https://stg-cd.sanoficonecta.com.br/__cypress/runner/cypress_runner.js:8072:29)\n    at tryFn (https://stg-cd.sanoficonecta.com.br/__cypress/runner/cypress_runner.js:148863:21)\n    at whenStable (https://stg-cd.sanoficonecta.com.br/__cypress/runner/cypress_runner.js:148901:12)\n    at https://stg-cd.sanoficonecta.com.br/__cypress/runner/cypress_runner.js:148393:16\n    at tryCatcher (https://stg-cd.sanoficonecta.com.br/__cypress/runner/cypress_runner.js:10798:23)\n    at Promise._settlePromiseFromHandler (https://stg-cd.sanoficonecta.com.br/__cypress/runner/cypress_runner.js:8733:31)\n    at Promise._settlePromise (https://stg-cd.sanoficonecta.com.br/__cypress/runner/cypress_runner.js:8790:18)\n    at Promise._settlePromise0 (https://stg-cd.sanoficonecta.com.br/__cypress/runner/cypress_runner.js:8835:10)\n    at Promise._settlePromises (https://stg-cd.sanoficonecta.com.br/__cypress/runner/cypress_runner.js:8915:18)\nFrom Your Spec Code:\n    at Login.loginMedicoComRegistro (https://stg-cd.sanoficonecta.com.br/__cypress/tests?p=cypress/integration/login.spec.js:338:32)\n    at Context.eval (https://stg-cd.sanoficonecta.com.br/__cypress/tests?p=cypress/integration/login.spec.js:130:22)",
                    "diff": null
                  },
                  "uuid": "c0b70b61-946f-4d67-87b2-66570e4f990d",
                  "parentUUID": "c2ff2cae-aa5e-4f30-b989-daf3a99b1a88",
                  "isHook": false,
                  "skipped": false
                },
                {
                  "title": "Realizar login de Farmacêutico com número de registro",
                  "fullTitle": "Login Login com sucesso Realizar login de Farmacêutico com número de registro",
                  "timedOut": null,
                  "duration": 13188,
                  "state": "failed",
                  "speed": null,
                  "pass": false,
                  "fail": true,
                  "pending": false,
                  "context": null,
                  "code": "_login.default.loginFarmaceuticoComRegistro();",
                  "err": {
                    "message": "CypressError: Timed out retrying after 4050ms: `cy.click()` failed because this element:\n\n`<button class=\"header__profile header__profile--icon\" data-content=\"F\">...</button>`\n\nis being covered by another element:\n\n`<div class=\"c-base-modal-content c-base-modal-content__shadow\">...</div>`\n\nFix this problem, or use {force: true} to disable error checking.\n\nhttps://on.cypress.io/element-cannot-be-interacted-with",
                    "estack": "CypressError: Timed out retrying after 4050ms: `cy.click()` failed because this element:\n\n`<button class=\"header__profile header__profile--icon\" data-content=\"F\">...</button>`\n\nis being covered by another element:\n\n`<div class=\"c-base-modal-content c-base-modal-content__shadow\">...</div>`\n\nFix this problem, or use {force: true} to disable error checking.\n\nhttps://on.cypress.io/element-cannot-be-interacted-with\n    at $Cy.ensureDescendents (https://stg-cd.sanoficonecta.com.br/__cypress/runner/cypress_runner.js:144188:26)\n    at ensureDescendents (https://stg-cd.sanoficonecta.com.br/__cypress/runner/cypress_runner.js:132368:8)\n    at ensureDescendentsAndScroll (https://stg-cd.sanoficonecta.com.br/__cypress/runner/cypress_runner.js:132375:14)\n    at ensureElIsNotCovered (https://stg-cd.sanoficonecta.com.br/__cypress/runner/cypress_runner.js:132509:5)\n    at runAllChecks (https://stg-cd.sanoficonecta.com.br/__cypress/runner/cypress_runner.js:132696:52)\n    at retryActionability (https://stg-cd.sanoficonecta.com.br/__cypress/runner/cypress_runner.js:132719:16)\n    at tryCatcher (https://stg-cd.sanoficonecta.com.br/__cypress/runner/cypress_runner.js:10798:23)\n    at Function.Promise.attempt.Promise.try (https://stg-cd.sanoficonecta.com.br/__cypress/runner/cypress_runner.js:8072:29)\n    at tryFn (https://stg-cd.sanoficonecta.com.br/__cypress/runner/cypress_runner.js:148863:21)\n    at whenStable (https://stg-cd.sanoficonecta.com.br/__cypress/runner/cypress_runner.js:148901:12)\n    at https://stg-cd.sanoficonecta.com.br/__cypress/runner/cypress_runner.js:148393:16\n    at tryCatcher (https://stg-cd.sanoficonecta.com.br/__cypress/runner/cypress_runner.js:10798:23)\n    at Promise._settlePromiseFromHandler (https://stg-cd.sanoficonecta.com.br/__cypress/runner/cypress_runner.js:8733:31)\n    at Promise._settlePromise (https://stg-cd.sanoficonecta.com.br/__cypress/runner/cypress_runner.js:8790:18)\n    at Promise._settlePromise0 (https://stg-cd.sanoficonecta.com.br/__cypress/runner/cypress_runner.js:8835:10)\n    at Promise._settlePromises (https://stg-cd.sanoficonecta.com.br/__cypress/runner/cypress_runner.js:8915:18)\nFrom Your Spec Code:\n    at Login.loginFarmaceuticoComRegistro (https://stg-cd.sanoficonecta.com.br/__cypress/tests?p=cypress/integration/login.spec.js:356:32)\n    at Context.eval (https://stg-cd.sanoficonecta.com.br/__cypress/tests?p=cypress/integration/login.spec.js:133:22)",
                    "diff": null
                  },
                  "uuid": "3942466b-c6d7-4691-b152-0c7f4b084d75",
                  "parentUUID": "c2ff2cae-aa5e-4f30-b989-daf3a99b1a88",
                  "isHook": false,
                  "skipped": false
                },
                {
                  "title": "Realizar login de Enfermeiro com número de registro",
                  "fullTitle": "Login Login com sucesso Realizar login de Enfermeiro com número de registro",
                  "timedOut": null,
                  "duration": 13832,
                  "state": "failed",
                  "speed": null,
                  "pass": false,
                  "fail": true,
                  "pending": false,
                  "context": null,
                  "code": "_login.default.loginEnfermeiroComRegistro();",
                  "err": {
                    "message": "CypressError: Timed out retrying after 4050ms: `cy.click()` failed because this element:\n\n`<button class=\"header__profile header__profile--icon\" data-content=\"E\">...</button>`\n\nis being covered by another element:\n\n`<div class=\"c-base-modal-content c-base-modal-content__shadow\">...</div>`\n\nFix this problem, or use {force: true} to disable error checking.\n\nhttps://on.cypress.io/element-cannot-be-interacted-with",
                    "estack": "CypressError: Timed out retrying after 4050ms: `cy.click()` failed because this element:\n\n`<button class=\"header__profile header__profile--icon\" data-content=\"E\">...</button>`\n\nis being covered by another element:\n\n`<div class=\"c-base-modal-content c-base-modal-content__shadow\">...</div>`\n\nFix this problem, or use {force: true} to disable error checking.\n\nhttps://on.cypress.io/element-cannot-be-interacted-with\n    at $Cy.ensureDescendents (https://stg-cd.sanoficonecta.com.br/__cypress/runner/cypress_runner.js:144188:26)\n    at ensureDescendents (https://stg-cd.sanoficonecta.com.br/__cypress/runner/cypress_runner.js:132368:8)\n    at ensureDescendentsAndScroll (https://stg-cd.sanoficonecta.com.br/__cypress/runner/cypress_runner.js:132375:14)\n    at ensureElIsNotCovered (https://stg-cd.sanoficonecta.com.br/__cypress/runner/cypress_runner.js:132509:5)\n    at runAllChecks (https://stg-cd.sanoficonecta.com.br/__cypress/runner/cypress_runner.js:132696:52)\n    at retryActionability (https://stg-cd.sanoficonecta.com.br/__cypress/runner/cypress_runner.js:132719:16)\n    at tryCatcher (https://stg-cd.sanoficonecta.com.br/__cypress/runner/cypress_runner.js:10798:23)\n    at Function.Promise.attempt.Promise.try (https://stg-cd.sanoficonecta.com.br/__cypress/runner/cypress_runner.js:8072:29)\n    at tryFn (https://stg-cd.sanoficonecta.com.br/__cypress/runner/cypress_runner.js:148863:21)\n    at whenStable (https://stg-cd.sanoficonecta.com.br/__cypress/runner/cypress_runner.js:148901:12)\n    at https://stg-cd.sanoficonecta.com.br/__cypress/runner/cypress_runner.js:148393:16\n    at tryCatcher (https://stg-cd.sanoficonecta.com.br/__cypress/runner/cypress_runner.js:10798:23)\n    at Promise._settlePromiseFromHandler (https://stg-cd.sanoficonecta.com.br/__cypress/runner/cypress_runner.js:8733:31)\n    at Promise._settlePromise (https://stg-cd.sanoficonecta.com.br/__cypress/runner/cypress_runner.js:8790:18)\n    at Promise._settlePromise0 (https://stg-cd.sanoficonecta.com.br/__cypress/runner/cypress_runner.js:8835:10)\n    at Promise._settlePromises (https://stg-cd.sanoficonecta.com.br/__cypress/runner/cypress_runner.js:8915:18)\nFrom Your Spec Code:\n    at Login.loginEnfermeiroComRegistro (https://stg-cd.sanoficonecta.com.br/__cypress/tests?p=cypress/integration/login.spec.js:374:32)\n    at Context.eval (https://stg-cd.sanoficonecta.com.br/__cypress/tests?p=cypress/integration/login.spec.js:136:22)",
                    "diff": null
                  },
                  "uuid": "486db70d-a26e-4f6c-8579-45ebe9306b28",
                  "parentUUID": "c2ff2cae-aa5e-4f30-b989-daf3a99b1a88",
                  "isHook": false,
                  "skipped": false
                },
                {
                  "title": "Realizar login de Nutricionista com número de registro",
                  "fullTitle": "Login Login com sucesso Realizar login de Nutricionista com número de registro",
                  "timedOut": null,
                  "duration": 13607,
                  "state": "failed",
                  "speed": null,
                  "pass": false,
                  "fail": true,
                  "pending": false,
                  "context": null,
                  "code": "_login.default.loginNutricionistaComRegistro();",
                  "err": {
                    "message": "CypressError: Timed out retrying after 4050ms: `cy.click()` failed because this element:\n\n`<button class=\"header__profile header__profile--icon\" data-content=\"N\">...</button>`\n\nis being covered by another element:\n\n`<div class=\"c-base-modal-content c-base-modal-content__shadow\">...</div>`\n\nFix this problem, or use {force: true} to disable error checking.\n\nhttps://on.cypress.io/element-cannot-be-interacted-with",
                    "estack": "CypressError: Timed out retrying after 4050ms: `cy.click()` failed because this element:\n\n`<button class=\"header__profile header__profile--icon\" data-content=\"N\">...</button>`\n\nis being covered by another element:\n\n`<div class=\"c-base-modal-content c-base-modal-content__shadow\">...</div>`\n\nFix this problem, or use {force: true} to disable error checking.\n\nhttps://on.cypress.io/element-cannot-be-interacted-with\n    at $Cy.ensureDescendents (https://stg-cd.sanoficonecta.com.br/__cypress/runner/cypress_runner.js:144188:26)\n    at ensureDescendents (https://stg-cd.sanoficonecta.com.br/__cypress/runner/cypress_runner.js:132368:8)\n    at ensureDescendentsAndScroll (https://stg-cd.sanoficonecta.com.br/__cypress/runner/cypress_runner.js:132375:14)\n    at ensureElIsNotCovered (https://stg-cd.sanoficonecta.com.br/__cypress/runner/cypress_runner.js:132509:5)\n    at runAllChecks (https://stg-cd.sanoficonecta.com.br/__cypress/runner/cypress_runner.js:132696:52)\n    at retryActionability (https://stg-cd.sanoficonecta.com.br/__cypress/runner/cypress_runner.js:132719:16)\n    at tryCatcher (https://stg-cd.sanoficonecta.com.br/__cypress/runner/cypress_runner.js:10798:23)\n    at Function.Promise.attempt.Promise.try (https://stg-cd.sanoficonecta.com.br/__cypress/runner/cypress_runner.js:8072:29)\n    at tryFn (https://stg-cd.sanoficonecta.com.br/__cypress/runner/cypress_runner.js:148863:21)\n    at whenStable (https://stg-cd.sanoficonecta.com.br/__cypress/runner/cypress_runner.js:148901:12)\n    at https://stg-cd.sanoficonecta.com.br/__cypress/runner/cypress_runner.js:148393:16\n    at tryCatcher (https://stg-cd.sanoficonecta.com.br/__cypress/runner/cypress_runner.js:10798:23)\n    at Promise._settlePromiseFromHandler (https://stg-cd.sanoficonecta.com.br/__cypress/runner/cypress_runner.js:8733:31)\n    at Promise._settlePromise (https://stg-cd.sanoficonecta.com.br/__cypress/runner/cypress_runner.js:8790:18)\n    at Promise._settlePromise0 (https://stg-cd.sanoficonecta.com.br/__cypress/runner/cypress_runner.js:8835:10)\n    at Promise._settlePromises (https://stg-cd.sanoficonecta.com.br/__cypress/runner/cypress_runner.js:8915:18)\nFrom Your Spec Code:\n    at Login.loginNutricionistaComRegistro (https://stg-cd.sanoficonecta.com.br/__cypress/tests?p=cypress/integration/login.spec.js:392:32)\n    at Context.eval (https://stg-cd.sanoficonecta.com.br/__cypress/tests?p=cypress/integration/login.spec.js:139:22)",
                    "diff": null
                  },
                  "uuid": "cb4ed3f4-b7c6-45d2-89eb-1d44cd86b29c",
                  "parentUUID": "c2ff2cae-aa5e-4f30-b989-daf3a99b1a88",
                  "isHook": false,
                  "skipped": false
                },
                {
                  "title": "Realizar login de Fisioterapeuta com número de registro",
                  "fullTitle": "Login Login com sucesso Realizar login de Fisioterapeuta com número de registro",
                  "timedOut": null,
                  "duration": 13835,
                  "state": "failed",
                  "speed": null,
                  "pass": false,
                  "fail": true,
                  "pending": false,
                  "context": null,
                  "code": "_login.default.loginFisioterapeutaComRegistro();",
                  "err": {
                    "message": "CypressError: Timed out retrying after 4050ms: `cy.click()` failed because this element:\n\n`<button class=\"header__profile header__profile--icon\" data-content=\"F\">...</button>`\n\nis being covered by another element:\n\n`<div class=\"c-base-modal-content c-base-modal-content__shadow\">...</div>`\n\nFix this problem, or use {force: true} to disable error checking.\n\nhttps://on.cypress.io/element-cannot-be-interacted-with",
                    "estack": "CypressError: Timed out retrying after 4050ms: `cy.click()` failed because this element:\n\n`<button class=\"header__profile header__profile--icon\" data-content=\"F\">...</button>`\n\nis being covered by another element:\n\n`<div class=\"c-base-modal-content c-base-modal-content__shadow\">...</div>`\n\nFix this problem, or use {force: true} to disable error checking.\n\nhttps://on.cypress.io/element-cannot-be-interacted-with\n    at $Cy.ensureDescendents (https://stg-cd.sanoficonecta.com.br/__cypress/runner/cypress_runner.js:144188:26)\n    at ensureDescendents (https://stg-cd.sanoficonecta.com.br/__cypress/runner/cypress_runner.js:132368:8)\n    at ensureDescendentsAndScroll (https://stg-cd.sanoficonecta.com.br/__cypress/runner/cypress_runner.js:132375:14)\n    at ensureElIsNotCovered (https://stg-cd.sanoficonecta.com.br/__cypress/runner/cypress_runner.js:132509:5)\n    at runAllChecks (https://stg-cd.sanoficonecta.com.br/__cypress/runner/cypress_runner.js:132696:52)\n    at retryActionability (https://stg-cd.sanoficonecta.com.br/__cypress/runner/cypress_runner.js:132719:16)\n    at tryCatcher (https://stg-cd.sanoficonecta.com.br/__cypress/runner/cypress_runner.js:10798:23)\n    at Function.Promise.attempt.Promise.try (https://stg-cd.sanoficonecta.com.br/__cypress/runner/cypress_runner.js:8072:29)\n    at tryFn (https://stg-cd.sanoficonecta.com.br/__cypress/runner/cypress_runner.js:148863:21)\n    at whenStable (https://stg-cd.sanoficonecta.com.br/__cypress/runner/cypress_runner.js:148901:12)\n    at https://stg-cd.sanoficonecta.com.br/__cypress/runner/cypress_runner.js:148393:16\n    at tryCatcher (https://stg-cd.sanoficonecta.com.br/__cypress/runner/cypress_runner.js:10798:23)\n    at Promise._settlePromiseFromHandler (https://stg-cd.sanoficonecta.com.br/__cypress/runner/cypress_runner.js:8733:31)\n    at Promise._settlePromise (https://stg-cd.sanoficonecta.com.br/__cypress/runner/cypress_runner.js:8790:18)\n    at Promise._settlePromise0 (https://stg-cd.sanoficonecta.com.br/__cypress/runner/cypress_runner.js:8835:10)\n    at Promise._settlePromises (https://stg-cd.sanoficonecta.com.br/__cypress/runner/cypress_runner.js:8915:18)\nFrom Your Spec Code:\n    at Login.loginFisioterapeutaComRegistro (https://stg-cd.sanoficonecta.com.br/__cypress/tests?p=cypress/integration/login.spec.js:410:32)\n    at Context.eval (https://stg-cd.sanoficonecta.com.br/__cypress/tests?p=cypress/integration/login.spec.js:142:22)",
                    "diff": null
                  },
                  "uuid": "0745d754-1a49-43c6-8131-089bffa27af1",
                  "parentUUID": "c2ff2cae-aa5e-4f30-b989-daf3a99b1a88",
                  "isHook": false,
                  "skipped": false
                },
                {
                  "title": "Realizar login de Médico com email",
                  "fullTitle": "Login Login com sucesso Realizar login de Médico com email",
                  "timedOut": null,
                  "duration": 15059,
                  "state": "failed",
                  "speed": null,
                  "pass": false,
                  "fail": true,
                  "pending": false,
                  "context": null,
                  "code": "_login.default.loginMedicoComEmail();",
                  "err": {
                    "message": "CypressError: Timed out retrying after 4050ms: `cy.click()` failed because this element:\n\n`<button class=\"header__profile header__profile--icon\" data-content=\"D\">...</button>`\n\nis being covered by another element:\n\n`<div class=\"c-base-modal-content c-base-modal-content__shadow\">...</div>`\n\nFix this problem, or use {force: true} to disable error checking.\n\nhttps://on.cypress.io/element-cannot-be-interacted-with",
                    "estack": "CypressError: Timed out retrying after 4050ms: `cy.click()` failed because this element:\n\n`<button class=\"header__profile header__profile--icon\" data-content=\"D\">...</button>`\n\nis being covered by another element:\n\n`<div class=\"c-base-modal-content c-base-modal-content__shadow\">...</div>`\n\nFix this problem, or use {force: true} to disable error checking.\n\nhttps://on.cypress.io/element-cannot-be-interacted-with\n    at $Cy.ensureDescendents (https://stg-cd.sanoficonecta.com.br/__cypress/runner/cypress_runner.js:144188:26)\n    at ensureDescendents (https://stg-cd.sanoficonecta.com.br/__cypress/runner/cypress_runner.js:132368:8)\n    at ensureDescendentsAndScroll (https://stg-cd.sanoficonecta.com.br/__cypress/runner/cypress_runner.js:132375:14)\n    at ensureElIsNotCovered (https://stg-cd.sanoficonecta.com.br/__cypress/runner/cypress_runner.js:132509:5)\n    at runAllChecks (https://stg-cd.sanoficonecta.com.br/__cypress/runner/cypress_runner.js:132696:52)\n    at retryActionability (https://stg-cd.sanoficonecta.com.br/__cypress/runner/cypress_runner.js:132719:16)\n    at tryCatcher (https://stg-cd.sanoficonecta.com.br/__cypress/runner/cypress_runner.js:10798:23)\n    at Function.Promise.attempt.Promise.try (https://stg-cd.sanoficonecta.com.br/__cypress/runner/cypress_runner.js:8072:29)\n    at tryFn (https://stg-cd.sanoficonecta.com.br/__cypress/runner/cypress_runner.js:148863:21)\n    at whenStable (https://stg-cd.sanoficonecta.com.br/__cypress/runner/cypress_runner.js:148901:12)\n    at https://stg-cd.sanoficonecta.com.br/__cypress/runner/cypress_runner.js:148393:16\n    at tryCatcher (https://stg-cd.sanoficonecta.com.br/__cypress/runner/cypress_runner.js:10798:23)\n    at Promise._settlePromiseFromHandler (https://stg-cd.sanoficonecta.com.br/__cypress/runner/cypress_runner.js:8733:31)\n    at Promise._settlePromise (https://stg-cd.sanoficonecta.com.br/__cypress/runner/cypress_runner.js:8790:18)\n    at Promise._settlePromise0 (https://stg-cd.sanoficonecta.com.br/__cypress/runner/cypress_runner.js:8835:10)\n    at Promise._settlePromises (https://stg-cd.sanoficonecta.com.br/__cypress/runner/cypress_runner.js:8915:18)\nFrom Your Spec Code:\n    at Login.loginMedicoComEmail (https://stg-cd.sanoficonecta.com.br/__cypress/tests?p=cypress/integration/login.spec.js:430:32)\n    at Context.eval (https://stg-cd.sanoficonecta.com.br/__cypress/tests?p=cypress/integration/login.spec.js:146:22)",
                    "diff": null
                  },
                  "uuid": "1133b681-8732-4fd1-8b5f-fe861f2579dc",
                  "parentUUID": "c2ff2cae-aa5e-4f30-b989-daf3a99b1a88",
                  "isHook": false,
                  "skipped": false
                },
                {
                  "title": "Realizar login de Farmacêutico com email",
                  "fullTitle": "Login Login com sucesso Realizar login de Farmacêutico com email",
                  "timedOut": null,
                  "duration": 15474,
                  "state": "failed",
                  "speed": null,
                  "pass": false,
                  "fail": true,
                  "pending": false,
                  "context": null,
                  "code": "_login.default.loginFarmaceuticoComEmail();",
                  "err": {
                    "message": "CypressError: Timed out retrying after 4050ms: `cy.click()` failed because this element:\n\n`<button class=\"header__profile header__profile--icon\" data-content=\"F\">...</button>`\n\nis being covered by another element:\n\n`<div class=\"c-base-modal-content c-base-modal-content__shadow\">...</div>`\n\nFix this problem, or use {force: true} to disable error checking.\n\nhttps://on.cypress.io/element-cannot-be-interacted-with",
                    "estack": "CypressError: Timed out retrying after 4050ms: `cy.click()` failed because this element:\n\n`<button class=\"header__profile header__profile--icon\" data-content=\"F\">...</button>`\n\nis being covered by another element:\n\n`<div class=\"c-base-modal-content c-base-modal-content__shadow\">...</div>`\n\nFix this problem, or use {force: true} to disable error checking.\n\nhttps://on.cypress.io/element-cannot-be-interacted-with\n    at $Cy.ensureDescendents (https://stg-cd.sanoficonecta.com.br/__cypress/runner/cypress_runner.js:144188:26)\n    at ensureDescendents (https://stg-cd.sanoficonecta.com.br/__cypress/runner/cypress_runner.js:132368:8)\n    at ensureDescendentsAndScroll (https://stg-cd.sanoficonecta.com.br/__cypress/runner/cypress_runner.js:132375:14)\n    at ensureElIsNotCovered (https://stg-cd.sanoficonecta.com.br/__cypress/runner/cypress_runner.js:132509:5)\n    at runAllChecks (https://stg-cd.sanoficonecta.com.br/__cypress/runner/cypress_runner.js:132696:52)\n    at retryActionability (https://stg-cd.sanoficonecta.com.br/__cypress/runner/cypress_runner.js:132719:16)\n    at tryCatcher (https://stg-cd.sanoficonecta.com.br/__cypress/runner/cypress_runner.js:10798:23)\n    at Function.Promise.attempt.Promise.try (https://stg-cd.sanoficonecta.com.br/__cypress/runner/cypress_runner.js:8072:29)\n    at tryFn (https://stg-cd.sanoficonecta.com.br/__cypress/runner/cypress_runner.js:148863:21)\n    at whenStable (https://stg-cd.sanoficonecta.com.br/__cypress/runner/cypress_runner.js:148901:12)\n    at https://stg-cd.sanoficonecta.com.br/__cypress/runner/cypress_runner.js:148393:16\n    at tryCatcher (https://stg-cd.sanoficonecta.com.br/__cypress/runner/cypress_runner.js:10798:23)\n    at Promise._settlePromiseFromHandler (https://stg-cd.sanoficonecta.com.br/__cypress/runner/cypress_runner.js:8733:31)\n    at Promise._settlePromise (https://stg-cd.sanoficonecta.com.br/__cypress/runner/cypress_runner.js:8790:18)\n    at Promise._settlePromise0 (https://stg-cd.sanoficonecta.com.br/__cypress/runner/cypress_runner.js:8835:10)\n    at Promise._settlePromises (https://stg-cd.sanoficonecta.com.br/__cypress/runner/cypress_runner.js:8915:18)\nFrom Your Spec Code:\n    at Login.loginFarmaceuticoComEmail (https://stg-cd.sanoficonecta.com.br/__cypress/tests?p=cypress/integration/login.spec.js:450:32)\n    at Context.eval (https://stg-cd.sanoficonecta.com.br/__cypress/tests?p=cypress/integration/login.spec.js:149:22)",
                    "diff": null
                  },
                  "uuid": "0a1fbecd-352a-4aa6-870f-fef92b6e6342",
                  "parentUUID": "c2ff2cae-aa5e-4f30-b989-daf3a99b1a88",
                  "isHook": false,
                  "skipped": false
                },
                {
                  "title": "Realizar login de Enfermeiro com email",
                  "fullTitle": "Login Login com sucesso Realizar login de Enfermeiro com email",
                  "timedOut": null,
                  "duration": 17463,
                  "state": "failed",
                  "speed": null,
                  "pass": false,
                  "fail": true,
                  "pending": false,
                  "context": null,
                  "code": "_login.default.loginEnfermeiroComEmail();",
                  "err": {
                    "message": "CypressError: Timed out retrying after 4050ms: `cy.click()` failed because this element:\n\n`<button class=\"header__profile header__profile--icon\" data-content=\"E\">...</button>`\n\nis being covered by another element:\n\n`<div class=\"c-base-modal-content c-base-modal-content__shadow\">...</div>`\n\nFix this problem, or use {force: true} to disable error checking.\n\nhttps://on.cypress.io/element-cannot-be-interacted-with",
                    "estack": "CypressError: Timed out retrying after 4050ms: `cy.click()` failed because this element:\n\n`<button class=\"header__profile header__profile--icon\" data-content=\"E\">...</button>`\n\nis being covered by another element:\n\n`<div class=\"c-base-modal-content c-base-modal-content__shadow\">...</div>`\n\nFix this problem, or use {force: true} to disable error checking.\n\nhttps://on.cypress.io/element-cannot-be-interacted-with\n    at $Cy.ensureDescendents (https://stg-cd.sanoficonecta.com.br/__cypress/runner/cypress_runner.js:144188:26)\n    at ensureDescendents (https://stg-cd.sanoficonecta.com.br/__cypress/runner/cypress_runner.js:132368:8)\n    at ensureDescendentsAndScroll (https://stg-cd.sanoficonecta.com.br/__cypress/runner/cypress_runner.js:132375:14)\n    at ensureElIsNotCovered (https://stg-cd.sanoficonecta.com.br/__cypress/runner/cypress_runner.js:132509:5)\n    at runAllChecks (https://stg-cd.sanoficonecta.com.br/__cypress/runner/cypress_runner.js:132696:52)\n    at retryActionability (https://stg-cd.sanoficonecta.com.br/__cypress/runner/cypress_runner.js:132719:16)\n    at tryCatcher (https://stg-cd.sanoficonecta.com.br/__cypress/runner/cypress_runner.js:10798:23)\n    at Function.Promise.attempt.Promise.try (https://stg-cd.sanoficonecta.com.br/__cypress/runner/cypress_runner.js:8072:29)\n    at tryFn (https://stg-cd.sanoficonecta.com.br/__cypress/runner/cypress_runner.js:148863:21)\n    at whenStable (https://stg-cd.sanoficonecta.com.br/__cypress/runner/cypress_runner.js:148901:12)\n    at https://stg-cd.sanoficonecta.com.br/__cypress/runner/cypress_runner.js:148393:16\n    at tryCatcher (https://stg-cd.sanoficonecta.com.br/__cypress/runner/cypress_runner.js:10798:23)\n    at Promise._settlePromiseFromHandler (https://stg-cd.sanoficonecta.com.br/__cypress/runner/cypress_runner.js:8733:31)\n    at Promise._settlePromise (https://stg-cd.sanoficonecta.com.br/__cypress/runner/cypress_runner.js:8790:18)\n    at Promise._settlePromise0 (https://stg-cd.sanoficonecta.com.br/__cypress/runner/cypress_runner.js:8835:10)\n    at Promise._settlePromises (https://stg-cd.sanoficonecta.com.br/__cypress/runner/cypress_runner.js:8915:18)\nFrom Your Spec Code:\n    at Login.loginEnfermeiroComEmail (https://stg-cd.sanoficonecta.com.br/__cypress/tests?p=cypress/integration/login.spec.js:470:32)\n    at Context.eval (https://stg-cd.sanoficonecta.com.br/__cypress/tests?p=cypress/integration/login.spec.js:152:22)",
                    "diff": null
                  },
                  "uuid": "6c14488d-13d1-47d4-93e1-bd9170fdd8db",
                  "parentUUID": "c2ff2cae-aa5e-4f30-b989-daf3a99b1a88",
                  "isHook": false,
                  "skipped": false
                },
                {
                  "title": "Realizar login de Nutricionista com email",
                  "fullTitle": "Login Login com sucesso Realizar login de Nutricionista com email",
                  "timedOut": null,
                  "duration": 17752,
                  "state": "failed",
                  "speed": null,
                  "pass": false,
                  "fail": true,
                  "pending": false,
                  "context": null,
                  "code": "_login.default.loginNutricionistaComEmail();",
                  "err": {
                    "message": "CypressError: Timed out retrying after 4050ms: `cy.click()` failed because this element:\n\n`<button class=\"header__profile header__profile--icon\" data-content=\"N\">...</button>`\n\nis being covered by another element:\n\n`<div class=\"c-base-modal-content c-base-modal-content__shadow\">...</div>`\n\nFix this problem, or use {force: true} to disable error checking.\n\nhttps://on.cypress.io/element-cannot-be-interacted-with",
                    "estack": "CypressError: Timed out retrying after 4050ms: `cy.click()` failed because this element:\n\n`<button class=\"header__profile header__profile--icon\" data-content=\"N\">...</button>`\n\nis being covered by another element:\n\n`<div class=\"c-base-modal-content c-base-modal-content__shadow\">...</div>`\n\nFix this problem, or use {force: true} to disable error checking.\n\nhttps://on.cypress.io/element-cannot-be-interacted-with\n    at $Cy.ensureDescendents (https://stg-cd.sanoficonecta.com.br/__cypress/runner/cypress_runner.js:144188:26)\n    at ensureDescendents (https://stg-cd.sanoficonecta.com.br/__cypress/runner/cypress_runner.js:132368:8)\n    at ensureDescendentsAndScroll (https://stg-cd.sanoficonecta.com.br/__cypress/runner/cypress_runner.js:132375:14)\n    at ensureElIsNotCovered (https://stg-cd.sanoficonecta.com.br/__cypress/runner/cypress_runner.js:132509:5)\n    at runAllChecks (https://stg-cd.sanoficonecta.com.br/__cypress/runner/cypress_runner.js:132696:52)\n    at retryActionability (https://stg-cd.sanoficonecta.com.br/__cypress/runner/cypress_runner.js:132719:16)\n    at tryCatcher (https://stg-cd.sanoficonecta.com.br/__cypress/runner/cypress_runner.js:10798:23)\n    at Function.Promise.attempt.Promise.try (https://stg-cd.sanoficonecta.com.br/__cypress/runner/cypress_runner.js:8072:29)\n    at tryFn (https://stg-cd.sanoficonecta.com.br/__cypress/runner/cypress_runner.js:148863:21)\n    at whenStable (https://stg-cd.sanoficonecta.com.br/__cypress/runner/cypress_runner.js:148901:12)\n    at https://stg-cd.sanoficonecta.com.br/__cypress/runner/cypress_runner.js:148393:16\n    at tryCatcher (https://stg-cd.sanoficonecta.com.br/__cypress/runner/cypress_runner.js:10798:23)\n    at Promise._settlePromiseFromHandler (https://stg-cd.sanoficonecta.com.br/__cypress/runner/cypress_runner.js:8733:31)\n    at Promise._settlePromise (https://stg-cd.sanoficonecta.com.br/__cypress/runner/cypress_runner.js:8790:18)\n    at Promise._settlePromise0 (https://stg-cd.sanoficonecta.com.br/__cypress/runner/cypress_runner.js:8835:10)\n    at Promise._settlePromises (https://stg-cd.sanoficonecta.com.br/__cypress/runner/cypress_runner.js:8915:18)\nFrom Your Spec Code:\n    at Login.loginNutricionistaComEmail (https://stg-cd.sanoficonecta.com.br/__cypress/tests?p=cypress/integration/login.spec.js:490:32)\n    at Context.eval (https://stg-cd.sanoficonecta.com.br/__cypress/tests?p=cypress/integration/login.spec.js:155:22)",
                    "diff": null
                  },
                  "uuid": "38753cfc-707c-42be-9f21-590282c5c808",
                  "parentUUID": "c2ff2cae-aa5e-4f30-b989-daf3a99b1a88",
                  "isHook": false,
                  "skipped": false
                },
                {
                  "title": "Realizar login de Fisioterapeuta com email",
                  "fullTitle": "Login Login com sucesso Realizar login de Fisioterapeuta com email",
                  "timedOut": null,
                  "duration": 17087,
                  "state": "failed",
                  "speed": null,
                  "pass": false,
                  "fail": true,
                  "pending": false,
                  "context": null,
                  "code": "_login.default.loginFisioterapeutaComEmail();",
                  "err": {
                    "message": "CypressError: Timed out retrying after 4050ms: `cy.click()` failed because this element:\n\n`<button class=\"header__profile header__profile--icon\" data-content=\"F\">...</button>`\n\nis being covered by another element:\n\n`<div class=\"c-base-modal-content c-base-modal-content__shadow\">...</div>`\n\nFix this problem, or use {force: true} to disable error checking.\n\nhttps://on.cypress.io/element-cannot-be-interacted-with",
                    "estack": "CypressError: Timed out retrying after 4050ms: `cy.click()` failed because this element:\n\n`<button class=\"header__profile header__profile--icon\" data-content=\"F\">...</button>`\n\nis being covered by another element:\n\n`<div class=\"c-base-modal-content c-base-modal-content__shadow\">...</div>`\n\nFix this problem, or use {force: true} to disable error checking.\n\nhttps://on.cypress.io/element-cannot-be-interacted-with\n    at $Cy.ensureDescendents (https://stg-cd.sanoficonecta.com.br/__cypress/runner/cypress_runner.js:144188:26)\n    at ensureDescendents (https://stg-cd.sanoficonecta.com.br/__cypress/runner/cypress_runner.js:132368:8)\n    at ensureDescendentsAndScroll (https://stg-cd.sanoficonecta.com.br/__cypress/runner/cypress_runner.js:132375:14)\n    at ensureElIsNotCovered (https://stg-cd.sanoficonecta.com.br/__cypress/runner/cypress_runner.js:132509:5)\n    at runAllChecks (https://stg-cd.sanoficonecta.com.br/__cypress/runner/cypress_runner.js:132696:52)\n    at retryActionability (https://stg-cd.sanoficonecta.com.br/__cypress/runner/cypress_runner.js:132719:16)\n    at tryCatcher (https://stg-cd.sanoficonecta.com.br/__cypress/runner/cypress_runner.js:10798:23)\n    at Function.Promise.attempt.Promise.try (https://stg-cd.sanoficonecta.com.br/__cypress/runner/cypress_runner.js:8072:29)\n    at tryFn (https://stg-cd.sanoficonecta.com.br/__cypress/runner/cypress_runner.js:148863:21)\n    at whenStable (https://stg-cd.sanoficonecta.com.br/__cypress/runner/cypress_runner.js:148901:12)\n    at https://stg-cd.sanoficonecta.com.br/__cypress/runner/cypress_runner.js:148393:16\n    at tryCatcher (https://stg-cd.sanoficonecta.com.br/__cypress/runner/cypress_runner.js:10798:23)\n    at Promise._settlePromiseFromHandler (https://stg-cd.sanoficonecta.com.br/__cypress/runner/cypress_runner.js:8733:31)\n    at Promise._settlePromise (https://stg-cd.sanoficonecta.com.br/__cypress/runner/cypress_runner.js:8790:18)\n    at Promise._settlePromise0 (https://stg-cd.sanoficonecta.com.br/__cypress/runner/cypress_runner.js:8835:10)\n    at Promise._settlePromises (https://stg-cd.sanoficonecta.com.br/__cypress/runner/cypress_runner.js:8915:18)\nFrom Your Spec Code:\n    at Login.loginFisioterapeutaComEmail (https://stg-cd.sanoficonecta.com.br/__cypress/tests?p=cypress/integration/login.spec.js:510:32)\n    at Context.eval (https://stg-cd.sanoficonecta.com.br/__cypress/tests?p=cypress/integration/login.spec.js:158:22)",
                    "diff": null
                  },
                  "uuid": "659c4242-bdfb-4001-bbd6-ec8eb061fae7",
                  "parentUUID": "c2ff2cae-aa5e-4f30-b989-daf3a99b1a88",
                  "isHook": false,
                  "skipped": false
                }
              ],
              "suites": [],
              "passes": [],
              "failures": [
                "c0b70b61-946f-4d67-87b2-66570e4f990d",
                "3942466b-c6d7-4691-b152-0c7f4b084d75",
                "486db70d-a26e-4f6c-8579-45ebe9306b28",
                "cb4ed3f4-b7c6-45d2-89eb-1d44cd86b29c",
                "0745d754-1a49-43c6-8131-089bffa27af1",
                "1133b681-8732-4fd1-8b5f-fe861f2579dc",
                "0a1fbecd-352a-4aa6-870f-fef92b6e6342",
                "6c14488d-13d1-47d4-93e1-bd9170fdd8db",
                "38753cfc-707c-42be-9f21-590282c5c808",
                "659c4242-bdfb-4001-bbd6-ec8eb061fae7"
              ],
              "pending": [],
              "skipped": [],
              "duration": 162988,
              "root": false,
              "rootEmpty": false,
              "_timeout": 2000
            },
            {
              "uuid": "9119379a-875f-49e1-ab81-6579a7278a64",
              "title": "Login sem sucesso",
              "fullFile": "",
              "file": "",
              "beforeHooks": [],
              "afterHooks": [],
              "tests": [
                {
                  "title": "Tentar realizar login sem informar os dados obrigatórios",
                  "fullTitle": "Login Login sem sucesso Tentar realizar login sem informar os dados obrigatórios",
                  "timedOut": null,
                  "duration": 9779,
                  "state": "passed",
                  "speed": "slow",
                  "pass": true,
                  "fail": false,
                  "pending": false,
                  "context": null,
                  "code": "_login.default.loginSemDadosObrigatorios();",
                  "err": {},
                  "uuid": "b0d108f6-2db0-4030-a1aa-4d3c16f23ae5",
                  "parentUUID": "9119379a-875f-49e1-ab81-6579a7278a64",
                  "isHook": false,
                  "skipped": false
                },
                {
                  "title": "Tentar realizar login com dados inválidos",
                  "fullTitle": "Login Login sem sucesso Tentar realizar login com dados inválidos",
                  "timedOut": null,
                  "duration": 9775,
                  "state": "passed",
                  "speed": "slow",
                  "pass": true,
                  "fail": false,
                  "pending": false,
                  "context": null,
                  "code": "_login.default.loginComDadosInvalidos();",
                  "err": {},
                  "uuid": "406dbe1e-d435-43ea-a451-99811b405f7f",
                  "parentUUID": "9119379a-875f-49e1-ab81-6579a7278a64",
                  "isHook": false,
                  "skipped": false
                }
              ],
              "suites": [],
              "passes": [
                "b0d108f6-2db0-4030-a1aa-4d3c16f23ae5",
                "406dbe1e-d435-43ea-a451-99811b405f7f"
              ],
              "failures": [],
              "pending": [],
              "skipped": [],
              "duration": 19554,
              "root": false,
              "rootEmpty": false,
              "_timeout": 2000
            }
          ],
          "passes": [],
          "failures": [],
          "pending": [],
          "skipped": [],
          "duration": 0,
          "root": false,
          "rootEmpty": false,
          "_timeout": 2000
        }
      ],
      "passes": [],
      "failures": [],
      "pending": [],
      "skipped": [],
      "duration": 0,
      "root": true,
      "rootEmpty": true,
      "_timeout": 2000
    }
  ],
  "meta": {
    "mocha": {
      "version": "7.0.1"
    },
    "mochawesome": {
      "options": {
        "quiet": true,
        "reportFilename": "mochawesome",
        "saveHtml": false,
        "saveJson": true,
        "consoleReporter": "spec",
        "useInlineDiffs": false,
        "code": true
      },
      "version": "6.3.1"
    },
    "marge": {
      "options": {
        "id": "default",
        "reportDir": "mochawesome-report",
        "quiet": true,
        "overwrite": false,
        "html": false,
        "json": true
      },
      "version": "5.2.0"
    }
  }
}