{
  "stats": {
    "suites": 1,
    "tests": 10,
    "passes": 4,
    "pending": 0,
    "failures": 6,
    "start": "2022-06-08T08:26:25.084Z",
    "end": "2022-06-08T08:29:56.903Z",
    "duration": 211819,
    "testsRegistered": 10,
    "passPercent": 40,
    "pendingPercent": 0,
    "other": 0,
    "hasOther": false,
    "skipped": 0,
    "hasSkipped": false
  },
  "results": [
    {
      "uuid": "51087674-96ad-41e4-9324-602482a7462f",
      "title": "",
      "fullFile": "cypress/integration/meu-perfil.spec.js",
      "file": "cypress/integration/meu-perfil.spec.js",
      "beforeHooks": [],
      "afterHooks": [],
      "tests": [],
      "suites": [
        {
          "uuid": "f52fb729-2aa5-4e7d-92e5-ccc5842f1d1b",
          "title": "Meu Perfil",
          "fullFile": "",
          "file": "",
          "beforeHooks": [],
          "afterHooks": [],
          "tests": [
            {
              "title": "Alterar senha",
              "fullTitle": "Meu Perfil Alterar senha",
              "timedOut": null,
              "duration": 31349,
              "state": "failed",
              "speed": null,
              "pass": false,
              "fail": true,
              "pending": false,
              "context": null,
              "code": "_login.default.loginMedico();\n_meuPerfil.default.AcessarMinhaConta();\ncy.get('.c-my-profile__section-form-buttons > .c-my-profile__button').click();\ncy.get('.modal-change-password__form > :nth-child(1) > .form-element > :nth-child(1) > .input-wrapper > .input-wrapper__text-input').type('123456');\ncy.get('.modal-change-password__form > :nth-child(2) > .form-element > :nth-child(1) > .input-wrapper > .input-wrapper__text-input').type('123456');\ncy.get('.modal-change-password__form-buttons > button').click({\n  force: true\n});\ncy.get('.grid-lg-11 > .c-text').should('have.text', 'Dados alterados com sucesso');",
              "err": {
                "message": "AssertionError: Timed out retrying after 4000ms: Expected to find element: `.c-my-profile__section-form-buttons > .c-my-profile__button`, but never found it.",
                "estack": "AssertionError: Timed out retrying after 4000ms: Expected to find element: `.c-my-profile__section-form-buttons > .c-my-profile__button`, but never found it.\n    at Context.eval (https://stg-cd.sanoficonecta.com.br/__cypress/tests?p=cypress/integration/meu-perfil.spec.js:135:8)",
                "diff": null
              },
              "uuid": "b64437ed-7303-4f17-b8b0-b829206e95e5",
              "parentUUID": "f52fb729-2aa5-4e7d-92e5-ccc5842f1d1b",
              "isHook": false,
              "skipped": false
            },
            {
              "title": "Tentar alterar senha, utilizando uma senha com menos de seis caracteres",
              "fullTitle": "Meu Perfil Tentar alterar senha, utilizando uma senha com menos de seis caracteres",
              "timedOut": null,
              "duration": 18615,
              "state": "failed",
              "speed": null,
              "pass": false,
              "fail": true,
              "pending": false,
              "context": null,
              "code": "_login.default.loginMedico();\n_meuPerfil.default.AcessarMinhaConta();\ncy.get('.c-my-profile__section-form-buttons > .c-my-profile__button').click();\ncy.get('.modal-change-password__form > :nth-child(1) > .form-element > :nth-child(1) > .input-wrapper > .input-wrapper__text-input').type('123');\ncy.contains('Senha inválida').should('have.text', 'Senha inválida');",
              "err": {
                "message": "AssertionError: Timed out retrying after 4000ms: Expected to find element: `.c-my-profile__section-form-buttons > .c-my-profile__button`, but never found it.",
                "estack": "AssertionError: Timed out retrying after 4000ms: Expected to find element: `.c-my-profile__section-form-buttons > .c-my-profile__button`, but never found it.\n    at Context.eval (https://stg-cd.sanoficonecta.com.br/__cypress/tests?p=cypress/integration/meu-perfil.spec.js:148:8)",
                "diff": null
              },
              "uuid": "dade25d6-68a1-492d-b836-a828f3b37398",
              "parentUUID": "f52fb729-2aa5-4e7d-92e5-ccc5842f1d1b",
              "isHook": false,
              "skipped": false
            },
            {
              "title": "Tentar alterar senha, utilizando a senha de confirmação diferente",
              "fullTitle": "Meu Perfil Tentar alterar senha, utilizando a senha de confirmação diferente",
              "timedOut": null,
              "duration": 19718,
              "state": "failed",
              "speed": null,
              "pass": false,
              "fail": true,
              "pending": false,
              "context": null,
              "code": "_login.default.loginMedico();\n_meuPerfil.default.AcessarMinhaConta();\ncy.get('.c-my-profile__section-form-buttons > .c-my-profile__button').click();\ncy.get('.modal-change-password__form > :nth-child(1) > .form-element > :nth-child(1) > .input-wrapper > .input-wrapper__text-input').type('Teste@123');\ncy.get('.modal-change-password__form > :nth-child(2) > .form-element > :nth-child(1) > .input-wrapper > .input-wrapper__text-input').type('Teste@999');\ncy.get('.modal-change-password__form-buttons > button').click({\n  force: true\n});\ncy.contains('Os Passwords digitados estão diferentes.').should('have.text', 'Os Passwords digitados estão diferentes.');",
              "err": {
                "message": "AssertionError: Timed out retrying after 4000ms: Expected to find element: `.c-my-profile__section-form-buttons > .c-my-profile__button`, but never found it.",
                "estack": "AssertionError: Timed out retrying after 4000ms: Expected to find element: `.c-my-profile__section-form-buttons > .c-my-profile__button`, but never found it.\n    at Context.eval (https://stg-cd.sanoficonecta.com.br/__cypress/tests?p=cypress/integration/meu-perfil.spec.js:157:8)",
                "diff": null
              },
              "uuid": "898594d8-4598-420f-adb7-c780857fe8f7",
              "parentUUID": "f52fb729-2aa5-4e7d-92e5-ccc5842f1d1b",
              "isHook": false,
              "skipped": false
            },
            {
              "title": "Alterar numero do celular",
              "fullTitle": "Meu Perfil Alterar numero do celular",
              "timedOut": null,
              "duration": 18649,
              "state": "passed",
              "speed": "slow",
              "pass": true,
              "fail": false,
              "pending": false,
              "context": null,
              "code": "_login.default.loginMedico();\n_meuPerfil.default.AcessarMinhaConta();\ncy.get(':nth-child(3) > .form-element > :nth-child(1) > .input-wrapper > .input-wrapper__text-input').clear().type('51987165588{enter}');\ncy.get(':nth-child(2) > #profile').click(); // Falta validacão, pois não temos um feedback ao salvar a alteração.",
              "err": {},
              "uuid": "852ceda3-0a69-4c86-8851-7bbb97b376e3",
              "parentUUID": "f52fb729-2aa5-4e7d-92e5-ccc5842f1d1b",
              "isHook": false,
              "skipped": false
            },
            {
              "title": "Alterar numero do celular utilizando um numero inválido",
              "fullTitle": "Meu Perfil Alterar numero do celular utilizando um numero inválido",
              "timedOut": null,
              "duration": 19136,
              "state": "passed",
              "speed": "slow",
              "pass": true,
              "fail": false,
              "pending": false,
              "context": null,
              "code": "_login.default.loginMedico();\n_meuPerfil.default.AcessarMinhaConta();\ncy.get(':nth-child(3) > .form-element > :nth-child(1) > .input-wrapper > .input-wrapper__text-input').clear().type('00111111111{enter}');\ncy.get(':nth-child(3) > .form-element > .form-element__error-message').should('have.text', 'Celular inválido');",
              "err": {},
              "uuid": "045a7393-c7ac-4298-bda8-f82f370e6070",
              "parentUUID": "f52fb729-2aa5-4e7d-92e5-ccc5842f1d1b",
              "isHook": false,
              "skipped": false
            },
            {
              "title": "Alterar email",
              "fullTitle": "Meu Perfil Alterar email",
              "timedOut": null,
              "duration": 17928,
              "state": "passed",
              "speed": "slow",
              "pass": true,
              "fail": false,
              "pending": false,
              "context": null,
              "code": "_login.default.loginMedico();\n_meuPerfil.default.AcessarMinhaConta();\ncy.get(':nth-child(4) > .form-element > :nth-child(1) > .input-wrapper > .input-wrapper__text-input').clear().type('medico04@teste.com.br{enter}');",
              "err": {},
              "uuid": "e85fb502-4f25-4833-a898-2e1c05b23d58",
              "parentUUID": "f52fb729-2aa5-4e7d-92e5-ccc5842f1d1b",
              "isHook": false,
              "skipped": false
            },
            {
              "title": "Alterar email utilizando email inválido",
              "fullTitle": "Meu Perfil Alterar email utilizando email inválido",
              "timedOut": null,
              "duration": 16721,
              "state": "passed",
              "speed": "slow",
              "pass": true,
              "fail": false,
              "pending": false,
              "context": null,
              "code": "_login.default.loginMedico();\n_meuPerfil.default.AcessarMinhaConta();\ncy.get(':nth-child(4) > .form-element > :nth-child(1) > .input-wrapper > .input-wrapper__text-input').clear().type('testemedico{enter}');\ncy.get(':nth-child(2) > #profile').click();\ncy.get(':nth-child(4) > .form-element > .form-element__error-message').should('have.text', 'E-mail inválido');",
              "err": {},
              "uuid": "d4fb72e5-2582-4364-b7c9-eac6c839c57b",
              "parentUUID": "f52fb729-2aa5-4e7d-92e5-ccc5842f1d1b",
              "isHook": false,
              "skipped": false
            },
            {
              "title": "Tentar alterar email ja existente",
              "fullTitle": "Meu Perfil Tentar alterar email ja existente",
              "timedOut": null,
              "duration": 21622,
              "state": "failed",
              "speed": null,
              "pass": false,
              "fail": true,
              "pending": false,
              "context": null,
              "code": "_login.default.loginMedico();\n_meuPerfil.default.AcessarMinhaConta();\ncy.get(':nth-child(4) > .form-element > :nth-child(1) > .input-wrapper > .input-wrapper__text-input').clear().type('testemedico@grr.la{enter}');\ncy.wait(2000);\ncy.get('.c-my-profile__save-container--btn').click(); // Falta validacão, pois não temos um feedback ao salvar a alteração.\ncy.get('.header__profile').click();\ncy.get('.menu-drawer__signout > span').click();",
              "err": {
                "message": "AssertionError: Timed out retrying after 4000ms: Expected to find element: `.c-my-profile__save-container--btn`, but never found it.",
                "estack": "AssertionError: Timed out retrying after 4000ms: Expected to find element: `.c-my-profile__save-container--btn`, but never found it.\n    at Context.eval (https://stg-cd.sanoficonecta.com.br/__cypress/tests?p=cypress/integration/meu-perfil.spec.js:204:8)",
                "diff": null
              },
              "uuid": "b441ad16-2e79-411e-bcde-72eac0d789dd",
              "parentUUID": "f52fb729-2aa5-4e7d-92e5-ccc5842f1d1b",
              "isHook": false,
              "skipped": false
            },
            {
              "title": "Adicionar Interesse e Especialidade para usuário perfil de médico",
              "fullTitle": "Meu Perfil Adicionar Interesse e Especialidade para usuário perfil de médico",
              "timedOut": null,
              "duration": 23633,
              "state": "failed",
              "speed": null,
              "pass": false,
              "fail": true,
              "pending": false,
              "context": null,
              "code": "_login.default.loginMedico();\n_meuPerfil.default.AcessarMinhaConta();\ncy.get(':nth-child(3) > #profile > .grid-md-10 > .c-accordion-item__title-text > .c-my-profile__section-error').click();\ncy.get('#expertiseprimary').select('Endoscopia');\ncy.get('#expertisesecondary').select('Geriatria');\ncy.get(':nth-child(9) > .c-select-list__option').click();\ncy.get('.c-my-profile__save-container--btn').click();\ncy.get('.grid-lg-11 > .c-text').should('have.text', 'Dados alterados com sucesso');\ncy.wait(2000);\ncy.get(':nth-child(9) > .c-select-list__option').click();\ncy.get('.grid-lg-11 > .c-text').should('have.text', 'Dados alterados com sucesso');",
              "err": {
                "message": "AssertionError: Timed out retrying after 4000ms: Expected to find element: `.c-my-profile__save-container--btn`, but never found it.",
                "estack": "AssertionError: Timed out retrying after 4000ms: Expected to find element: `.c-my-profile__save-container--btn`, but never found it.\n    at Context.eval (https://stg-cd.sanoficonecta.com.br/__cypress/tests?p=cypress/integration/meu-perfil.spec.js:218:8)",
                "diff": null
              },
              "uuid": "351149fd-c2a6-45c0-98e6-26e599ca5e2f",
              "parentUUID": "f52fb729-2aa5-4e7d-92e5-ccc5842f1d1b",
              "isHook": false,
              "skipped": false
            },
            {
              "title": "Alterar especialidades para usuário perfil de médico",
              "fullTitle": "Meu Perfil Alterar especialidades para usuário perfil de médico",
              "timedOut": null,
              "duration": 23913,
              "state": "failed",
              "speed": null,
              "pass": false,
              "fail": true,
              "pending": false,
              "context": null,
              "code": "_login.default.loginMedico();\n_meuPerfil.default.AcessarMinhaConta();\ncy.get(':nth-child(3) > #profile > .grid-md-10 > .c-accordion-item__title-text > .c-my-profile__section-error').click();\ncy.get('#expertiseprimary').select('Angiologia');\ncy.get('#expertisesecondary').select('Cirurgia geral');\ncy.get('.c-my-profile__save-container--btn').click();\ncy.get('.grid-lg-11 > .c-text').should('have.text', 'Dados alterados com sucesso');\ncy.get('#expertiseprimary').select('Cardiologia');\ncy.get('#expertisesecondary').select('Neurologia');\ncy.get('.c-my-profile__save-container--btn').click();\ncy.get('.grid-lg-11 > .c-text').should('have.text', 'Dados alterados com sucesso');",
              "err": {
                "message": "AssertionError: Timed out retrying after 4000ms: Expected to find element: `.c-my-profile__save-container--btn`, but never found it.",
                "estack": "AssertionError: Timed out retrying after 4000ms: Expected to find element: `.c-my-profile__save-container--btn`, but never found it.\n    at Context.eval (https://stg-cd.sanoficonecta.com.br/__cypress/tests?p=cypress/integration/meu-perfil.spec.js:232:8)",
                "diff": null
              },
              "uuid": "3741ed3c-71fc-4f55-a0db-57e3f4f0622a",
              "parentUUID": "f52fb729-2aa5-4e7d-92e5-ccc5842f1d1b",
              "isHook": false,
              "skipped": false
            }
          ],
          "suites": [],
          "passes": [
            "852ceda3-0a69-4c86-8851-7bbb97b376e3",
            "045a7393-c7ac-4298-bda8-f82f370e6070",
            "e85fb502-4f25-4833-a898-2e1c05b23d58",
            "d4fb72e5-2582-4364-b7c9-eac6c839c57b"
          ],
          "failures": [
            "b64437ed-7303-4f17-b8b0-b829206e95e5",
            "dade25d6-68a1-492d-b836-a828f3b37398",
            "898594d8-4598-420f-adb7-c780857fe8f7",
            "b441ad16-2e79-411e-bcde-72eac0d789dd",
            "351149fd-c2a6-45c0-98e6-26e599ca5e2f",
            "3741ed3c-71fc-4f55-a0db-57e3f4f0622a"
          ],
          "pending": [],
          "skipped": [],
          "duration": 211284,
          "root": false,
          "rootEmpty": false,
          "_timeout": 2000
        }
      ],
      "passes": [],
      "failures": [],
      "pending": [],
      "skipped": [],
      "duration": 0,
      "root": true,
      "rootEmpty": true,
      "_timeout": 2000
    }
  ],
  "meta": {
    "mocha": {
      "version": "7.0.1"
    },
    "mochawesome": {
      "options": {
        "quiet": true,
        "reportFilename": "mochawesome",
        "saveHtml": false,
        "saveJson": true,
        "consoleReporter": "spec",
        "useInlineDiffs": false,
        "code": true
      },
      "version": "6.3.1"
    },
    "marge": {
      "options": {
        "id": "default",
        "reportDir": "mochawesome-report",
        "quiet": true,
        "overwrite": false,
        "html": false,
        "json": true
      },
      "version": "5.2.0"
    }
  }
}