{
  "stats": {
    "suites": 6,
    "tests": 8,
    "passes": 5,
    "pending": 0,
    "failures": 3,
    "start": "2022-04-28T08:18:16.668Z",
    "end": "2022-04-28T08:19:51.467Z",
    "duration": 94799,
    "testsRegistered": 8,
    "passPercent": 62.5,
    "pendingPercent": 0,
    "other": 0,
    "hasOther": false,
    "skipped": 0,
    "hasSkipped": false
  },
  "results": [
    {
      "uuid": "f62f2fcb-069a-4547-a45e-00720bc0e848",
      "title": "",
      "fullFile": "cypress/integration/busca.spec.js",
      "file": "cypress/integration/busca.spec.js",
      "beforeHooks": [],
      "afterHooks": [],
      "tests": [],
      "suites": [
        {
          "uuid": "c01c9c6f-3c77-4b31-91f8-309befb8a9a2",
          "title": "Busca com usuário deslogado",
          "fullFile": "",
          "file": "",
          "beforeHooks": [],
          "afterHooks": [],
          "tests": [],
          "suites": [
            {
              "uuid": "3e3dde54-eda6-4e41-84ef-0c27732ae0e2",
              "title": "Busca com sucesso",
              "fullFile": "",
              "file": "",
              "beforeHooks": [],
              "afterHooks": [],
              "tests": [
                {
                  "title": "Realizar uma busca pelo nome completo do termo",
                  "fullTitle": "Busca com usuário deslogado Busca com sucesso Realizar uma busca pelo nome completo do termo",
                  "timedOut": null,
                  "duration": 16634,
                  "state": "passed",
                  "speed": "slow",
                  "pass": true,
                  "fail": false,
                  "pending": false,
                  "context": null,
                  "code": "_busca.default.BuscaDeslogadoHeaderComResultado();",
                  "err": {},
                  "uuid": "30fa7bae-aede-487c-b229-017f31e437f7",
                  "parentUUID": "3e3dde54-eda6-4e41-84ef-0c27732ae0e2",
                  "isHook": false,
                  "skipped": false
                },
                {
                  "title": "Realizar uma busca por parte do nome do termo",
                  "fullTitle": "Busca com usuário deslogado Busca com sucesso Realizar uma busca por parte do nome do termo",
                  "timedOut": null,
                  "duration": 11141,
                  "state": "failed",
                  "speed": null,
                  "pass": false,
                  "fail": true,
                  "pending": false,
                  "context": null,
                  "code": "_busca.default.BuscaParteNomeTermo();",
                  "err": {
                    "message": "AssertionError: Timed out retrying after 4000ms: expected '<a.modal-search__result-title.c-text--underline-white>' to contain 'Como um remédio é produzido?'",
                    "estack": "AssertionError: Timed out retrying after 4000ms: expected '<a.modal-search__result-title.c-text--underline-white>' to contain 'Como um remédio é produzido?'\n    at BuscaParteNomeTermo (https://stg-cd.sanoficonecta.com.br/__cypress/tests?p=cypress/integration/busca.spec.js:241:39)\n    at Context.eval (https://stg-cd.sanoficonecta.com.br/__cypress/tests?p=cypress/integration/busca.spec.js:135:22)",
                    "diff": null
                  },
                  "uuid": "c1370b3b-4185-4212-831b-dd92995d6ca4",
                  "parentUUID": "3e3dde54-eda6-4e41-84ef-0c27732ae0e2",
                  "isHook": false,
                  "skipped": false
                },
                {
                  "title": "Realizar uma busca por termo utilizando traço",
                  "fullTitle": "Busca com usuário deslogado Busca com sucesso Realizar uma busca por termo utilizando traço",
                  "timedOut": null,
                  "duration": 11584,
                  "state": "failed",
                  "speed": null,
                  "pass": false,
                  "fail": true,
                  "pending": false,
                  "context": null,
                  "code": "_busca.default.BuscaPorTermoComTraco();",
                  "err": {
                    "message": "AssertionError: Timed out retrying after 4000ms: expected '<a.modal-search__result-title.c-text--underline-white>' to contain 'COVID-19'",
                    "estack": "AssertionError: Timed out retrying after 4000ms: expected '<a.modal-search__result-title.c-text--underline-white>' to contain 'COVID-19'\n    at BuscaPorTermoComTraco (https://stg-cd.sanoficonecta.com.br/__cypress/tests?p=cypress/integration/busca.spec.js:257:39)\n    at Context.eval (https://stg-cd.sanoficonecta.com.br/__cypress/tests?p=cypress/integration/busca.spec.js:138:22)",
                    "diff": null
                  },
                  "uuid": "30189a6e-7bf8-45bc-8e39-7ef8122b2a5a",
                  "parentUUID": "3e3dde54-eda6-4e41-84ef-0c27732ae0e2",
                  "isHook": false,
                  "skipped": false
                },
                {
                  "title": "Realizar uma busca por termo utilizando acentuação e preposição",
                  "fullTitle": "Busca com usuário deslogado Busca com sucesso Realizar uma busca por termo utilizando acentuação e preposição",
                  "timedOut": null,
                  "duration": 14614,
                  "state": "failed",
                  "speed": null,
                  "pass": false,
                  "fail": true,
                  "pending": false,
                  "context": null,
                  "code": "_busca.default.BuscaPorTermoComAcentuacaoePreposicao();",
                  "err": {
                    "message": "AssertionError: Timed out retrying after 4000ms: expected '<a.modal-search__result-title.c-text--underline-white>' to have text 'Otimizando a vacinação em adolescentes: imunização em escolas', but the text was 'Conexão entre saúde e educação: Pernambuco'",
                    "estack": "AssertionError: Timed out retrying after 4000ms: expected '<a.modal-search__result-title.c-text--underline-white>' to have text 'Otimizando a vacinação em adolescentes: imunização em escolas', but the text was 'Conexão entre saúde e educação: Pernambuco'\n    at BuscaPorTermoComAcentuacaoePreposicao (https://stg-cd.sanoficonecta.com.br/__cypress/tests?p=cypress/integration/busca.spec.js:266:43)\n    at Context.eval (https://stg-cd.sanoficonecta.com.br/__cypress/tests?p=cypress/integration/busca.spec.js:141:22)",
                    "diff": "- 'Conexão entre saúde e educação: Pernambuco'\n+ 'Otimizando a vacinação em adolescentes: imunização em escolas'\n"
                  },
                  "uuid": "62e1d1ed-1fed-42ae-9e5e-eb9fe4add0e5",
                  "parentUUID": "3e3dde54-eda6-4e41-84ef-0c27732ae0e2",
                  "isHook": false,
                  "skipped": false
                }
              ],
              "suites": [],
              "passes": [
                "30fa7bae-aede-487c-b229-017f31e437f7"
              ],
              "failures": [
                "c1370b3b-4185-4212-831b-dd92995d6ca4",
                "30189a6e-7bf8-45bc-8e39-7ef8122b2a5a",
                "62e1d1ed-1fed-42ae-9e5e-eb9fe4add0e5"
              ],
              "pending": [],
              "skipped": [],
              "duration": 53973,
              "root": false,
              "rootEmpty": false,
              "_timeout": 2000
            },
            {
              "uuid": "ed4e9a49-4639-4ae5-bf57-2755cc7acf0d",
              "title": "Busca sem sucesso",
              "fullFile": "",
              "file": "",
              "beforeHooks": [],
              "afterHooks": [],
              "tests": [
                {
                  "title": "Realizar uma busca por termo inexistente",
                  "fullTitle": "Busca com usuário deslogado Busca sem sucesso Realizar uma busca por termo inexistente",
                  "timedOut": null,
                  "duration": 7134,
                  "state": "passed",
                  "speed": "slow",
                  "pass": true,
                  "fail": false,
                  "pending": false,
                  "context": null,
                  "code": "_busca.default.BuscaDeslogadoHeaderSemResultado();",
                  "err": {},
                  "uuid": "34550eff-bfb1-4ae8-bc5f-8e60e5519555",
                  "parentUUID": "ed4e9a49-4639-4ae5-bf57-2755cc7acf0d",
                  "isHook": false,
                  "skipped": false
                },
                {
                  "title": "Realizar uma busca vazia",
                  "fullTitle": "Busca com usuário deslogado Busca sem sucesso Realizar uma busca vazia",
                  "timedOut": null,
                  "duration": 6466,
                  "state": "passed",
                  "speed": "slow",
                  "pass": true,
                  "fail": false,
                  "pending": false,
                  "context": null,
                  "code": "_busca.default.BuscaVaziaDeslogado();",
                  "err": {},
                  "uuid": "000afd99-3dbe-40ba-833f-f8e749c621b8",
                  "parentUUID": "ed4e9a49-4639-4ae5-bf57-2755cc7acf0d",
                  "isHook": false,
                  "skipped": false
                }
              ],
              "suites": [],
              "passes": [
                "34550eff-bfb1-4ae8-bc5f-8e60e5519555",
                "000afd99-3dbe-40ba-833f-f8e749c621b8"
              ],
              "failures": [],
              "pending": [],
              "skipped": [],
              "duration": 13600,
              "root": false,
              "rootEmpty": false,
              "_timeout": 2000
            },
            {
              "uuid": "f43f8aeb-0377-43c2-b88d-759bbdf809b6",
              "title": "Busca com usuário logado como Médico",
              "fullFile": "",
              "file": "",
              "beforeHooks": [],
              "afterHooks": [],
              "tests": [],
              "suites": [
                {
                  "uuid": "f9d7bb59-eef2-4835-8e3a-112772386b25",
                  "title": "Busca com sucesso",
                  "fullFile": "",
                  "file": "",
                  "beforeHooks": [],
                  "afterHooks": [],
                  "tests": [
                    {
                      "title": "Realizar uma busca pelo nome completo do termo",
                      "fullTitle": "Busca com usuário deslogado Busca com usuário logado como Médico Busca com sucesso Realizar uma busca pelo nome completo do termo",
                      "timedOut": null,
                      "duration": 13819,
                      "state": "passed",
                      "speed": "slow",
                      "pass": true,
                      "fail": false,
                      "pending": false,
                      "context": null,
                      "code": "_busca.default.BuscaDeslogadoHeaderComResultado();",
                      "err": {},
                      "uuid": "a766c949-3948-4748-8f5c-8f87269a30d0",
                      "parentUUID": "f9d7bb59-eef2-4835-8e3a-112772386b25",
                      "isHook": false,
                      "skipped": false
                    }
                  ],
                  "suites": [],
                  "passes": [
                    "a766c949-3948-4748-8f5c-8f87269a30d0"
                  ],
                  "failures": [],
                  "pending": [],
                  "skipped": [],
                  "duration": 13819,
                  "root": false,
                  "rootEmpty": false,
                  "_timeout": 2000
                },
                {
                  "uuid": "4d75f043-b277-4497-ba30-76fd845f83f7",
                  "title": "Busca sem sucesso",
                  "fullFile": "",
                  "file": "",
                  "beforeHooks": [],
                  "afterHooks": [],
                  "tests": [
                    {
                      "title": "Realizar uma busca por termo inexistente",
                      "fullTitle": "Busca com usuário deslogado Busca com usuário logado como Médico Busca sem sucesso Realizar uma busca por termo inexistente",
                      "timedOut": null,
                      "duration": 13121,
                      "state": "passed",
                      "speed": "slow",
                      "pass": true,
                      "fail": false,
                      "pending": false,
                      "context": null,
                      "code": "_busca.default.BuscaDeslogadoHeaderSemResultado();",
                      "err": {},
                      "uuid": "1bfbdcb7-ac64-42ca-9b58-1c391cf2eab4",
                      "parentUUID": "4d75f043-b277-4497-ba30-76fd845f83f7",
                      "isHook": false,
                      "skipped": false
                    }
                  ],
                  "suites": [],
                  "passes": [
                    "1bfbdcb7-ac64-42ca-9b58-1c391cf2eab4"
                  ],
                  "failures": [],
                  "pending": [],
                  "skipped": [],
                  "duration": 13121,
                  "root": false,
                  "rootEmpty": false,
                  "_timeout": 2000
                }
              ],
              "passes": [],
              "failures": [],
              "pending": [],
              "skipped": [],
              "duration": 0,
              "root": false,
              "rootEmpty": false,
              "_timeout": 2000
            }
          ],
          "passes": [],
          "failures": [],
          "pending": [],
          "skipped": [],
          "duration": 0,
          "root": false,
          "rootEmpty": false,
          "_timeout": 2000
        }
      ],
      "passes": [],
      "failures": [],
      "pending": [],
      "skipped": [],
      "duration": 0,
      "root": true,
      "rootEmpty": true,
      "_timeout": 2000
    }
  ],
  "meta": {
    "mocha": {
      "version": "7.0.1"
    },
    "mochawesome": {
      "options": {
        "quiet": true,
        "reportFilename": "mochawesome",
        "saveHtml": false,
        "saveJson": true,
        "consoleReporter": "spec",
        "useInlineDiffs": false,
        "code": true
      },
      "version": "6.3.1"
    },
    "marge": {
      "options": {
        "id": "default",
        "reportDir": "mochawesome-report",
        "quiet": true,
        "overwrite": false,
        "html": false,
        "json": true
      },
      "version": "5.2.0"
    }
  }
}