{
  "stats": {
    "suites": 1,
    "tests": 7,
    "passes": 6,
    "pending": 0,
    "failures": 1,
    "start": "2021-12-01T08:22:50.928Z",
    "end": "2021-12-01T08:24:19.056Z",
    "duration": 88128,
    "testsRegistered": 7,
    "passPercent": 85.71428571428571,
    "pendingPercent": 0,
    "other": 0,
    "hasOther": false,
    "skipped": 0,
    "hasSkipped": false
  },
  "results": [
    {
      "uuid": "f424af8c-a87a-44e4-aea3-e16cdb9a5ee5",
      "title": "",
      "fullFile": "cypress/integration/recuperar-senha.js",
      "file": "cypress/integration/recuperar-senha.js",
      "beforeHooks": [],
      "afterHooks": [],
      "tests": [],
      "suites": [
        {
          "uuid": "795a668d-7ea8-4e59-ba45-9eaa05877693",
          "title": "Recuperar Senha",
          "fullFile": "",
          "file": "",
          "beforeHooks": [],
          "afterHooks": [],
          "tests": [
            {
              "title": "Esqueci minha senha",
              "fullTitle": "Recuperar Senha Esqueci minha senha",
              "timedOut": null,
              "duration": 21904,
              "state": "passed",
              "speed": "slow",
              "pass": true,
              "fail": false,
              "pending": false,
              "context": null,
              "code": "cy.get('.menu-profile__indicator').click();\ncy.get('.menu-profile > #menu-profile-panel > .menu-profile__panel-content > .menu-profile__panel-row > #btnLogin').click();\ncy.get('#forgot-pass').click();\ncy.get('#uf').select('SC');\ncy.get('#lf-registro').type('11655');\ncy.get('#sf-email-different').click({\n  force: true\n});\ncy.get('.c-base-modal-content__body > :nth-child(1) > .c-text--h2').should('have.text', 'Esqueci minha senha');",
              "err": {},
              "uuid": "76d5ffbe-44a6-4f22-8d69-d4c439b9c9ea",
              "parentUUID": "795a668d-7ea8-4e59-ba45-9eaa05877693",
              "isHook": false,
              "skipped": false
            },
            {
              "title": "Tentar recuperar senha utilizando Número do registro invalido",
              "fullTitle": "Recuperar Senha Tentar recuperar senha utilizando Número do registro invalido",
              "timedOut": null,
              "duration": 8606,
              "state": "passed",
              "speed": "slow",
              "pass": true,
              "fail": false,
              "pending": false,
              "context": null,
              "code": "cy.get('.menu-profile__indicator').click();\ncy.get('.menu-profile > #menu-profile-panel > .menu-profile__panel-content > .menu-profile__panel-row > #btnLogin').click();\ncy.get('#forgot-pass').click();\ncy.get('#uf').select('SC');\ncy.get('#lf-registro').type('7777');\ncy.get('#sf-email-different').click({\n  force: true\n});\ncy.get('#generic-error').should('have.text', 'Registro não localizado');",
              "err": {},
              "uuid": "823ecce0-53d8-4e78-b765-f92ed0765c92",
              "parentUUID": "795a668d-7ea8-4e59-ba45-9eaa05877693",
              "isHook": false,
              "skipped": false
            },
            {
              "title": "Reenviar email de recuperacao de senha",
              "fullTitle": "Recuperar Senha Reenviar email de recuperacao de senha",
              "timedOut": null,
              "duration": 9157,
              "state": "passed",
              "speed": "slow",
              "pass": true,
              "fail": false,
              "pending": false,
              "context": null,
              "code": "cy.get('.menu-profile__indicator').click();\ncy.get('.menu-profile > #menu-profile-panel > .menu-profile__panel-content > .menu-profile__panel-row > #btnLogin').click();\ncy.get('#forgot-pass').click();\ncy.get('#uf').select('SC');\ncy.get('#lf-registro').type('11655');\ncy.get('#sf-email-different').click({\n  force: true\n});\ncy.get('.c-base-modal-content__body > :nth-child(1) > .c-text--h2').should('have.text', 'Esqueci minha senha');\ncy.get('#lf-resend-mail').click();\ncy.get('#lf-resend-mail').should('have.text', 'E-mail enviado!');",
              "err": {},
              "uuid": "0df9cffc-6e63-4480-9248-410a6d76b350",
              "parentUUID": "795a668d-7ea8-4e59-ba45-9eaa05877693",
              "isHook": false,
              "skipped": false
            },
            {
              "title": "Alterar email de recuperacao de senha",
              "fullTitle": "Recuperar Senha Alterar email de recuperacao de senha",
              "timedOut": null,
              "duration": 15069,
              "state": "passed",
              "speed": "slow",
              "pass": true,
              "fail": false,
              "pending": false,
              "context": null,
              "code": "cy.get('.menu-profile__indicator').click();\ncy.get('.menu-profile > #menu-profile-panel > .menu-profile__panel-content > .menu-profile__panel-row > #btnLogin').click();\ncy.get('#forgot-pass').click();\ncy.get('#hcp-type').select('Farmacêutico (CRF)');\ncy.get('#uf').select('RS');\ncy.get('#lf-registro').type('1234');\ncy.get('#sf-email-different').click({\n  force: true\n});\ncy.get('.c-base-modal-content__body > :nth-child(1) > .c-text--h2').should('have.text', 'Esqueci minha senha');\ncy.get('.c-base-modal-content__body > :nth-child(8) > span').click({\n  force: true\n});\ncy.get('.c-text--h2 > strong').should('have.text', 'Habilitar novo Email');\ncy.get('#sf-phone').type('489977777777');\ncy.get('.c-base-modal-content__paper').click();\ncy.get('#lf-email').type('medicorenovaemail@servidor.com');\ncy.get('#sf-continue-validation').click();\ncy.get('.c-base-modal-content__body > :nth-child(1) > .c-text--h2').should('have.text', 'Esqueci minha senha');",
              "err": {},
              "uuid": "a2cb4281-86a6-425a-8ae3-61935ae8fc80",
              "parentUUID": "795a668d-7ea8-4e59-ba45-9eaa05877693",
              "isHook": false,
              "skipped": false
            },
            {
              "title": "Tentar alterar email de recuperacao de senha utilizando Email invalido",
              "fullTitle": "Recuperar Senha Tentar alterar email de recuperacao de senha utilizando Email invalido",
              "timedOut": null,
              "duration": 10878,
              "state": "passed",
              "speed": "slow",
              "pass": true,
              "fail": false,
              "pending": false,
              "context": null,
              "code": "cy.get('.menu-profile__indicator').click();\ncy.get('.menu-profile > #menu-profile-panel > .menu-profile__panel-content > .menu-profile__panel-row > #btnLogin').click();\ncy.get('#forgot-pass').click();\ncy.get('#hcp-type').select('Farmacêutico (CRF)');\ncy.get('#uf').select('RS');\ncy.get('#lf-registro').type('1234');\ncy.get('#sf-email-different').click({\n  force: true\n});\ncy.get('.c-base-modal-content__body > :nth-child(1) > .c-text--h2').should('have.text', 'Esqueci minha senha');\ncy.get('.c-base-modal-content__body > :nth-child(8) > span').click({\n  force: true\n});\ncy.get('.c-text--h2 > strong').should('have.text', 'Habilitar novo Email');\ncy.get('#sf-phone').type('489977777777');\ncy.get('#lf-email').type('ABc123@teste');\ncy.get('#sf-continue-validation').click();\ncy.get('.c-base-modal__text-error').should('have.text', 'Email inválido');",
              "err": {},
              "uuid": "971e6776-5746-43e1-af4f-79ccdc7465a5",
              "parentUUID": "795a668d-7ea8-4e59-ba45-9eaa05877693",
              "isHook": false,
              "skipped": false
            },
            {
              "title": "Tentar alterar email de recuperacao de senha utilizando Email ja existente",
              "fullTitle": "Recuperar Senha Tentar alterar email de recuperacao de senha utilizando Email ja existente",
              "timedOut": null,
              "duration": 15496,
              "state": "failed",
              "speed": null,
              "pass": false,
              "fail": true,
              "pending": false,
              "context": null,
              "code": "cy.get('.menu-profile__indicator').click();\ncy.get('.menu-profile > #menu-profile-panel > .menu-profile__panel-content > .menu-profile__panel-row > #btnLogin').click();\ncy.get('#forgot-pass').click();\ncy.get('#hcp-type').select('Farmacêutico (CRF)');\ncy.get('#uf').select('RS');\ncy.get('#lf-registro').type('1234');\ncy.get('#sf-email-different').click({\n  force: true\n});\ncy.get('.c-base-modal-content__body > :nth-child(1) > .c-text--h2').should('have.text', 'Esqueci minha senha');\ncy.get('.c-base-modal-content__body > :nth-child(8) > span').click({\n  force: true\n});\ncy.get('.c-text--h2 > strong').should('have.text', 'Habilitar novo Email');\ncy.get('#sf-phone').type('489977777777');\ncy.get('.c-base-modal-content__paper').click();\ncy.get('#lf-email').type('maria@teste.com');\ncy.get('#sf-continue-validation').click();\ncy.get('.c-base-modal__text-error').should('have.text', 'Já existe um usuário com este e-mail');",
              "err": {
                "message": "CypressError: Timed out retrying after 4050ms: `cy.click()` failed because this element is `disabled`:\n\n`<button type=\"button\" class=\"c-base-modal-content__button\" id=\"sf-continue-validation\" disabled=\"disabled\">Habilit...</button>`\n\nFix this problem, or use `{force: true}` to disable error checking.\n\nhttps://on.cypress.io/element-cannot-be-interacted-with",
                "estack": "CypressError: Timed out retrying after 4050ms: `cy.click()` failed because this element is `disabled`:\n\n`<button type=\"button\" class=\"c-base-modal-content__button\" id=\"sf-continue-validation\" disabled=\"disabled\">Habilit...</button>`\n\nFix this problem, or use `{force: true}` to disable error checking.\n\nhttps://on.cypress.io/element-cannot-be-interacted-with\n    at $Cy.ensureNotDisabled (https://stg-cd.sanoficonecta.com.br/__cypress/runner/cypress_runner.js:144000:24)\n    at runAllChecks (https://stg-cd.sanoficonecta.com.br/__cypress/runner/cypress_runner.js:132645:14)\n    at retryActionability (https://stg-cd.sanoficonecta.com.br/__cypress/runner/cypress_runner.js:132719:16)\n    at tryCatcher (https://stg-cd.sanoficonecta.com.br/__cypress/runner/cypress_runner.js:10798:23)\n    at Function.Promise.attempt.Promise.try (https://stg-cd.sanoficonecta.com.br/__cypress/runner/cypress_runner.js:8072:29)\n    at tryFn (https://stg-cd.sanoficonecta.com.br/__cypress/runner/cypress_runner.js:148863:21)\n    at whenStable (https://stg-cd.sanoficonecta.com.br/__cypress/runner/cypress_runner.js:148901:12)\n    at https://stg-cd.sanoficonecta.com.br/__cypress/runner/cypress_runner.js:148393:16\n    at tryCatcher (https://stg-cd.sanoficonecta.com.br/__cypress/runner/cypress_runner.js:10798:23)\n    at Promise._settlePromiseFromHandler (https://stg-cd.sanoficonecta.com.br/__cypress/runner/cypress_runner.js:8733:31)\n    at Promise._settlePromise (https://stg-cd.sanoficonecta.com.br/__cypress/runner/cypress_runner.js:8790:18)\n    at Promise._settlePromise0 (https://stg-cd.sanoficonecta.com.br/__cypress/runner/cypress_runner.js:8835:10)\n    at Promise._settlePromises (https://stg-cd.sanoficonecta.com.br/__cypress/runner/cypress_runner.js:8915:18)\n    at Promise._fulfill (https://stg-cd.sanoficonecta.com.br/__cypress/runner/cypress_runner.js:8859:18)\n    at https://stg-cd.sanoficonecta.com.br/__cypress/runner/cypress_runner.js:10473:46\nFrom Your Spec Code:\n    at Context.eval (https://stg-cd.sanoficonecta.com.br/__cypress/tests?p=cypress/integration/recuperar-senha.js:222:39)",
                "diff": null
              },
              "uuid": "40c7928f-9aab-4cb9-aff0-42cc8013b72b",
              "parentUUID": "795a668d-7ea8-4e59-ba45-9eaa05877693",
              "isHook": false,
              "skipped": false
            },
            {
              "title": "Verificar obrigatoriedade dos campos UF e Registro ao Recuperar senha",
              "fullTitle": "Recuperar Senha Verificar obrigatoriedade dos campos UF e Registro ao Recuperar senha",
              "timedOut": null,
              "duration": 6751,
              "state": "passed",
              "speed": "slow",
              "pass": true,
              "fail": false,
              "pending": false,
              "context": null,
              "code": "cy.get('.menu-profile__indicator').click();\ncy.get('.menu-profile > #menu-profile-panel > .menu-profile__panel-content > .menu-profile__panel-row > #btnLogin').click();\ncy.get('#forgot-pass').click();\ncy.get('#sf-email-different').click({\n  force: true\n});\ncy.get('#uf-error').should('have.text', 'Escolher Estado');\ncy.get('#registro-error').should('have.text', 'Favor informar seu número de registro');",
              "err": {},
              "uuid": "0a0ddaab-c3d4-4c30-809c-aec4eb575b87",
              "parentUUID": "795a668d-7ea8-4e59-ba45-9eaa05877693",
              "isHook": false,
              "skipped": false
            }
          ],
          "suites": [],
          "passes": [
            "76d5ffbe-44a6-4f22-8d69-d4c439b9c9ea",
            "823ecce0-53d8-4e78-b765-f92ed0765c92",
            "0df9cffc-6e63-4480-9248-410a6d76b350",
            "a2cb4281-86a6-425a-8ae3-61935ae8fc80",
            "971e6776-5746-43e1-af4f-79ccdc7465a5",
            "0a0ddaab-c3d4-4c30-809c-aec4eb575b87"
          ],
          "failures": [
            "40c7928f-9aab-4cb9-aff0-42cc8013b72b"
          ],
          "pending": [],
          "skipped": [],
          "duration": 87861,
          "root": false,
          "rootEmpty": false,
          "_timeout": 2000
        }
      ],
      "passes": [],
      "failures": [],
      "pending": [],
      "skipped": [],
      "duration": 0,
      "root": true,
      "rootEmpty": true,
      "_timeout": 2000
    }
  ],
  "meta": {
    "mocha": {
      "version": "7.0.1"
    },
    "mochawesome": {
      "options": {
        "quiet": true,
        "reportFilename": "mochawesome",
        "saveHtml": false,
        "saveJson": true,
        "consoleReporter": "spec",
        "useInlineDiffs": false,
        "code": true
      },
      "version": "6.3.1"
    },
    "marge": {
      "options": {
        "id": "default",
        "reportDir": "mochawesome-report",
        "quiet": true,
        "overwrite": false,
        "html": false,
        "json": true
      },
      "version": "5.2.0"
    }
  }
}