{
  "stats": {
    "suites": 1,
    "tests": 6,
    "passes": 6,
    "pending": 0,
    "failures": 0,
    "start": "2022-03-26T08:18:27.075Z",
    "end": "2022-03-26T08:19:34.802Z",
    "duration": 67727,
    "testsRegistered": 6,
    "passPercent": 100,
    "pendingPercent": 0,
    "other": 0,
    "hasOther": false,
    "skipped": 0,
    "hasSkipped": false
  },
  "results": [
    {
      "uuid": "babc9db9-6526-43e2-bb02-a7db78fc407c",
      "title": "",
      "fullFile": "cypress/integration/cadastro.spec.js",
      "file": "cypress/integration/cadastro.spec.js",
      "beforeHooks": [],
      "afterHooks": [],
      "tests": [],
      "suites": [
        {
          "uuid": "f07f50b8-893e-41cc-bfdb-dc1b59178581",
          "title": "Cadastro",
          "fullFile": "",
          "file": "",
          "beforeHooks": [],
          "afterHooks": [],
          "tests": [
            {
              "title": "Tentar realizar cadastro de Médico com registro invalido",
              "fullTitle": "Cadastro Tentar realizar cadastro de Médico com registro invalido",
              "timedOut": null,
              "duration": 21381,
              "state": "passed",
              "speed": "slow",
              "pass": true,
              "fail": false,
              "pending": false,
              "context": null,
              "code": "_cadastro.default.cadastroMedicoComRegistroInvalido();",
              "err": {},
              "uuid": "6925a1f2-54ac-4e2d-9e02-2896120563e8",
              "parentUUID": "f07f50b8-893e-41cc-bfdb-dc1b59178581",
              "isHook": false,
              "skipped": false
            },
            {
              "title": "Tentar realizar cadastro de Médico sem aceitar os termos",
              "fullTitle": "Cadastro Tentar realizar cadastro de Médico sem aceitar os termos",
              "timedOut": null,
              "duration": 7055,
              "state": "passed",
              "speed": "slow",
              "pass": true,
              "fail": false,
              "pending": false,
              "context": null,
              "code": "_cadastro.default.cadastroMedicoSemAceitarTermos();",
              "err": {},
              "uuid": "bce3ced3-90b0-4797-94c5-a593fe3542f5",
              "parentUUID": "f07f50b8-893e-41cc-bfdb-dc1b59178581",
              "isHook": false,
              "skipped": false
            },
            {
              "title": "Tentar realizar cadastro de Médico com registro já cadastrado",
              "fullTitle": "Cadastro Tentar realizar cadastro de Médico com registro já cadastrado",
              "timedOut": null,
              "duration": 8610,
              "state": "passed",
              "speed": "slow",
              "pass": true,
              "fail": false,
              "pending": false,
              "context": null,
              "code": "_cadastro.default.cadastroMedicoComRegistroJaCadastrado();",
              "err": {},
              "uuid": "bd02de41-eb76-444b-94d3-87fb59491987",
              "parentUUID": "f07f50b8-893e-41cc-bfdb-dc1b59178581",
              "isHook": false,
              "skipped": false
            },
            {
              "title": "Tentar realizar cadastro de Médico com email já cadastrado",
              "fullTitle": "Cadastro Tentar realizar cadastro de Médico com email já cadastrado",
              "timedOut": null,
              "duration": 9418,
              "state": "passed",
              "speed": "slow",
              "pass": true,
              "fail": false,
              "pending": false,
              "context": null,
              "code": "_cadastro.default.cadastroMedicoComEmailJaCadastrado();",
              "err": {},
              "uuid": "b64c8e45-3174-4d3b-bd7f-0269f7bb39ed",
              "parentUUID": "f07f50b8-893e-41cc-bfdb-dc1b59178581",
              "isHook": false,
              "skipped": false
            },
            {
              "title": "Tentar realizar cadastro de Médico sem informar os dados obrigatórios",
              "fullTitle": "Cadastro Tentar realizar cadastro de Médico sem informar os dados obrigatórios",
              "timedOut": null,
              "duration": 6258,
              "state": "passed",
              "speed": "slow",
              "pass": true,
              "fail": false,
              "pending": false,
              "context": null,
              "code": "_cadastro.default.cadastroMedicoSemInformarDadosObrigatorios();",
              "err": {},
              "uuid": "c7eb950d-116c-4707-a930-1e4924d48e9f",
              "parentUUID": "f07f50b8-893e-41cc-bfdb-dc1b59178581",
              "isHook": false,
              "skipped": false
            },
            {
              "title": "Realizar cadastro de Nutricionista com sucesso",
              "fullTitle": "Cadastro Realizar cadastro de Nutricionista com sucesso",
              "timedOut": null,
              "duration": 14886,
              "state": "passed",
              "speed": "slow",
              "pass": true,
              "fail": false,
              "pending": false,
              "context": null,
              "code": "_cadastro.default.cadastroNutricionista();",
              "err": {},
              "uuid": "7c36bf27-bc0c-49d4-979f-114fef5403ca",
              "parentUUID": "f07f50b8-893e-41cc-bfdb-dc1b59178581",
              "isHook": false,
              "skipped": false
            }
          ],
          "suites": [],
          "passes": [
            "6925a1f2-54ac-4e2d-9e02-2896120563e8",
            "bce3ced3-90b0-4797-94c5-a593fe3542f5",
            "bd02de41-eb76-444b-94d3-87fb59491987",
            "b64c8e45-3174-4d3b-bd7f-0269f7bb39ed",
            "c7eb950d-116c-4707-a930-1e4924d48e9f",
            "7c36bf27-bc0c-49d4-979f-114fef5403ca"
          ],
          "failures": [],
          "pending": [],
          "skipped": [],
          "duration": 67608,
          "root": false,
          "rootEmpty": false,
          "_timeout": 2000
        }
      ],
      "passes": [],
      "failures": [],
      "pending": [],
      "skipped": [],
      "duration": 0,
      "root": true,
      "rootEmpty": true,
      "_timeout": 2000
    }
  ],
  "meta": {
    "mocha": {
      "version": "7.0.1"
    },
    "mochawesome": {
      "options": {
        "quiet": true,
        "reportFilename": "mochawesome",
        "saveHtml": false,
        "saveJson": true,
        "consoleReporter": "spec",
        "useInlineDiffs": false,
        "code": true
      },
      "version": "6.3.1"
    },
    "marge": {
      "options": {
        "id": "default",
        "reportDir": "mochawesome-report",
        "quiet": true,
        "overwrite": false,
        "html": false,
        "json": true
      },
      "version": "5.2.0"
    }
  }
}