{
  "stats": {
    "suites": 1,
    "tests": 10,
    "passes": 4,
    "pending": 0,
    "failures": 6,
    "start": "2022-06-14T08:25:55.785Z",
    "end": "2022-06-14T08:29:30.390Z",
    "duration": 214605,
    "testsRegistered": 10,
    "passPercent": 40,
    "pendingPercent": 0,
    "other": 0,
    "hasOther": false,
    "skipped": 0,
    "hasSkipped": false
  },
  "results": [
    {
      "uuid": "ab2cb1b8-3341-4c5a-a21d-e698411a2272",
      "title": "",
      "fullFile": "cypress/integration/meu-perfil.spec.js",
      "file": "cypress/integration/meu-perfil.spec.js",
      "beforeHooks": [],
      "afterHooks": [],
      "tests": [],
      "suites": [
        {
          "uuid": "87977a67-abb3-4296-aaba-f0a4674d9aa7",
          "title": "Meu Perfil",
          "fullFile": "",
          "file": "",
          "beforeHooks": [],
          "afterHooks": [],
          "tests": [
            {
              "title": "Alterar senha",
              "fullTitle": "Meu Perfil Alterar senha",
              "timedOut": null,
              "duration": 32970,
              "state": "failed",
              "speed": null,
              "pass": false,
              "fail": true,
              "pending": false,
              "context": null,
              "code": "_login.default.loginMedico();\n_meuPerfil.default.AcessarMinhaConta();\ncy.get('.c-my-profile__section-form-buttons > .c-my-profile__button').click();\ncy.get('.modal-change-password__form > :nth-child(1) > .form-element > :nth-child(1) > .input-wrapper > .input-wrapper__text-input').type('123456');\ncy.get('.modal-change-password__form > :nth-child(2) > .form-element > :nth-child(1) > .input-wrapper > .input-wrapper__text-input').type('123456');\ncy.get('.modal-change-password__form-buttons > button').click({\n  force: true\n});\ncy.get('.grid-lg-11 > .c-text').should('have.text', 'Dados alterados com sucesso');",
              "err": {
                "message": "AssertionError: Timed out retrying after 4000ms: Expected to find element: `.c-my-profile__section-form-buttons > .c-my-profile__button`, but never found it.",
                "estack": "AssertionError: Timed out retrying after 4000ms: Expected to find element: `.c-my-profile__section-form-buttons > .c-my-profile__button`, but never found it.\n    at Context.eval (https://stg-cd.sanoficonecta.com.br/__cypress/tests?p=cypress/integration/meu-perfil.spec.js:135:8)",
                "diff": null
              },
              "uuid": "f078d132-2d49-47b7-b4ee-3c6b538d18ca",
              "parentUUID": "87977a67-abb3-4296-aaba-f0a4674d9aa7",
              "isHook": false,
              "skipped": false
            },
            {
              "title": "Tentar alterar senha, utilizando uma senha com menos de seis caracteres",
              "fullTitle": "Meu Perfil Tentar alterar senha, utilizando uma senha com menos de seis caracteres",
              "timedOut": null,
              "duration": 18774,
              "state": "failed",
              "speed": null,
              "pass": false,
              "fail": true,
              "pending": false,
              "context": null,
              "code": "_login.default.loginMedico();\n_meuPerfil.default.AcessarMinhaConta();\ncy.get('.c-my-profile__section-form-buttons > .c-my-profile__button').click();\ncy.get('.modal-change-password__form > :nth-child(1) > .form-element > :nth-child(1) > .input-wrapper > .input-wrapper__text-input').type('123');\ncy.contains('Senha inválida').should('have.text', 'Senha inválida');",
              "err": {
                "message": "AssertionError: Timed out retrying after 4000ms: Expected to find element: `.c-my-profile__section-form-buttons > .c-my-profile__button`, but never found it.",
                "estack": "AssertionError: Timed out retrying after 4000ms: Expected to find element: `.c-my-profile__section-form-buttons > .c-my-profile__button`, but never found it.\n    at Context.eval (https://stg-cd.sanoficonecta.com.br/__cypress/tests?p=cypress/integration/meu-perfil.spec.js:148:8)",
                "diff": null
              },
              "uuid": "6f4a1e43-a2de-4721-881d-be92708d4fec",
              "parentUUID": "87977a67-abb3-4296-aaba-f0a4674d9aa7",
              "isHook": false,
              "skipped": false
            },
            {
              "title": "Tentar alterar senha, utilizando a senha de confirmação diferente",
              "fullTitle": "Meu Perfil Tentar alterar senha, utilizando a senha de confirmação diferente",
              "timedOut": null,
              "duration": 19482,
              "state": "failed",
              "speed": null,
              "pass": false,
              "fail": true,
              "pending": false,
              "context": null,
              "code": "_login.default.loginMedico();\n_meuPerfil.default.AcessarMinhaConta();\ncy.get('.c-my-profile__section-form-buttons > .c-my-profile__button').click();\ncy.get('.modal-change-password__form > :nth-child(1) > .form-element > :nth-child(1) > .input-wrapper > .input-wrapper__text-input').type('Teste@123');\ncy.get('.modal-change-password__form > :nth-child(2) > .form-element > :nth-child(1) > .input-wrapper > .input-wrapper__text-input').type('Teste@999');\ncy.get('.modal-change-password__form-buttons > button').click({\n  force: true\n});\ncy.contains('Os Passwords digitados estão diferentes.').should('have.text', 'Os Passwords digitados estão diferentes.');",
              "err": {
                "message": "AssertionError: Timed out retrying after 4000ms: Expected to find element: `.c-my-profile__section-form-buttons > .c-my-profile__button`, but never found it.",
                "estack": "AssertionError: Timed out retrying after 4000ms: Expected to find element: `.c-my-profile__section-form-buttons > .c-my-profile__button`, but never found it.\n    at Context.eval (https://stg-cd.sanoficonecta.com.br/__cypress/tests?p=cypress/integration/meu-perfil.spec.js:157:8)",
                "diff": null
              },
              "uuid": "fc7ae19a-91ce-4a49-b49e-d6f0edfc2ef4",
              "parentUUID": "87977a67-abb3-4296-aaba-f0a4674d9aa7",
              "isHook": false,
              "skipped": false
            },
            {
              "title": "Alterar numero do celular",
              "fullTitle": "Meu Perfil Alterar numero do celular",
              "timedOut": null,
              "duration": 18671,
              "state": "passed",
              "speed": "slow",
              "pass": true,
              "fail": false,
              "pending": false,
              "context": null,
              "code": "_login.default.loginMedico();\n_meuPerfil.default.AcessarMinhaConta();\ncy.get(':nth-child(3) > .form-element > :nth-child(1) > .input-wrapper > .input-wrapper__text-input').clear().type('51987165588{enter}');\ncy.get(':nth-child(2) > #profile').click(); // Falta validacão, pois não temos um feedback ao salvar a alteração.",
              "err": {},
              "uuid": "00c02440-4dc3-4950-b7d7-8380579ad60c",
              "parentUUID": "87977a67-abb3-4296-aaba-f0a4674d9aa7",
              "isHook": false,
              "skipped": false
            },
            {
              "title": "Alterar numero do celular utilizando um numero inválido",
              "fullTitle": "Meu Perfil Alterar numero do celular utilizando um numero inválido",
              "timedOut": null,
              "duration": 17449,
              "state": "passed",
              "speed": "slow",
              "pass": true,
              "fail": false,
              "pending": false,
              "context": null,
              "code": "_login.default.loginMedico();\n_meuPerfil.default.AcessarMinhaConta();\ncy.get(':nth-child(3) > .form-element > :nth-child(1) > .input-wrapper > .input-wrapper__text-input').clear().type('00111111111{enter}');\ncy.get(':nth-child(3) > .form-element > .form-element__error-message').should('have.text', 'Celular inválido');",
              "err": {},
              "uuid": "063b9d25-10e2-47e8-9b5e-66758eaa322f",
              "parentUUID": "87977a67-abb3-4296-aaba-f0a4674d9aa7",
              "isHook": false,
              "skipped": false
            },
            {
              "title": "Alterar email",
              "fullTitle": "Meu Perfil Alterar email",
              "timedOut": null,
              "duration": 16773,
              "state": "passed",
              "speed": "slow",
              "pass": true,
              "fail": false,
              "pending": false,
              "context": null,
              "code": "_login.default.loginMedico();\n_meuPerfil.default.AcessarMinhaConta();\ncy.get(':nth-child(4) > .form-element > :nth-child(1) > .input-wrapper > .input-wrapper__text-input').clear().type('medico04@teste.com.br{enter}');",
              "err": {},
              "uuid": "202029c5-4da3-4228-a63a-924e2e6a4da1",
              "parentUUID": "87977a67-abb3-4296-aaba-f0a4674d9aa7",
              "isHook": false,
              "skipped": false
            },
            {
              "title": "Alterar email utilizando email inválido",
              "fullTitle": "Meu Perfil Alterar email utilizando email inválido",
              "timedOut": null,
              "duration": 18660,
              "state": "passed",
              "speed": "slow",
              "pass": true,
              "fail": false,
              "pending": false,
              "context": null,
              "code": "_login.default.loginMedico();\n_meuPerfil.default.AcessarMinhaConta();\ncy.get(':nth-child(4) > .form-element > :nth-child(1) > .input-wrapper > .input-wrapper__text-input').clear().type('testemedico{enter}');\ncy.get(':nth-child(2) > #profile').click();\ncy.get(':nth-child(4) > .form-element > .form-element__error-message').should('have.text', 'E-mail inválido');",
              "err": {},
              "uuid": "26b4d1fa-b85b-4ddd-a134-5ec713cf1967",
              "parentUUID": "87977a67-abb3-4296-aaba-f0a4674d9aa7",
              "isHook": false,
              "skipped": false
            },
            {
              "title": "Tentar alterar email ja existente",
              "fullTitle": "Meu Perfil Tentar alterar email ja existente",
              "timedOut": null,
              "duration": 24902,
              "state": "failed",
              "speed": null,
              "pass": false,
              "fail": true,
              "pending": false,
              "context": null,
              "code": "_login.default.loginMedico();\n_meuPerfil.default.AcessarMinhaConta();\ncy.get(':nth-child(4) > .form-element > :nth-child(1) > .input-wrapper > .input-wrapper__text-input').clear().type('testemedico@grr.la{enter}');\ncy.wait(2000);\ncy.get('.c-my-profile__save-container--btn').click(); // Falta validacão, pois não temos um feedback ao salvar a alteração.\ncy.get('.header__profile').click();\ncy.get('.menu-drawer__signout > span').click();",
              "err": {
                "message": "AssertionError: Timed out retrying after 4000ms: Expected to find element: `.c-my-profile__save-container--btn`, but never found it.",
                "estack": "AssertionError: Timed out retrying after 4000ms: Expected to find element: `.c-my-profile__save-container--btn`, but never found it.\n    at Context.eval (https://stg-cd.sanoficonecta.com.br/__cypress/tests?p=cypress/integration/meu-perfil.spec.js:204:8)",
                "diff": null
              },
              "uuid": "5dbe6ed8-4637-44d4-a3db-9a3017b67a0f",
              "parentUUID": "87977a67-abb3-4296-aaba-f0a4674d9aa7",
              "isHook": false,
              "skipped": false
            },
            {
              "title": "Adicionar Interesse e Especialidade para usuário perfil de médico",
              "fullTitle": "Meu Perfil Adicionar Interesse e Especialidade para usuário perfil de médico",
              "timedOut": null,
              "duration": 22038,
              "state": "failed",
              "speed": null,
              "pass": false,
              "fail": true,
              "pending": false,
              "context": null,
              "code": "_login.default.loginMedico();\n_meuPerfil.default.AcessarMinhaConta();\ncy.get(':nth-child(3) > #profile > .grid-md-10 > .c-accordion-item__title-text > .c-my-profile__section-error').click();\ncy.get('#expertiseprimary').select('Endoscopia');\ncy.get('#expertisesecondary').select('Geriatria');\ncy.get(':nth-child(9) > .c-select-list__option').click();\ncy.get('.c-my-profile__save-container--btn').click();\ncy.get('.grid-lg-11 > .c-text').should('have.text', 'Dados alterados com sucesso');\ncy.wait(2000);\ncy.get(':nth-child(9) > .c-select-list__option').click();\ncy.get('.grid-lg-11 > .c-text').should('have.text', 'Dados alterados com sucesso');",
              "err": {
                "message": "AssertionError: Timed out retrying after 4000ms: Expected to find element: `.c-my-profile__save-container--btn`, but never found it.",
                "estack": "AssertionError: Timed out retrying after 4000ms: Expected to find element: `.c-my-profile__save-container--btn`, but never found it.\n    at Context.eval (https://stg-cd.sanoficonecta.com.br/__cypress/tests?p=cypress/integration/meu-perfil.spec.js:218:8)",
                "diff": null
              },
              "uuid": "a1924f03-c1c9-4298-85b2-6199756e2a3d",
              "parentUUID": "87977a67-abb3-4296-aaba-f0a4674d9aa7",
              "isHook": false,
              "skipped": false
            },
            {
              "title": "Alterar especialidades para usuário perfil de médico",
              "fullTitle": "Meu Perfil Alterar especialidades para usuário perfil de médico",
              "timedOut": null,
              "duration": 24402,
              "state": "failed",
              "speed": null,
              "pass": false,
              "fail": true,
              "pending": false,
              "context": null,
              "code": "_login.default.loginMedico();\n_meuPerfil.default.AcessarMinhaConta();\ncy.get(':nth-child(3) > #profile > .grid-md-10 > .c-accordion-item__title-text > .c-my-profile__section-error').click();\ncy.get('#expertiseprimary').select('Angiologia');\ncy.get('#expertisesecondary').select('Cirurgia geral');\ncy.get('.c-my-profile__save-container--btn').click();\ncy.get('.grid-lg-11 > .c-text').should('have.text', 'Dados alterados com sucesso');\ncy.get('#expertiseprimary').select('Cardiologia');\ncy.get('#expertisesecondary').select('Neurologia');\ncy.get('.c-my-profile__save-container--btn').click();\ncy.get('.grid-lg-11 > .c-text').should('have.text', 'Dados alterados com sucesso');",
              "err": {
                "message": "AssertionError: Timed out retrying after 4000ms: Expected to find element: `.c-my-profile__save-container--btn`, but never found it.",
                "estack": "AssertionError: Timed out retrying after 4000ms: Expected to find element: `.c-my-profile__save-container--btn`, but never found it.\n    at Context.eval (https://stg-cd.sanoficonecta.com.br/__cypress/tests?p=cypress/integration/meu-perfil.spec.js:232:8)",
                "diff": null
              },
              "uuid": "c5a8a270-eed3-4cf9-902c-e727945c06c6",
              "parentUUID": "87977a67-abb3-4296-aaba-f0a4674d9aa7",
              "isHook": false,
              "skipped": false
            }
          ],
          "suites": [],
          "passes": [
            "00c02440-4dc3-4950-b7d7-8380579ad60c",
            "063b9d25-10e2-47e8-9b5e-66758eaa322f",
            "202029c5-4da3-4228-a63a-924e2e6a4da1",
            "26b4d1fa-b85b-4ddd-a134-5ec713cf1967"
          ],
          "failures": [
            "f078d132-2d49-47b7-b4ee-3c6b538d18ca",
            "6f4a1e43-a2de-4721-881d-be92708d4fec",
            "fc7ae19a-91ce-4a49-b49e-d6f0edfc2ef4",
            "5dbe6ed8-4637-44d4-a3db-9a3017b67a0f",
            "a1924f03-c1c9-4298-85b2-6199756e2a3d",
            "c5a8a270-eed3-4cf9-902c-e727945c06c6"
          ],
          "pending": [],
          "skipped": [],
          "duration": 214121,
          "root": false,
          "rootEmpty": false,
          "_timeout": 2000
        }
      ],
      "passes": [],
      "failures": [],
      "pending": [],
      "skipped": [],
      "duration": 0,
      "root": true,
      "rootEmpty": true,
      "_timeout": 2000
    }
  ],
  "meta": {
    "mocha": {
      "version": "7.0.1"
    },
    "mochawesome": {
      "options": {
        "quiet": true,
        "reportFilename": "mochawesome",
        "saveHtml": false,
        "saveJson": true,
        "consoleReporter": "spec",
        "useInlineDiffs": false,
        "code": true
      },
      "version": "6.3.1"
    },
    "marge": {
      "options": {
        "id": "default",
        "reportDir": "mochawesome-report",
        "quiet": true,
        "overwrite": false,
        "html": false,
        "json": true
      },
      "version": "5.2.0"
    }
  }
}