{
  "stats": {
    "suites": 1,
    "tests": 6,
    "passes": 4,
    "pending": 0,
    "failures": 2,
    "start": "2023-10-25T08:17:15.837Z",
    "end": "2023-10-25T08:18:22.443Z",
    "duration": 66606,
    "testsRegistered": 6,
    "passPercent": 66.66666666666666,
    "pendingPercent": 0,
    "other": 0,
    "hasOther": false,
    "skipped": 0,
    "hasSkipped": false
  },
  "results": [
    {
      "uuid": "a1e2d57f-ed48-4cf5-bedb-2e2e27a6a262",
      "title": "",
      "fullFile": "cypress/integration/cadastro.spec.js",
      "file": "cypress/integration/cadastro.spec.js",
      "beforeHooks": [],
      "afterHooks": [],
      "tests": [],
      "suites": [
        {
          "uuid": "bb607809-8882-420b-95b2-9ca1d04d8598",
          "title": "Cadastro",
          "fullFile": "",
          "file": "",
          "beforeHooks": [],
          "afterHooks": [],
          "tests": [
            {
              "title": "Tentar realizar cadastro de Médico com registro invalido",
              "fullTitle": "Cadastro Tentar realizar cadastro de Médico com registro invalido",
              "timedOut": null,
              "duration": 20192,
              "state": "passed",
              "speed": "slow",
              "pass": true,
              "fail": false,
              "pending": false,
              "context": null,
              "code": "_cadastro.default.cadastroMedicoComRegistroInvalido();",
              "err": {},
              "uuid": "1b439912-6bd3-4548-9429-9deeeb88ce41",
              "parentUUID": "bb607809-8882-420b-95b2-9ca1d04d8598",
              "isHook": false,
              "skipped": false
            },
            {
              "title": "Tentar realizar cadastro de Médico sem aceitar os termos",
              "fullTitle": "Cadastro Tentar realizar cadastro de Médico sem aceitar os termos",
              "timedOut": null,
              "duration": 6657,
              "state": "passed",
              "speed": "slow",
              "pass": true,
              "fail": false,
              "pending": false,
              "context": null,
              "code": "_cadastro.default.cadastroMedicoSemAceitarTermos();",
              "err": {},
              "uuid": "f27f1ac3-9a21-490c-8e90-791c0ade866e",
              "parentUUID": "bb607809-8882-420b-95b2-9ca1d04d8598",
              "isHook": false,
              "skipped": false
            },
            {
              "title": "Tentar realizar cadastro de Médico com registro já cadastrado",
              "fullTitle": "Cadastro Tentar realizar cadastro de Médico com registro já cadastrado",
              "timedOut": null,
              "duration": 10421,
              "state": "failed",
              "speed": null,
              "pass": false,
              "fail": true,
              "pending": false,
              "context": null,
              "code": "_cadastro.default.cadastroMedicoComRegistroJaCadastrado();",
              "err": {
                "message": "AssertionError: Timed out retrying after 4000ms: Expected to find element: `.c-text--h3 > strong`, but never found it.",
                "estack": "AssertionError: Timed out retrying after 4000ms: Expected to find element: `.c-text--h3 > strong`, but never found it.\n    at Cadastro.cadastroMedicoComRegistroJaCadastrado (https://stg-cd.sanoficonecta.com.br/__cypress/tests?p=cypress/integration/cadastro.spec.js:2399:37)\n    at Context.eval (https://stg-cd.sanoficonecta.com.br/__cypress/tests?p=cypress/integration/cadastro.spec.js:2241:23)",
                "diff": null
              },
              "uuid": "e980dd00-fe06-4f3c-8bf0-54ac7e05c236",
              "parentUUID": "bb607809-8882-420b-95b2-9ca1d04d8598",
              "isHook": false,
              "skipped": false
            },
            {
              "title": "Tentar realizar cadastro de Médico com email já cadastrado",
              "fullTitle": "Cadastro Tentar realizar cadastro de Médico com email já cadastrado",
              "timedOut": null,
              "duration": 10767,
              "state": "failed",
              "speed": null,
              "pass": false,
              "fail": true,
              "pending": false,
              "context": null,
              "code": "_cadastro.default.cadastroMedicoComEmailJaCadastrado();",
              "err": {
                "message": "AssertionError: Timed out retrying after 4000ms: Expected to find element: `.c-text--h3 > strong`, but never found it.",
                "estack": "AssertionError: Timed out retrying after 4000ms: Expected to find element: `.c-text--h3 > strong`, but never found it.\n    at Cadastro.cadastroMedicoComEmailJaCadastrado (https://stg-cd.sanoficonecta.com.br/__cypress/tests?p=cypress/integration/cadastro.spec.js:2413:34)\n    at Context.eval (https://stg-cd.sanoficonecta.com.br/__cypress/tests?p=cypress/integration/cadastro.spec.js:2244:23)",
                "diff": null
              },
              "uuid": "f8458e11-b0c2-422f-a6fa-719c1a1fd3bf",
              "parentUUID": "bb607809-8882-420b-95b2-9ca1d04d8598",
              "isHook": false,
              "skipped": false
            },
            {
              "title": "Tentar realizar cadastro de Médico sem informar os dados obrigatórios",
              "fullTitle": "Cadastro Tentar realizar cadastro de Médico sem informar os dados obrigatórios",
              "timedOut": null,
              "duration": 5654,
              "state": "passed",
              "speed": "slow",
              "pass": true,
              "fail": false,
              "pending": false,
              "context": null,
              "code": "_cadastro.default.cadastroMedicoSemInformarDadosObrigatorios();",
              "err": {},
              "uuid": "fc27a46b-b31d-476a-b89e-376dfcda8722",
              "parentUUID": "bb607809-8882-420b-95b2-9ca1d04d8598",
              "isHook": false,
              "skipped": false
            },
            {
              "title": "Realizar cadastro de Nutricionista com sucesso",
              "fullTitle": "Cadastro Realizar cadastro de Nutricionista com sucesso",
              "timedOut": null,
              "duration": 12755,
              "state": "passed",
              "speed": "slow",
              "pass": true,
              "fail": false,
              "pending": false,
              "context": null,
              "code": "_cadastro.default.cadastroNutricionista();",
              "err": {},
              "uuid": "cc7d8115-c989-4008-b008-00e6defe6c19",
              "parentUUID": "bb607809-8882-420b-95b2-9ca1d04d8598",
              "isHook": false,
              "skipped": false
            }
          ],
          "suites": [],
          "passes": [
            "1b439912-6bd3-4548-9429-9deeeb88ce41",
            "f27f1ac3-9a21-490c-8e90-791c0ade866e",
            "fc27a46b-b31d-476a-b89e-376dfcda8722",
            "cc7d8115-c989-4008-b008-00e6defe6c19"
          ],
          "failures": [
            "e980dd00-fe06-4f3c-8bf0-54ac7e05c236",
            "f8458e11-b0c2-422f-a6fa-719c1a1fd3bf"
          ],
          "pending": [],
          "skipped": [],
          "duration": 66446,
          "root": false,
          "rootEmpty": false,
          "_timeout": 2000
        }
      ],
      "passes": [],
      "failures": [],
      "pending": [],
      "skipped": [],
      "duration": 0,
      "root": true,
      "rootEmpty": true,
      "_timeout": 2000
    }
  ],
  "meta": {
    "mocha": {
      "version": "7.0.1"
    },
    "mochawesome": {
      "options": {
        "quiet": true,
        "reportFilename": "mochawesome",
        "saveHtml": false,
        "saveJson": true,
        "consoleReporter": "spec",
        "useInlineDiffs": false,
        "code": true
      },
      "version": "6.3.1"
    },
    "marge": {
      "options": {
        "id": "default",
        "reportDir": "mochawesome-report",
        "quiet": true,
        "overwrite": false,
        "html": false,
        "json": true
      },
      "version": "5.2.0"
    }
  }
}