{
  "stats": {
    "suites": 1,
    "tests": 4,
    "passes": 1,
    "pending": 0,
    "failures": 3,
    "start": "2021-11-27T08:18:26.788Z",
    "end": "2021-11-27T08:20:20.050Z",
    "duration": 113262,
    "testsRegistered": 10,
    "passPercent": 10,
    "pendingPercent": 0,
    "other": 0,
    "hasOther": false,
    "skipped": 6,
    "hasSkipped": true
  },
  "results": [
    {
      "uuid": "af6b2252-4d65-4e02-9d97-49e5a91d087f",
      "title": "",
      "fullFile": "cypress/integration/meu-perfil.spec.js",
      "file": "cypress/integration/meu-perfil.spec.js",
      "beforeHooks": [],
      "afterHooks": [],
      "tests": [],
      "suites": [
        {
          "uuid": "7a3cfac0-066e-41b6-b8a0-15bf6dadab93",
          "title": "Meu Perfil",
          "fullFile": "",
          "file": "",
          "beforeHooks": [],
          "afterHooks": [],
          "tests": [
            {
              "title": "Alterar numero do celular",
              "fullTitle": "Meu Perfil Alterar numero do celular",
              "timedOut": null,
              "duration": 41932,
              "state": "failed",
              "speed": null,
              "pass": false,
              "fail": true,
              "pending": false,
              "context": null,
              "code": "_login.default.loginMedico();\ncy.get('.menu-profile__indicator').click();\ncy.get('.menu-profile > #menu-profile-panel > .menu-profile__panel-content > .menu-profile__panel-row > [href=\"/perfil\"]').click();\ncy.get(':nth-child(2) > #profile > .grid-md-10 > .c-accordion-item__title-text > .c-my-profile__section-error').click();\ncy.get(':nth-child(3) > .form-element > :nth-child(1) > .input-wrapper > .input-wrapper__text-input').clear().type('51987165588{enter}');\ncy.wait(2000);\ncy.get('.c-my-profile__save-container--btn').click(); // Falta validacão, pois não temos um feedback ao salvar a alteração.",
              "err": {
                "message": "AssertionError: Timed out retrying after 4000ms: Expected to find element: `.c-my-profile__save-container--btn`, but never found it.",
                "estack": "AssertionError: Timed out retrying after 4000ms: Expected to find element: `.c-my-profile__save-container--btn`, but never found it.\n    at Context.eval (https://stg-cd.sanoficonecta.com.br/__cypress/tests?p=cypress/integration/meu-perfil.spec.js:136:8)",
                "diff": null
              },
              "uuid": "c3a5ff04-59c5-4eb5-9661-62779bb41cbb",
              "parentUUID": "7a3cfac0-066e-41b6-b8a0-15bf6dadab93",
              "isHook": false,
              "skipped": false
            },
            {
              "title": "Alterar numero do celular utilizando um numero inválido",
              "fullTitle": "Meu Perfil Alterar numero do celular utilizando um numero inválido",
              "timedOut": null,
              "duration": 23031,
              "state": "passed",
              "speed": "slow",
              "pass": true,
              "fail": false,
              "pending": false,
              "context": null,
              "code": "_login.default.loginMedico();\ncy.get('.menu-profile__indicator').click();\ncy.get('.menu-profile > #menu-profile-panel > .menu-profile__panel-content > .menu-profile__panel-row > [href=\"/perfil\"]').click();\ncy.get(':nth-child(2) > #profile > .grid-md-10 > .c-accordion-item__title-text > .c-my-profile__section-error').click();\ncy.get(':nth-child(3) > .form-element > :nth-child(1) > .input-wrapper > .input-wrapper__text-input').clear().type('00111111111{enter}');\ncy.get(':nth-child(3) > .form-element > .form-element__error-message').should('have.text', 'Celular inválido');",
              "err": {},
              "uuid": "a75e956d-bf21-4422-a4fd-b376509bd268",
              "parentUUID": "7a3cfac0-066e-41b6-b8a0-15bf6dadab93",
              "isHook": false,
              "skipped": false
            },
            {
              "title": "Alterar email",
              "fullTitle": "Meu Perfil Alterar email",
              "timedOut": null,
              "duration": 20227,
              "state": "failed",
              "speed": null,
              "pass": false,
              "fail": true,
              "pending": false,
              "context": null,
              "code": "_login.default.loginMedico();\ncy.get('.menu-profile__indicator').click();\ncy.get('.menu-profile > #menu-profile-panel > .menu-profile__panel-content > .menu-profile__panel-row > [href=\"/perfil\"]').click();\ncy.get(':nth-child(2) > #profile > .grid-md-10 > .c-accordion-item__title-text > .c-my-profile__section-error').click();\ncy.get(':nth-child(4) > .form-element > :nth-child(1) > .input-wrapper > .input-wrapper__text-input').clear().type('medico04@teste.com.br{enter}');",
              "err": {
                "message": "AssertionError: Timed out retrying after 4000ms: Expected to find element: `:nth-child(2) > #profile > .grid-md-10 > .c-accordion-item__title-text > .c-my-profile__section-error`, but never found it.",
                "estack": "AssertionError: Timed out retrying after 4000ms: Expected to find element: `:nth-child(2) > #profile > .grid-md-10 > .c-accordion-item__title-text > .c-my-profile__section-error`, but never found it.\n    at Context.eval (https://stg-cd.sanoficonecta.com.br/__cypress/tests?p=cypress/integration/meu-perfil.spec.js:152:8)",
                "diff": null
              },
              "uuid": "dc607bde-d787-4faa-bd19-662d707ea86d",
              "parentUUID": "7a3cfac0-066e-41b6-b8a0-15bf6dadab93",
              "isHook": false,
              "skipped": false
            },
            {
              "title": "Tentar alterar email ja existente",
              "fullTitle": "Meu Perfil Tentar alterar email ja existente",
              "timedOut": null,
              "duration": 27760,
              "state": "failed",
              "speed": null,
              "pass": false,
              "fail": true,
              "pending": false,
              "context": null,
              "code": "_login.default.loginMedico();\ncy.get('.menu-profile__indicator').click();\ncy.get('.menu-profile > #menu-profile-panel > .menu-profile__panel-content > .menu-profile__panel-row > [href=\"/perfil\"]').click();\ncy.get(':nth-child(2) > #profile > .grid-md-10 > .c-accordion-item__title-text > .c-my-profile__section-error').click();\ncy.get(':nth-child(4) > .form-element > :nth-child(1) > .input-wrapper > .input-wrapper__text-input').clear().type('testemedico@grr.la{enter}');\ncy.wait(2000);\ncy.get('.c-my-profile__save-container--btn').click(); // Falta validacão, pois não temos um feedback ao salvar a alteração.",
              "err": {
                "message": "AssertionError: Timed out retrying after 4000ms: Expected to find element: `:nth-child(1) > .form-element > :nth-child(1) > .input-wrapper > .input-wrapper__text-input`, but never found it.\n\nBecause this error occurred during a `before each` hook we are skipping all of the remaining tests.",
                "estack": "AssertionError: Timed out retrying after 4000ms: Expected to find element: `:nth-child(1) > .form-element > :nth-child(1) > .input-wrapper > .input-wrapper__text-input`, but never found it.\n\nBecause this error occurred during a `before each` hook we are skipping all of the remaining tests.\n    at LoginSistema.acessarSistema (https://stg-cd.sanoficonecta.com.br/__cypress/tests?p=cypress/integration/meu-perfil.spec.js:296:8)\n    at Context.eval (https://stg-cd.sanoficonecta.com.br/__cypress/tests?p=cypress/integration/meu-perfil.spec.js:125:25)",
                "diff": null
              },
              "uuid": "24faf8e7-37ac-4ccd-8197-ba3e02513ab0",
              "parentUUID": "7a3cfac0-066e-41b6-b8a0-15bf6dadab93",
              "isHook": false,
              "skipped": false
            },
            {
              "title": "Alterar email utilizando email inválido",
              "fullTitle": "Meu Perfil Alterar email utilizando email inválido",
              "timedOut": null,
              "duration": 0,
              "state": "skipped",
              "speed": null,
              "pass": false,
              "fail": false,
              "pending": false,
              "context": null,
              "code": "_login.default.loginMedico();\ncy.get('.menu-profile__indicator').click();\ncy.get('.menu-profile > #menu-profile-panel > .menu-profile__panel-content > .menu-profile__panel-row > [href=\"/perfil\"]').click();\ncy.get(':nth-child(2) > #profile > .grid-md-10 > .c-accordion-item__title-text > .c-my-profile__section-error').click();\ncy.get(':nth-child(4) > .form-element > :nth-child(1) > .input-wrapper > .input-wrapper__text-input').clear().type('testemedico{enter}');\ncy.get(':nth-child(4) > .form-element > .form-element__error-message').should('have.text', 'E-mail inválido');",
              "err": {},
              "uuid": "54a03349-68bd-4ea8-98d8-b4050b3677f2",
              "parentUUID": "7a3cfac0-066e-41b6-b8a0-15bf6dadab93",
              "isHook": false,
              "skipped": true
            },
            {
              "title": "Alterar senha",
              "fullTitle": "Meu Perfil Alterar senha",
              "timedOut": null,
              "duration": 0,
              "state": "skipped",
              "speed": null,
              "pass": false,
              "fail": false,
              "pending": false,
              "context": null,
              "code": "_login.default.loginMedico();\ncy.get('.menu-profile__indicator').click();\ncy.get('.menu-profile > #menu-profile-panel > .menu-profile__panel-content > .menu-profile__panel-row > [href=\"/perfil\"]').click();\ncy.get(':nth-child(2) > #profile > .grid-md-10 > .c-accordion-item__title-text > .c-my-profile__section-error').click();\ncy.get('.c-my-profile__section-form-buttons > .c-my-profile__button').click();\ncy.get('.modal-change-password__form > :nth-child(1) > .form-element > :nth-child(1) > .input-wrapper > .input-wrapper__text-input').type('123456');\ncy.get('.modal-change-password__form > :nth-child(2) > .form-element > :nth-child(1) > .input-wrapper > .input-wrapper__text-input').type('123456');\ncy.get('.modal-change-password__form-buttons > button').click({\n  force: true\n});\ncy.get('.grid-lg-11 > .c-text').should('have.text', 'Dados alterados com sucesso');",
              "err": {},
              "uuid": "f382ed4b-d247-43af-9a99-3be91fa417b3",
              "parentUUID": "7a3cfac0-066e-41b6-b8a0-15bf6dadab93",
              "isHook": false,
              "skipped": true
            },
            {
              "title": "Tentar alterar senha, utilizando uma senha com menos de seis caracteres",
              "fullTitle": "Meu Perfil Tentar alterar senha, utilizando uma senha com menos de seis caracteres",
              "timedOut": null,
              "duration": 0,
              "state": "skipped",
              "speed": null,
              "pass": false,
              "fail": false,
              "pending": false,
              "context": null,
              "code": "_login.default.loginMedico();\ncy.get('.menu-profile__indicator').click();\ncy.get('.menu-profile > #menu-profile-panel > .menu-profile__panel-content > .menu-profile__panel-row > [href=\"/perfil\"]').click();\ncy.get(':nth-child(2) > #profile > .grid-md-10 > .c-accordion-item__title-text > .c-my-profile__section-error').click();\ncy.get('.c-my-profile__section-form-buttons > .c-my-profile__button').click();\ncy.get('.modal-change-password__form > :nth-child(1) > .form-element > :nth-child(1) > .input-wrapper > .input-wrapper__text-input').type('123');\ncy.contains('Senha inválida').should('have.text', 'Senha inválida');",
              "err": {},
              "uuid": "5cef9ada-b2fb-4334-90a7-ac339f814028",
              "parentUUID": "7a3cfac0-066e-41b6-b8a0-15bf6dadab93",
              "isHook": false,
              "skipped": true
            },
            {
              "title": "Tentar alterar senha, utilizando a senha de confirmação diferente",
              "fullTitle": "Meu Perfil Tentar alterar senha, utilizando a senha de confirmação diferente",
              "timedOut": null,
              "duration": 0,
              "state": "skipped",
              "speed": null,
              "pass": false,
              "fail": false,
              "pending": false,
              "context": null,
              "code": "_login.default.loginMedico();\ncy.get('.menu-profile__indicator').click();\ncy.get('.menu-profile > #menu-profile-panel > .menu-profile__panel-content > .menu-profile__panel-row > [href=\"/perfil\"]').click();\ncy.get(':nth-child(2) > #profile > .grid-md-10 > .c-accordion-item__title-text > .c-my-profile__section-error').click();\ncy.get('.c-my-profile__section-form-buttons > .c-my-profile__button').click();\ncy.get('.modal-change-password__form > :nth-child(1) > .form-element > :nth-child(1) > .input-wrapper > .input-wrapper__text-input').type('Teste@123');\ncy.get('.modal-change-password__form > :nth-child(2) > .form-element > :nth-child(1) > .input-wrapper > .input-wrapper__text-input').type('Teste@999');\ncy.get('.modal-change-password__form-buttons > button').click({\n  force: true\n});\ncy.contains('Os Passwords digitados estão diferentes.').should('have.text', 'Os Passwords digitados estão diferentes.');",
              "err": {},
              "uuid": "7e2e0b38-9a38-44ef-b1fb-993dd5c5d466",
              "parentUUID": "7a3cfac0-066e-41b6-b8a0-15bf6dadab93",
              "isHook": false,
              "skipped": true
            },
            {
              "title": "Alterar especialidades para usuário perfil de médico",
              "fullTitle": "Meu Perfil Alterar especialidades para usuário perfil de médico",
              "timedOut": null,
              "duration": 0,
              "state": "skipped",
              "speed": null,
              "pass": false,
              "fail": false,
              "pending": false,
              "context": null,
              "code": "_login.default.loginMedico();\ncy.get('.menu-profile__indicator').click();\ncy.get('.menu-profile > #menu-profile-panel > .menu-profile__panel-content > .menu-profile__panel-row > [href=\"/perfil\"]').click();\ncy.get(':nth-child(2) > #profile > .grid-md-10 > .c-accordion-item__title-text > .c-my-profile__section-error').click();\ncy.wait(2000);\ncy.get(':nth-child(3) > #profile > .grid-md-10 > .c-accordion-item__title-text > .c-my-profile__section-error').click();\ncy.get('#expertiseprimary').select('Angiologia');\ncy.get('#expertisesecondary').select('Cirurgia geral');\ncy.get('.c-my-profile__save-container--btn').click();\ncy.get('.grid-lg-11 > .c-text').should('have.text', 'Dados alterados com sucesso');\ncy.get('#expertiseprimary').select('Cardiologia');\ncy.get('#expertisesecondary').select('Neurologia');\ncy.get('.c-my-profile__save-container--btn').click();\ncy.get('.grid-lg-11 > .c-text').should('have.text', 'Dados alterados com sucesso');",
              "err": {},
              "uuid": "064cb991-c6bb-407a-9524-057e2da55804",
              "parentUUID": "7a3cfac0-066e-41b6-b8a0-15bf6dadab93",
              "isHook": false,
              "skipped": true
            },
            {
              "title": "Adicionar Interesse e Especialidade para usuário perfil de médico",
              "fullTitle": "Meu Perfil Adicionar Interesse e Especialidade para usuário perfil de médico",
              "timedOut": null,
              "duration": 0,
              "state": "skipped",
              "speed": null,
              "pass": false,
              "fail": false,
              "pending": false,
              "context": null,
              "code": "_login.default.loginMedico();\ncy.get('.menu-profile__indicator').click();\ncy.get('.menu-profile > #menu-profile-panel > .menu-profile__panel-content > .menu-profile__panel-row > [href=\"/perfil\"]').click();\ncy.get(':nth-child(2) > #profile > .grid-md-10 > .c-accordion-item__title-text > .c-my-profile__section-error').click();\ncy.wait(2000);\ncy.get(':nth-child(3) > #profile > .grid-md-10 > .c-accordion-item__title-text > .c-my-profile__section-error').click();\ncy.get('#expertiseprimary').select('Endoscopia');\ncy.get('#expertisesecondary').select('Geriatria');\ncy.get(':nth-child(9) > .c-select-list__option').click();\ncy.get('.c-my-profile__save-container--btn').click();\ncy.get('.grid-lg-11 > .c-text').should('have.text', 'Dados alterados com sucesso');\ncy.wait(2000);\ncy.get(':nth-child(9) > .c-select-list__option').click();\ncy.get('.grid-lg-11 > .c-text').should('have.text', 'Dados alterados com sucesso');",
              "err": {},
              "uuid": "68ee1f5e-e21b-4089-ac95-97365e0ad7c8",
              "parentUUID": "7a3cfac0-066e-41b6-b8a0-15bf6dadab93",
              "isHook": false,
              "skipped": true
            }
          ],
          "suites": [],
          "passes": [
            "a75e956d-bf21-4422-a4fd-b376509bd268"
          ],
          "failures": [
            "c3a5ff04-59c5-4eb5-9661-62779bb41cbb",
            "dc607bde-d787-4faa-bd19-662d707ea86d",
            "24faf8e7-37ac-4ccd-8197-ba3e02513ab0"
          ],
          "pending": [],
          "skipped": [
            "54a03349-68bd-4ea8-98d8-b4050b3677f2",
            "f382ed4b-d247-43af-9a99-3be91fa417b3",
            "5cef9ada-b2fb-4334-90a7-ac339f814028",
            "7e2e0b38-9a38-44ef-b1fb-993dd5c5d466",
            "064cb991-c6bb-407a-9524-057e2da55804",
            "68ee1f5e-e21b-4089-ac95-97365e0ad7c8"
          ],
          "duration": 112950,
          "root": false,
          "rootEmpty": false,
          "_timeout": 2000
        }
      ],
      "passes": [],
      "failures": [],
      "pending": [],
      "skipped": [],
      "duration": 0,
      "root": true,
      "rootEmpty": true,
      "_timeout": 2000
    }
  ],
  "meta": {
    "mocha": {
      "version": "7.0.1"
    },
    "mochawesome": {
      "options": {
        "quiet": true,
        "reportFilename": "mochawesome",
        "saveHtml": false,
        "saveJson": true,
        "consoleReporter": "spec",
        "useInlineDiffs": false,
        "code": true
      },
      "version": "6.3.1"
    },
    "marge": {
      "options": {
        "id": "default",
        "reportDir": "mochawesome-report",
        "quiet": true,
        "overwrite": false,
        "html": false,
        "json": true
      },
      "version": "5.2.0"
    }
  }
}