{
  "stats": {
    "suites": 3,
    "tests": 12,
    "passes": 0,
    "pending": 0,
    "failures": 12,
    "start": "2021-11-05T08:16:23.278Z",
    "end": "2021-11-05T08:18:53.425Z",
    "duration": 150147,
    "testsRegistered": 12,
    "passPercent": 0,
    "pendingPercent": 0,
    "other": 0,
    "hasOther": false,
    "skipped": 0,
    "hasSkipped": false
  },
  "results": [
    {
      "uuid": "1e9f8f16-92ab-4771-b718-5b3dff0cd1be",
      "title": "",
      "fullFile": "cypress/integration/login.spec.js",
      "file": "cypress/integration/login.spec.js",
      "beforeHooks": [],
      "afterHooks": [],
      "tests": [],
      "suites": [
        {
          "uuid": "680df327-9823-4322-ac3b-8e27666f6c2b",
          "title": "Login",
          "fullFile": "",
          "file": "",
          "beforeHooks": [],
          "afterHooks": [],
          "tests": [],
          "suites": [
            {
              "uuid": "501aadcd-7aea-43d6-9f84-a560d4d22166",
              "title": "Login com sucesso",
              "fullFile": "",
              "file": "",
              "beforeHooks": [],
              "afterHooks": [],
              "tests": [
                {
                  "title": "Realizar login de Médico com número de registro",
                  "fullTitle": "Login Login com sucesso Realizar login de Médico com número de registro",
                  "timedOut": null,
                  "duration": 28431,
                  "state": "failed",
                  "speed": null,
                  "pass": false,
                  "fail": true,
                  "pending": false,
                  "context": null,
                  "code": "_login.default.loginMedicoComRegistro();",
                  "err": {
                    "message": "AssertionError: Timed out retrying after 4000ms: Expected to find element: `.c-text--bold > :nth-child(2)`, but never found it.",
                    "estack": "AssertionError: Timed out retrying after 4000ms: Expected to find element: `.c-text--bold > :nth-child(2)`, but never found it.\n    at Login.loginMedicoComRegistro (https://stg-cd.sanoficonecta.com.br/__cypress/tests?p=cypress/integration/login.spec.js:308:28)\n    at Context.eval (https://stg-cd.sanoficonecta.com.br/__cypress/tests?p=cypress/integration/login.spec.js:133:22)",
                    "diff": null
                  },
                  "uuid": "25f53db0-9ae5-4029-8d43-656beccadcaa",
                  "parentUUID": "501aadcd-7aea-43d6-9f84-a560d4d22166",
                  "isHook": false,
                  "skipped": false
                },
                {
                  "title": "Realizar login de Farmacêutico com número de registro",
                  "fullTitle": "Login Login com sucesso Realizar login de Farmacêutico com número de registro",
                  "timedOut": null,
                  "duration": 4407,
                  "state": "failed",
                  "speed": null,
                  "pass": false,
                  "fail": true,
                  "pending": false,
                  "context": null,
                  "code": "_login.default.loginFarmaceuticoComRegistro();",
                  "err": {
                    "message": "AssertionError: Timed out retrying after 4000ms: Expected to find element: `.menu-profile > #menu-profile-panel > .menu-profile__panel-content > .menu-profile__panel-row > #btnLogin`, but never found it.",
                    "estack": "AssertionError: Timed out retrying after 4000ms: Expected to find element: `.menu-profile > #menu-profile-panel > .menu-profile__panel-content > .menu-profile__panel-row > #btnLogin`, but never found it.\n    at Login.loginFarmaceuticoComRegistro (https://stg-cd.sanoficonecta.com.br/__cypress/tests?p=cypress/integration/login.spec.js:316:8)\n    at Context.eval (https://stg-cd.sanoficonecta.com.br/__cypress/tests?p=cypress/integration/login.spec.js:136:22)",
                    "diff": null
                  },
                  "uuid": "90b2ed91-0259-4e92-9b38-63b12838c343",
                  "parentUUID": "501aadcd-7aea-43d6-9f84-a560d4d22166",
                  "isHook": false,
                  "skipped": false
                },
                {
                  "title": "Realizar login de Enfermeiro com número de registro",
                  "fullTitle": "Login Login com sucesso Realizar login de Enfermeiro com número de registro",
                  "timedOut": null,
                  "duration": 4381,
                  "state": "failed",
                  "speed": null,
                  "pass": false,
                  "fail": true,
                  "pending": false,
                  "context": null,
                  "code": "_login.default.loginEnfermeiroComRegistro();",
                  "err": {
                    "message": "AssertionError: Timed out retrying after 4000ms: Expected to find element: `.menu-profile > #menu-profile-panel > .menu-profile__panel-content > .menu-profile__panel-row > #btnLogin`, but never found it.",
                    "estack": "AssertionError: Timed out retrying after 4000ms: Expected to find element: `.menu-profile > #menu-profile-panel > .menu-profile__panel-content > .menu-profile__panel-row > #btnLogin`, but never found it.\n    at Login.loginEnfermeiroComRegistro (https://stg-cd.sanoficonecta.com.br/__cypress/tests?p=cypress/integration/login.spec.js:332:8)\n    at Context.eval (https://stg-cd.sanoficonecta.com.br/__cypress/tests?p=cypress/integration/login.spec.js:139:22)",
                    "diff": null
                  },
                  "uuid": "0d62c6c8-70c4-4d8d-a214-a39a031b2439",
                  "parentUUID": "501aadcd-7aea-43d6-9f84-a560d4d22166",
                  "isHook": false,
                  "skipped": false
                },
                {
                  "title": "Realizar login de Nutricionista com número de registro",
                  "fullTitle": "Login Login com sucesso Realizar login de Nutricionista com número de registro",
                  "timedOut": null,
                  "duration": 4460,
                  "state": "failed",
                  "speed": null,
                  "pass": false,
                  "fail": true,
                  "pending": false,
                  "context": null,
                  "code": "_login.default.loginNutricionistaComRegistro();",
                  "err": {
                    "message": "AssertionError: Timed out retrying after 4000ms: Expected to find element: `.menu-profile > #menu-profile-panel > .menu-profile__panel-content > .menu-profile__panel-row > #btnLogin`, but never found it.",
                    "estack": "AssertionError: Timed out retrying after 4000ms: Expected to find element: `.menu-profile > #menu-profile-panel > .menu-profile__panel-content > .menu-profile__panel-row > #btnLogin`, but never found it.\n    at Login.loginNutricionistaComRegistro (https://stg-cd.sanoficonecta.com.br/__cypress/tests?p=cypress/integration/login.spec.js:348:8)\n    at Context.eval (https://stg-cd.sanoficonecta.com.br/__cypress/tests?p=cypress/integration/login.spec.js:142:22)",
                    "diff": null
                  },
                  "uuid": "53a07008-619c-4f50-8214-fd43d3ebce4b",
                  "parentUUID": "501aadcd-7aea-43d6-9f84-a560d4d22166",
                  "isHook": false,
                  "skipped": false
                },
                {
                  "title": "Realizar login de Fisioterapeuta com número de registro",
                  "fullTitle": "Login Login com sucesso Realizar login de Fisioterapeuta com número de registro",
                  "timedOut": null,
                  "duration": 4477,
                  "state": "failed",
                  "speed": null,
                  "pass": false,
                  "fail": true,
                  "pending": false,
                  "context": null,
                  "code": "_login.default.loginFisioterapeutaComRegistro();",
                  "err": {
                    "message": "AssertionError: Timed out retrying after 4000ms: Expected to find element: `.menu-profile > #menu-profile-panel > .menu-profile__panel-content > .menu-profile__panel-row > #btnLogin`, but never found it.",
                    "estack": "AssertionError: Timed out retrying after 4000ms: Expected to find element: `.menu-profile > #menu-profile-panel > .menu-profile__panel-content > .menu-profile__panel-row > #btnLogin`, but never found it.\n    at Login.loginFisioterapeutaComRegistro (https://stg-cd.sanoficonecta.com.br/__cypress/tests?p=cypress/integration/login.spec.js:364:8)\n    at Context.eval (https://stg-cd.sanoficonecta.com.br/__cypress/tests?p=cypress/integration/login.spec.js:145:22)",
                    "diff": null
                  },
                  "uuid": "600c8a9f-3a44-436a-8e5c-ee9615989fd6",
                  "parentUUID": "501aadcd-7aea-43d6-9f84-a560d4d22166",
                  "isHook": false,
                  "skipped": false
                },
                {
                  "title": "Realizar login de Médico com email",
                  "fullTitle": "Login Login com sucesso Realizar login de Médico com email",
                  "timedOut": null,
                  "duration": 4388,
                  "state": "failed",
                  "speed": null,
                  "pass": false,
                  "fail": true,
                  "pending": false,
                  "context": null,
                  "code": "_login.default.loginMedicoComEmail();",
                  "err": {
                    "message": "AssertionError: Timed out retrying after 4000ms: Expected to find element: `.menu-profile > #menu-profile-panel > .menu-profile__panel-content > .menu-profile__panel-row > #btnLogin`, but never found it.",
                    "estack": "AssertionError: Timed out retrying after 4000ms: Expected to find element: `.menu-profile > #menu-profile-panel > .menu-profile__panel-content > .menu-profile__panel-row > #btnLogin`, but never found it.\n    at Login.loginMedicoComEmail (https://stg-cd.sanoficonecta.com.br/__cypress/tests?p=cypress/integration/login.spec.js:380:8)\n    at Context.eval (https://stg-cd.sanoficonecta.com.br/__cypress/tests?p=cypress/integration/login.spec.js:149:22)",
                    "diff": null
                  },
                  "uuid": "413bb183-d929-4807-b64f-d54eb6c02bcc",
                  "parentUUID": "501aadcd-7aea-43d6-9f84-a560d4d22166",
                  "isHook": false,
                  "skipped": false
                },
                {
                  "title": "Realizar login de Farmacêutico com email",
                  "fullTitle": "Login Login com sucesso Realizar login de Farmacêutico com email",
                  "timedOut": null,
                  "duration": 4379,
                  "state": "failed",
                  "speed": null,
                  "pass": false,
                  "fail": true,
                  "pending": false,
                  "context": null,
                  "code": "_login.default.loginFarmaceuticoComEmail();",
                  "err": {
                    "message": "AssertionError: Timed out retrying after 4000ms: Expected to find element: `.menu-profile > #menu-profile-panel > .menu-profile__panel-content > .menu-profile__panel-row > #btnLogin`, but never found it.",
                    "estack": "AssertionError: Timed out retrying after 4000ms: Expected to find element: `.menu-profile > #menu-profile-panel > .menu-profile__panel-content > .menu-profile__panel-row > #btnLogin`, but never found it.\n    at Login.loginFarmaceuticoComEmail (https://stg-cd.sanoficonecta.com.br/__cypress/tests?p=cypress/integration/login.spec.js:396:8)\n    at Context.eval (https://stg-cd.sanoficonecta.com.br/__cypress/tests?p=cypress/integration/login.spec.js:152:22)",
                    "diff": null
                  },
                  "uuid": "3c39eb76-3365-4b13-9fe0-704a80066c83",
                  "parentUUID": "501aadcd-7aea-43d6-9f84-a560d4d22166",
                  "isHook": false,
                  "skipped": false
                },
                {
                  "title": "Realizar login de Enfermeiro com email",
                  "fullTitle": "Login Login com sucesso Realizar login de Enfermeiro com email",
                  "timedOut": null,
                  "duration": 4355,
                  "state": "failed",
                  "speed": null,
                  "pass": false,
                  "fail": true,
                  "pending": false,
                  "context": null,
                  "code": "_login.default.loginEnfermeiroComEmail();",
                  "err": {
                    "message": "AssertionError: Timed out retrying after 4000ms: Expected to find element: `.menu-profile > #menu-profile-panel > .menu-profile__panel-content > .menu-profile__panel-row > #btnLogin`, but never found it.",
                    "estack": "AssertionError: Timed out retrying after 4000ms: Expected to find element: `.menu-profile > #menu-profile-panel > .menu-profile__panel-content > .menu-profile__panel-row > #btnLogin`, but never found it.\n    at Login.loginEnfermeiroComEmail (https://stg-cd.sanoficonecta.com.br/__cypress/tests?p=cypress/integration/login.spec.js:412:8)\n    at Context.eval (https://stg-cd.sanoficonecta.com.br/__cypress/tests?p=cypress/integration/login.spec.js:155:22)",
                    "diff": null
                  },
                  "uuid": "c18790a6-76e3-4da7-ad3a-843f3f66e9eb",
                  "parentUUID": "501aadcd-7aea-43d6-9f84-a560d4d22166",
                  "isHook": false,
                  "skipped": false
                },
                {
                  "title": "Realizar login de Nutricionista com email",
                  "fullTitle": "Login Login com sucesso Realizar login de Nutricionista com email",
                  "timedOut": null,
                  "duration": 4406,
                  "state": "failed",
                  "speed": null,
                  "pass": false,
                  "fail": true,
                  "pending": false,
                  "context": null,
                  "code": "_login.default.loginNutricionistaComEmail();",
                  "err": {
                    "message": "AssertionError: Timed out retrying after 4000ms: Expected to find element: `.menu-profile > #menu-profile-panel > .menu-profile__panel-content > .menu-profile__panel-row > #btnLogin`, but never found it.",
                    "estack": "AssertionError: Timed out retrying after 4000ms: Expected to find element: `.menu-profile > #menu-profile-panel > .menu-profile__panel-content > .menu-profile__panel-row > #btnLogin`, but never found it.\n    at Login.loginNutricionistaComEmail (https://stg-cd.sanoficonecta.com.br/__cypress/tests?p=cypress/integration/login.spec.js:428:8)\n    at Context.eval (https://stg-cd.sanoficonecta.com.br/__cypress/tests?p=cypress/integration/login.spec.js:158:22)",
                    "diff": null
                  },
                  "uuid": "b7450d26-3413-4b0f-ad8b-6b3e510b789c",
                  "parentUUID": "501aadcd-7aea-43d6-9f84-a560d4d22166",
                  "isHook": false,
                  "skipped": false
                },
                {
                  "title": "Realizar login de Fisioterapeuta com email",
                  "fullTitle": "Login Login com sucesso Realizar login de Fisioterapeuta com email",
                  "timedOut": null,
                  "duration": 4384,
                  "state": "failed",
                  "speed": null,
                  "pass": false,
                  "fail": true,
                  "pending": false,
                  "context": null,
                  "code": "_login.default.loginFisioterapeutaComEmail();",
                  "err": {
                    "message": "AssertionError: Timed out retrying after 4000ms: Expected to find element: `.menu-profile > #menu-profile-panel > .menu-profile__panel-content > .menu-profile__panel-row > #btnLogin`, but never found it.",
                    "estack": "AssertionError: Timed out retrying after 4000ms: Expected to find element: `.menu-profile > #menu-profile-panel > .menu-profile__panel-content > .menu-profile__panel-row > #btnLogin`, but never found it.\n    at Login.loginFisioterapeutaComEmail (https://stg-cd.sanoficonecta.com.br/__cypress/tests?p=cypress/integration/login.spec.js:444:8)\n    at Context.eval (https://stg-cd.sanoficonecta.com.br/__cypress/tests?p=cypress/integration/login.spec.js:161:22)",
                    "diff": null
                  },
                  "uuid": "28ce598b-fa91-4ab6-bf84-cf969e1c3be8",
                  "parentUUID": "501aadcd-7aea-43d6-9f84-a560d4d22166",
                  "isHook": false,
                  "skipped": false
                }
              ],
              "suites": [],
              "passes": [],
              "failures": [
                "25f53db0-9ae5-4029-8d43-656beccadcaa",
                "90b2ed91-0259-4e92-9b38-63b12838c343",
                "0d62c6c8-70c4-4d8d-a214-a39a031b2439",
                "53a07008-619c-4f50-8214-fd43d3ebce4b",
                "600c8a9f-3a44-436a-8e5c-ee9615989fd6",
                "413bb183-d929-4807-b64f-d54eb6c02bcc",
                "3c39eb76-3365-4b13-9fe0-704a80066c83",
                "c18790a6-76e3-4da7-ad3a-843f3f66e9eb",
                "b7450d26-3413-4b0f-ad8b-6b3e510b789c",
                "28ce598b-fa91-4ab6-bf84-cf969e1c3be8"
              ],
              "pending": [],
              "skipped": [],
              "duration": 68068,
              "root": false,
              "rootEmpty": false,
              "_timeout": 2000
            },
            {
              "uuid": "5f01c7c7-b2ad-4a24-a92a-c7087cac92c0",
              "title": "Login sem sucesso",
              "fullFile": "",
              "file": "",
              "beforeHooks": [],
              "afterHooks": [],
              "tests": [
                {
                  "title": "Tentar realizar login sem informar os dados obrigatórios",
                  "fullTitle": "Login Login sem sucesso Tentar realizar login sem informar os dados obrigatórios",
                  "timedOut": null,
                  "duration": 4364,
                  "state": "failed",
                  "speed": null,
                  "pass": false,
                  "fail": true,
                  "pending": false,
                  "context": null,
                  "code": "_login.default.loginSemDadosObrigatorios();",
                  "err": {
                    "message": "AssertionError: Timed out retrying after 4000ms: Expected to find element: `.menu-profile > #menu-profile-panel > .menu-profile__panel-content > .menu-profile__panel-row > #btnLogin`, but never found it.",
                    "estack": "AssertionError: Timed out retrying after 4000ms: Expected to find element: `.menu-profile > #menu-profile-panel > .menu-profile__panel-content > .menu-profile__panel-row > #btnLogin`, but never found it.\n    at Login.loginSemDadosObrigatorios (https://stg-cd.sanoficonecta.com.br/__cypress/tests?p=cypress/integration/login.spec.js:460:8)\n    at Context.eval (https://stg-cd.sanoficonecta.com.br/__cypress/tests?p=cypress/integration/login.spec.js:166:22)",
                    "diff": null
                  },
                  "uuid": "78c64a03-e18a-4a63-83e8-ec612c9bf9fd",
                  "parentUUID": "5f01c7c7-b2ad-4a24-a92a-c7087cac92c0",
                  "isHook": false,
                  "skipped": false
                },
                {
                  "title": "Tentar realizar login com dados inválidos",
                  "fullTitle": "Login Login sem sucesso Tentar realizar login com dados inválidos",
                  "timedOut": null,
                  "duration": 4399,
                  "state": "failed",
                  "speed": null,
                  "pass": false,
                  "fail": true,
                  "pending": false,
                  "context": null,
                  "code": "_login.default.loginComDadosInvalidos();",
                  "err": {
                    "message": "AssertionError: Timed out retrying after 4000ms: Expected to find element: `.menu-profile > #menu-profile-panel > .menu-profile__panel-content > .menu-profile__panel-row > #btnLogin`, but never found it.",
                    "estack": "AssertionError: Timed out retrying after 4000ms: Expected to find element: `.menu-profile > #menu-profile-panel > .menu-profile__panel-content > .menu-profile__panel-row > #btnLogin`, but never found it.\n    at Login.loginComDadosInvalidos (https://stg-cd.sanoficonecta.com.br/__cypress/tests?p=cypress/integration/login.spec.js:472:8)\n    at Context.eval (https://stg-cd.sanoficonecta.com.br/__cypress/tests?p=cypress/integration/login.spec.js:169:22)",
                    "diff": null
                  },
                  "uuid": "322bcb0a-cd17-469c-9f1b-61773de7c246",
                  "parentUUID": "5f01c7c7-b2ad-4a24-a92a-c7087cac92c0",
                  "isHook": false,
                  "skipped": false
                }
              ],
              "suites": [],
              "passes": [],
              "failures": [
                "78c64a03-e18a-4a63-83e8-ec612c9bf9fd",
                "322bcb0a-cd17-469c-9f1b-61773de7c246"
              ],
              "pending": [],
              "skipped": [],
              "duration": 8763,
              "root": false,
              "rootEmpty": false,
              "_timeout": 2000
            }
          ],
          "passes": [],
          "failures": [],
          "pending": [],
          "skipped": [],
          "duration": 0,
          "root": false,
          "rootEmpty": false,
          "_timeout": 2000
        }
      ],
      "passes": [],
      "failures": [],
      "pending": [],
      "skipped": [],
      "duration": 0,
      "root": true,
      "rootEmpty": true,
      "_timeout": 2000
    }
  ],
  "meta": {
    "mocha": {
      "version": "7.0.1"
    },
    "mochawesome": {
      "options": {
        "quiet": true,
        "reportFilename": "mochawesome",
        "saveHtml": false,
        "saveJson": true,
        "consoleReporter": "spec",
        "useInlineDiffs": false,
        "code": true
      },
      "version": "6.3.1"
    },
    "marge": {
      "options": {
        "id": "default",
        "reportDir": "mochawesome-report",
        "quiet": true,
        "overwrite": false,
        "html": false,
        "json": true
      },
      "version": "5.2.0"
    }
  }
}