{
  "stats": {
    "suites": 2,
    "tests": 3,
    "passes": 2,
    "pending": 0,
    "failures": 1,
    "start": "2022-03-28T08:24:08.585Z",
    "end": "2022-03-28T08:24:49.615Z",
    "duration": 41030,
    "testsRegistered": 12,
    "passPercent": 16.666666666666664,
    "pendingPercent": 0,
    "other": 0,
    "hasOther": false,
    "skipped": 9,
    "hasSkipped": true
  },
  "results": [
    {
      "uuid": "726653ca-8ec9-42e0-8b9d-16d2586bbc46",
      "title": "",
      "fullFile": "cypress/integration/login.spec.js",
      "file": "cypress/integration/login.spec.js",
      "beforeHooks": [],
      "afterHooks": [],
      "tests": [],
      "suites": [
        {
          "uuid": "1bcc8ef8-3bef-4449-9816-46a7ad12a855",
          "title": "Login",
          "fullFile": "",
          "file": "",
          "beforeHooks": [],
          "afterHooks": [],
          "tests": [],
          "suites": [
            {
              "uuid": "de6f3eef-10b5-45f5-8160-ce7db5f2c48d",
              "title": "Login com sucesso",
              "fullFile": "",
              "file": "",
              "beforeHooks": [],
              "afterHooks": [],
              "tests": [
                {
                  "title": "Realizar login de Médico com número de registro",
                  "fullTitle": "Login Login com sucesso Realizar login de Médico com número de registro",
                  "timedOut": null,
                  "duration": 23999,
                  "state": "passed",
                  "speed": "slow",
                  "pass": true,
                  "fail": false,
                  "pending": false,
                  "context": null,
                  "code": "_login.default.loginMedicoComRegistro();",
                  "err": {},
                  "uuid": "8f20d822-e148-44c6-980f-c3d6347a6f88",
                  "parentUUID": "de6f3eef-10b5-45f5-8160-ce7db5f2c48d",
                  "isHook": false,
                  "skipped": false
                },
                {
                  "title": "Realizar login de Farmacêutico com número de registro",
                  "fullTitle": "Login Login com sucesso Realizar login de Farmacêutico com número de registro",
                  "timedOut": null,
                  "duration": 10510,
                  "state": "passed",
                  "speed": "slow",
                  "pass": true,
                  "fail": false,
                  "pending": false,
                  "context": null,
                  "code": "_login.default.loginFarmaceuticoComRegistro();",
                  "err": {},
                  "uuid": "f9cb4728-7161-45f7-b9ec-b9dae61ba992",
                  "parentUUID": "de6f3eef-10b5-45f5-8160-ce7db5f2c48d",
                  "isHook": false,
                  "skipped": false
                },
                {
                  "title": "Realizar login de Enfermeiro com número de registro",
                  "fullTitle": "Login Login com sucesso Realizar login de Enfermeiro com número de registro",
                  "timedOut": null,
                  "duration": 6359,
                  "state": "failed",
                  "speed": null,
                  "pass": false,
                  "fail": true,
                  "pending": false,
                  "context": null,
                  "code": "_login.default.loginEnfermeiroComRegistro();",
                  "err": {
                    "message": "AssertionError: Timed out retrying after 4000ms: Expected to find element: `:nth-child(1) > .form-element > :nth-child(1) > .input-wrapper > .input-wrapper__text-input`, but never found it.\n\nBecause this error occurred during a `before each` hook we are skipping the remaining tests in the current suite: `Login`",
                    "estack": "AssertionError: Timed out retrying after 4000ms: Expected to find element: `:nth-child(1) > .form-element > :nth-child(1) > .input-wrapper > .input-wrapper__text-input`, but never found it.\n\nBecause this error occurred during a `before each` hook we are skipping the remaining tests in the current suite: `Login`\n    at LoginSistema.acessarSistema (https://stg-cd.sanoficonecta.com.br/__cypress/tests?p=cypress/integration/login.spec.js:219:8)\n    at Context.eval (https://stg-cd.sanoficonecta.com.br/__cypress/tests?p=cypress/integration/login.spec.js:126:27)",
                    "diff": null
                  },
                  "uuid": "042607bc-e65c-47ee-929e-e1d43b81c58e",
                  "parentUUID": "de6f3eef-10b5-45f5-8160-ce7db5f2c48d",
                  "isHook": false,
                  "skipped": false
                },
                {
                  "title": "Realizar login de Nutricionista com número de registro",
                  "fullTitle": "Login Login com sucesso Realizar login de Nutricionista com número de registro",
                  "timedOut": null,
                  "duration": 0,
                  "state": "skipped",
                  "speed": null,
                  "pass": false,
                  "fail": false,
                  "pending": false,
                  "context": null,
                  "code": "_login.default.loginNutricionistaComRegistro();",
                  "err": {},
                  "uuid": "8af921f0-769e-47f1-8d40-f21ac56127f3",
                  "parentUUID": "de6f3eef-10b5-45f5-8160-ce7db5f2c48d",
                  "isHook": false,
                  "skipped": true
                },
                {
                  "title": "Realizar login de Fisioterapeuta com número de registro",
                  "fullTitle": "Login Login com sucesso Realizar login de Fisioterapeuta com número de registro",
                  "timedOut": null,
                  "duration": 0,
                  "state": "skipped",
                  "speed": null,
                  "pass": false,
                  "fail": false,
                  "pending": false,
                  "context": null,
                  "code": "_login.default.loginFisioterapeutaComRegistro();",
                  "err": {},
                  "uuid": "4127d38a-4ea4-4105-a21b-8ba6b7ff510a",
                  "parentUUID": "de6f3eef-10b5-45f5-8160-ce7db5f2c48d",
                  "isHook": false,
                  "skipped": true
                },
                {
                  "title": "Realizar login de Médico com email",
                  "fullTitle": "Login Login com sucesso Realizar login de Médico com email",
                  "timedOut": null,
                  "duration": 0,
                  "state": "skipped",
                  "speed": null,
                  "pass": false,
                  "fail": false,
                  "pending": false,
                  "context": null,
                  "code": "_login.default.loginMedicoComEmail();",
                  "err": {},
                  "uuid": "ae2ba172-3b5d-47fb-885a-bfbdcd7abf01",
                  "parentUUID": "de6f3eef-10b5-45f5-8160-ce7db5f2c48d",
                  "isHook": false,
                  "skipped": true
                },
                {
                  "title": "Realizar login de Farmacêutico com email",
                  "fullTitle": "Login Login com sucesso Realizar login de Farmacêutico com email",
                  "timedOut": null,
                  "duration": 0,
                  "state": "skipped",
                  "speed": null,
                  "pass": false,
                  "fail": false,
                  "pending": false,
                  "context": null,
                  "code": "_login.default.loginFarmaceuticoComEmail();",
                  "err": {},
                  "uuid": "c4c9dcc5-a42a-4206-9d54-9a6a7bfabdb1",
                  "parentUUID": "de6f3eef-10b5-45f5-8160-ce7db5f2c48d",
                  "isHook": false,
                  "skipped": true
                },
                {
                  "title": "Realizar login de Enfermeiro com email",
                  "fullTitle": "Login Login com sucesso Realizar login de Enfermeiro com email",
                  "timedOut": null,
                  "duration": 0,
                  "state": "skipped",
                  "speed": null,
                  "pass": false,
                  "fail": false,
                  "pending": false,
                  "context": null,
                  "code": "_login.default.loginEnfermeiroComEmail();",
                  "err": {},
                  "uuid": "acb428b1-5168-4102-9299-e307f62fca56",
                  "parentUUID": "de6f3eef-10b5-45f5-8160-ce7db5f2c48d",
                  "isHook": false,
                  "skipped": true
                },
                {
                  "title": "Realizar login de Nutricionista com email",
                  "fullTitle": "Login Login com sucesso Realizar login de Nutricionista com email",
                  "timedOut": null,
                  "duration": 0,
                  "state": "skipped",
                  "speed": null,
                  "pass": false,
                  "fail": false,
                  "pending": false,
                  "context": null,
                  "code": "_login.default.loginNutricionistaComEmail();",
                  "err": {},
                  "uuid": "eae876c2-723d-469f-9583-2bd783c3f77a",
                  "parentUUID": "de6f3eef-10b5-45f5-8160-ce7db5f2c48d",
                  "isHook": false,
                  "skipped": true
                },
                {
                  "title": "Realizar login de Fisioterapeuta com email",
                  "fullTitle": "Login Login com sucesso Realizar login de Fisioterapeuta com email",
                  "timedOut": null,
                  "duration": 0,
                  "state": "skipped",
                  "speed": null,
                  "pass": false,
                  "fail": false,
                  "pending": false,
                  "context": null,
                  "code": "_login.default.loginFisioterapeutaComEmail();",
                  "err": {},
                  "uuid": "b676fdda-001a-450e-8c9b-757942748bad",
                  "parentUUID": "de6f3eef-10b5-45f5-8160-ce7db5f2c48d",
                  "isHook": false,
                  "skipped": true
                }
              ],
              "suites": [],
              "passes": [
                "8f20d822-e148-44c6-980f-c3d6347a6f88",
                "f9cb4728-7161-45f7-b9ec-b9dae61ba992"
              ],
              "failures": [
                "042607bc-e65c-47ee-929e-e1d43b81c58e"
              ],
              "pending": [],
              "skipped": [
                "8af921f0-769e-47f1-8d40-f21ac56127f3",
                "4127d38a-4ea4-4105-a21b-8ba6b7ff510a",
                "ae2ba172-3b5d-47fb-885a-bfbdcd7abf01",
                "c4c9dcc5-a42a-4206-9d54-9a6a7bfabdb1",
                "acb428b1-5168-4102-9299-e307f62fca56",
                "eae876c2-723d-469f-9583-2bd783c3f77a",
                "b676fdda-001a-450e-8c9b-757942748bad"
              ],
              "duration": 40868,
              "root": false,
              "rootEmpty": false,
              "_timeout": 2000
            },
            {
              "uuid": "f18b1690-4cbf-42fd-9155-e8452421fb2c",
              "title": "Login sem sucesso",
              "fullFile": "",
              "file": "",
              "beforeHooks": [],
              "afterHooks": [],
              "tests": [
                {
                  "title": "Tentar realizar login sem informar os dados obrigatórios",
                  "fullTitle": "Login Login sem sucesso Tentar realizar login sem informar os dados obrigatórios",
                  "timedOut": null,
                  "duration": 0,
                  "state": "skipped",
                  "speed": null,
                  "pass": false,
                  "fail": false,
                  "pending": false,
                  "context": null,
                  "code": "_login.default.loginSemDadosObrigatorios();",
                  "err": {},
                  "uuid": "74b750a4-aecc-40c5-bf60-810c25f6cd68",
                  "parentUUID": null,
                  "isHook": false,
                  "skipped": true
                },
                {
                  "title": "Tentar realizar login com dados inválidos",
                  "fullTitle": "Login Login sem sucesso Tentar realizar login com dados inválidos",
                  "timedOut": null,
                  "duration": 0,
                  "state": "skipped",
                  "speed": null,
                  "pass": false,
                  "fail": false,
                  "pending": false,
                  "context": null,
                  "code": "_login.default.loginComDadosInvalidos();",
                  "err": {},
                  "uuid": "a0610d89-26c0-44d5-b638-2f2540aef473",
                  "parentUUID": null,
                  "isHook": false,
                  "skipped": true
                }
              ],
              "suites": [],
              "passes": [],
              "failures": [],
              "pending": [],
              "skipped": [
                "74b750a4-aecc-40c5-bf60-810c25f6cd68",
                "a0610d89-26c0-44d5-b638-2f2540aef473"
              ],
              "duration": 0,
              "root": false,
              "rootEmpty": false,
              "_timeout": 2000
            }
          ],
          "passes": [],
          "failures": [],
          "pending": [],
          "skipped": [],
          "duration": 0,
          "root": false,
          "rootEmpty": false,
          "_timeout": 2000
        }
      ],
      "passes": [],
      "failures": [],
      "pending": [],
      "skipped": [],
      "duration": 0,
      "root": true,
      "rootEmpty": true,
      "_timeout": 2000
    }
  ],
  "meta": {
    "mocha": {
      "version": "7.0.1"
    },
    "mochawesome": {
      "options": {
        "quiet": true,
        "reportFilename": "mochawesome",
        "saveHtml": false,
        "saveJson": true,
        "consoleReporter": "spec",
        "useInlineDiffs": false,
        "code": true
      },
      "version": "6.3.1"
    },
    "marge": {
      "options": {
        "id": "default",
        "reportDir": "mochawesome-report",
        "quiet": true,
        "overwrite": false,
        "html": false,
        "json": true
      },
      "version": "5.2.0"
    }
  }
}