{
  "stats": {
    "suites": 4,
    "tests": 6,
    "passes": 4,
    "pending": 1,
    "failures": 1,
    "start": "2023-06-11T08:12:14.809Z",
    "end": "2023-06-11T08:13:36.336Z",
    "duration": 81527,
    "testsRegistered": 7,
    "passPercent": 66.66666666666666,
    "pendingPercent": 14.285714285714285,
    "other": 1,
    "hasOther": true,
    "skipped": 0,
    "hasSkipped": false
  },
  "results": [
    {
      "uuid": "30fd051e-16a8-497d-9909-372326ce386e",
      "title": "",
      "fullFile": "cypress/integration/artigo.spec.js",
      "file": "cypress/integration/artigo.spec.js",
      "beforeHooks": [],
      "afterHooks": [],
      "tests": [],
      "suites": [
        {
          "uuid": "6b97e347-7cb3-42e4-b3bb-39c5a724f3c1",
          "title": "Acessar Artigo com usuário deslogado",
          "fullFile": "",
          "file": "",
          "beforeHooks": [],
          "afterHooks": [],
          "tests": [],
          "suites": [
            {
              "uuid": "6463966e-d425-4219-ab3b-8c633efdfa73",
              "title": "Acessar artigo com sucesso",
              "fullFile": "",
              "file": "",
              "beforeHooks": [],
              "afterHooks": [],
              "tests": [
                {
                  "title": "Tentar acessar artigo exclusivo para médico e farmacêutico, estando deslogado",
                  "fullTitle": "Acessar Artigo com usuário deslogado Acessar artigo com sucesso Tentar acessar artigo exclusivo para médico e farmacêutico, estando deslogado",
                  "timedOut": null,
                  "duration": 23120,
                  "state": "passed",
                  "speed": "slow",
                  "pass": true,
                  "fail": false,
                  "pending": false,
                  "context": null,
                  "code": "cy.visit('https://stg-cd.sanoficonecta.com.br/artigos/resultados-empower-lung1-localmente-avancada');\ncy.get('.c-base-modal-content__paper').should('be.visible');\ncy.get('.c-base-modal-content__body > .c-text--h2').should('contain', 'Conteúdo exclusivo para Médico e  Farmacêutico');",
                  "err": {},
                  "uuid": "a605ff24-d656-4881-b360-d4c6fbf2ef60",
                  "parentUUID": "6463966e-d425-4219-ab3b-8c633efdfa73",
                  "isHook": false,
                  "skipped": false
                },
                {
                  "title": "Acessar artigo",
                  "fullTitle": "Acessar Artigo com usuário deslogado Acessar artigo com sucesso Acessar artigo",
                  "timedOut": null,
                  "duration": 11777,
                  "state": "passed",
                  "speed": "slow",
                  "pass": true,
                  "fail": false,
                  "pending": false,
                  "context": null,
                  "code": "_artigo.default.AcessarArtigo();",
                  "err": {},
                  "uuid": "4d0c11da-2eb1-49e1-974a-02bbdd837bc7",
                  "parentUUID": "6463966e-d425-4219-ab3b-8c633efdfa73",
                  "isHook": false,
                  "skipped": false
                }
              ],
              "suites": [],
              "passes": [
                "a605ff24-d656-4881-b360-d4c6fbf2ef60",
                "4d0c11da-2eb1-49e1-974a-02bbdd837bc7"
              ],
              "failures": [],
              "pending": [],
              "skipped": [],
              "duration": 34897,
              "root": false,
              "rootEmpty": false,
              "_timeout": 2000
            }
          ],
          "passes": [],
          "failures": [],
          "pending": [],
          "skipped": [],
          "duration": 0,
          "root": false,
          "rootEmpty": false,
          "_timeout": 2000
        },
        {
          "uuid": "34ff34fb-13f6-4053-8efc-b4e4c915ef3e",
          "title": "Acessar Artigo com usuário logado",
          "fullFile": "",
          "file": "",
          "beforeHooks": [],
          "afterHooks": [],
          "tests": [],
          "suites": [
            {
              "uuid": "f436bae3-be10-4543-b8dc-6dc61351911d",
              "title": "Acessar artigo com sucesso",
              "fullFile": "",
              "file": "",
              "beforeHooks": [],
              "afterHooks": [],
              "tests": [
                {
                  "title": "Acessar artigo",
                  "fullTitle": "Acessar Artigo com usuário logado Acessar artigo com sucesso Acessar artigo",
                  "timedOut": null,
                  "duration": 12795,
                  "state": "failed",
                  "speed": null,
                  "pass": false,
                  "fail": true,
                  "pending": false,
                  "context": null,
                  "code": "_login.default.loginMedico();\n_artigo.default.AcessarArtigo();",
                  "err": {
                    "message": "AssertionError: Timed out retrying after 4000ms: Expected to find element: `.c-text--bold > :nth-child(2)`, but never found it.",
                    "estack": "AssertionError: Timed out retrying after 4000ms: Expected to find element: `.c-text--bold > :nth-child(2)`, but never found it.\n    at Login.loginMedico (https://stg-cd.sanoficonecta.com.br/__cypress/tests?p=cypress/integration/artigo.spec.js:393:28)\n    at Context.eval (https://stg-cd.sanoficonecta.com.br/__cypress/tests?p=cypress/integration/artigo.spec.js:144:22)",
                    "diff": null
                  },
                  "uuid": "adc1dba7-7637-4547-a83a-c7bc4f44974c",
                  "parentUUID": "f436bae3-be10-4543-b8dc-6dc61351911d",
                  "isHook": false,
                  "skipped": false
                },
                {
                  "title": "Adicionar e Retirar Artigo dos favoritos",
                  "fullTitle": "Acessar Artigo com usuário logado Acessar artigo com sucesso Adicionar e Retirar Artigo dos favoritos",
                  "timedOut": null,
                  "duration": 0,
                  "state": "pending",
                  "speed": null,
                  "pass": false,
                  "fail": false,
                  "pending": true,
                  "context": null,
                  "code": "",
                  "err": {},
                  "uuid": "7e49da48-24fb-4358-a647-b3b73178ef9b",
                  "parentUUID": "f436bae3-be10-4543-b8dc-6dc61351911d",
                  "isHook": false,
                  "skipped": false
                },
                {
                  "title": "Tentar acessar artigo exclusivo para médico e farmacêutico, utilizando perfil sem permissão",
                  "fullTitle": "Acessar Artigo com usuário logado Acessar artigo com sucesso Tentar acessar artigo exclusivo para médico e farmacêutico, utilizando perfil sem permissão",
                  "timedOut": null,
                  "duration": 12943,
                  "state": "failed",
                  "speed": null,
                  "pass": false,
                  "fail": true,
                  "pending": false,
                  "context": null,
                  "code": "_login.default.loginFisioterapeutaComRegistro(); //cy.get('.c-navbar__area-logged > .c-navbar__item').click()\n\ncy.visit('https://stg-cd.sanoficonecta.com.br/artigos/resultados-empower-lung1-localmente-avancada');\ncy.get('.c-base-modal-content__body > .c-text--h2').should('contain', 'Conteúdo exclusivo para Médico e  Farmacêutico');",
                  "err": {
                    "message": "CypressError: Timed out retrying after 4050ms: `cy.click()` failed because this element:\n\n`<button class=\"header__profile header__profile--icon\" data-content=\"F\">...</button>`\n\nis being covered by another element:\n\n`<div class=\"c-base-modal-content c-base-modal-content__shadow\">...</div>`\n\nFix this problem, or use {force: true} to disable error checking.\n\nhttps://on.cypress.io/element-cannot-be-interacted-with",
                    "estack": "CypressError: Timed out retrying after 4050ms: `cy.click()` failed because this element:\n\n`<button class=\"header__profile header__profile--icon\" data-content=\"F\">...</button>`\n\nis being covered by another element:\n\n`<div class=\"c-base-modal-content c-base-modal-content__shadow\">...</div>`\n\nFix this problem, or use {force: true} to disable error checking.\n\nhttps://on.cypress.io/element-cannot-be-interacted-with\n    at $Cy.ensureDescendents (https://stg-cd.sanoficonecta.com.br/__cypress/runner/cypress_runner.js:144188:26)\n    at ensureDescendents (https://stg-cd.sanoficonecta.com.br/__cypress/runner/cypress_runner.js:132368:8)\n    at ensureDescendentsAndScroll (https://stg-cd.sanoficonecta.com.br/__cypress/runner/cypress_runner.js:132375:14)\n    at ensureElIsNotCovered (https://stg-cd.sanoficonecta.com.br/__cypress/runner/cypress_runner.js:132509:5)\n    at runAllChecks (https://stg-cd.sanoficonecta.com.br/__cypress/runner/cypress_runner.js:132696:52)\n    at retryActionability (https://stg-cd.sanoficonecta.com.br/__cypress/runner/cypress_runner.js:132719:16)\n    at tryCatcher (https://stg-cd.sanoficonecta.com.br/__cypress/runner/cypress_runner.js:10798:23)\n    at Function.Promise.attempt.Promise.try (https://stg-cd.sanoficonecta.com.br/__cypress/runner/cypress_runner.js:8072:29)\n    at tryFn (https://stg-cd.sanoficonecta.com.br/__cypress/runner/cypress_runner.js:148863:21)\n    at whenStable (https://stg-cd.sanoficonecta.com.br/__cypress/runner/cypress_runner.js:148901:12)\n    at https://stg-cd.sanoficonecta.com.br/__cypress/runner/cypress_runner.js:148393:16\n    at tryCatcher (https://stg-cd.sanoficonecta.com.br/__cypress/runner/cypress_runner.js:10798:23)\n    at Promise._settlePromiseFromHandler (https://stg-cd.sanoficonecta.com.br/__cypress/runner/cypress_runner.js:8733:31)\n    at Promise._settlePromise (https://stg-cd.sanoficonecta.com.br/__cypress/runner/cypress_runner.js:8790:18)\n    at Promise._settlePromise0 (https://stg-cd.sanoficonecta.com.br/__cypress/runner/cypress_runner.js:8835:10)\n    at Promise._settlePromises (https://stg-cd.sanoficonecta.com.br/__cypress/runner/cypress_runner.js:8915:18)\nFrom Your Spec Code:\n    at Login.loginFisioterapeutaComRegistro (https://stg-cd.sanoficonecta.com.br/__cypress/tests?p=cypress/integration/artigo.spec.js:494:32)\n    at Context.eval (https://stg-cd.sanoficonecta.com.br/__cypress/tests?p=cypress/integration/artigo.spec.js:164:22)",
                    "diff": null
                  },
                  "uuid": "266f48a2-2f7e-4df0-9c07-2577eea3b9a3",
                  "parentUUID": "f436bae3-be10-4543-b8dc-6dc61351911d",
                  "isHook": false,
                  "skipped": false
                },
                {
                  "title": "Tentar acessar artigo exclusivo, com Soft Login",
                  "fullTitle": "Acessar Artigo com usuário logado Acessar artigo com sucesso Tentar acessar artigo exclusivo, com Soft Login",
                  "timedOut": null,
                  "duration": 9820,
                  "state": "passed",
                  "speed": "slow",
                  "pass": true,
                  "fail": false,
                  "pending": false,
                  "context": null,
                  "code": "//cy.get('.c-navbar__area-logged > .c-navbar__item').click()\ncy.visit('https://stg-cd.sanoficonecta.com.br/artigos/resultados-empower-lung1-localmente-avancada');\ncy.get('.c-base-modal-content__body > .c-text--h2').should('contain', 'Conteúdo exclusivo para Médico e  Farmacêutico');\ncy.get('input[value=\"true\"]').check();\ncy.get('#sf-continue-validation').click();\ncy.get('#hcp-type').select('Farmacêutico (CRF)');\ncy.get('#uf').select('RS');\ncy.get('#sf-register-2').type('4444444');\ncy.get('#sf-email').type('farma104@teste.com');\ncy.get('#opt-in').check();\ncy.get('#sf-continue-validation').click();\ncy.get('.c-base-modal-content__body > :nth-child(1) > .c-text--h2').should('have.text', 'Criar conta');",
                  "err": {},
                  "uuid": "2b4c780c-56b9-4bd9-a2e6-ff7449554d2b",
                  "parentUUID": "f436bae3-be10-4543-b8dc-6dc61351911d",
                  "isHook": false,
                  "skipped": false
                },
                {
                  "title": "Acessar artigo exclusivo para médico e farmacêutico, utilizando perfil de Farmacêutico",
                  "fullTitle": "Acessar Artigo com usuário logado Acessar artigo com sucesso Acessar artigo exclusivo para médico e farmacêutico, utilizando perfil de Farmacêutico",
                  "timedOut": null,
                  "duration": 10781,
                  "state": "passed",
                  "speed": "slow",
                  "pass": true,
                  "fail": false,
                  "pending": false,
                  "context": null,
                  "code": "_login.default.loginFarmaceutico(); //cy.get('.c-navbar__area-logged > .c-navbar__item').click()\n\ncy.visit('https://stg-cd.sanoficonecta.com.br/artigos/resultados-empower-lung1-localmente-avancada');\ncy.get('.c-hero-article__title').should('contain', 'Resultados do cemiplimabe');",
                  "err": {},
                  "uuid": "e84c4eb9-97d4-4798-8f15-68afc06e462f",
                  "parentUUID": "f436bae3-be10-4543-b8dc-6dc61351911d",
                  "isHook": false,
                  "skipped": false
                }
              ],
              "suites": [],
              "passes": [
                "2b4c780c-56b9-4bd9-a2e6-ff7449554d2b",
                "e84c4eb9-97d4-4798-8f15-68afc06e462f"
              ],
              "failures": [
                "adc1dba7-7637-4547-a83a-c7bc4f44974c",
                "266f48a2-2f7e-4df0-9c07-2577eea3b9a3"
              ],
              "pending": [
                "7e49da48-24fb-4358-a647-b3b73178ef9b"
              ],
              "skipped": [],
              "duration": 46339,
              "root": false,
              "rootEmpty": false,
              "_timeout": 2000
            }
          ],
          "passes": [],
          "failures": [],
          "pending": [],
          "skipped": [],
          "duration": 0,
          "root": false,
          "rootEmpty": false,
          "_timeout": 2000
        }
      ],
      "passes": [],
      "failures": [],
      "pending": [],
      "skipped": [],
      "duration": 0,
      "root": true,
      "rootEmpty": true,
      "_timeout": 2000
    }
  ],
  "meta": {
    "mocha": {
      "version": "7.0.1"
    },
    "mochawesome": {
      "options": {
        "quiet": true,
        "reportFilename": "mochawesome",
        "saveHtml": false,
        "saveJson": true,
        "consoleReporter": "spec",
        "useInlineDiffs": false,
        "code": true
      },
      "version": "6.3.1"
    },
    "marge": {
      "options": {
        "id": "default",
        "reportDir": "mochawesome-report",
        "quiet": true,
        "overwrite": false,
        "html": false,
        "json": true
      },
      "version": "5.2.0"
    }
  }
}