{
  "stats": {
    "suites": 6,
    "tests": 8,
    "passes": 5,
    "pending": 0,
    "failures": 3,
    "start": "2022-08-03T08:22:33.070Z",
    "end": "2022-08-03T08:24:20.640Z",
    "duration": 107570,
    "testsRegistered": 8,
    "passPercent": 62.5,
    "pendingPercent": 0,
    "other": 0,
    "hasOther": false,
    "skipped": 0,
    "hasSkipped": false
  },
  "results": [
    {
      "uuid": "0641f954-6d8f-4dde-9f60-3fae386d27c6",
      "title": "",
      "fullFile": "cypress/integration/busca.spec.js",
      "file": "cypress/integration/busca.spec.js",
      "beforeHooks": [],
      "afterHooks": [],
      "tests": [],
      "suites": [
        {
          "uuid": "ca132b40-dbca-4a29-9f67-7cf4d755b7e2",
          "title": "Busca com usuário deslogado",
          "fullFile": "",
          "file": "",
          "beforeHooks": [],
          "afterHooks": [],
          "tests": [],
          "suites": [
            {
              "uuid": "f0482c88-3ac1-4153-93ac-7278b6cf853b",
              "title": "Busca com sucesso",
              "fullFile": "",
              "file": "",
              "beforeHooks": [],
              "afterHooks": [],
              "tests": [
                {
                  "title": "Realizar uma busca pelo nome completo do termo",
                  "fullTitle": "Busca com usuário deslogado Busca com sucesso Realizar uma busca pelo nome completo do termo",
                  "timedOut": null,
                  "duration": 19057,
                  "state": "passed",
                  "speed": "slow",
                  "pass": true,
                  "fail": false,
                  "pending": false,
                  "context": null,
                  "code": "_busca.default.BuscaDeslogadoHeaderComResultado();",
                  "err": {},
                  "uuid": "05d027d8-d906-409f-afa4-0fff012529e8",
                  "parentUUID": "f0482c88-3ac1-4153-93ac-7278b6cf853b",
                  "isHook": false,
                  "skipped": false
                },
                {
                  "title": "Realizar uma busca por parte do nome do termo",
                  "fullTitle": "Busca com usuário deslogado Busca com sucesso Realizar uma busca por parte do nome do termo",
                  "timedOut": null,
                  "duration": 11707,
                  "state": "failed",
                  "speed": null,
                  "pass": false,
                  "fail": true,
                  "pending": false,
                  "context": null,
                  "code": "_busca.default.BuscaParteNomeTermo();",
                  "err": {
                    "message": "AssertionError: Timed out retrying after 4000ms: expected '<a.modal-search__result-title.c-text--underline-white>' to contain 'Como um remédio é produzido?'",
                    "estack": "AssertionError: Timed out retrying after 4000ms: expected '<a.modal-search__result-title.c-text--underline-white>' to contain 'Como um remédio é produzido?'\n    at BuscaParteNomeTermo (https://stg-cd.sanoficonecta.com.br/__cypress/tests?p=cypress/integration/busca.spec.js:241:39)\n    at Context.eval (https://stg-cd.sanoficonecta.com.br/__cypress/tests?p=cypress/integration/busca.spec.js:135:22)",
                    "diff": null
                  },
                  "uuid": "62ef51a0-f294-4303-a954-1b138432f4e9",
                  "parentUUID": "f0482c88-3ac1-4153-93ac-7278b6cf853b",
                  "isHook": false,
                  "skipped": false
                },
                {
                  "title": "Realizar uma busca por termo utilizando traço",
                  "fullTitle": "Busca com usuário deslogado Busca com sucesso Realizar uma busca por termo utilizando traço",
                  "timedOut": null,
                  "duration": 13087,
                  "state": "failed",
                  "speed": null,
                  "pass": false,
                  "fail": true,
                  "pending": false,
                  "context": null,
                  "code": "_busca.default.BuscaPorTermoComTraco();",
                  "err": {
                    "message": "AssertionError: Timed out retrying after 4000ms: expected '<a.modal-search__result-title.c-text--underline-white>' to contain 'COVID-19'",
                    "estack": "AssertionError: Timed out retrying after 4000ms: expected '<a.modal-search__result-title.c-text--underline-white>' to contain 'COVID-19'\n    at BuscaPorTermoComTraco (https://stg-cd.sanoficonecta.com.br/__cypress/tests?p=cypress/integration/busca.spec.js:257:39)\n    at Context.eval (https://stg-cd.sanoficonecta.com.br/__cypress/tests?p=cypress/integration/busca.spec.js:138:22)",
                    "diff": null
                  },
                  "uuid": "6591394a-1ee5-4876-ae88-f6ebec6fd984",
                  "parentUUID": "f0482c88-3ac1-4153-93ac-7278b6cf853b",
                  "isHook": false,
                  "skipped": false
                },
                {
                  "title": "Realizar uma busca por termo utilizando acentuação e preposição",
                  "fullTitle": "Busca com usuário deslogado Busca com sucesso Realizar uma busca por termo utilizando acentuação e preposição",
                  "timedOut": null,
                  "duration": 16197,
                  "state": "failed",
                  "speed": null,
                  "pass": false,
                  "fail": true,
                  "pending": false,
                  "context": null,
                  "code": "_busca.default.BuscaPorTermoComAcentuacaoePreposicao();",
                  "err": {
                    "message": "AssertionError: Timed out retrying after 4000ms: expected '<a.modal-search__result-title.c-text--underline-white>' to have text 'Otimizando a vacinação em adolescentes: imunização em escolas', but the text was 'Informações sobre vacinação infantil '",
                    "estack": "AssertionError: Timed out retrying after 4000ms: expected '<a.modal-search__result-title.c-text--underline-white>' to have text 'Otimizando a vacinação em adolescentes: imunização em escolas', but the text was 'Informações sobre vacinação infantil '\n    at BuscaPorTermoComAcentuacaoePreposicao (https://stg-cd.sanoficonecta.com.br/__cypress/tests?p=cypress/integration/busca.spec.js:266:43)\n    at Context.eval (https://stg-cd.sanoficonecta.com.br/__cypress/tests?p=cypress/integration/busca.spec.js:141:22)",
                    "diff": "- 'Informações sobre vacinação infantil '\n+ 'Otimizando a vacinação em adolescentes: imunização em escolas'\n"
                  },
                  "uuid": "e5fd48ea-ce10-4b6b-ba24-88aed28b9f86",
                  "parentUUID": "f0482c88-3ac1-4153-93ac-7278b6cf853b",
                  "isHook": false,
                  "skipped": false
                }
              ],
              "suites": [],
              "passes": [
                "05d027d8-d906-409f-afa4-0fff012529e8"
              ],
              "failures": [
                "62ef51a0-f294-4303-a954-1b138432f4e9",
                "6591394a-1ee5-4876-ae88-f6ebec6fd984",
                "e5fd48ea-ce10-4b6b-ba24-88aed28b9f86"
              ],
              "pending": [],
              "skipped": [],
              "duration": 60048,
              "root": false,
              "rootEmpty": false,
              "_timeout": 2000
            },
            {
              "uuid": "b28a1c36-37dd-4b04-bfaa-79058887c6fc",
              "title": "Busca sem sucesso",
              "fullFile": "",
              "file": "",
              "beforeHooks": [],
              "afterHooks": [],
              "tests": [
                {
                  "title": "Realizar uma busca por termo inexistente",
                  "fullTitle": "Busca com usuário deslogado Busca sem sucesso Realizar uma busca por termo inexistente",
                  "timedOut": null,
                  "duration": 9534,
                  "state": "passed",
                  "speed": "slow",
                  "pass": true,
                  "fail": false,
                  "pending": false,
                  "context": null,
                  "code": "_busca.default.BuscaDeslogadoHeaderSemResultado();",
                  "err": {},
                  "uuid": "3090d6ec-8cdf-40db-8d76-d6ac7dbddff6",
                  "parentUUID": "b28a1c36-37dd-4b04-bfaa-79058887c6fc",
                  "isHook": false,
                  "skipped": false
                },
                {
                  "title": "Realizar uma busca vazia",
                  "fullTitle": "Busca com usuário deslogado Busca sem sucesso Realizar uma busca vazia",
                  "timedOut": null,
                  "duration": 6832,
                  "state": "passed",
                  "speed": "slow",
                  "pass": true,
                  "fail": false,
                  "pending": false,
                  "context": null,
                  "code": "_busca.default.BuscaVaziaDeslogado();",
                  "err": {},
                  "uuid": "9243fdab-0169-4652-9bdf-7cb21abe047d",
                  "parentUUID": "b28a1c36-37dd-4b04-bfaa-79058887c6fc",
                  "isHook": false,
                  "skipped": false
                }
              ],
              "suites": [],
              "passes": [
                "3090d6ec-8cdf-40db-8d76-d6ac7dbddff6",
                "9243fdab-0169-4652-9bdf-7cb21abe047d"
              ],
              "failures": [],
              "pending": [],
              "skipped": [],
              "duration": 16366,
              "root": false,
              "rootEmpty": false,
              "_timeout": 2000
            },
            {
              "uuid": "3663badc-4761-489d-8322-59f7a86431cc",
              "title": "Busca com usuário logado como Médico",
              "fullFile": "",
              "file": "",
              "beforeHooks": [],
              "afterHooks": [],
              "tests": [],
              "suites": [
                {
                  "uuid": "29fcc7b2-0abd-4ec3-8186-ffb8ce70170b",
                  "title": "Busca com sucesso",
                  "fullFile": "",
                  "file": "",
                  "beforeHooks": [],
                  "afterHooks": [],
                  "tests": [
                    {
                      "title": "Realizar uma busca pelo nome completo do termo",
                      "fullTitle": "Busca com usuário deslogado Busca com usuário logado como Médico Busca com sucesso Realizar uma busca pelo nome completo do termo",
                      "timedOut": null,
                      "duration": 16364,
                      "state": "passed",
                      "speed": "slow",
                      "pass": true,
                      "fail": false,
                      "pending": false,
                      "context": null,
                      "code": "_busca.default.BuscaDeslogadoHeaderComResultado();",
                      "err": {},
                      "uuid": "f3fc17dd-5dec-4fa2-9c7c-2175decdd21e",
                      "parentUUID": "29fcc7b2-0abd-4ec3-8186-ffb8ce70170b",
                      "isHook": false,
                      "skipped": false
                    }
                  ],
                  "suites": [],
                  "passes": [
                    "f3fc17dd-5dec-4fa2-9c7c-2175decdd21e"
                  ],
                  "failures": [],
                  "pending": [],
                  "skipped": [],
                  "duration": 16364,
                  "root": false,
                  "rootEmpty": false,
                  "_timeout": 2000
                },
                {
                  "uuid": "c56f1c11-25b3-431c-a677-ef9a9b1e8358",
                  "title": "Busca sem sucesso",
                  "fullFile": "",
                  "file": "",
                  "beforeHooks": [],
                  "afterHooks": [],
                  "tests": [
                    {
                      "title": "Realizar uma busca por termo inexistente",
                      "fullTitle": "Busca com usuário deslogado Busca com usuário logado como Médico Busca sem sucesso Realizar uma busca por termo inexistente",
                      "timedOut": null,
                      "duration": 14480,
                      "state": "passed",
                      "speed": "slow",
                      "pass": true,
                      "fail": false,
                      "pending": false,
                      "context": null,
                      "code": "_busca.default.BuscaDeslogadoHeaderSemResultado();",
                      "err": {},
                      "uuid": "211c41e1-72e6-4919-9661-c416804cfb4c",
                      "parentUUID": "c56f1c11-25b3-431c-a677-ef9a9b1e8358",
                      "isHook": false,
                      "skipped": false
                    }
                  ],
                  "suites": [],
                  "passes": [
                    "211c41e1-72e6-4919-9661-c416804cfb4c"
                  ],
                  "failures": [],
                  "pending": [],
                  "skipped": [],
                  "duration": 14480,
                  "root": false,
                  "rootEmpty": false,
                  "_timeout": 2000
                }
              ],
              "passes": [],
              "failures": [],
              "pending": [],
              "skipped": [],
              "duration": 0,
              "root": false,
              "rootEmpty": false,
              "_timeout": 2000
            }
          ],
          "passes": [],
          "failures": [],
          "pending": [],
          "skipped": [],
          "duration": 0,
          "root": false,
          "rootEmpty": false,
          "_timeout": 2000
        }
      ],
      "passes": [],
      "failures": [],
      "pending": [],
      "skipped": [],
      "duration": 0,
      "root": true,
      "rootEmpty": true,
      "_timeout": 2000
    }
  ],
  "meta": {
    "mocha": {
      "version": "7.0.1"
    },
    "mochawesome": {
      "options": {
        "quiet": true,
        "reportFilename": "mochawesome",
        "saveHtml": false,
        "saveJson": true,
        "consoleReporter": "spec",
        "useInlineDiffs": false,
        "code": true
      },
      "version": "6.3.1"
    },
    "marge": {
      "options": {
        "id": "default",
        "reportDir": "mochawesome-report",
        "quiet": true,
        "overwrite": false,
        "html": false,
        "json": true
      },
      "version": "5.2.0"
    }
  }
}