{
  "stats": {
    "suites": 6,
    "tests": 8,
    "passes": 6,
    "pending": 0,
    "failures": 2,
    "start": "2022-11-05T08:19:19.175Z",
    "end": "2022-11-05T08:20:52.575Z",
    "duration": 93400,
    "testsRegistered": 8,
    "passPercent": 75,
    "pendingPercent": 0,
    "other": 0,
    "hasOther": false,
    "skipped": 0,
    "hasSkipped": false
  },
  "results": [
    {
      "uuid": "02c04d9a-eb30-478e-957a-ecdcea35ecb1",
      "title": "",
      "fullFile": "cypress/integration/busca.spec.js",
      "file": "cypress/integration/busca.spec.js",
      "beforeHooks": [],
      "afterHooks": [],
      "tests": [],
      "suites": [
        {
          "uuid": "cee6af55-aed5-4e07-b548-a46c6ec27123",
          "title": "Busca com usuário deslogado",
          "fullFile": "",
          "file": "",
          "beforeHooks": [],
          "afterHooks": [],
          "tests": [],
          "suites": [
            {
              "uuid": "218cbcc8-ed33-45b1-8b7e-f9ccafb0c7e2",
              "title": "Busca com sucesso",
              "fullFile": "",
              "file": "",
              "beforeHooks": [],
              "afterHooks": [],
              "tests": [
                {
                  "title": "Realizar uma busca pelo nome completo do termo",
                  "fullTitle": "Busca com usuário deslogado Busca com sucesso Realizar uma busca pelo nome completo do termo",
                  "timedOut": null,
                  "duration": 18680,
                  "state": "passed",
                  "speed": "slow",
                  "pass": true,
                  "fail": false,
                  "pending": false,
                  "context": null,
                  "code": "_busca.default.BuscaDeslogadoHeaderComResultado();",
                  "err": {},
                  "uuid": "cff8dbf0-83e7-4907-9830-1190d0da1997",
                  "parentUUID": "218cbcc8-ed33-45b1-8b7e-f9ccafb0c7e2",
                  "isHook": false,
                  "skipped": false
                },
                {
                  "title": "Realizar uma busca por parte do nome do termo",
                  "fullTitle": "Busca com usuário deslogado Busca com sucesso Realizar uma busca por parte do nome do termo",
                  "timedOut": null,
                  "duration": 11201,
                  "state": "failed",
                  "speed": null,
                  "pass": false,
                  "fail": true,
                  "pending": false,
                  "context": null,
                  "code": "_busca.default.BuscaParteNomeTermo();",
                  "err": {
                    "message": "AssertionError: Timed out retrying after 4000ms: expected '<a.modal-search__result-title.c-text--underline-white>' to contain 'Como um remédio é produzido?'",
                    "estack": "AssertionError: Timed out retrying after 4000ms: expected '<a.modal-search__result-title.c-text--underline-white>' to contain 'Como um remédio é produzido?'\n    at BuscaParteNomeTermo (https://stg-cd.sanoficonecta.com.br/__cypress/tests?p=cypress/integration/busca.spec.js:241:39)\n    at Context.eval (https://stg-cd.sanoficonecta.com.br/__cypress/tests?p=cypress/integration/busca.spec.js:135:22)",
                    "diff": null
                  },
                  "uuid": "de88b27e-e839-4791-9676-1fba6834388a",
                  "parentUUID": "218cbcc8-ed33-45b1-8b7e-f9ccafb0c7e2",
                  "isHook": false,
                  "skipped": false
                },
                {
                  "title": "Realizar uma busca por termo utilizando traço",
                  "fullTitle": "Busca com usuário deslogado Busca com sucesso Realizar uma busca por termo utilizando traço",
                  "timedOut": null,
                  "duration": 8141,
                  "state": "passed",
                  "speed": "slow",
                  "pass": true,
                  "fail": false,
                  "pending": false,
                  "context": null,
                  "code": "_busca.default.BuscaPorTermoComTraco();",
                  "err": {},
                  "uuid": "cebd2009-dee0-47f9-bb30-13d56a5c4440",
                  "parentUUID": "218cbcc8-ed33-45b1-8b7e-f9ccafb0c7e2",
                  "isHook": false,
                  "skipped": false
                },
                {
                  "title": "Realizar uma busca por termo utilizando acentuação e preposição",
                  "fullTitle": "Busca com usuário deslogado Busca com sucesso Realizar uma busca por termo utilizando acentuação e preposição",
                  "timedOut": null,
                  "duration": 14246,
                  "state": "failed",
                  "speed": null,
                  "pass": false,
                  "fail": true,
                  "pending": false,
                  "context": null,
                  "code": "_busca.default.BuscaPorTermoComAcentuacaoePreposicao();",
                  "err": {
                    "message": "AssertionError: Timed out retrying after 4000ms: expected '<a.modal-search__result-title.c-text--underline-white>' to have text 'Otimizando a vacinação em adolescentes: imunização em escolas', but the text was 'Novos casos de meningite no Brasil e a importância da vacinação'",
                    "estack": "AssertionError: Timed out retrying after 4000ms: expected '<a.modal-search__result-title.c-text--underline-white>' to have text 'Otimizando a vacinação em adolescentes: imunização em escolas', but the text was 'Novos casos de meningite no Brasil e a importância da vacinação'\n    at BuscaPorTermoComAcentuacaoePreposicao (https://stg-cd.sanoficonecta.com.br/__cypress/tests?p=cypress/integration/busca.spec.js:266:43)\n    at Context.eval (https://stg-cd.sanoficonecta.com.br/__cypress/tests?p=cypress/integration/busca.spec.js:141:22)",
                    "diff": "- 'Novos casos de meningite no Brasil e a importância da vacinação'\n+ 'Otimizando a vacinação em adolescentes: imunização em escolas'\n"
                  },
                  "uuid": "d003ec2d-5918-4739-9f17-e572ffcb6908",
                  "parentUUID": "218cbcc8-ed33-45b1-8b7e-f9ccafb0c7e2",
                  "isHook": false,
                  "skipped": false
                }
              ],
              "suites": [],
              "passes": [
                "cff8dbf0-83e7-4907-9830-1190d0da1997",
                "cebd2009-dee0-47f9-bb30-13d56a5c4440"
              ],
              "failures": [
                "de88b27e-e839-4791-9676-1fba6834388a",
                "d003ec2d-5918-4739-9f17-e572ffcb6908"
              ],
              "pending": [],
              "skipped": [],
              "duration": 52268,
              "root": false,
              "rootEmpty": false,
              "_timeout": 2000
            },
            {
              "uuid": "8315f561-4f11-4063-bead-97dd574dcb6c",
              "title": "Busca sem sucesso",
              "fullFile": "",
              "file": "",
              "beforeHooks": [],
              "afterHooks": [],
              "tests": [
                {
                  "title": "Realizar uma busca por termo inexistente",
                  "fullTitle": "Busca com usuário deslogado Busca sem sucesso Realizar uma busca por termo inexistente",
                  "timedOut": null,
                  "duration": 7382,
                  "state": "passed",
                  "speed": "slow",
                  "pass": true,
                  "fail": false,
                  "pending": false,
                  "context": null,
                  "code": "_busca.default.BuscaDeslogadoHeaderSemResultado();",
                  "err": {},
                  "uuid": "839a9067-bfc1-4274-960f-ad723bc0a50c",
                  "parentUUID": "8315f561-4f11-4063-bead-97dd574dcb6c",
                  "isHook": false,
                  "skipped": false
                },
                {
                  "title": "Realizar uma busca vazia",
                  "fullTitle": "Busca com usuário deslogado Busca sem sucesso Realizar uma busca vazia",
                  "timedOut": null,
                  "duration": 6236,
                  "state": "passed",
                  "speed": "slow",
                  "pass": true,
                  "fail": false,
                  "pending": false,
                  "context": null,
                  "code": "_busca.default.BuscaVaziaDeslogado();",
                  "err": {},
                  "uuid": "24ef8528-e9b1-419c-8c9a-8fe1de6ef877",
                  "parentUUID": "8315f561-4f11-4063-bead-97dd574dcb6c",
                  "isHook": false,
                  "skipped": false
                }
              ],
              "suites": [],
              "passes": [
                "839a9067-bfc1-4274-960f-ad723bc0a50c",
                "24ef8528-e9b1-419c-8c9a-8fe1de6ef877"
              ],
              "failures": [],
              "pending": [],
              "skipped": [],
              "duration": 13618,
              "root": false,
              "rootEmpty": false,
              "_timeout": 2000
            },
            {
              "uuid": "aebadcc7-7de9-4979-8017-4d9c04212e75",
              "title": "Busca com usuário logado como Médico",
              "fullFile": "",
              "file": "",
              "beforeHooks": [],
              "afterHooks": [],
              "tests": [],
              "suites": [
                {
                  "uuid": "998a4b8c-7937-45e3-9626-9a9ea2d8c27b",
                  "title": "Busca com sucesso",
                  "fullFile": "",
                  "file": "",
                  "beforeHooks": [],
                  "afterHooks": [],
                  "tests": [
                    {
                      "title": "Realizar uma busca pelo nome completo do termo",
                      "fullTitle": "Busca com usuário deslogado Busca com usuário logado como Médico Busca com sucesso Realizar uma busca pelo nome completo do termo",
                      "timedOut": null,
                      "duration": 14010,
                      "state": "passed",
                      "speed": "slow",
                      "pass": true,
                      "fail": false,
                      "pending": false,
                      "context": null,
                      "code": "_busca.default.BuscaDeslogadoHeaderComResultado();",
                      "err": {},
                      "uuid": "2e325674-758e-43a5-b22a-8279d41967d7",
                      "parentUUID": "998a4b8c-7937-45e3-9626-9a9ea2d8c27b",
                      "isHook": false,
                      "skipped": false
                    }
                  ],
                  "suites": [],
                  "passes": [
                    "2e325674-758e-43a5-b22a-8279d41967d7"
                  ],
                  "failures": [],
                  "pending": [],
                  "skipped": [],
                  "duration": 14010,
                  "root": false,
                  "rootEmpty": false,
                  "_timeout": 2000
                },
                {
                  "uuid": "0033e692-a8c2-4979-8850-aa437e27d1c2",
                  "title": "Busca sem sucesso",
                  "fullFile": "",
                  "file": "",
                  "beforeHooks": [],
                  "afterHooks": [],
                  "tests": [
                    {
                      "title": "Realizar uma busca por termo inexistente",
                      "fullTitle": "Busca com usuário deslogado Busca com usuário logado como Médico Busca sem sucesso Realizar uma busca por termo inexistente",
                      "timedOut": null,
                      "duration": 13261,
                      "state": "passed",
                      "speed": "slow",
                      "pass": true,
                      "fail": false,
                      "pending": false,
                      "context": null,
                      "code": "_busca.default.BuscaDeslogadoHeaderSemResultado();",
                      "err": {},
                      "uuid": "fa615c36-7b9e-4de0-a65b-ca62c07355e8",
                      "parentUUID": "0033e692-a8c2-4979-8850-aa437e27d1c2",
                      "isHook": false,
                      "skipped": false
                    }
                  ],
                  "suites": [],
                  "passes": [
                    "fa615c36-7b9e-4de0-a65b-ca62c07355e8"
                  ],
                  "failures": [],
                  "pending": [],
                  "skipped": [],
                  "duration": 13261,
                  "root": false,
                  "rootEmpty": false,
                  "_timeout": 2000
                }
              ],
              "passes": [],
              "failures": [],
              "pending": [],
              "skipped": [],
              "duration": 0,
              "root": false,
              "rootEmpty": false,
              "_timeout": 2000
            }
          ],
          "passes": [],
          "failures": [],
          "pending": [],
          "skipped": [],
          "duration": 0,
          "root": false,
          "rootEmpty": false,
          "_timeout": 2000
        }
      ],
      "passes": [],
      "failures": [],
      "pending": [],
      "skipped": [],
      "duration": 0,
      "root": true,
      "rootEmpty": true,
      "_timeout": 2000
    }
  ],
  "meta": {
    "mocha": {
      "version": "7.0.1"
    },
    "mochawesome": {
      "options": {
        "quiet": true,
        "reportFilename": "mochawesome",
        "saveHtml": false,
        "saveJson": true,
        "consoleReporter": "spec",
        "useInlineDiffs": false,
        "code": true
      },
      "version": "6.3.1"
    },
    "marge": {
      "options": {
        "id": "default",
        "reportDir": "mochawesome-report",
        "quiet": true,
        "overwrite": false,
        "html": false,
        "json": true
      },
      "version": "5.2.0"
    }
  }
}