{
  "stats": {
    "suites": 1,
    "tests": 6,
    "passes": 5,
    "pending": 0,
    "failures": 1,
    "start": "2022-02-06T08:13:30.562Z",
    "end": "2022-02-06T08:14:46.351Z",
    "duration": 75789,
    "testsRegistered": 6,
    "passPercent": 83.33333333333334,
    "pendingPercent": 0,
    "other": 0,
    "hasOther": false,
    "skipped": 0,
    "hasSkipped": false
  },
  "results": [
    {
      "uuid": "1fbdca2b-28b6-4e05-93c6-06a4819d0a5c",
      "title": "",
      "fullFile": "cypress/integration/cadastro.spec.js",
      "file": "cypress/integration/cadastro.spec.js",
      "beforeHooks": [],
      "afterHooks": [],
      "tests": [],
      "suites": [
        {
          "uuid": "1c91d5ed-e91f-4266-8e82-7506bb3ed1b3",
          "title": "Cadastro",
          "fullFile": "",
          "file": "",
          "beforeHooks": [],
          "afterHooks": [],
          "tests": [
            {
              "title": "Tentar realizar cadastro de Médico com registro invalido",
              "fullTitle": "Cadastro Tentar realizar cadastro de Médico com registro invalido",
              "timedOut": null,
              "duration": 24371,
              "state": "passed",
              "speed": "slow",
              "pass": true,
              "fail": false,
              "pending": false,
              "context": null,
              "code": "_cadastro.default.cadastroMedicoComRegistroInvalido();",
              "err": {},
              "uuid": "418c2a9d-9461-462c-a9e5-ebffae94b217",
              "parentUUID": "1c91d5ed-e91f-4266-8e82-7506bb3ed1b3",
              "isHook": false,
              "skipped": false
            },
            {
              "title": "Tentar realizar cadastro de Médico sem aceitar os termos",
              "fullTitle": "Cadastro Tentar realizar cadastro de Médico sem aceitar os termos",
              "timedOut": null,
              "duration": 8269,
              "state": "passed",
              "speed": "slow",
              "pass": true,
              "fail": false,
              "pending": false,
              "context": null,
              "code": "_cadastro.default.cadastroMedicoSemAceitarTermos();",
              "err": {},
              "uuid": "cc487455-d27e-4754-9ba0-410276bffbbc",
              "parentUUID": "1c91d5ed-e91f-4266-8e82-7506bb3ed1b3",
              "isHook": false,
              "skipped": false
            },
            {
              "title": "Tentar realizar cadastro de Médico com registro já cadastrado",
              "fullTitle": "Cadastro Tentar realizar cadastro de Médico com registro já cadastrado",
              "timedOut": null,
              "duration": 10075,
              "state": "passed",
              "speed": "slow",
              "pass": true,
              "fail": false,
              "pending": false,
              "context": null,
              "code": "_cadastro.default.cadastroMedicoComRegistroJaCadastrado();",
              "err": {},
              "uuid": "8c76882c-925f-43e2-af74-8af6ce27ec4b",
              "parentUUID": "1c91d5ed-e91f-4266-8e82-7506bb3ed1b3",
              "isHook": false,
              "skipped": false
            },
            {
              "title": "Tentar realizar cadastro de Médico com email já cadastrado",
              "fullTitle": "Cadastro Tentar realizar cadastro de Médico com email já cadastrado",
              "timedOut": null,
              "duration": 8325,
              "state": "passed",
              "speed": "slow",
              "pass": true,
              "fail": false,
              "pending": false,
              "context": null,
              "code": "_cadastro.default.cadastroMedicoComEmailJaCadastrado();",
              "err": {},
              "uuid": "2fb1c6b1-52db-46d0-9f60-3796387f4071",
              "parentUUID": "1c91d5ed-e91f-4266-8e82-7506bb3ed1b3",
              "isHook": false,
              "skipped": false
            },
            {
              "title": "Tentar realizar cadastro de Médico sem informar os dados obrigatórios",
              "fullTitle": "Cadastro Tentar realizar cadastro de Médico sem informar os dados obrigatórios",
              "timedOut": null,
              "duration": 5226,
              "state": "passed",
              "speed": "slow",
              "pass": true,
              "fail": false,
              "pending": false,
              "context": null,
              "code": "_cadastro.default.cadastroMedicoSemInformarDadosObrigatorios();",
              "err": {},
              "uuid": "bc81f65f-242f-4ff8-b9e1-3c10ea14c363",
              "parentUUID": "1c91d5ed-e91f-4266-8e82-7506bb3ed1b3",
              "isHook": false,
              "skipped": false
            },
            {
              "title": "Realizar cadastro de Nutricionista com sucesso",
              "fullTitle": "Cadastro Realizar cadastro de Nutricionista com sucesso",
              "timedOut": null,
              "duration": 19357,
              "state": "failed",
              "speed": null,
              "pass": false,
              "fail": true,
              "pending": false,
              "context": null,
              "code": "_cadastro.default.cadastroNutricionista();",
              "err": {
                "message": "AssertionError: Timed out retrying after 4000ms: expected '<div>' to contain text 'Bem-vindo Teste', but the text was 'Criar conta  \\n                    Para prosseguirmos, precisamos de mais algumas informações suas. Não se preocupe, levará menos de 1 minuto!\\n                '",
                "estack": "AssertionError: Timed out retrying after 4000ms: expected '<div>' to contain text 'Bem-vindo Teste', but the text was 'Criar conta  \\n                    Para prosseguirmos, precisamos de mais algumas informações suas. Não se preocupe, levará menos de 1 minuto!\\n                '\n    at Cadastro.cadastroNutricionista (https://stg-cd.sanoficonecta.com.br/__cypress/tests?p=cypress/integration/cadastro.spec.js:2358:52)\n    at Context.eval (https://stg-cd.sanoficonecta.com.br/__cypress/tests?p=cypress/integration/cadastro.spec.js:2250:23)",
                "diff": "- 'Criar conta  \\n                    Para prosseguirmos, precisamos de mais algumas informações suas. Não se preocupe, levará menos de 1 minuto!\\n                '\n+ 'Bem-vindo Teste'\n"
              },
              "uuid": "56644db7-016f-4590-b93b-5bf8f79c71b9",
              "parentUUID": "1c91d5ed-e91f-4266-8e82-7506bb3ed1b3",
              "isHook": false,
              "skipped": false
            }
          ],
          "suites": [],
          "passes": [
            "418c2a9d-9461-462c-a9e5-ebffae94b217",
            "cc487455-d27e-4754-9ba0-410276bffbbc",
            "8c76882c-925f-43e2-af74-8af6ce27ec4b",
            "2fb1c6b1-52db-46d0-9f60-3796387f4071",
            "bc81f65f-242f-4ff8-b9e1-3c10ea14c363"
          ],
          "failures": [
            "56644db7-016f-4590-b93b-5bf8f79c71b9"
          ],
          "pending": [],
          "skipped": [],
          "duration": 75623,
          "root": false,
          "rootEmpty": false,
          "_timeout": 2000
        }
      ],
      "passes": [],
      "failures": [],
      "pending": [],
      "skipped": [],
      "duration": 0,
      "root": true,
      "rootEmpty": true,
      "_timeout": 2000
    }
  ],
  "meta": {
    "mocha": {
      "version": "7.0.1"
    },
    "mochawesome": {
      "options": {
        "quiet": true,
        "reportFilename": "mochawesome",
        "saveHtml": false,
        "saveJson": true,
        "consoleReporter": "spec",
        "useInlineDiffs": false,
        "code": true
      },
      "version": "6.3.1"
    },
    "marge": {
      "options": {
        "id": "default",
        "reportDir": "mochawesome-report",
        "quiet": true,
        "overwrite": false,
        "html": false,
        "json": true
      },
      "version": "5.2.0"
    }
  }
}