{
  "stats": {
    "suites": 4,
    "tests": 3,
    "passes": 2,
    "pending": 1,
    "failures": 0,
    "start": "2021-11-23T14:30:09.820Z",
    "end": "2021-11-23T14:31:01.529Z",
    "duration": 51709,
    "testsRegistered": 3,
    "passPercent": 100,
    "pendingPercent": 33.33333333333333,
    "other": 0,
    "hasOther": false,
    "skipped": 0,
    "hasSkipped": false
  },
  "results": [
    {
      "uuid": "c953b189-04f1-48bf-94bb-0b164412df06",
      "title": "",
      "fullFile": "cypress/integration/artigo.spec.js",
      "file": "cypress/integration/artigo.spec.js",
      "beforeHooks": [],
      "afterHooks": [],
      "tests": [],
      "suites": [
        {
          "uuid": "d8169d82-df28-4b71-b192-d293dd7beece",
          "title": "Acessar Artigo com usuário deslogado",
          "fullFile": "",
          "file": "",
          "beforeHooks": [],
          "afterHooks": [],
          "tests": [],
          "suites": [
            {
              "uuid": "19555a57-ced7-4c08-b3ae-789dd322a4d4",
              "title": "Acessar artigo com sucesso",
              "fullFile": "",
              "file": "",
              "beforeHooks": [],
              "afterHooks": [],
              "tests": [
                {
                  "title": "Acessar artigo",
                  "fullTitle": "Acessar Artigo com usuário deslogado Acessar artigo com sucesso Acessar artigo",
                  "timedOut": null,
                  "duration": 30823,
                  "state": "passed",
                  "speed": "slow",
                  "pass": true,
                  "fail": false,
                  "pending": false,
                  "context": null,
                  "code": "cy.get('.c-navbar__area-logged > .c-navbar__item').click();\ncy.get('#modal-search-box').should('be.visible').type('Artigo Modular Teste home automatizada');\ncy.get('.grid-lg-10 > .modal-search__icon').click();\ncy.wait(2000);\ncy.contains('Artigo Modular Teste home automatizada').click();\ncy.get('.c-hero-article__title').should('contain', 'Artigo Modular Teste');",
                  "err": {},
                  "uuid": "126c97e4-3f67-4293-8c15-703da5efa434",
                  "parentUUID": "19555a57-ced7-4c08-b3ae-789dd322a4d4",
                  "isHook": false,
                  "skipped": false
                }
              ],
              "suites": [],
              "passes": [
                "126c97e4-3f67-4293-8c15-703da5efa434"
              ],
              "failures": [],
              "pending": [],
              "skipped": [],
              "duration": 30823,
              "root": false,
              "rootEmpty": false,
              "_timeout": 2000
            }
          ],
          "passes": [],
          "failures": [],
          "pending": [],
          "skipped": [],
          "duration": 0,
          "root": false,
          "rootEmpty": false,
          "_timeout": 2000
        },
        {
          "uuid": "0dd0101b-3232-4948-97b3-3791b52277c6",
          "title": "Acessar Artigo com usuário logado",
          "fullFile": "",
          "file": "",
          "beforeHooks": [],
          "afterHooks": [],
          "tests": [],
          "suites": [
            {
              "uuid": "1a204c77-8e9a-48da-ad4e-b7694dd3cee6",
              "title": "Acessar artigo com sucesso",
              "fullFile": "",
              "file": "",
              "beforeHooks": [],
              "afterHooks": [],
              "tests": [
                {
                  "title": "Acessar artigo",
                  "fullTitle": "Acessar Artigo com usuário logado Acessar artigo com sucesso Acessar artigo",
                  "timedOut": null,
                  "duration": 20771,
                  "state": "passed",
                  "speed": "slow",
                  "pass": true,
                  "fail": false,
                  "pending": false,
                  "context": null,
                  "code": "cy.get('.c-navbar__area-logged > .c-navbar__item').click();\ncy.get('#modal-search-box').should('be.visible').type('Artigo Modular Teste home automatizada');\ncy.get('.grid-lg-10 > .modal-search__icon').click();\ncy.wait(2000);\ncy.contains('Artigo Modular Teste home automatizada').click();\ncy.get('.c-hero-article__title').should('contain', 'Artigo Modular Teste');",
                  "err": {},
                  "uuid": "29646c9e-3302-4942-bcaf-19fa1433b176",
                  "parentUUID": "1a204c77-8e9a-48da-ad4e-b7694dd3cee6",
                  "isHook": false,
                  "skipped": false
                },
                {
                  "title": "Adicionar e Retirar Artigo dos favoritos",
                  "fullTitle": "Acessar Artigo com usuário logado Acessar artigo com sucesso Adicionar e Retirar Artigo dos favoritos",
                  "timedOut": null,
                  "duration": 0,
                  "state": "pending",
                  "speed": null,
                  "pass": false,
                  "fail": false,
                  "pending": true,
                  "context": null,
                  "code": "",
                  "err": {},
                  "uuid": "08c11671-0002-4557-9ce9-6e92d9464be8",
                  "parentUUID": "1a204c77-8e9a-48da-ad4e-b7694dd3cee6",
                  "isHook": false,
                  "skipped": false
                }
              ],
              "suites": [],
              "passes": [
                "29646c9e-3302-4942-bcaf-19fa1433b176"
              ],
              "failures": [],
              "pending": [
                "08c11671-0002-4557-9ce9-6e92d9464be8"
              ],
              "skipped": [],
              "duration": 20771,
              "root": false,
              "rootEmpty": false,
              "_timeout": 2000
            }
          ],
          "passes": [],
          "failures": [],
          "pending": [],
          "skipped": [],
          "duration": 0,
          "root": false,
          "rootEmpty": false,
          "_timeout": 2000
        }
      ],
      "passes": [],
      "failures": [],
      "pending": [],
      "skipped": [],
      "duration": 0,
      "root": true,
      "rootEmpty": true,
      "_timeout": 2000
    }
  ],
  "meta": {
    "mocha": {
      "version": "7.0.1"
    },
    "mochawesome": {
      "options": {
        "quiet": true,
        "reportFilename": "mochawesome",
        "saveHtml": false,
        "saveJson": true,
        "consoleReporter": "spec",
        "useInlineDiffs": false,
        "code": true
      },
      "version": "6.3.1"
    },
    "marge": {
      "options": {
        "id": "default",
        "reportDir": "mochawesome-report",
        "quiet": true,
        "overwrite": false,
        "html": false,
        "json": true
      },
      "version": "5.2.0"
    }
  }
}