{
  "stats": {
    "suites": 2,
    "tests": 1,
    "passes": 0,
    "pending": 0,
    "failures": 1,
    "start": "2024-01-20T08:13:09.655Z",
    "end": "2024-01-20T08:13:10.475Z",
    "duration": 820,
    "testsRegistered": 7,
    "passPercent": 0,
    "pendingPercent": 0,
    "other": 0,
    "hasOther": false,
    "skipped": 5,
    "hasSkipped": true
  },
  "results": [
    {
      "uuid": "af657e69-65a3-4459-9de8-f8be9075546c",
      "title": "",
      "fullFile": "cypress/integration/artigo.spec.js",
      "file": "cypress/integration/artigo.spec.js",
      "beforeHooks": [],
      "afterHooks": [],
      "tests": [],
      "suites": [
        {
          "uuid": "32b7fe90-7ba5-47f5-a02e-38d3cf1013f2",
          "title": "Acessar Artigo com usuário deslogado",
          "fullFile": "",
          "file": "",
          "beforeHooks": [],
          "afterHooks": [],
          "tests": [],
          "suites": [
            {
              "uuid": "2da5406b-d926-49f9-87fc-ff5249dc1ff4",
              "title": "Acessar artigo com sucesso",
              "fullFile": "",
              "file": "",
              "beforeHooks": [],
              "afterHooks": [],
              "tests": [
                {
                  "title": "Tentar acessar artigo exclusivo para médico e farmacêutico, estando deslogado",
                  "fullTitle": "Acessar Artigo com usuário deslogado Acessar artigo com sucesso Tentar acessar artigo exclusivo para médico e farmacêutico, estando deslogado",
                  "timedOut": null,
                  "duration": 779,
                  "state": "failed",
                  "speed": null,
                  "pass": false,
                  "fail": true,
                  "pending": false,
                  "context": null,
                  "code": "cy.visit('https://stg-cd.sanoficonecta.com.br/artigos/resultados-empower-lung1-localmente-avancada');\ncy.get('.c-base-modal-content__paper').should('be.visible');\ncy.get('.c-base-modal-content__body > .c-text--h2').should('contain', 'Conteúdo exclusivo para Médico e  Farmacêutico');",
                  "err": {
                    "message": "CypressError: `cy.visit()` failed trying to load:\n\nhttps://stg-cd.sanoficonecta.com.br/\n\nThe response we received from your web server was:\n\n  > 403: Forbidden\n\nThis was considered a failure because the status code was not `2xx`.\n\nIf you do not want status codes to cause failures pass the option: `failOnStatusCode: false`\n\nBecause this error occurred during a `before each` hook we are skipping all of the remaining tests.",
                    "estack": "CypressError: `cy.visit()` failed trying to load:\n\nhttps://stg-cd.sanoficonecta.com.br/\n\nThe response we received from your web server was:\n\n  > 403: Forbidden\n\nThis was considered a failure because the status code was not `2xx`.\n\nIf you do not want status codes to cause failures pass the option: `failOnStatusCode: false`\n\nBecause this error occurred during a `before each` hook we are skipping all of the remaining tests.\n    at https://stg-cd.sanoficonecta.com.br/__cypress/runner/cypress_runner.js:140508:25\n    at visitFailedByErr (https://stg-cd.sanoficonecta.com.br/__cypress/runner/cypress_runner.js:139883:12)\n    at https://stg-cd.sanoficonecta.com.br/__cypress/runner/cypress_runner.js:140488:13\n    at tryCatcher (https://stg-cd.sanoficonecta.com.br/__cypress/runner/cypress_runner.js:10798:23)\n    at Promise._settlePromiseFromHandler (https://stg-cd.sanoficonecta.com.br/__cypress/runner/cypress_runner.js:8733:31)\n    at Promise._settlePromise (https://stg-cd.sanoficonecta.com.br/__cypress/runner/cypress_runner.js:8790:18)\n    at Promise._settlePromise0 (https://stg-cd.sanoficonecta.com.br/__cypress/runner/cypress_runner.js:8835:10)\n    at Promise._settlePromises (https://stg-cd.sanoficonecta.com.br/__cypress/runner/cypress_runner.js:8911:18)\n    at _drainQueueStep (https://stg-cd.sanoficonecta.com.br/__cypress/runner/cypress_runner.js:5505:12)\n    at _drainQueue (https://stg-cd.sanoficonecta.com.br/__cypress/runner/cypress_runner.js:5498:9)\n    at Async.../../node_modules/bluebird/js/release/async.js.Async._drainQueues (https://stg-cd.sanoficonecta.com.br/__cypress/runner/cypress_runner.js:5514:5)\n    at Async.drainQueues (https://stg-cd.sanoficonecta.com.br/__cypress/runner/cypress_runner.js:5384:14)\nFrom Your Spec Code:\n    at LoginSistema.acessarSistema (https://stg-cd.sanoficonecta.com.br/__cypress/tests?p=cypress/integration/artigo.spec.js:301:8)\n    at Context.eval (https://stg-cd.sanoficonecta.com.br/__cypress/tests?p=cypress/integration/artigo.spec.js:127:25)",
                    "diff": null
                  },
                  "uuid": "d1f98ab2-31e3-47c9-835a-fd7d7070cced",
                  "parentUUID": "2da5406b-d926-49f9-87fc-ff5249dc1ff4",
                  "isHook": false,
                  "skipped": false
                },
                {
                  "title": "Acessar artigo",
                  "fullTitle": "Acessar Artigo com usuário deslogado Acessar artigo com sucesso Acessar artigo",
                  "timedOut": null,
                  "duration": 0,
                  "state": "skipped",
                  "speed": null,
                  "pass": false,
                  "fail": false,
                  "pending": false,
                  "context": null,
                  "code": "_artigo.default.AcessarArtigo();",
                  "err": {},
                  "uuid": "521a24c3-57ab-4fcd-910a-ea9324137b2c",
                  "parentUUID": "2da5406b-d926-49f9-87fc-ff5249dc1ff4",
                  "isHook": false,
                  "skipped": true
                }
              ],
              "suites": [],
              "passes": [],
              "failures": [
                "d1f98ab2-31e3-47c9-835a-fd7d7070cced"
              ],
              "pending": [],
              "skipped": [
                "521a24c3-57ab-4fcd-910a-ea9324137b2c"
              ],
              "duration": 779,
              "root": false,
              "rootEmpty": false,
              "_timeout": 2000
            }
          ],
          "passes": [],
          "failures": [],
          "pending": [],
          "skipped": [],
          "duration": 0,
          "root": false,
          "rootEmpty": false,
          "_timeout": 2000
        },
        {
          "uuid": "6651a574-baba-4bf2-9ede-21c8f4cbb86d",
          "title": "Acessar Artigo com usuário logado",
          "fullFile": "",
          "file": "",
          "beforeHooks": [],
          "afterHooks": [],
          "tests": [],
          "suites": [
            {
              "uuid": "79913b82-5c7e-4af5-bd8b-1f601b0aeb43",
              "title": "Acessar artigo com sucesso",
              "fullFile": "",
              "file": "",
              "beforeHooks": [],
              "afterHooks": [],
              "tests": [
                {
                  "title": "Acessar artigo",
                  "fullTitle": "Acessar Artigo com usuário logado Acessar artigo com sucesso Acessar artigo",
                  "timedOut": null,
                  "duration": 0,
                  "state": "skipped",
                  "speed": null,
                  "pass": false,
                  "fail": false,
                  "pending": false,
                  "context": null,
                  "code": "_login.default.loginMedico();\n_artigo.default.AcessarArtigo();",
                  "err": {},
                  "uuid": "0dcf00c5-d538-4d35-ab52-f154d5d16666",
                  "parentUUID": null,
                  "isHook": false,
                  "skipped": true
                },
                {
                  "title": "Adicionar e Retirar Artigo dos favoritos",
                  "fullTitle": "Acessar Artigo com usuário logado Acessar artigo com sucesso Adicionar e Retirar Artigo dos favoritos",
                  "timedOut": null,
                  "duration": 0,
                  "state": "skipped",
                  "speed": null,
                  "pass": false,
                  "fail": false,
                  "pending": true,
                  "context": null,
                  "code": "",
                  "err": {},
                  "uuid": "fbfdc754-0433-4623-aa81-47dbc6782762",
                  "parentUUID": null,
                  "isHook": false,
                  "skipped": false
                },
                {
                  "title": "Tentar acessar artigo exclusivo para médico e farmacêutico, utilizando perfil sem permissão",
                  "fullTitle": "Acessar Artigo com usuário logado Acessar artigo com sucesso Tentar acessar artigo exclusivo para médico e farmacêutico, utilizando perfil sem permissão",
                  "timedOut": null,
                  "duration": 0,
                  "state": "skipped",
                  "speed": null,
                  "pass": false,
                  "fail": false,
                  "pending": false,
                  "context": null,
                  "code": "_login.default.loginFisioterapeutaComRegistro(); //cy.get('.c-navbar__area-logged > .c-navbar__item').click()\n\ncy.visit('https://stg-cd.sanoficonecta.com.br/artigos/resultados-empower-lung1-localmente-avancada');\ncy.get('.c-base-modal-content__body > .c-text--h2').should('contain', 'Conteúdo exclusivo para Médico e  Farmacêutico');",
                  "err": {},
                  "uuid": "c1ccddb1-1863-4947-a659-ae34921960be",
                  "parentUUID": null,
                  "isHook": false,
                  "skipped": true
                },
                {
                  "title": "Tentar acessar artigo exclusivo, com Soft Login",
                  "fullTitle": "Acessar Artigo com usuário logado Acessar artigo com sucesso Tentar acessar artigo exclusivo, com Soft Login",
                  "timedOut": null,
                  "duration": 0,
                  "state": "skipped",
                  "speed": null,
                  "pass": false,
                  "fail": false,
                  "pending": false,
                  "context": null,
                  "code": "//cy.get('.c-navbar__area-logged > .c-navbar__item').click()\ncy.visit('https://stg-cd.sanoficonecta.com.br/artigos/resultados-empower-lung1-localmente-avancada');\ncy.get('.c-base-modal-content__body > .c-text--h2').should('contain', 'Conteúdo exclusivo para Médico e  Farmacêutico');\ncy.get('input[value=\"true\"]').check();\ncy.get('#sf-continue-validation').click();\ncy.get('#hcp-type').select('Farmacêutico (CRF)');\ncy.get('#uf').select('RS');\ncy.get('#sf-register-2').type('4444444');\ncy.get('#sf-email').type('farma104@teste.com');\ncy.get('#opt-in').check();\ncy.get('#sf-continue-validation').click();\ncy.get('.c-base-modal-content__body > :nth-child(1) > .c-text--h2').should('have.text', 'Criar conta');",
                  "err": {},
                  "uuid": "745cb890-2334-416b-8d14-d1116867ba0f",
                  "parentUUID": null,
                  "isHook": false,
                  "skipped": true
                },
                {
                  "title": "Acessar artigo exclusivo para médico e farmacêutico, utilizando perfil de Farmacêutico",
                  "fullTitle": "Acessar Artigo com usuário logado Acessar artigo com sucesso Acessar artigo exclusivo para médico e farmacêutico, utilizando perfil de Farmacêutico",
                  "timedOut": null,
                  "duration": 0,
                  "state": "skipped",
                  "speed": null,
                  "pass": false,
                  "fail": false,
                  "pending": false,
                  "context": null,
                  "code": "_login.default.loginFarmaceutico(); //cy.get('.c-navbar__area-logged > .c-navbar__item').click()\n\ncy.visit('https://stg-cd.sanoficonecta.com.br/artigos/resultados-empower-lung1-localmente-avancada');\ncy.get('.c-hero-article__title').should('contain', 'Resultados do cemiplimabe');",
                  "err": {},
                  "uuid": "a634fb97-0ff0-4440-bd9d-3afcc1db4027",
                  "parentUUID": null,
                  "isHook": false,
                  "skipped": true
                }
              ],
              "suites": [],
              "passes": [],
              "failures": [],
              "pending": [
                "fbfdc754-0433-4623-aa81-47dbc6782762"
              ],
              "skipped": [
                "0dcf00c5-d538-4d35-ab52-f154d5d16666",
                "c1ccddb1-1863-4947-a659-ae34921960be",
                "745cb890-2334-416b-8d14-d1116867ba0f",
                "a634fb97-0ff0-4440-bd9d-3afcc1db4027"
              ],
              "duration": 0,
              "root": false,
              "rootEmpty": false,
              "_timeout": 2000
            }
          ],
          "passes": [],
          "failures": [],
          "pending": [],
          "skipped": [],
          "duration": 0,
          "root": false,
          "rootEmpty": false,
          "_timeout": 2000
        }
      ],
      "passes": [],
      "failures": [],
      "pending": [],
      "skipped": [],
      "duration": 0,
      "root": true,
      "rootEmpty": true,
      "_timeout": 2000
    }
  ],
  "meta": {
    "mocha": {
      "version": "7.0.1"
    },
    "mochawesome": {
      "options": {
        "quiet": true,
        "reportFilename": "mochawesome",
        "saveHtml": false,
        "saveJson": true,
        "consoleReporter": "spec",
        "useInlineDiffs": false,
        "code": true
      },
      "version": "6.3.1"
    },
    "marge": {
      "options": {
        "id": "default",
        "reportDir": "mochawesome-report",
        "quiet": true,
        "overwrite": false,
        "html": false,
        "json": true
      },
      "version": "5.2.0"
    }
  }
}