{
  "stats": {
    "suites": 1,
    "tests": 1,
    "passes": 0,
    "pending": 0,
    "failures": 1,
    "start": "2023-12-24T08:13:16.747Z",
    "end": "2023-12-24T08:13:17.541Z",
    "duration": 794,
    "testsRegistered": 6,
    "passPercent": 0,
    "pendingPercent": 0,
    "other": 0,
    "hasOther": false,
    "skipped": 5,
    "hasSkipped": true
  },
  "results": [
    {
      "uuid": "226ecdc5-9d5b-4cb5-8623-8d348fd53650",
      "title": "",
      "fullFile": "cypress/integration/cadastro.spec.js",
      "file": "cypress/integration/cadastro.spec.js",
      "beforeHooks": [],
      "afterHooks": [],
      "tests": [],
      "suites": [
        {
          "uuid": "8068654e-1298-4f88-8975-cc38a0e3b3dd",
          "title": "Cadastro",
          "fullFile": "",
          "file": "",
          "beforeHooks": [],
          "afterHooks": [],
          "tests": [
            {
              "title": "Tentar realizar cadastro de Médico com registro invalido",
              "fullTitle": "Cadastro Tentar realizar cadastro de Médico com registro invalido",
              "timedOut": null,
              "duration": 753,
              "state": "failed",
              "speed": null,
              "pass": false,
              "fail": true,
              "pending": false,
              "context": null,
              "code": "_cadastro.default.cadastroMedicoComRegistroInvalido();",
              "err": {
                "message": "CypressError: `cy.visit()` failed trying to load:\n\nhttps://stg-cd.sanoficonecta.com.br/\n\nThe response we received from your web server was:\n\n  > 403: Forbidden\n\nThis was considered a failure because the status code was not `2xx`.\n\nIf you do not want status codes to cause failures pass the option: `failOnStatusCode: false`\n\nBecause this error occurred during a `before each` hook we are skipping all of the remaining tests.",
                "estack": "CypressError: `cy.visit()` failed trying to load:\n\nhttps://stg-cd.sanoficonecta.com.br/\n\nThe response we received from your web server was:\n\n  > 403: Forbidden\n\nThis was considered a failure because the status code was not `2xx`.\n\nIf you do not want status codes to cause failures pass the option: `failOnStatusCode: false`\n\nBecause this error occurred during a `before each` hook we are skipping all of the remaining tests.\n    at https://stg-cd.sanoficonecta.com.br/__cypress/runner/cypress_runner.js:140508:25\n    at visitFailedByErr (https://stg-cd.sanoficonecta.com.br/__cypress/runner/cypress_runner.js:139883:12)\n    at https://stg-cd.sanoficonecta.com.br/__cypress/runner/cypress_runner.js:140488:13\n    at tryCatcher (https://stg-cd.sanoficonecta.com.br/__cypress/runner/cypress_runner.js:10798:23)\n    at Promise._settlePromiseFromHandler (https://stg-cd.sanoficonecta.com.br/__cypress/runner/cypress_runner.js:8733:31)\n    at Promise._settlePromise (https://stg-cd.sanoficonecta.com.br/__cypress/runner/cypress_runner.js:8790:18)\n    at Promise._settlePromise0 (https://stg-cd.sanoficonecta.com.br/__cypress/runner/cypress_runner.js:8835:10)\n    at Promise._settlePromises (https://stg-cd.sanoficonecta.com.br/__cypress/runner/cypress_runner.js:8911:18)\n    at _drainQueueStep (https://stg-cd.sanoficonecta.com.br/__cypress/runner/cypress_runner.js:5505:12)\n    at _drainQueue (https://stg-cd.sanoficonecta.com.br/__cypress/runner/cypress_runner.js:5498:9)\n    at Async.../../node_modules/bluebird/js/release/async.js.Async._drainQueues (https://stg-cd.sanoficonecta.com.br/__cypress/runner/cypress_runner.js:5514:5)\n    at Async.drainQueues (https://stg-cd.sanoficonecta.com.br/__cypress/runner/cypress_runner.js:5384:14)\nFrom Your Spec Code:\n    at LoginSistema.acessarSistema (https://stg-cd.sanoficonecta.com.br/__cypress/tests?p=cypress/integration/cadastro.spec.js:2483:8)\n    at Context.eval (https://stg-cd.sanoficonecta.com.br/__cypress/tests?p=cypress/integration/cadastro.spec.js:2231:25)",
                "diff": null
              },
              "uuid": "d719c99c-5ac7-4763-afe1-35242cde81c9",
              "parentUUID": "8068654e-1298-4f88-8975-cc38a0e3b3dd",
              "isHook": false,
              "skipped": false
            },
            {
              "title": "Tentar realizar cadastro de Médico sem aceitar os termos",
              "fullTitle": "Cadastro Tentar realizar cadastro de Médico sem aceitar os termos",
              "timedOut": null,
              "duration": 0,
              "state": "skipped",
              "speed": null,
              "pass": false,
              "fail": false,
              "pending": false,
              "context": null,
              "code": "_cadastro.default.cadastroMedicoSemAceitarTermos();",
              "err": {},
              "uuid": "1426152c-1c14-4b55-831e-5ff843f88e90",
              "parentUUID": "8068654e-1298-4f88-8975-cc38a0e3b3dd",
              "isHook": false,
              "skipped": true
            },
            {
              "title": "Tentar realizar cadastro de Médico com registro já cadastrado",
              "fullTitle": "Cadastro Tentar realizar cadastro de Médico com registro já cadastrado",
              "timedOut": null,
              "duration": 0,
              "state": "skipped",
              "speed": null,
              "pass": false,
              "fail": false,
              "pending": false,
              "context": null,
              "code": "_cadastro.default.cadastroMedicoComRegistroJaCadastrado();",
              "err": {},
              "uuid": "ba76248a-4f45-45d1-8796-16657e5631b8",
              "parentUUID": "8068654e-1298-4f88-8975-cc38a0e3b3dd",
              "isHook": false,
              "skipped": true
            },
            {
              "title": "Tentar realizar cadastro de Médico com email já cadastrado",
              "fullTitle": "Cadastro Tentar realizar cadastro de Médico com email já cadastrado",
              "timedOut": null,
              "duration": 0,
              "state": "skipped",
              "speed": null,
              "pass": false,
              "fail": false,
              "pending": false,
              "context": null,
              "code": "_cadastro.default.cadastroMedicoComEmailJaCadastrado();",
              "err": {},
              "uuid": "1fb90463-243e-4485-bd73-b7355ad0c818",
              "parentUUID": "8068654e-1298-4f88-8975-cc38a0e3b3dd",
              "isHook": false,
              "skipped": true
            },
            {
              "title": "Tentar realizar cadastro de Médico sem informar os dados obrigatórios",
              "fullTitle": "Cadastro Tentar realizar cadastro de Médico sem informar os dados obrigatórios",
              "timedOut": null,
              "duration": 0,
              "state": "skipped",
              "speed": null,
              "pass": false,
              "fail": false,
              "pending": false,
              "context": null,
              "code": "_cadastro.default.cadastroMedicoSemInformarDadosObrigatorios();",
              "err": {},
              "uuid": "70367fb0-dade-46d2-9b9f-ede6ea751ac0",
              "parentUUID": "8068654e-1298-4f88-8975-cc38a0e3b3dd",
              "isHook": false,
              "skipped": true
            },
            {
              "title": "Realizar cadastro de Nutricionista com sucesso",
              "fullTitle": "Cadastro Realizar cadastro de Nutricionista com sucesso",
              "timedOut": null,
              "duration": 0,
              "state": "skipped",
              "speed": null,
              "pass": false,
              "fail": false,
              "pending": false,
              "context": null,
              "code": "_cadastro.default.cadastroNutricionista();",
              "err": {},
              "uuid": "3fe5ef81-4327-4822-838b-47240d8bcf31",
              "parentUUID": "8068654e-1298-4f88-8975-cc38a0e3b3dd",
              "isHook": false,
              "skipped": true
            }
          ],
          "suites": [],
          "passes": [],
          "failures": [
            "d719c99c-5ac7-4763-afe1-35242cde81c9"
          ],
          "pending": [],
          "skipped": [
            "1426152c-1c14-4b55-831e-5ff843f88e90",
            "ba76248a-4f45-45d1-8796-16657e5631b8",
            "1fb90463-243e-4485-bd73-b7355ad0c818",
            "70367fb0-dade-46d2-9b9f-ede6ea751ac0",
            "3fe5ef81-4327-4822-838b-47240d8bcf31"
          ],
          "duration": 753,
          "root": false,
          "rootEmpty": false,
          "_timeout": 2000
        }
      ],
      "passes": [],
      "failures": [],
      "pending": [],
      "skipped": [],
      "duration": 0,
      "root": true,
      "rootEmpty": true,
      "_timeout": 2000
    }
  ],
  "meta": {
    "mocha": {
      "version": "7.0.1"
    },
    "mochawesome": {
      "options": {
        "quiet": true,
        "reportFilename": "mochawesome",
        "saveHtml": false,
        "saveJson": true,
        "consoleReporter": "spec",
        "useInlineDiffs": false,
        "code": true
      },
      "version": "6.3.1"
    },
    "marge": {
      "options": {
        "id": "default",
        "reportDir": "mochawesome-report",
        "quiet": true,
        "overwrite": false,
        "html": false,
        "json": true
      },
      "version": "5.2.0"
    }
  }
}