{
  "stats": {
    "suites": 1,
    "tests": 4,
    "passes": 3,
    "pending": 0,
    "failures": 1,
    "start": "2022-01-26T08:18:57.342Z",
    "end": "2022-01-26T08:20:12.757Z",
    "duration": 75415,
    "testsRegistered": 4,
    "passPercent": 75,
    "pendingPercent": 0,
    "other": 0,
    "hasOther": false,
    "skipped": 0,
    "hasSkipped": false
  },
  "results": [
    {
      "uuid": "669d40a0-a15a-4e96-b63e-ab42d8f7b5d4",
      "title": "",
      "fullFile": "cypress/integration/calendario.spec.js",
      "file": "cypress/integration/calendario.spec.js",
      "beforeHooks": [],
      "afterHooks": [],
      "tests": [],
      "suites": [
        {
          "uuid": "af28d6d4-768f-415b-92e6-6e8de306a213",
          "title": "Calendario",
          "fullFile": "",
          "file": "",
          "beforeHooks": [],
          "afterHooks": [],
          "tests": [
            {
              "title": "Acessar evento com data passada, como medico",
              "fullTitle": "Calendario Acessar evento com data passada, como medico",
              "timedOut": null,
              "duration": 28696,
              "state": "passed",
              "speed": "slow",
              "pass": true,
              "fail": false,
              "pending": false,
              "context": null,
              "code": "_login.default.loginMedico();\ncy.get('.header__menu-links > :nth-child(3) > a').click();\ncy.contains('HipoTalks').click();\ncy.get('.c-text--h1').should('contain', 'HipoTalks');",
              "err": {},
              "uuid": "2c79dcb8-a7c5-473d-901e-595c36aa5f89",
              "parentUUID": "af28d6d4-768f-415b-92e6-6e8de306a213",
              "isHook": false,
              "skipped": false
            },
            {
              "title": "Acessar evento com data futura, como medico",
              "fullTitle": "Calendario Acessar evento com data futura, como medico",
              "timedOut": null,
              "duration": 15485,
              "state": "passed",
              "speed": "slow",
              "pass": true,
              "fail": false,
              "pending": false,
              "context": null,
              "code": "_login.default.loginMedico();\ncy.get('.header__menu-links > :nth-child(3) > a').click();\ncy.contains('Evento Zinpass Eze 2021 - Automação Data Futura').click();\ncy.get('.c-text--h1').should('contain', 'Evento Automação Data Futura');",
              "err": {},
              "uuid": "a2490aa2-c03a-4286-bbf4-25491c5205aa",
              "parentUUID": "af28d6d4-768f-415b-92e6-6e8de306a213",
              "isHook": false,
              "skipped": false
            },
            {
              "title": "Adicionar evento ao calendário, como medico",
              "fullTitle": "Calendario Adicionar evento ao calendário, como medico",
              "timedOut": null,
              "duration": 17790,
              "state": "failed",
              "speed": null,
              "pass": false,
              "fail": true,
              "pending": false,
              "context": null,
              "code": "_login.default.loginMedico();\ncy.get('.header__menu-links > :nth-child(3) > a').click();\ncy.get('#calendar-2021-dezembro > .c-pt-32 > .c-pt-16 > :nth-child(1) > .c-row > .grid-lg-ml-4 > :nth-child(1) > .c-button-align-box > .c-dropdown > .c-button-schedule').click();\ncy.get('.c-dropdown > ul > :nth-child(2)').click(); // Falta validação, na outra aba.",
              "err": {
                "message": "AssertionError: Timed out retrying after 4000ms: Expected to find element: `#calendar-2021-dezembro > .c-pt-32 > .c-pt-16 > :nth-child(1) > .c-row > .grid-lg-ml-4 > :nth-child(1) > .c-button-align-box > .c-dropdown > .c-button-schedule`, but never found it.",
                "estack": "AssertionError: Timed out retrying after 4000ms: Expected to find element: `#calendar-2021-dezembro > .c-pt-32 > .c-pt-16 > :nth-child(1) > .c-row > .grid-lg-ml-4 > :nth-child(1) > .c-button-align-box > .c-dropdown > .c-button-schedule`, but never found it.\n    at Context.eval (https://stg-cd.sanoficonecta.com.br/__cypress/tests?p=cypress/integration/calendario.spec.js:146:8)",
                "diff": null
              },
              "uuid": "de6c2d60-2f5e-4a36-b6b4-1914282903a2",
              "parentUUID": "af28d6d4-768f-415b-92e6-6e8de306a213",
              "isHook": false,
              "skipped": false
            },
            {
              "title": "Acessar evento ao vivo, como medico",
              "fullTitle": "Calendario Acessar evento ao vivo, como medico",
              "timedOut": null,
              "duration": 13133,
              "state": "passed",
              "speed": "slow",
              "pass": true,
              "fail": false,
              "pending": false,
              "context": null,
              "code": "_login.default.loginMedico();\ncy.get('.header__menu-links > :nth-child(3) > a').click(); // Falta criar evento ao vivo",
              "err": {},
              "uuid": "96cccf99-937d-4dcb-bfd5-4d966ee20c50",
              "parentUUID": "af28d6d4-768f-415b-92e6-6e8de306a213",
              "isHook": false,
              "skipped": false
            }
          ],
          "suites": [],
          "passes": [
            "2c79dcb8-a7c5-473d-901e-595c36aa5f89",
            "a2490aa2-c03a-4286-bbf4-25491c5205aa",
            "96cccf99-937d-4dcb-bfd5-4d966ee20c50"
          ],
          "failures": [
            "de6c2d60-2f5e-4a36-b6b4-1914282903a2"
          ],
          "pending": [],
          "skipped": [],
          "duration": 75104,
          "root": false,
          "rootEmpty": false,
          "_timeout": 2000
        }
      ],
      "passes": [],
      "failures": [],
      "pending": [],
      "skipped": [],
      "duration": 0,
      "root": true,
      "rootEmpty": true,
      "_timeout": 2000
    }
  ],
  "meta": {
    "mocha": {
      "version": "7.0.1"
    },
    "mochawesome": {
      "options": {
        "quiet": true,
        "reportFilename": "mochawesome",
        "saveHtml": false,
        "saveJson": true,
        "consoleReporter": "spec",
        "useInlineDiffs": false,
        "code": true
      },
      "version": "6.3.1"
    },
    "marge": {
      "options": {
        "id": "default",
        "reportDir": "mochawesome-report",
        "quiet": true,
        "overwrite": false,
        "html": false,
        "json": true
      },
      "version": "5.2.0"
    }
  }
}