{
  "stats": {
    "suites": 2,
    "tests": 3,
    "passes": 1,
    "pending": 0,
    "failures": 2,
    "start": "2022-12-24T08:16:49.730Z",
    "end": "2022-12-24T08:17:51.042Z",
    "duration": 61312,
    "testsRegistered": 8,
    "passPercent": 12.5,
    "pendingPercent": 0,
    "other": 0,
    "hasOther": false,
    "skipped": 5,
    "hasSkipped": true
  },
  "results": [
    {
      "uuid": "a3c14e0b-7eac-4ca2-8130-8948281f330f",
      "title": "",
      "fullFile": "cypress/integration/busca.spec.js",
      "file": "cypress/integration/busca.spec.js",
      "beforeHooks": [],
      "afterHooks": [],
      "tests": [],
      "suites": [
        {
          "uuid": "a5923d0b-61bc-499a-b177-de4e33ffc23e",
          "title": "Busca com usuário deslogado",
          "fullFile": "",
          "file": "",
          "beforeHooks": [],
          "afterHooks": [],
          "tests": [],
          "suites": [
            {
              "uuid": "ac7d1892-d411-41ed-8d5f-5374275dfb4d",
              "title": "Busca com sucesso",
              "fullFile": "",
              "file": "",
              "beforeHooks": [],
              "afterHooks": [],
              "tests": [
                {
                  "title": "Realizar uma busca pelo nome completo do termo",
                  "fullTitle": "Busca com usuário deslogado Busca com sucesso Realizar uma busca pelo nome completo do termo",
                  "timedOut": null,
                  "duration": 18344,
                  "state": "passed",
                  "speed": "slow",
                  "pass": true,
                  "fail": false,
                  "pending": false,
                  "context": null,
                  "code": "_busca.default.BuscaDeslogadoHeaderComResultado();",
                  "err": {},
                  "uuid": "9996126b-8fe8-41d4-bf0f-3aaa0768a45a",
                  "parentUUID": "ac7d1892-d411-41ed-8d5f-5374275dfb4d",
                  "isHook": false,
                  "skipped": false
                },
                {
                  "title": "Realizar uma busca por parte do nome do termo",
                  "fullTitle": "Busca com usuário deslogado Busca com sucesso Realizar uma busca por parte do nome do termo",
                  "timedOut": null,
                  "duration": 12500,
                  "state": "failed",
                  "speed": null,
                  "pass": false,
                  "fail": true,
                  "pending": false,
                  "context": null,
                  "code": "_busca.default.BuscaParteNomeTermo();",
                  "err": {
                    "message": "AssertionError: Timed out retrying after 4000ms: expected '<a.modal-search__result-title.c-text--underline-white>' to contain 'Como um remédio é produzido?'",
                    "estack": "AssertionError: Timed out retrying after 4000ms: expected '<a.modal-search__result-title.c-text--underline-white>' to contain 'Como um remédio é produzido?'\n    at BuscaParteNomeTermo (https://stg-cd.sanoficonecta.com.br/__cypress/tests?p=cypress/integration/busca.spec.js:241:39)\n    at Context.eval (https://stg-cd.sanoficonecta.com.br/__cypress/tests?p=cypress/integration/busca.spec.js:135:22)",
                    "diff": null
                  },
                  "uuid": "fb3c37b0-b61a-4ae2-8594-27e94bd58f8b",
                  "parentUUID": "ac7d1892-d411-41ed-8d5f-5374275dfb4d",
                  "isHook": false,
                  "skipped": false
                },
                {
                  "title": "Realizar uma busca por termo utilizando traço",
                  "fullTitle": "Busca com usuário deslogado Busca com sucesso Realizar uma busca por termo utilizando traço",
                  "timedOut": null,
                  "duration": 30360,
                  "state": "failed",
                  "speed": null,
                  "pass": false,
                  "fail": true,
                  "pending": false,
                  "context": null,
                  "code": "_busca.default.BuscaPorTermoComTraco();",
                  "err": {
                    "message": "CypressError: `cy.visit()` failed trying to load:\n\nhttps://stg-cd.sanoficonecta.com.br/\n\nWe attempted to make an http request to this URL but the request failed without a response.\n\nWe received this error at the network level:\n\n  > Error: ESOCKETTIMEDOUT\n\nCommon situations why this would fail:\n  - you don't have internet access\n  - you forgot to run / boot your web server\n  - your web server isn't accessible\n  - you have weird network configuration settings on your computer\n\nBecause this error occurred during a `before each` hook we are skipping all of the remaining tests.",
                    "estack": "CypressError: `cy.visit()` failed trying to load:\n\nhttps://stg-cd.sanoficonecta.com.br/\n\nWe attempted to make an http request to this URL but the request failed without a response.\n\nWe received this error at the network level:\n\n  > Error: ESOCKETTIMEDOUT\n\nCommon situations why this would fail:\n  - you don't have internet access\n  - you forgot to run / boot your web server\n  - your web server isn't accessible\n  - you have weird network configuration settings on your computer\n\nBecause this error occurred during a `before each` hook we are skipping all of the remaining tests.\n    at https://stg-cd.sanoficonecta.com.br/__cypress/runner/cypress_runner.js:140524:23\n    at visitFailedByErr (https://stg-cd.sanoficonecta.com.br/__cypress/runner/cypress_runner.js:139883:12)\n    at https://stg-cd.sanoficonecta.com.br/__cypress/runner/cypress_runner.js:140523:11\n    at tryCatcher (https://stg-cd.sanoficonecta.com.br/__cypress/runner/cypress_runner.js:10798:23)\n    at Promise._settlePromiseFromHandler (https://stg-cd.sanoficonecta.com.br/__cypress/runner/cypress_runner.js:8733:31)\n    at Promise._settlePromise (https://stg-cd.sanoficonecta.com.br/__cypress/runner/cypress_runner.js:8790:18)\n    at Promise._settlePromise0 (https://stg-cd.sanoficonecta.com.br/__cypress/runner/cypress_runner.js:8835:10)\n    at Promise._settlePromises (https://stg-cd.sanoficonecta.com.br/__cypress/runner/cypress_runner.js:8911:18)\n    at _drainQueueStep (https://stg-cd.sanoficonecta.com.br/__cypress/runner/cypress_runner.js:5505:12)\n    at _drainQueue (https://stg-cd.sanoficonecta.com.br/__cypress/runner/cypress_runner.js:5498:9)\n    at Async.../../node_modules/bluebird/js/release/async.js.Async._drainQueues (https://stg-cd.sanoficonecta.com.br/__cypress/runner/cypress_runner.js:5514:5)\n    at Async.drainQueues (https://stg-cd.sanoficonecta.com.br/__cypress/runner/cypress_runner.js:5384:14)\nFrom Your Spec Code:\n    at LoginSistema.acessarSistema (https://stg-cd.sanoficonecta.com.br/__cypress/tests?p=cypress/integration/busca.spec.js:322:8)\n    at Context.eval (https://stg-cd.sanoficonecta.com.br/__cypress/tests?p=cypress/integration/busca.spec.js:127:25)\n\nFrom Node.js Internals:\n  Error: ESOCKETTIMEDOUT\n      at ClientRequest.<anonymous> (/home/runner/.cache/Cypress/8.0.0/Cypress/resources/app/packages/server/node_modules/@cypress/request/request.js:816:19)\n      at Object.onceWrapper (events.js:421:28)\n      at ClientRequest.emit (events.js:315:20)\n      at TLSSocket.emitRequestTimeout (_http_client.js:784:9)\n      at Object.onceWrapper (events.js:421:28)\n      at TLSSocket.emit (events.js:327:22)\n      at TLSSocket.Socket._onTimeout (net.js:483:8)\n      at listOnTimeout (internal/timers.js:554:17)\n      at processTimers (internal/timers.js:497:7)\n  ",
                    "diff": null
                  },
                  "uuid": "d427b145-3430-4624-8b0a-620f759089b4",
                  "parentUUID": "ac7d1892-d411-41ed-8d5f-5374275dfb4d",
                  "isHook": false,
                  "skipped": false
                },
                {
                  "title": "Realizar uma busca por termo utilizando acentuação e preposição",
                  "fullTitle": "Busca com usuário deslogado Busca com sucesso Realizar uma busca por termo utilizando acentuação e preposição",
                  "timedOut": null,
                  "duration": 0,
                  "state": "skipped",
                  "speed": null,
                  "pass": false,
                  "fail": false,
                  "pending": false,
                  "context": null,
                  "code": "_busca.default.BuscaPorTermoComAcentuacaoePreposicao();",
                  "err": {},
                  "uuid": "bf56942a-ca83-4bed-92f1-97e692ace3fd",
                  "parentUUID": "ac7d1892-d411-41ed-8d5f-5374275dfb4d",
                  "isHook": false,
                  "skipped": true
                }
              ],
              "suites": [],
              "passes": [
                "9996126b-8fe8-41d4-bf0f-3aaa0768a45a"
              ],
              "failures": [
                "fb3c37b0-b61a-4ae2-8594-27e94bd58f8b",
                "d427b145-3430-4624-8b0a-620f759089b4"
              ],
              "pending": [],
              "skipped": [
                "bf56942a-ca83-4bed-92f1-97e692ace3fd"
              ],
              "duration": 61204,
              "root": false,
              "rootEmpty": false,
              "_timeout": 2000
            },
            {
              "uuid": "fe87ba1f-ee0d-4c7d-9d75-c0142975be96",
              "title": "Busca sem sucesso",
              "fullFile": "",
              "file": "",
              "beforeHooks": [],
              "afterHooks": [],
              "tests": [
                {
                  "title": "Realizar uma busca por termo inexistente",
                  "fullTitle": "Busca com usuário deslogado Busca sem sucesso Realizar uma busca por termo inexistente",
                  "timedOut": null,
                  "duration": 0,
                  "state": "skipped",
                  "speed": null,
                  "pass": false,
                  "fail": false,
                  "pending": false,
                  "context": null,
                  "code": "_busca.default.BuscaDeslogadoHeaderSemResultado();",
                  "err": {},
                  "uuid": "ab93c289-2885-47c3-933c-18ca156158a1",
                  "parentUUID": null,
                  "isHook": false,
                  "skipped": true
                },
                {
                  "title": "Realizar uma busca vazia",
                  "fullTitle": "Busca com usuário deslogado Busca sem sucesso Realizar uma busca vazia",
                  "timedOut": null,
                  "duration": 0,
                  "state": "skipped",
                  "speed": null,
                  "pass": false,
                  "fail": false,
                  "pending": false,
                  "context": null,
                  "code": "_busca.default.BuscaVaziaDeslogado();",
                  "err": {},
                  "uuid": "9397c997-a90e-4496-a71a-008fae116f4d",
                  "parentUUID": null,
                  "isHook": false,
                  "skipped": true
                }
              ],
              "suites": [],
              "passes": [],
              "failures": [],
              "pending": [],
              "skipped": [
                "ab93c289-2885-47c3-933c-18ca156158a1",
                "9397c997-a90e-4496-a71a-008fae116f4d"
              ],
              "duration": 0,
              "root": false,
              "rootEmpty": false,
              "_timeout": 2000
            },
            {
              "uuid": "92c9216d-611f-480f-9b52-1bf1d990cfee",
              "title": "Busca com usuário logado como Médico",
              "fullFile": "",
              "file": "",
              "beforeHooks": [],
              "afterHooks": [],
              "tests": [],
              "suites": [
                {
                  "uuid": "e77700e1-f59e-4600-abfd-0e85e10d3668",
                  "title": "Busca com sucesso",
                  "fullFile": "",
                  "file": "",
                  "beforeHooks": [],
                  "afterHooks": [],
                  "tests": [
                    {
                      "title": "Realizar uma busca pelo nome completo do termo",
                      "fullTitle": "Busca com usuário deslogado Busca com usuário logado como Médico Busca com sucesso Realizar uma busca pelo nome completo do termo",
                      "timedOut": null,
                      "duration": 0,
                      "state": "skipped",
                      "speed": null,
                      "pass": false,
                      "fail": false,
                      "pending": false,
                      "context": null,
                      "code": "_busca.default.BuscaDeslogadoHeaderComResultado();",
                      "err": {},
                      "uuid": "89a5516f-cab0-485b-a5ae-372fdf6b48ea",
                      "parentUUID": null,
                      "isHook": false,
                      "skipped": true
                    }
                  ],
                  "suites": [],
                  "passes": [],
                  "failures": [],
                  "pending": [],
                  "skipped": [
                    "89a5516f-cab0-485b-a5ae-372fdf6b48ea"
                  ],
                  "duration": 0,
                  "root": false,
                  "rootEmpty": false,
                  "_timeout": 2000
                },
                {
                  "uuid": "afc11d6c-83e0-46e8-9831-2fe705cfd593",
                  "title": "Busca sem sucesso",
                  "fullFile": "",
                  "file": "",
                  "beforeHooks": [],
                  "afterHooks": [],
                  "tests": [
                    {
                      "title": "Realizar uma busca por termo inexistente",
                      "fullTitle": "Busca com usuário deslogado Busca com usuário logado como Médico Busca sem sucesso Realizar uma busca por termo inexistente",
                      "timedOut": null,
                      "duration": 0,
                      "state": "skipped",
                      "speed": null,
                      "pass": false,
                      "fail": false,
                      "pending": false,
                      "context": null,
                      "code": "_busca.default.BuscaDeslogadoHeaderSemResultado();",
                      "err": {},
                      "uuid": "c5b04a85-5c11-4754-bbb1-ddb0b2093b6e",
                      "parentUUID": null,
                      "isHook": false,
                      "skipped": true
                    }
                  ],
                  "suites": [],
                  "passes": [],
                  "failures": [],
                  "pending": [],
                  "skipped": [
                    "c5b04a85-5c11-4754-bbb1-ddb0b2093b6e"
                  ],
                  "duration": 0,
                  "root": false,
                  "rootEmpty": false,
                  "_timeout": 2000
                }
              ],
              "passes": [],
              "failures": [],
              "pending": [],
              "skipped": [],
              "duration": 0,
              "root": false,
              "rootEmpty": false,
              "_timeout": 2000
            }
          ],
          "passes": [],
          "failures": [],
          "pending": [],
          "skipped": [],
          "duration": 0,
          "root": false,
          "rootEmpty": false,
          "_timeout": 2000
        }
      ],
      "passes": [],
      "failures": [],
      "pending": [],
      "skipped": [],
      "duration": 0,
      "root": true,
      "rootEmpty": true,
      "_timeout": 2000
    }
  ],
  "meta": {
    "mocha": {
      "version": "7.0.1"
    },
    "mochawesome": {
      "options": {
        "quiet": true,
        "reportFilename": "mochawesome",
        "saveHtml": false,
        "saveJson": true,
        "consoleReporter": "spec",
        "useInlineDiffs": false,
        "code": true
      },
      "version": "6.3.1"
    },
    "marge": {
      "options": {
        "id": "default",
        "reportDir": "mochawesome-report",
        "quiet": true,
        "overwrite": false,
        "html": false,
        "json": true
      },
      "version": "5.2.0"
    }
  }
}