{
  "stats": {
    "suites": 5,
    "tests": 7,
    "passes": 4,
    "pending": 0,
    "failures": 3,
    "start": "2021-10-26T08:13:56.381Z",
    "end": "2021-10-26T08:15:15.662Z",
    "duration": 79281,
    "testsRegistered": 8,
    "passPercent": 50,
    "pendingPercent": 0,
    "other": 0,
    "hasOther": false,
    "skipped": 1,
    "hasSkipped": true
  },
  "results": [
    {
      "uuid": "dd2c04be-61a3-4a60-a486-2524ba7f9d22",
      "title": "",
      "fullFile": "cypress/integration/busca.spec.js",
      "file": "cypress/integration/busca.spec.js",
      "beforeHooks": [],
      "afterHooks": [],
      "tests": [],
      "suites": [
        {
          "uuid": "4e05893d-f5cf-4723-ae7f-6be887108240",
          "title": "Busca com usuário deslogado",
          "fullFile": "",
          "file": "",
          "beforeHooks": [],
          "afterHooks": [],
          "tests": [],
          "suites": [
            {
              "uuid": "9d0f9d97-65a5-4341-98b9-8e64e4e72950",
              "title": "Busca com sucesso",
              "fullFile": "",
              "file": "",
              "beforeHooks": [],
              "afterHooks": [],
              "tests": [
                {
                  "title": "Realizar uma busca pelo nome completo do termo",
                  "fullTitle": "Busca com usuário deslogado Busca com sucesso Realizar uma busca pelo nome completo do termo",
                  "timedOut": null,
                  "duration": 28554,
                  "state": "passed",
                  "speed": "slow",
                  "pass": true,
                  "fail": false,
                  "pending": false,
                  "context": null,
                  "code": "_busca.default.BuscaDeslogadoHeaderComResultado();",
                  "err": {},
                  "uuid": "cfe8c75f-66ed-4ec5-8ce0-bc40369031a8",
                  "parentUUID": "9d0f9d97-65a5-4341-98b9-8e64e4e72950",
                  "isHook": false,
                  "skipped": false
                },
                {
                  "title": "Realizar uma busca por parte do nome do termo",
                  "fullTitle": "Busca com usuário deslogado Busca com sucesso Realizar uma busca por parte do nome do termo",
                  "timedOut": null,
                  "duration": 5088,
                  "state": "failed",
                  "speed": null,
                  "pass": false,
                  "fail": true,
                  "pending": false,
                  "context": null,
                  "code": "_busca.default.BuscaParteNomeTermo();",
                  "err": {
                    "message": "AssertionError: Timed out retrying after 4000ms: Expected to find element: `body > div:nth-child(2) > div:nth-child(1) > div:nth-child(1) > div:nth-child(1) > div:nth-child(3) > div:nth-child(1) > div:nth-child(1) > div:nth-child(2) > div:nth-child(1) > a:nth-child(2)`, but never found it.",
                    "estack": "AssertionError: Timed out retrying after 4000ms: Expected to find element: `body > div:nth-child(2) > div:nth-child(1) > div:nth-child(1) > div:nth-child(1) > div:nth-child(3) > div:nth-child(1) > div:nth-child(1) > div:nth-child(2) > div:nth-child(1) > a:nth-child(2)`, but never found it.\n    at BuscaParteNomeTermo (https://stg-cd.sanoficonecta.com.br/__cypress/tests?p=cypress/integration/busca.spec.js:238:39)\n    at Context.eval (https://stg-cd.sanoficonecta.com.br/__cypress/tests?p=cypress/integration/busca.spec.js:138:22)",
                    "diff": null
                  },
                  "uuid": "9650ba2f-584c-4d60-a3dd-2614fcf4d259",
                  "parentUUID": "9d0f9d97-65a5-4341-98b9-8e64e4e72950",
                  "isHook": false,
                  "skipped": false
                },
                {
                  "title": "Realizar uma busca por termo utilizando traço",
                  "fullTitle": "Busca com usuário deslogado Busca com sucesso Realizar uma busca por termo utilizando traço",
                  "timedOut": null,
                  "duration": 5205,
                  "state": "failed",
                  "speed": null,
                  "pass": false,
                  "fail": true,
                  "pending": false,
                  "context": null,
                  "code": "_busca.default.BuscaPorTermoComTraco();",
                  "err": {
                    "message": "AssertionError: Timed out retrying after 4000ms: Expected to find element: `body > div:nth-child(2) > div:nth-child(1) > div:nth-child(1) > div:nth-child(1) > div:nth-child(3) > div:nth-child(1) > div:nth-child(1) > div:nth-child(2) > div:nth-child(1) > a:nth-child(2)`, but never found it.",
                    "estack": "AssertionError: Timed out retrying after 4000ms: Expected to find element: `body > div:nth-child(2) > div:nth-child(1) > div:nth-child(1) > div:nth-child(1) > div:nth-child(3) > div:nth-child(1) > div:nth-child(1) > div:nth-child(2) > div:nth-child(1) > a:nth-child(2)`, but never found it.\n    at BuscaPorTermoComTraco (https://stg-cd.sanoficonecta.com.br/__cypress/tests?p=cypress/integration/busca.spec.js:252:39)\n    at Context.eval (https://stg-cd.sanoficonecta.com.br/__cypress/tests?p=cypress/integration/busca.spec.js:141:22)",
                    "diff": null
                  },
                  "uuid": "29e09a28-014d-4f28-8962-cea65ebd4fc7",
                  "parentUUID": "9d0f9d97-65a5-4341-98b9-8e64e4e72950",
                  "isHook": false,
                  "skipped": false
                },
                {
                  "title": "Realizar uma busca por termo utilizando acentuação e preposição",
                  "fullTitle": "Busca com usuário deslogado Busca com sucesso Realizar uma busca por termo utilizando acentuação e preposição",
                  "timedOut": null,
                  "duration": 1781,
                  "state": "passed",
                  "speed": "slow",
                  "pass": true,
                  "fail": false,
                  "pending": false,
                  "context": null,
                  "code": "_busca.default.BuscaPorTermoComAcentuacaoePreposicao();",
                  "err": {},
                  "uuid": "1f8fbe47-71b7-4a9b-a08e-4307cf0a8805",
                  "parentUUID": "9d0f9d97-65a5-4341-98b9-8e64e4e72950",
                  "isHook": false,
                  "skipped": false
                }
              ],
              "suites": [],
              "passes": [
                "cfe8c75f-66ed-4ec5-8ce0-bc40369031a8",
                "1f8fbe47-71b7-4a9b-a08e-4307cf0a8805"
              ],
              "failures": [
                "9650ba2f-584c-4d60-a3dd-2614fcf4d259",
                "29e09a28-014d-4f28-8962-cea65ebd4fc7"
              ],
              "pending": [],
              "skipped": [],
              "duration": 40628,
              "root": false,
              "rootEmpty": false,
              "_timeout": 2000
            },
            {
              "uuid": "2f9fab2c-4c08-4a75-90e9-7835291b0a4f",
              "title": "Busca sem sucesso",
              "fullFile": "",
              "file": "",
              "beforeHooks": [],
              "afterHooks": [],
              "tests": [
                {
                  "title": "Realizar uma busca por termo inexistente",
                  "fullTitle": "Busca com usuário deslogado Busca sem sucesso Realizar uma busca por termo inexistente",
                  "timedOut": null,
                  "duration": 1324,
                  "state": "passed",
                  "speed": "slow",
                  "pass": true,
                  "fail": false,
                  "pending": false,
                  "context": null,
                  "code": "_busca.default.BuscaDeslogadoHeaderSemResultado();",
                  "err": {},
                  "uuid": "b7a4aa92-5912-4fac-bf47-9cfbe8bb6e75",
                  "parentUUID": "2f9fab2c-4c08-4a75-90e9-7835291b0a4f",
                  "isHook": false,
                  "skipped": false
                },
                {
                  "title": "Realizar uma busca vazia",
                  "fullTitle": "Busca com usuário deslogado Busca sem sucesso Realizar uma busca vazia",
                  "timedOut": null,
                  "duration": 819,
                  "state": "passed",
                  "speed": "slow",
                  "pass": true,
                  "fail": false,
                  "pending": false,
                  "context": null,
                  "code": "_busca.default.BuscaVaziaDeslogado();",
                  "err": {},
                  "uuid": "38c165b7-944a-473e-a085-be75c5a8e7b2",
                  "parentUUID": "2f9fab2c-4c08-4a75-90e9-7835291b0a4f",
                  "isHook": false,
                  "skipped": false
                }
              ],
              "suites": [],
              "passes": [
                "b7a4aa92-5912-4fac-bf47-9cfbe8bb6e75",
                "38c165b7-944a-473e-a085-be75c5a8e7b2"
              ],
              "failures": [],
              "pending": [],
              "skipped": [],
              "duration": 2143,
              "root": false,
              "rootEmpty": false,
              "_timeout": 2000
            },
            {
              "uuid": "4184f263-6f0f-4304-a7dd-b79e213556fa",
              "title": "Busca com usuário logado como Médico",
              "fullFile": "",
              "file": "",
              "beforeHooks": [],
              "afterHooks": [],
              "tests": [],
              "suites": [
                {
                  "uuid": "6a041b94-2254-414c-ae4e-025a3b2f7f86",
                  "title": "Busca com sucesso",
                  "fullFile": "",
                  "file": "",
                  "beforeHooks": [],
                  "afterHooks": [],
                  "tests": [
                    {
                      "title": "Realizar uma busca pelo nome completo do termo",
                      "fullTitle": "Busca com usuário deslogado Busca com usuário logado como Médico Busca com sucesso Realizar uma busca pelo nome completo do termo",
                      "timedOut": null,
                      "duration": 5255,
                      "state": "failed",
                      "speed": null,
                      "pass": false,
                      "fail": true,
                      "pending": false,
                      "context": null,
                      "code": "_busca.default.BuscaDeslogadoHeaderComResultado();",
                      "err": {
                        "message": "CypressError: Timed out retrying after 4050ms: `cy.select()` failed because this element is not visible:\n\n`<select id=\"uf\" name=\"UF\" class=\"c-base-modal__select\">...</select>`\n\nThis element `<select#uf.c-base-modal__select>` is not visible because it has CSS property: `position: fixed` and it's being covered by another element:\n\n`<div class=\"QSIWebResponsiveDialog-Layout1-SI_2awlkX1xR3gTnNQ_content QSIWebResponsiveDialog-Layout1-SI_2awlkX1xR3gTnNQ_content-medium QSIWebResponsiveDialog-Layout1-SI_2awlkX1xR3gTnNQ_border-radius-slightly-rounded QSIWebResponsiveDialog-Layout1-SI_2awlkX1xR3gTnNQ_drop-shadow-light\" role=\"dialog\" aria-modal=\"true\" aria-labelledby=\"QSIWebResponsiveDialog-Layout1-SI_2awlkX1xR3gTnNQ-headline\" aria-describedby=\"QSIWebResponsiveDialog-Layout1-SI_2awlkX1xR3gTnNQ-description\" style=\"background-color: rgb(255, 255, 255); opacity: 1; transition: transform 1s ease 0s, opacity 0.5s ease 0s;\">...</div>`\n\nFix this problem, or use `{force: true}` to disable error checking.\n\nhttps://on.cypress.io/element-cannot-be-interacted-with\n\nBecause this error occurred during a `before each` hook we are skipping the remaining tests in the current suite: `Busca com usuário logado co...`",
                        "estack": "CypressError: Timed out retrying after 4050ms: `cy.select()` failed because this element is not visible:\n\n`<select id=\"uf\" name=\"UF\" class=\"c-base-modal__select\">...</select>`\n\nThis element `<select#uf.c-base-modal__select>` is not visible because it has CSS property: `position: fixed` and it's being covered by another element:\n\n`<div class=\"QSIWebResponsiveDialog-Layout1-SI_2awlkX1xR3gTnNQ_content QSIWebResponsiveDialog-Layout1-SI_2awlkX1xR3gTnNQ_content-medium QSIWebResponsiveDialog-Layout1-SI_2awlkX1xR3gTnNQ_border-radius-slightly-rounded QSIWebResponsiveDialog-Layout1-SI_2awlkX1xR3gTnNQ_drop-shadow-light\" role=\"dialog\" aria-modal=\"true\" aria-labelledby=\"QSIWebResponsiveDialog-Layout1-SI_2awlkX1xR3gTnNQ-headline\" aria-describedby=\"QSIWebResponsiveDialog-Layout1-SI_2awlkX1xR3gTnNQ-description\" style=\"background-color: rgb(255, 255, 255); opacity: 1; transition: transform 1s ease 0s, opacity 0.5s ease 0s;\">...</div>`\n\nFix this problem, or use `{force: true}` to disable error checking.\n\nhttps://on.cypress.io/element-cannot-be-interacted-with\n\nBecause this error occurred during a `before each` hook we are skipping the remaining tests in the current suite: `Busca com usuário logado co...`\n    at $Cy.ensureVisibility (https://stg-cd.sanoficonecta.com.br/__cypress/runner/cypress_runner.js:144037:24)\n    at runAllChecks (https://stg-cd.sanoficonecta.com.br/__cypress/runner/cypress_runner.js:132665:14)\n    at retryActionability (https://stg-cd.sanoficonecta.com.br/__cypress/runner/cypress_runner.js:132719:16)\n    at tryCatcher (https://stg-cd.sanoficonecta.com.br/__cypress/runner/cypress_runner.js:10798:23)\n    at Function.Promise.attempt.Promise.try (https://stg-cd.sanoficonecta.com.br/__cypress/runner/cypress_runner.js:8072:29)\n    at tryFn (https://stg-cd.sanoficonecta.com.br/__cypress/runner/cypress_runner.js:148863:21)\n    at whenStable (https://stg-cd.sanoficonecta.com.br/__cypress/runner/cypress_runner.js:148901:12)\n    at https://stg-cd.sanoficonecta.com.br/__cypress/runner/cypress_runner.js:148393:16\n    at tryCatcher (https://stg-cd.sanoficonecta.com.br/__cypress/runner/cypress_runner.js:10798:23)\n    at Promise._settlePromiseFromHandler (https://stg-cd.sanoficonecta.com.br/__cypress/runner/cypress_runner.js:8733:31)\n    at Promise._settlePromise (https://stg-cd.sanoficonecta.com.br/__cypress/runner/cypress_runner.js:8790:18)\n    at Promise._settlePromise0 (https://stg-cd.sanoficonecta.com.br/__cypress/runner/cypress_runner.js:8835:10)\n    at Promise._settlePromises (https://stg-cd.sanoficonecta.com.br/__cypress/runner/cypress_runner.js:8915:18)\n    at Promise._fulfill (https://stg-cd.sanoficonecta.com.br/__cypress/runner/cypress_runner.js:8859:18)\n    at https://stg-cd.sanoficonecta.com.br/__cypress/runner/cypress_runner.js:10473:46\nFrom Your Spec Code:\n    at Login.loginMedicoComRegistro (https://stg-cd.sanoficonecta.com.br/__cypress/tests?p=cypress/integration/busca.spec.js:397:29)\n    at Context.eval (https://stg-cd.sanoficonecta.com.br/__cypress/tests?p=cypress/integration/busca.spec.js:157:22)",
                        "diff": null
                      },
                      "uuid": "6337fe5b-424f-4e21-b888-31bbd1e584ca",
                      "parentUUID": "6a041b94-2254-414c-ae4e-025a3b2f7f86",
                      "isHook": false,
                      "skipped": false
                    }
                  ],
                  "suites": [],
                  "passes": [],
                  "failures": [
                    "6337fe5b-424f-4e21-b888-31bbd1e584ca"
                  ],
                  "pending": [],
                  "skipped": [],
                  "duration": 5255,
                  "root": false,
                  "rootEmpty": false,
                  "_timeout": 2000
                },
                {
                  "uuid": "25d090d6-a997-4469-82d7-e206314e0d65",
                  "title": "Busca sem sucesso",
                  "fullFile": "",
                  "file": "",
                  "beforeHooks": [],
                  "afterHooks": [],
                  "tests": [
                    {
                      "title": "Realizar uma busca por termo inexistente",
                      "fullTitle": "Busca com usuário deslogado Busca com usuário logado como Médico Busca sem sucesso Realizar uma busca por termo inexistente",
                      "timedOut": null,
                      "duration": 0,
                      "state": "skipped",
                      "speed": null,
                      "pass": false,
                      "fail": false,
                      "pending": false,
                      "context": null,
                      "code": "_busca.default.BuscaDeslogadoHeaderSemResultado();",
                      "err": {},
                      "uuid": "2decaebb-155a-424f-9814-b6129b38f4a4",
                      "parentUUID": null,
                      "isHook": false,
                      "skipped": true
                    }
                  ],
                  "suites": [],
                  "passes": [],
                  "failures": [],
                  "pending": [],
                  "skipped": [
                    "2decaebb-155a-424f-9814-b6129b38f4a4"
                  ],
                  "duration": 0,
                  "root": false,
                  "rootEmpty": false,
                  "_timeout": 2000
                }
              ],
              "passes": [],
              "failures": [],
              "pending": [],
              "skipped": [],
              "duration": 0,
              "root": false,
              "rootEmpty": false,
              "_timeout": 2000
            }
          ],
          "passes": [],
          "failures": [],
          "pending": [],
          "skipped": [],
          "duration": 0,
          "root": false,
          "rootEmpty": false,
          "_timeout": 2000
        }
      ],
      "passes": [],
      "failures": [],
      "pending": [],
      "skipped": [],
      "duration": 0,
      "root": true,
      "rootEmpty": true,
      "_timeout": 2000
    }
  ],
  "meta": {
    "mocha": {
      "version": "7.0.1"
    },
    "mochawesome": {
      "options": {
        "quiet": true,
        "reportFilename": "mochawesome",
        "saveHtml": false,
        "saveJson": true,
        "consoleReporter": "spec",
        "useInlineDiffs": false,
        "code": true
      },
      "version": "6.3.1"
    },
    "marge": {
      "options": {
        "id": "default",
        "reportDir": "mochawesome-report",
        "quiet": true,
        "overwrite": false,
        "html": false,
        "json": true
      },
      "version": "5.2.0"
    }
  }
}