{
  "stats": {
    "suites": 3,
    "tests": 12,
    "passes": 2,
    "pending": 0,
    "failures": 10,
    "start": "2023-04-04T08:20:00.729Z",
    "end": "2023-04-04T08:23:09.211Z",
    "duration": 188482,
    "testsRegistered": 12,
    "passPercent": 16.666666666666664,
    "pendingPercent": 0,
    "other": 0,
    "hasOther": false,
    "skipped": 0,
    "hasSkipped": false
  },
  "results": [
    {
      "uuid": "10655ced-dc43-4beb-9a23-ffed92d923c2",
      "title": "",
      "fullFile": "cypress/integration/login.spec.js",
      "file": "cypress/integration/login.spec.js",
      "beforeHooks": [],
      "afterHooks": [],
      "tests": [],
      "suites": [
        {
          "uuid": "1674eeca-7edf-422e-85a1-f3bf19787ab7",
          "title": "Login",
          "fullFile": "",
          "file": "",
          "beforeHooks": [],
          "afterHooks": [],
          "tests": [],
          "suites": [
            {
              "uuid": "f3d9a260-bd22-48e4-be12-3fd7077c2a36",
              "title": "Login com sucesso",
              "fullFile": "",
              "file": "",
              "beforeHooks": [],
              "afterHooks": [],
              "tests": [
                {
                  "title": "Realizar login de Médico com número de registro",
                  "fullTitle": "Login Login com sucesso Realizar login de Médico com número de registro",
                  "timedOut": null,
                  "duration": 26666,
                  "state": "failed",
                  "speed": null,
                  "pass": false,
                  "fail": true,
                  "pending": false,
                  "context": null,
                  "code": "_login.default.loginMedicoComRegistro();",
                  "err": {
                    "message": "CypressError: Timed out retrying after 4050ms: `cy.click()` failed because this element:\n\n`<button class=\"header__profile header__profile--icon\" data-content=\"D\">...</button>`\n\nis being covered by another element:\n\n`<div class=\"c-base-modal-content c-base-modal-content__shadow\">...</div>`\n\nFix this problem, or use {force: true} to disable error checking.\n\nhttps://on.cypress.io/element-cannot-be-interacted-with",
                    "estack": "CypressError: Timed out retrying after 4050ms: `cy.click()` failed because this element:\n\n`<button class=\"header__profile header__profile--icon\" data-content=\"D\">...</button>`\n\nis being covered by another element:\n\n`<div class=\"c-base-modal-content c-base-modal-content__shadow\">...</div>`\n\nFix this problem, or use {force: true} to disable error checking.\n\nhttps://on.cypress.io/element-cannot-be-interacted-with\n    at $Cy.ensureDescendents (https://stg-cd.sanoficonecta.com.br/__cypress/runner/cypress_runner.js:144188:26)\n    at ensureDescendents (https://stg-cd.sanoficonecta.com.br/__cypress/runner/cypress_runner.js:132368:8)\n    at ensureDescendentsAndScroll (https://stg-cd.sanoficonecta.com.br/__cypress/runner/cypress_runner.js:132375:14)\n    at ensureElIsNotCovered (https://stg-cd.sanoficonecta.com.br/__cypress/runner/cypress_runner.js:132509:5)\n    at runAllChecks (https://stg-cd.sanoficonecta.com.br/__cypress/runner/cypress_runner.js:132696:52)\n    at retryActionability (https://stg-cd.sanoficonecta.com.br/__cypress/runner/cypress_runner.js:132719:16)\n    at tryCatcher (https://stg-cd.sanoficonecta.com.br/__cypress/runner/cypress_runner.js:10798:23)\n    at Function.Promise.attempt.Promise.try (https://stg-cd.sanoficonecta.com.br/__cypress/runner/cypress_runner.js:8072:29)\n    at tryFn (https://stg-cd.sanoficonecta.com.br/__cypress/runner/cypress_runner.js:148863:21)\n    at whenStable (https://stg-cd.sanoficonecta.com.br/__cypress/runner/cypress_runner.js:148901:12)\n    at https://stg-cd.sanoficonecta.com.br/__cypress/runner/cypress_runner.js:148393:16\n    at tryCatcher (https://stg-cd.sanoficonecta.com.br/__cypress/runner/cypress_runner.js:10798:23)\n    at Promise._settlePromiseFromHandler (https://stg-cd.sanoficonecta.com.br/__cypress/runner/cypress_runner.js:8733:31)\n    at Promise._settlePromise (https://stg-cd.sanoficonecta.com.br/__cypress/runner/cypress_runner.js:8790:18)\n    at Promise._settlePromise0 (https://stg-cd.sanoficonecta.com.br/__cypress/runner/cypress_runner.js:8835:10)\n    at Promise._settlePromises (https://stg-cd.sanoficonecta.com.br/__cypress/runner/cypress_runner.js:8915:18)\nFrom Your Spec Code:\n    at Login.loginMedicoComRegistro (https://stg-cd.sanoficonecta.com.br/__cypress/tests?p=cypress/integration/login.spec.js:338:32)\n    at Context.eval (https://stg-cd.sanoficonecta.com.br/__cypress/tests?p=cypress/integration/login.spec.js:130:22)",
                    "diff": null
                  },
                  "uuid": "546556c3-69f8-43e3-ba03-237f14e29c22",
                  "parentUUID": "f3d9a260-bd22-48e4-be12-3fd7077c2a36",
                  "isHook": false,
                  "skipped": false
                },
                {
                  "title": "Realizar login de Farmacêutico com número de registro",
                  "fullTitle": "Login Login com sucesso Realizar login de Farmacêutico com número de registro",
                  "timedOut": null,
                  "duration": 13229,
                  "state": "failed",
                  "speed": null,
                  "pass": false,
                  "fail": true,
                  "pending": false,
                  "context": null,
                  "code": "_login.default.loginFarmaceuticoComRegistro();",
                  "err": {
                    "message": "CypressError: Timed out retrying after 4050ms: `cy.click()` failed because this element:\n\n`<button class=\"header__profile header__profile--icon\" data-content=\"F\">...</button>`\n\nis being covered by another element:\n\n`<div class=\"c-base-modal-content c-base-modal-content__shadow\">...</div>`\n\nFix this problem, or use {force: true} to disable error checking.\n\nhttps://on.cypress.io/element-cannot-be-interacted-with",
                    "estack": "CypressError: Timed out retrying after 4050ms: `cy.click()` failed because this element:\n\n`<button class=\"header__profile header__profile--icon\" data-content=\"F\">...</button>`\n\nis being covered by another element:\n\n`<div class=\"c-base-modal-content c-base-modal-content__shadow\">...</div>`\n\nFix this problem, or use {force: true} to disable error checking.\n\nhttps://on.cypress.io/element-cannot-be-interacted-with\n    at $Cy.ensureDescendents (https://stg-cd.sanoficonecta.com.br/__cypress/runner/cypress_runner.js:144188:26)\n    at ensureDescendents (https://stg-cd.sanoficonecta.com.br/__cypress/runner/cypress_runner.js:132368:8)\n    at ensureDescendentsAndScroll (https://stg-cd.sanoficonecta.com.br/__cypress/runner/cypress_runner.js:132375:14)\n    at ensureElIsNotCovered (https://stg-cd.sanoficonecta.com.br/__cypress/runner/cypress_runner.js:132509:5)\n    at runAllChecks (https://stg-cd.sanoficonecta.com.br/__cypress/runner/cypress_runner.js:132696:52)\n    at retryActionability (https://stg-cd.sanoficonecta.com.br/__cypress/runner/cypress_runner.js:132719:16)\n    at tryCatcher (https://stg-cd.sanoficonecta.com.br/__cypress/runner/cypress_runner.js:10798:23)\n    at Function.Promise.attempt.Promise.try (https://stg-cd.sanoficonecta.com.br/__cypress/runner/cypress_runner.js:8072:29)\n    at tryFn (https://stg-cd.sanoficonecta.com.br/__cypress/runner/cypress_runner.js:148863:21)\n    at whenStable (https://stg-cd.sanoficonecta.com.br/__cypress/runner/cypress_runner.js:148901:12)\n    at https://stg-cd.sanoficonecta.com.br/__cypress/runner/cypress_runner.js:148393:16\n    at tryCatcher (https://stg-cd.sanoficonecta.com.br/__cypress/runner/cypress_runner.js:10798:23)\n    at Promise._settlePromiseFromHandler (https://stg-cd.sanoficonecta.com.br/__cypress/runner/cypress_runner.js:8733:31)\n    at Promise._settlePromise (https://stg-cd.sanoficonecta.com.br/__cypress/runner/cypress_runner.js:8790:18)\n    at Promise._settlePromise0 (https://stg-cd.sanoficonecta.com.br/__cypress/runner/cypress_runner.js:8835:10)\n    at Promise._settlePromises (https://stg-cd.sanoficonecta.com.br/__cypress/runner/cypress_runner.js:8915:18)\nFrom Your Spec Code:\n    at Login.loginFarmaceuticoComRegistro (https://stg-cd.sanoficonecta.com.br/__cypress/tests?p=cypress/integration/login.spec.js:356:32)\n    at Context.eval (https://stg-cd.sanoficonecta.com.br/__cypress/tests?p=cypress/integration/login.spec.js:133:22)",
                    "diff": null
                  },
                  "uuid": "9128bf4e-71de-44e1-9bc7-70c40e575308",
                  "parentUUID": "f3d9a260-bd22-48e4-be12-3fd7077c2a36",
                  "isHook": false,
                  "skipped": false
                },
                {
                  "title": "Realizar login de Enfermeiro com número de registro",
                  "fullTitle": "Login Login com sucesso Realizar login de Enfermeiro com número de registro",
                  "timedOut": null,
                  "duration": 13441,
                  "state": "failed",
                  "speed": null,
                  "pass": false,
                  "fail": true,
                  "pending": false,
                  "context": null,
                  "code": "_login.default.loginEnfermeiroComRegistro();",
                  "err": {
                    "message": "CypressError: Timed out retrying after 4050ms: `cy.click()` failed because this element:\n\n`<button class=\"header__profile header__profile--icon\" data-content=\"E\">...</button>`\n\nis being covered by another element:\n\n`<div class=\"c-base-modal-content c-base-modal-content__shadow\">...</div>`\n\nFix this problem, or use {force: true} to disable error checking.\n\nhttps://on.cypress.io/element-cannot-be-interacted-with",
                    "estack": "CypressError: Timed out retrying after 4050ms: `cy.click()` failed because this element:\n\n`<button class=\"header__profile header__profile--icon\" data-content=\"E\">...</button>`\n\nis being covered by another element:\n\n`<div class=\"c-base-modal-content c-base-modal-content__shadow\">...</div>`\n\nFix this problem, or use {force: true} to disable error checking.\n\nhttps://on.cypress.io/element-cannot-be-interacted-with\n    at $Cy.ensureDescendents (https://stg-cd.sanoficonecta.com.br/__cypress/runner/cypress_runner.js:144188:26)\n    at ensureDescendents (https://stg-cd.sanoficonecta.com.br/__cypress/runner/cypress_runner.js:132368:8)\n    at ensureDescendentsAndScroll (https://stg-cd.sanoficonecta.com.br/__cypress/runner/cypress_runner.js:132375:14)\n    at ensureElIsNotCovered (https://stg-cd.sanoficonecta.com.br/__cypress/runner/cypress_runner.js:132509:5)\n    at runAllChecks (https://stg-cd.sanoficonecta.com.br/__cypress/runner/cypress_runner.js:132696:52)\n    at retryActionability (https://stg-cd.sanoficonecta.com.br/__cypress/runner/cypress_runner.js:132719:16)\n    at tryCatcher (https://stg-cd.sanoficonecta.com.br/__cypress/runner/cypress_runner.js:10798:23)\n    at Function.Promise.attempt.Promise.try (https://stg-cd.sanoficonecta.com.br/__cypress/runner/cypress_runner.js:8072:29)\n    at tryFn (https://stg-cd.sanoficonecta.com.br/__cypress/runner/cypress_runner.js:148863:21)\n    at whenStable (https://stg-cd.sanoficonecta.com.br/__cypress/runner/cypress_runner.js:148901:12)\n    at https://stg-cd.sanoficonecta.com.br/__cypress/runner/cypress_runner.js:148393:16\n    at tryCatcher (https://stg-cd.sanoficonecta.com.br/__cypress/runner/cypress_runner.js:10798:23)\n    at Promise._settlePromiseFromHandler (https://stg-cd.sanoficonecta.com.br/__cypress/runner/cypress_runner.js:8733:31)\n    at Promise._settlePromise (https://stg-cd.sanoficonecta.com.br/__cypress/runner/cypress_runner.js:8790:18)\n    at Promise._settlePromise0 (https://stg-cd.sanoficonecta.com.br/__cypress/runner/cypress_runner.js:8835:10)\n    at Promise._settlePromises (https://stg-cd.sanoficonecta.com.br/__cypress/runner/cypress_runner.js:8915:18)\nFrom Your Spec Code:\n    at Login.loginEnfermeiroComRegistro (https://stg-cd.sanoficonecta.com.br/__cypress/tests?p=cypress/integration/login.spec.js:374:32)\n    at Context.eval (https://stg-cd.sanoficonecta.com.br/__cypress/tests?p=cypress/integration/login.spec.js:136:22)",
                    "diff": null
                  },
                  "uuid": "f8d9d121-9f99-4a70-9905-9a58f4624204",
                  "parentUUID": "f3d9a260-bd22-48e4-be12-3fd7077c2a36",
                  "isHook": false,
                  "skipped": false
                },
                {
                  "title": "Realizar login de Nutricionista com número de registro",
                  "fullTitle": "Login Login com sucesso Realizar login de Nutricionista com número de registro",
                  "timedOut": null,
                  "duration": 13790,
                  "state": "failed",
                  "speed": null,
                  "pass": false,
                  "fail": true,
                  "pending": false,
                  "context": null,
                  "code": "_login.default.loginNutricionistaComRegistro();",
                  "err": {
                    "message": "CypressError: Timed out retrying after 4050ms: `cy.click()` failed because this element:\n\n`<button class=\"header__profile header__profile--icon\" data-content=\"N\">...</button>`\n\nis being covered by another element:\n\n`<div class=\"c-base-modal-content c-base-modal-content__shadow\">...</div>`\n\nFix this problem, or use {force: true} to disable error checking.\n\nhttps://on.cypress.io/element-cannot-be-interacted-with",
                    "estack": "CypressError: Timed out retrying after 4050ms: `cy.click()` failed because this element:\n\n`<button class=\"header__profile header__profile--icon\" data-content=\"N\">...</button>`\n\nis being covered by another element:\n\n`<div class=\"c-base-modal-content c-base-modal-content__shadow\">...</div>`\n\nFix this problem, or use {force: true} to disable error checking.\n\nhttps://on.cypress.io/element-cannot-be-interacted-with\n    at $Cy.ensureDescendents (https://stg-cd.sanoficonecta.com.br/__cypress/runner/cypress_runner.js:144188:26)\n    at ensureDescendents (https://stg-cd.sanoficonecta.com.br/__cypress/runner/cypress_runner.js:132368:8)\n    at ensureDescendentsAndScroll (https://stg-cd.sanoficonecta.com.br/__cypress/runner/cypress_runner.js:132375:14)\n    at ensureElIsNotCovered (https://stg-cd.sanoficonecta.com.br/__cypress/runner/cypress_runner.js:132509:5)\n    at runAllChecks (https://stg-cd.sanoficonecta.com.br/__cypress/runner/cypress_runner.js:132696:52)\n    at retryActionability (https://stg-cd.sanoficonecta.com.br/__cypress/runner/cypress_runner.js:132719:16)\n    at tryCatcher (https://stg-cd.sanoficonecta.com.br/__cypress/runner/cypress_runner.js:10798:23)\n    at Function.Promise.attempt.Promise.try (https://stg-cd.sanoficonecta.com.br/__cypress/runner/cypress_runner.js:8072:29)\n    at tryFn (https://stg-cd.sanoficonecta.com.br/__cypress/runner/cypress_runner.js:148863:21)\n    at whenStable (https://stg-cd.sanoficonecta.com.br/__cypress/runner/cypress_runner.js:148901:12)\n    at https://stg-cd.sanoficonecta.com.br/__cypress/runner/cypress_runner.js:148393:16\n    at tryCatcher (https://stg-cd.sanoficonecta.com.br/__cypress/runner/cypress_runner.js:10798:23)\n    at Promise._settlePromiseFromHandler (https://stg-cd.sanoficonecta.com.br/__cypress/runner/cypress_runner.js:8733:31)\n    at Promise._settlePromise (https://stg-cd.sanoficonecta.com.br/__cypress/runner/cypress_runner.js:8790:18)\n    at Promise._settlePromise0 (https://stg-cd.sanoficonecta.com.br/__cypress/runner/cypress_runner.js:8835:10)\n    at Promise._settlePromises (https://stg-cd.sanoficonecta.com.br/__cypress/runner/cypress_runner.js:8915:18)\nFrom Your Spec Code:\n    at Login.loginNutricionistaComRegistro (https://stg-cd.sanoficonecta.com.br/__cypress/tests?p=cypress/integration/login.spec.js:392:32)\n    at Context.eval (https://stg-cd.sanoficonecta.com.br/__cypress/tests?p=cypress/integration/login.spec.js:139:22)",
                    "diff": null
                  },
                  "uuid": "13c84fbc-3465-47fd-b37e-1aa45346e6a1",
                  "parentUUID": "f3d9a260-bd22-48e4-be12-3fd7077c2a36",
                  "isHook": false,
                  "skipped": false
                },
                {
                  "title": "Realizar login de Fisioterapeuta com número de registro",
                  "fullTitle": "Login Login com sucesso Realizar login de Fisioterapeuta com número de registro",
                  "timedOut": null,
                  "duration": 14252,
                  "state": "failed",
                  "speed": null,
                  "pass": false,
                  "fail": true,
                  "pending": false,
                  "context": null,
                  "code": "_login.default.loginFisioterapeutaComRegistro();",
                  "err": {
                    "message": "CypressError: Timed out retrying after 4050ms: `cy.click()` failed because this element:\n\n`<button class=\"header__profile header__profile--icon\" data-content=\"F\">...</button>`\n\nis being covered by another element:\n\n`<div class=\"c-base-modal-content c-base-modal-content__shadow\">...</div>`\n\nFix this problem, or use {force: true} to disable error checking.\n\nhttps://on.cypress.io/element-cannot-be-interacted-with",
                    "estack": "CypressError: Timed out retrying after 4050ms: `cy.click()` failed because this element:\n\n`<button class=\"header__profile header__profile--icon\" data-content=\"F\">...</button>`\n\nis being covered by another element:\n\n`<div class=\"c-base-modal-content c-base-modal-content__shadow\">...</div>`\n\nFix this problem, or use {force: true} to disable error checking.\n\nhttps://on.cypress.io/element-cannot-be-interacted-with\n    at $Cy.ensureDescendents (https://stg-cd.sanoficonecta.com.br/__cypress/runner/cypress_runner.js:144188:26)\n    at ensureDescendents (https://stg-cd.sanoficonecta.com.br/__cypress/runner/cypress_runner.js:132368:8)\n    at ensureDescendentsAndScroll (https://stg-cd.sanoficonecta.com.br/__cypress/runner/cypress_runner.js:132375:14)\n    at ensureElIsNotCovered (https://stg-cd.sanoficonecta.com.br/__cypress/runner/cypress_runner.js:132509:5)\n    at runAllChecks (https://stg-cd.sanoficonecta.com.br/__cypress/runner/cypress_runner.js:132696:52)\n    at retryActionability (https://stg-cd.sanoficonecta.com.br/__cypress/runner/cypress_runner.js:132719:16)\n    at tryCatcher (https://stg-cd.sanoficonecta.com.br/__cypress/runner/cypress_runner.js:10798:23)\n    at Function.Promise.attempt.Promise.try (https://stg-cd.sanoficonecta.com.br/__cypress/runner/cypress_runner.js:8072:29)\n    at tryFn (https://stg-cd.sanoficonecta.com.br/__cypress/runner/cypress_runner.js:148863:21)\n    at whenStable (https://stg-cd.sanoficonecta.com.br/__cypress/runner/cypress_runner.js:148901:12)\n    at https://stg-cd.sanoficonecta.com.br/__cypress/runner/cypress_runner.js:148393:16\n    at tryCatcher (https://stg-cd.sanoficonecta.com.br/__cypress/runner/cypress_runner.js:10798:23)\n    at Promise._settlePromiseFromHandler (https://stg-cd.sanoficonecta.com.br/__cypress/runner/cypress_runner.js:8733:31)\n    at Promise._settlePromise (https://stg-cd.sanoficonecta.com.br/__cypress/runner/cypress_runner.js:8790:18)\n    at Promise._settlePromise0 (https://stg-cd.sanoficonecta.com.br/__cypress/runner/cypress_runner.js:8835:10)\n    at Promise._settlePromises (https://stg-cd.sanoficonecta.com.br/__cypress/runner/cypress_runner.js:8915:18)\nFrom Your Spec Code:\n    at Login.loginFisioterapeutaComRegistro (https://stg-cd.sanoficonecta.com.br/__cypress/tests?p=cypress/integration/login.spec.js:410:32)\n    at Context.eval (https://stg-cd.sanoficonecta.com.br/__cypress/tests?p=cypress/integration/login.spec.js:142:22)",
                    "diff": null
                  },
                  "uuid": "38a32879-dd29-44a0-bead-3c0ce0531301",
                  "parentUUID": "f3d9a260-bd22-48e4-be12-3fd7077c2a36",
                  "isHook": false,
                  "skipped": false
                },
                {
                  "title": "Realizar login de Médico com email",
                  "fullTitle": "Login Login com sucesso Realizar login de Médico com email",
                  "timedOut": null,
                  "duration": 16255,
                  "state": "failed",
                  "speed": null,
                  "pass": false,
                  "fail": true,
                  "pending": false,
                  "context": null,
                  "code": "_login.default.loginMedicoComEmail();",
                  "err": {
                    "message": "CypressError: Timed out retrying after 4050ms: `cy.click()` failed because this element:\n\n`<button class=\"header__profile header__profile--icon\" data-content=\"D\">...</button>`\n\nis being covered by another element:\n\n`<div class=\"c-base-modal-content c-base-modal-content__shadow\">...</div>`\n\nFix this problem, or use {force: true} to disable error checking.\n\nhttps://on.cypress.io/element-cannot-be-interacted-with",
                    "estack": "CypressError: Timed out retrying after 4050ms: `cy.click()` failed because this element:\n\n`<button class=\"header__profile header__profile--icon\" data-content=\"D\">...</button>`\n\nis being covered by another element:\n\n`<div class=\"c-base-modal-content c-base-modal-content__shadow\">...</div>`\n\nFix this problem, or use {force: true} to disable error checking.\n\nhttps://on.cypress.io/element-cannot-be-interacted-with\n    at $Cy.ensureDescendents (https://stg-cd.sanoficonecta.com.br/__cypress/runner/cypress_runner.js:144188:26)\n    at ensureDescendents (https://stg-cd.sanoficonecta.com.br/__cypress/runner/cypress_runner.js:132368:8)\n    at ensureDescendentsAndScroll (https://stg-cd.sanoficonecta.com.br/__cypress/runner/cypress_runner.js:132375:14)\n    at ensureElIsNotCovered (https://stg-cd.sanoficonecta.com.br/__cypress/runner/cypress_runner.js:132509:5)\n    at runAllChecks (https://stg-cd.sanoficonecta.com.br/__cypress/runner/cypress_runner.js:132696:52)\n    at retryActionability (https://stg-cd.sanoficonecta.com.br/__cypress/runner/cypress_runner.js:132719:16)\n    at tryCatcher (https://stg-cd.sanoficonecta.com.br/__cypress/runner/cypress_runner.js:10798:23)\n    at Function.Promise.attempt.Promise.try (https://stg-cd.sanoficonecta.com.br/__cypress/runner/cypress_runner.js:8072:29)\n    at tryFn (https://stg-cd.sanoficonecta.com.br/__cypress/runner/cypress_runner.js:148863:21)\n    at whenStable (https://stg-cd.sanoficonecta.com.br/__cypress/runner/cypress_runner.js:148901:12)\n    at https://stg-cd.sanoficonecta.com.br/__cypress/runner/cypress_runner.js:148393:16\n    at tryCatcher (https://stg-cd.sanoficonecta.com.br/__cypress/runner/cypress_runner.js:10798:23)\n    at Promise._settlePromiseFromHandler (https://stg-cd.sanoficonecta.com.br/__cypress/runner/cypress_runner.js:8733:31)\n    at Promise._settlePromise (https://stg-cd.sanoficonecta.com.br/__cypress/runner/cypress_runner.js:8790:18)\n    at Promise._settlePromise0 (https://stg-cd.sanoficonecta.com.br/__cypress/runner/cypress_runner.js:8835:10)\n    at Promise._settlePromises (https://stg-cd.sanoficonecta.com.br/__cypress/runner/cypress_runner.js:8915:18)\nFrom Your Spec Code:\n    at Login.loginMedicoComEmail (https://stg-cd.sanoficonecta.com.br/__cypress/tests?p=cypress/integration/login.spec.js:430:32)\n    at Context.eval (https://stg-cd.sanoficonecta.com.br/__cypress/tests?p=cypress/integration/login.spec.js:146:22)",
                    "diff": null
                  },
                  "uuid": "21450d84-2f21-4bff-baa3-032768281b52",
                  "parentUUID": "f3d9a260-bd22-48e4-be12-3fd7077c2a36",
                  "isHook": false,
                  "skipped": false
                },
                {
                  "title": "Realizar login de Farmacêutico com email",
                  "fullTitle": "Login Login com sucesso Realizar login de Farmacêutico com email",
                  "timedOut": null,
                  "duration": 17365,
                  "state": "failed",
                  "speed": null,
                  "pass": false,
                  "fail": true,
                  "pending": false,
                  "context": null,
                  "code": "_login.default.loginFarmaceuticoComEmail();",
                  "err": {
                    "message": "CypressError: Timed out retrying after 4050ms: `cy.click()` failed because this element:\n\n`<button class=\"header__profile header__profile--icon\" data-content=\"F\">...</button>`\n\nis being covered by another element:\n\n`<div class=\"c-base-modal-content c-base-modal-content__shadow\">...</div>`\n\nFix this problem, or use {force: true} to disable error checking.\n\nhttps://on.cypress.io/element-cannot-be-interacted-with",
                    "estack": "CypressError: Timed out retrying after 4050ms: `cy.click()` failed because this element:\n\n`<button class=\"header__profile header__profile--icon\" data-content=\"F\">...</button>`\n\nis being covered by another element:\n\n`<div class=\"c-base-modal-content c-base-modal-content__shadow\">...</div>`\n\nFix this problem, or use {force: true} to disable error checking.\n\nhttps://on.cypress.io/element-cannot-be-interacted-with\n    at $Cy.ensureDescendents (https://stg-cd.sanoficonecta.com.br/__cypress/runner/cypress_runner.js:144188:26)\n    at ensureDescendents (https://stg-cd.sanoficonecta.com.br/__cypress/runner/cypress_runner.js:132368:8)\n    at ensureDescendentsAndScroll (https://stg-cd.sanoficonecta.com.br/__cypress/runner/cypress_runner.js:132375:14)\n    at ensureElIsNotCovered (https://stg-cd.sanoficonecta.com.br/__cypress/runner/cypress_runner.js:132509:5)\n    at runAllChecks (https://stg-cd.sanoficonecta.com.br/__cypress/runner/cypress_runner.js:132696:52)\n    at retryActionability (https://stg-cd.sanoficonecta.com.br/__cypress/runner/cypress_runner.js:132719:16)\n    at tryCatcher (https://stg-cd.sanoficonecta.com.br/__cypress/runner/cypress_runner.js:10798:23)\n    at Function.Promise.attempt.Promise.try (https://stg-cd.sanoficonecta.com.br/__cypress/runner/cypress_runner.js:8072:29)\n    at tryFn (https://stg-cd.sanoficonecta.com.br/__cypress/runner/cypress_runner.js:148863:21)\n    at whenStable (https://stg-cd.sanoficonecta.com.br/__cypress/runner/cypress_runner.js:148901:12)\n    at https://stg-cd.sanoficonecta.com.br/__cypress/runner/cypress_runner.js:148393:16\n    at tryCatcher (https://stg-cd.sanoficonecta.com.br/__cypress/runner/cypress_runner.js:10798:23)\n    at Promise._settlePromiseFromHandler (https://stg-cd.sanoficonecta.com.br/__cypress/runner/cypress_runner.js:8733:31)\n    at Promise._settlePromise (https://stg-cd.sanoficonecta.com.br/__cypress/runner/cypress_runner.js:8790:18)\n    at Promise._settlePromise0 (https://stg-cd.sanoficonecta.com.br/__cypress/runner/cypress_runner.js:8835:10)\n    at Promise._settlePromises (https://stg-cd.sanoficonecta.com.br/__cypress/runner/cypress_runner.js:8915:18)\nFrom Your Spec Code:\n    at Login.loginFarmaceuticoComEmail (https://stg-cd.sanoficonecta.com.br/__cypress/tests?p=cypress/integration/login.spec.js:450:32)\n    at Context.eval (https://stg-cd.sanoficonecta.com.br/__cypress/tests?p=cypress/integration/login.spec.js:149:22)",
                    "diff": null
                  },
                  "uuid": "57f27409-6dd6-4bbb-aff4-0b37976e8cd0",
                  "parentUUID": "f3d9a260-bd22-48e4-be12-3fd7077c2a36",
                  "isHook": false,
                  "skipped": false
                },
                {
                  "title": "Realizar login de Enfermeiro com email",
                  "fullTitle": "Login Login com sucesso Realizar login de Enfermeiro com email",
                  "timedOut": null,
                  "duration": 17790,
                  "state": "failed",
                  "speed": null,
                  "pass": false,
                  "fail": true,
                  "pending": false,
                  "context": null,
                  "code": "_login.default.loginEnfermeiroComEmail();",
                  "err": {
                    "message": "CypressError: Timed out retrying after 4050ms: `cy.click()` failed because this element:\n\n`<button class=\"header__profile header__profile--icon\" data-content=\"E\">...</button>`\n\nis being covered by another element:\n\n`<div class=\"c-base-modal-content c-base-modal-content__shadow\">...</div>`\n\nFix this problem, or use {force: true} to disable error checking.\n\nhttps://on.cypress.io/element-cannot-be-interacted-with",
                    "estack": "CypressError: Timed out retrying after 4050ms: `cy.click()` failed because this element:\n\n`<button class=\"header__profile header__profile--icon\" data-content=\"E\">...</button>`\n\nis being covered by another element:\n\n`<div class=\"c-base-modal-content c-base-modal-content__shadow\">...</div>`\n\nFix this problem, or use {force: true} to disable error checking.\n\nhttps://on.cypress.io/element-cannot-be-interacted-with\n    at $Cy.ensureDescendents (https://stg-cd.sanoficonecta.com.br/__cypress/runner/cypress_runner.js:144188:26)\n    at ensureDescendents (https://stg-cd.sanoficonecta.com.br/__cypress/runner/cypress_runner.js:132368:8)\n    at ensureDescendentsAndScroll (https://stg-cd.sanoficonecta.com.br/__cypress/runner/cypress_runner.js:132375:14)\n    at ensureElIsNotCovered (https://stg-cd.sanoficonecta.com.br/__cypress/runner/cypress_runner.js:132509:5)\n    at runAllChecks (https://stg-cd.sanoficonecta.com.br/__cypress/runner/cypress_runner.js:132696:52)\n    at retryActionability (https://stg-cd.sanoficonecta.com.br/__cypress/runner/cypress_runner.js:132719:16)\n    at tryCatcher (https://stg-cd.sanoficonecta.com.br/__cypress/runner/cypress_runner.js:10798:23)\n    at Function.Promise.attempt.Promise.try (https://stg-cd.sanoficonecta.com.br/__cypress/runner/cypress_runner.js:8072:29)\n    at tryFn (https://stg-cd.sanoficonecta.com.br/__cypress/runner/cypress_runner.js:148863:21)\n    at whenStable (https://stg-cd.sanoficonecta.com.br/__cypress/runner/cypress_runner.js:148901:12)\n    at https://stg-cd.sanoficonecta.com.br/__cypress/runner/cypress_runner.js:148393:16\n    at tryCatcher (https://stg-cd.sanoficonecta.com.br/__cypress/runner/cypress_runner.js:10798:23)\n    at Promise._settlePromiseFromHandler (https://stg-cd.sanoficonecta.com.br/__cypress/runner/cypress_runner.js:8733:31)\n    at Promise._settlePromise (https://stg-cd.sanoficonecta.com.br/__cypress/runner/cypress_runner.js:8790:18)\n    at Promise._settlePromise0 (https://stg-cd.sanoficonecta.com.br/__cypress/runner/cypress_runner.js:8835:10)\n    at Promise._settlePromises (https://stg-cd.sanoficonecta.com.br/__cypress/runner/cypress_runner.js:8915:18)\nFrom Your Spec Code:\n    at Login.loginEnfermeiroComEmail (https://stg-cd.sanoficonecta.com.br/__cypress/tests?p=cypress/integration/login.spec.js:470:32)\n    at Context.eval (https://stg-cd.sanoficonecta.com.br/__cypress/tests?p=cypress/integration/login.spec.js:152:22)",
                    "diff": null
                  },
                  "uuid": "7bc55a26-fdb4-41db-b2cd-742211574371",
                  "parentUUID": "f3d9a260-bd22-48e4-be12-3fd7077c2a36",
                  "isHook": false,
                  "skipped": false
                },
                {
                  "title": "Realizar login de Nutricionista com email",
                  "fullTitle": "Login Login com sucesso Realizar login de Nutricionista com email",
                  "timedOut": null,
                  "duration": 17405,
                  "state": "failed",
                  "speed": null,
                  "pass": false,
                  "fail": true,
                  "pending": false,
                  "context": null,
                  "code": "_login.default.loginNutricionistaComEmail();",
                  "err": {
                    "message": "CypressError: Timed out retrying after 4050ms: `cy.click()` failed because this element:\n\n`<button class=\"header__profile header__profile--icon\" data-content=\"N\">...</button>`\n\nis being covered by another element:\n\n`<div class=\"c-base-modal-content c-base-modal-content__shadow\">...</div>`\n\nFix this problem, or use {force: true} to disable error checking.\n\nhttps://on.cypress.io/element-cannot-be-interacted-with",
                    "estack": "CypressError: Timed out retrying after 4050ms: `cy.click()` failed because this element:\n\n`<button class=\"header__profile header__profile--icon\" data-content=\"N\">...</button>`\n\nis being covered by another element:\n\n`<div class=\"c-base-modal-content c-base-modal-content__shadow\">...</div>`\n\nFix this problem, or use {force: true} to disable error checking.\n\nhttps://on.cypress.io/element-cannot-be-interacted-with\n    at $Cy.ensureDescendents (https://stg-cd.sanoficonecta.com.br/__cypress/runner/cypress_runner.js:144188:26)\n    at ensureDescendents (https://stg-cd.sanoficonecta.com.br/__cypress/runner/cypress_runner.js:132368:8)\n    at ensureDescendentsAndScroll (https://stg-cd.sanoficonecta.com.br/__cypress/runner/cypress_runner.js:132375:14)\n    at ensureElIsNotCovered (https://stg-cd.sanoficonecta.com.br/__cypress/runner/cypress_runner.js:132509:5)\n    at runAllChecks (https://stg-cd.sanoficonecta.com.br/__cypress/runner/cypress_runner.js:132696:52)\n    at retryActionability (https://stg-cd.sanoficonecta.com.br/__cypress/runner/cypress_runner.js:132719:16)\n    at tryCatcher (https://stg-cd.sanoficonecta.com.br/__cypress/runner/cypress_runner.js:10798:23)\n    at Function.Promise.attempt.Promise.try (https://stg-cd.sanoficonecta.com.br/__cypress/runner/cypress_runner.js:8072:29)\n    at tryFn (https://stg-cd.sanoficonecta.com.br/__cypress/runner/cypress_runner.js:148863:21)\n    at whenStable (https://stg-cd.sanoficonecta.com.br/__cypress/runner/cypress_runner.js:148901:12)\n    at https://stg-cd.sanoficonecta.com.br/__cypress/runner/cypress_runner.js:148393:16\n    at tryCatcher (https://stg-cd.sanoficonecta.com.br/__cypress/runner/cypress_runner.js:10798:23)\n    at Promise._settlePromiseFromHandler (https://stg-cd.sanoficonecta.com.br/__cypress/runner/cypress_runner.js:8733:31)\n    at Promise._settlePromise (https://stg-cd.sanoficonecta.com.br/__cypress/runner/cypress_runner.js:8790:18)\n    at Promise._settlePromise0 (https://stg-cd.sanoficonecta.com.br/__cypress/runner/cypress_runner.js:8835:10)\n    at Promise._settlePromises (https://stg-cd.sanoficonecta.com.br/__cypress/runner/cypress_runner.js:8915:18)\nFrom Your Spec Code:\n    at Login.loginNutricionistaComEmail (https://stg-cd.sanoficonecta.com.br/__cypress/tests?p=cypress/integration/login.spec.js:490:32)\n    at Context.eval (https://stg-cd.sanoficonecta.com.br/__cypress/tests?p=cypress/integration/login.spec.js:155:22)",
                    "diff": null
                  },
                  "uuid": "3bc55980-7c32-4446-907e-f1f391e9426b",
                  "parentUUID": "f3d9a260-bd22-48e4-be12-3fd7077c2a36",
                  "isHook": false,
                  "skipped": false
                },
                {
                  "title": "Realizar login de Fisioterapeuta com email",
                  "fullTitle": "Login Login com sucesso Realizar login de Fisioterapeuta com email",
                  "timedOut": null,
                  "duration": 18610,
                  "state": "failed",
                  "speed": null,
                  "pass": false,
                  "fail": true,
                  "pending": false,
                  "context": null,
                  "code": "_login.default.loginFisioterapeutaComEmail();",
                  "err": {
                    "message": "CypressError: Timed out retrying after 4050ms: `cy.click()` failed because this element:\n\n`<button class=\"header__profile header__profile--icon\" data-content=\"F\">...</button>`\n\nis being covered by another element:\n\n`<div class=\"c-base-modal-content c-base-modal-content__shadow\">...</div>`\n\nFix this problem, or use {force: true} to disable error checking.\n\nhttps://on.cypress.io/element-cannot-be-interacted-with",
                    "estack": "CypressError: Timed out retrying after 4050ms: `cy.click()` failed because this element:\n\n`<button class=\"header__profile header__profile--icon\" data-content=\"F\">...</button>`\n\nis being covered by another element:\n\n`<div class=\"c-base-modal-content c-base-modal-content__shadow\">...</div>`\n\nFix this problem, or use {force: true} to disable error checking.\n\nhttps://on.cypress.io/element-cannot-be-interacted-with\n    at $Cy.ensureDescendents (https://stg-cd.sanoficonecta.com.br/__cypress/runner/cypress_runner.js:144188:26)\n    at ensureDescendents (https://stg-cd.sanoficonecta.com.br/__cypress/runner/cypress_runner.js:132368:8)\n    at ensureDescendentsAndScroll (https://stg-cd.sanoficonecta.com.br/__cypress/runner/cypress_runner.js:132375:14)\n    at ensureElIsNotCovered (https://stg-cd.sanoficonecta.com.br/__cypress/runner/cypress_runner.js:132509:5)\n    at runAllChecks (https://stg-cd.sanoficonecta.com.br/__cypress/runner/cypress_runner.js:132696:52)\n    at retryActionability (https://stg-cd.sanoficonecta.com.br/__cypress/runner/cypress_runner.js:132719:16)\n    at tryCatcher (https://stg-cd.sanoficonecta.com.br/__cypress/runner/cypress_runner.js:10798:23)\n    at Function.Promise.attempt.Promise.try (https://stg-cd.sanoficonecta.com.br/__cypress/runner/cypress_runner.js:8072:29)\n    at tryFn (https://stg-cd.sanoficonecta.com.br/__cypress/runner/cypress_runner.js:148863:21)\n    at whenStable (https://stg-cd.sanoficonecta.com.br/__cypress/runner/cypress_runner.js:148901:12)\n    at https://stg-cd.sanoficonecta.com.br/__cypress/runner/cypress_runner.js:148393:16\n    at tryCatcher (https://stg-cd.sanoficonecta.com.br/__cypress/runner/cypress_runner.js:10798:23)\n    at Promise._settlePromiseFromHandler (https://stg-cd.sanoficonecta.com.br/__cypress/runner/cypress_runner.js:8733:31)\n    at Promise._settlePromise (https://stg-cd.sanoficonecta.com.br/__cypress/runner/cypress_runner.js:8790:18)\n    at Promise._settlePromise0 (https://stg-cd.sanoficonecta.com.br/__cypress/runner/cypress_runner.js:8835:10)\n    at Promise._settlePromises (https://stg-cd.sanoficonecta.com.br/__cypress/runner/cypress_runner.js:8915:18)\nFrom Your Spec Code:\n    at Login.loginFisioterapeutaComEmail (https://stg-cd.sanoficonecta.com.br/__cypress/tests?p=cypress/integration/login.spec.js:510:32)\n    at Context.eval (https://stg-cd.sanoficonecta.com.br/__cypress/tests?p=cypress/integration/login.spec.js:158:22)",
                    "diff": null
                  },
                  "uuid": "83377c24-b955-4ce1-bf33-efa5b25c40ec",
                  "parentUUID": "f3d9a260-bd22-48e4-be12-3fd7077c2a36",
                  "isHook": false,
                  "skipped": false
                }
              ],
              "suites": [],
              "passes": [],
              "failures": [
                "546556c3-69f8-43e3-ba03-237f14e29c22",
                "9128bf4e-71de-44e1-9bc7-70c40e575308",
                "f8d9d121-9f99-4a70-9905-9a58f4624204",
                "13c84fbc-3465-47fd-b37e-1aa45346e6a1",
                "38a32879-dd29-44a0-bead-3c0ce0531301",
                "21450d84-2f21-4bff-baa3-032768281b52",
                "57f27409-6dd6-4bbb-aff4-0b37976e8cd0",
                "7bc55a26-fdb4-41db-b2cd-742211574371",
                "3bc55980-7c32-4446-907e-f1f391e9426b",
                "83377c24-b955-4ce1-bf33-efa5b25c40ec"
              ],
              "pending": [],
              "skipped": [],
              "duration": 168803,
              "root": false,
              "rootEmpty": false,
              "_timeout": 2000
            },
            {
              "uuid": "d554dcbd-f6df-46ca-ac4d-1ddd251f97cc",
              "title": "Login sem sucesso",
              "fullFile": "",
              "file": "",
              "beforeHooks": [],
              "afterHooks": [],
              "tests": [
                {
                  "title": "Tentar realizar login sem informar os dados obrigatórios",
                  "fullTitle": "Login Login sem sucesso Tentar realizar login sem informar os dados obrigatórios",
                  "timedOut": null,
                  "duration": 9276,
                  "state": "passed",
                  "speed": "slow",
                  "pass": true,
                  "fail": false,
                  "pending": false,
                  "context": null,
                  "code": "_login.default.loginSemDadosObrigatorios();",
                  "err": {},
                  "uuid": "b482cce5-814f-4768-8851-2b83556b16be",
                  "parentUUID": "d554dcbd-f6df-46ca-ac4d-1ddd251f97cc",
                  "isHook": false,
                  "skipped": false
                },
                {
                  "title": "Tentar realizar login com dados inválidos",
                  "fullTitle": "Login Login sem sucesso Tentar realizar login com dados inválidos",
                  "timedOut": null,
                  "duration": 9921,
                  "state": "passed",
                  "speed": "slow",
                  "pass": true,
                  "fail": false,
                  "pending": false,
                  "context": null,
                  "code": "_login.default.loginComDadosInvalidos();",
                  "err": {},
                  "uuid": "f5933b7e-928a-4ada-938a-2a74319b57da",
                  "parentUUID": "d554dcbd-f6df-46ca-ac4d-1ddd251f97cc",
                  "isHook": false,
                  "skipped": false
                }
              ],
              "suites": [],
              "passes": [
                "b482cce5-814f-4768-8851-2b83556b16be",
                "f5933b7e-928a-4ada-938a-2a74319b57da"
              ],
              "failures": [],
              "pending": [],
              "skipped": [],
              "duration": 19197,
              "root": false,
              "rootEmpty": false,
              "_timeout": 2000
            }
          ],
          "passes": [],
          "failures": [],
          "pending": [],
          "skipped": [],
          "duration": 0,
          "root": false,
          "rootEmpty": false,
          "_timeout": 2000
        }
      ],
      "passes": [],
      "failures": [],
      "pending": [],
      "skipped": [],
      "duration": 0,
      "root": true,
      "rootEmpty": true,
      "_timeout": 2000
    }
  ],
  "meta": {
    "mocha": {
      "version": "7.0.1"
    },
    "mochawesome": {
      "options": {
        "quiet": true,
        "reportFilename": "mochawesome",
        "saveHtml": false,
        "saveJson": true,
        "consoleReporter": "spec",
        "useInlineDiffs": false,
        "code": true
      },
      "version": "6.3.1"
    },
    "marge": {
      "options": {
        "id": "default",
        "reportDir": "mochawesome-report",
        "quiet": true,
        "overwrite": false,
        "html": false,
        "json": true
      },
      "version": "5.2.0"
    }
  }
}