{
  "stats": {
    "suites": 4,
    "tests": 6,
    "passes": 3,
    "pending": 1,
    "failures": 2,
    "start": "2023-07-08T08:13:38.976Z",
    "end": "2023-07-08T08:15:05.343Z",
    "duration": 86367,
    "testsRegistered": 7,
    "passPercent": 50,
    "pendingPercent": 14.285714285714285,
    "other": 1,
    "hasOther": true,
    "skipped": 0,
    "hasSkipped": false
  },
  "results": [
    {
      "uuid": "8fce0664-bd5b-4fbb-b772-5fc53b96d12e",
      "title": "",
      "fullFile": "cypress/integration/artigo.spec.js",
      "file": "cypress/integration/artigo.spec.js",
      "beforeHooks": [],
      "afterHooks": [],
      "tests": [],
      "suites": [
        {
          "uuid": "065afe30-048d-476b-b210-b716b4bb3b36",
          "title": "Acessar Artigo com usuário deslogado",
          "fullFile": "",
          "file": "",
          "beforeHooks": [],
          "afterHooks": [],
          "tests": [],
          "suites": [
            {
              "uuid": "b4af37d1-601b-4254-9b17-89c3e2bf8708",
              "title": "Acessar artigo com sucesso",
              "fullFile": "",
              "file": "",
              "beforeHooks": [],
              "afterHooks": [],
              "tests": [
                {
                  "title": "Tentar acessar artigo exclusivo para médico e farmacêutico, estando deslogado",
                  "fullTitle": "Acessar Artigo com usuário deslogado Acessar artigo com sucesso Tentar acessar artigo exclusivo para médico e farmacêutico, estando deslogado",
                  "timedOut": null,
                  "duration": 24283,
                  "state": "passed",
                  "speed": "slow",
                  "pass": true,
                  "fail": false,
                  "pending": false,
                  "context": null,
                  "code": "cy.visit('https://stg-cd.sanoficonecta.com.br/artigos/resultados-empower-lung1-localmente-avancada');\ncy.get('.c-base-modal-content__paper').should('be.visible');\ncy.get('.c-base-modal-content__body > .c-text--h2').should('contain', 'Conteúdo exclusivo para Médico e  Farmacêutico');",
                  "err": {},
                  "uuid": "147537a7-6d0c-40c1-affe-eb9285b0df19",
                  "parentUUID": "b4af37d1-601b-4254-9b17-89c3e2bf8708",
                  "isHook": false,
                  "skipped": false
                },
                {
                  "title": "Acessar artigo",
                  "fullTitle": "Acessar Artigo com usuário deslogado Acessar artigo com sucesso Acessar artigo",
                  "timedOut": null,
                  "duration": 13197,
                  "state": "passed",
                  "speed": "slow",
                  "pass": true,
                  "fail": false,
                  "pending": false,
                  "context": null,
                  "code": "_artigo.default.AcessarArtigo();",
                  "err": {},
                  "uuid": "c3f2d2e3-ec1e-41b8-aefb-9cc567796755",
                  "parentUUID": "b4af37d1-601b-4254-9b17-89c3e2bf8708",
                  "isHook": false,
                  "skipped": false
                }
              ],
              "suites": [],
              "passes": [
                "147537a7-6d0c-40c1-affe-eb9285b0df19",
                "c3f2d2e3-ec1e-41b8-aefb-9cc567796755"
              ],
              "failures": [],
              "pending": [],
              "skipped": [],
              "duration": 37480,
              "root": false,
              "rootEmpty": false,
              "_timeout": 2000
            }
          ],
          "passes": [],
          "failures": [],
          "pending": [],
          "skipped": [],
          "duration": 0,
          "root": false,
          "rootEmpty": false,
          "_timeout": 2000
        },
        {
          "uuid": "287f3a1d-e1fa-41d1-b76d-5b17897ca096",
          "title": "Acessar Artigo com usuário logado",
          "fullFile": "",
          "file": "",
          "beforeHooks": [],
          "afterHooks": [],
          "tests": [],
          "suites": [
            {
              "uuid": "31668b1b-df73-4f43-8a05-08dbef14f84e",
              "title": "Acessar artigo com sucesso",
              "fullFile": "",
              "file": "",
              "beforeHooks": [],
              "afterHooks": [],
              "tests": [
                {
                  "title": "Acessar artigo",
                  "fullTitle": "Acessar Artigo com usuário logado Acessar artigo com sucesso Acessar artigo",
                  "timedOut": null,
                  "duration": 12828,
                  "state": "failed",
                  "speed": null,
                  "pass": false,
                  "fail": true,
                  "pending": false,
                  "context": null,
                  "code": "_login.default.loginMedico();\n_artigo.default.AcessarArtigo();",
                  "err": {
                    "message": "AssertionError: Timed out retrying after 4000ms: Expected to find element: `.c-text--bold > :nth-child(2)`, but never found it.",
                    "estack": "AssertionError: Timed out retrying after 4000ms: Expected to find element: `.c-text--bold > :nth-child(2)`, but never found it.\n    at Login.loginMedico (https://stg-cd.sanoficonecta.com.br/__cypress/tests?p=cypress/integration/artigo.spec.js:393:28)\n    at Context.eval (https://stg-cd.sanoficonecta.com.br/__cypress/tests?p=cypress/integration/artigo.spec.js:144:22)",
                    "diff": null
                  },
                  "uuid": "7e9d6788-040e-4a8c-a0d1-fe2aa1cb1010",
                  "parentUUID": "31668b1b-df73-4f43-8a05-08dbef14f84e",
                  "isHook": false,
                  "skipped": false
                },
                {
                  "title": "Adicionar e Retirar Artigo dos favoritos",
                  "fullTitle": "Acessar Artigo com usuário logado Acessar artigo com sucesso Adicionar e Retirar Artigo dos favoritos",
                  "timedOut": null,
                  "duration": 0,
                  "state": "pending",
                  "speed": null,
                  "pass": false,
                  "fail": false,
                  "pending": true,
                  "context": null,
                  "code": "",
                  "err": {},
                  "uuid": "32eb0ccc-ce57-479c-8dd4-db800d6fde27",
                  "parentUUID": "31668b1b-df73-4f43-8a05-08dbef14f84e",
                  "isHook": false,
                  "skipped": false
                },
                {
                  "title": "Tentar acessar artigo exclusivo para médico e farmacêutico, utilizando perfil sem permissão",
                  "fullTitle": "Acessar Artigo com usuário logado Acessar artigo com sucesso Tentar acessar artigo exclusivo para médico e farmacêutico, utilizando perfil sem permissão",
                  "timedOut": null,
                  "duration": 13018,
                  "state": "failed",
                  "speed": null,
                  "pass": false,
                  "fail": true,
                  "pending": false,
                  "context": null,
                  "code": "_login.default.loginFisioterapeutaComRegistro(); //cy.get('.c-navbar__area-logged > .c-navbar__item').click()\n\ncy.visit('https://stg-cd.sanoficonecta.com.br/artigos/resultados-empower-lung1-localmente-avancada');\ncy.get('.c-base-modal-content__body > .c-text--h2').should('contain', 'Conteúdo exclusivo para Médico e  Farmacêutico');",
                  "err": {
                    "message": "CypressError: Timed out retrying after 4050ms: `cy.click()` failed because this element:\n\n`<button class=\"header__profile header__profile--icon\" data-content=\"F\">...</button>`\n\nis being covered by another element:\n\n`<div class=\"c-base-modal-content c-base-modal-content__shadow\">...</div>`\n\nFix this problem, or use {force: true} to disable error checking.\n\nhttps://on.cypress.io/element-cannot-be-interacted-with",
                    "estack": "CypressError: Timed out retrying after 4050ms: `cy.click()` failed because this element:\n\n`<button class=\"header__profile header__profile--icon\" data-content=\"F\">...</button>`\n\nis being covered by another element:\n\n`<div class=\"c-base-modal-content c-base-modal-content__shadow\">...</div>`\n\nFix this problem, or use {force: true} to disable error checking.\n\nhttps://on.cypress.io/element-cannot-be-interacted-with\n    at $Cy.ensureDescendents (https://stg-cd.sanoficonecta.com.br/__cypress/runner/cypress_runner.js:144188:26)\n    at ensureDescendents (https://stg-cd.sanoficonecta.com.br/__cypress/runner/cypress_runner.js:132368:8)\n    at ensureDescendentsAndScroll (https://stg-cd.sanoficonecta.com.br/__cypress/runner/cypress_runner.js:132375:14)\n    at ensureElIsNotCovered (https://stg-cd.sanoficonecta.com.br/__cypress/runner/cypress_runner.js:132509:5)\n    at runAllChecks (https://stg-cd.sanoficonecta.com.br/__cypress/runner/cypress_runner.js:132696:52)\n    at retryActionability (https://stg-cd.sanoficonecta.com.br/__cypress/runner/cypress_runner.js:132719:16)\n    at tryCatcher (https://stg-cd.sanoficonecta.com.br/__cypress/runner/cypress_runner.js:10798:23)\n    at Function.Promise.attempt.Promise.try (https://stg-cd.sanoficonecta.com.br/__cypress/runner/cypress_runner.js:8072:29)\n    at tryFn (https://stg-cd.sanoficonecta.com.br/__cypress/runner/cypress_runner.js:148863:21)\n    at whenStable (https://stg-cd.sanoficonecta.com.br/__cypress/runner/cypress_runner.js:148901:12)\n    at https://stg-cd.sanoficonecta.com.br/__cypress/runner/cypress_runner.js:148393:16\n    at tryCatcher (https://stg-cd.sanoficonecta.com.br/__cypress/runner/cypress_runner.js:10798:23)\n    at Promise._settlePromiseFromHandler (https://stg-cd.sanoficonecta.com.br/__cypress/runner/cypress_runner.js:8733:31)\n    at Promise._settlePromise (https://stg-cd.sanoficonecta.com.br/__cypress/runner/cypress_runner.js:8790:18)\n    at Promise._settlePromise0 (https://stg-cd.sanoficonecta.com.br/__cypress/runner/cypress_runner.js:8835:10)\n    at Promise._settlePromises (https://stg-cd.sanoficonecta.com.br/__cypress/runner/cypress_runner.js:8915:18)\nFrom Your Spec Code:\n    at Login.loginFisioterapeutaComRegistro (https://stg-cd.sanoficonecta.com.br/__cypress/tests?p=cypress/integration/artigo.spec.js:494:32)\n    at Context.eval (https://stg-cd.sanoficonecta.com.br/__cypress/tests?p=cypress/integration/artigo.spec.js:164:22)",
                    "diff": null
                  },
                  "uuid": "e52c2dcb-b7f4-4646-92c1-06c2d13f08ae",
                  "parentUUID": "31668b1b-df73-4f43-8a05-08dbef14f84e",
                  "isHook": false,
                  "skipped": false
                },
                {
                  "title": "Tentar acessar artigo exclusivo, com Soft Login",
                  "fullTitle": "Acessar Artigo com usuário logado Acessar artigo com sucesso Tentar acessar artigo exclusivo, com Soft Login",
                  "timedOut": null,
                  "duration": 9969,
                  "state": "passed",
                  "speed": "slow",
                  "pass": true,
                  "fail": false,
                  "pending": false,
                  "context": null,
                  "code": "//cy.get('.c-navbar__area-logged > .c-navbar__item').click()\ncy.visit('https://stg-cd.sanoficonecta.com.br/artigos/resultados-empower-lung1-localmente-avancada');\ncy.get('.c-base-modal-content__body > .c-text--h2').should('contain', 'Conteúdo exclusivo para Médico e  Farmacêutico');\ncy.get('input[value=\"true\"]').check();\ncy.get('#sf-continue-validation').click();\ncy.get('#hcp-type').select('Farmacêutico (CRF)');\ncy.get('#uf').select('RS');\ncy.get('#sf-register-2').type('4444444');\ncy.get('#sf-email').type('farma104@teste.com');\ncy.get('#opt-in').check();\ncy.get('#sf-continue-validation').click();\ncy.get('.c-base-modal-content__body > :nth-child(1) > .c-text--h2').should('have.text', 'Criar conta');",
                  "err": {},
                  "uuid": "fb8021dd-271d-4b01-91d4-042998530e37",
                  "parentUUID": "31668b1b-df73-4f43-8a05-08dbef14f84e",
                  "isHook": false,
                  "skipped": false
                },
                {
                  "title": "Acessar artigo exclusivo para médico e farmacêutico, utilizando perfil de Farmacêutico",
                  "fullTitle": "Acessar Artigo com usuário logado Acessar artigo com sucesso Acessar artigo exclusivo para médico e farmacêutico, utilizando perfil de Farmacêutico",
                  "timedOut": null,
                  "duration": 12820,
                  "state": "failed",
                  "speed": null,
                  "pass": false,
                  "fail": true,
                  "pending": false,
                  "context": null,
                  "code": "_login.default.loginFarmaceutico(); //cy.get('.c-navbar__area-logged > .c-navbar__item').click()\n\ncy.visit('https://stg-cd.sanoficonecta.com.br/artigos/resultados-empower-lung1-localmente-avancada');\ncy.get('.c-hero-article__title').should('contain', 'Resultados do cemiplimabe');",
                  "err": {
                    "message": "AssertionError: Timed out retrying after 4000ms: Expected to find element: `.c-text--bold > :nth-child(2)`, but never found it.",
                    "estack": "AssertionError: Timed out retrying after 4000ms: Expected to find element: `.c-text--bold > :nth-child(2)`, but never found it.\n    at Login.loginFarmaceutico (https://stg-cd.sanoficonecta.com.br/__cypress/tests?p=cypress/integration/artigo.spec.js:407:28)\n    at Context.eval (https://stg-cd.sanoficonecta.com.br/__cypress/tests?p=cypress/integration/artigo.spec.js:185:22)",
                    "diff": null
                  },
                  "uuid": "fc58ae0f-44cd-46bf-bc34-4e645f363807",
                  "parentUUID": "31668b1b-df73-4f43-8a05-08dbef14f84e",
                  "isHook": false,
                  "skipped": false
                }
              ],
              "suites": [],
              "passes": [
                "fb8021dd-271d-4b01-91d4-042998530e37"
              ],
              "failures": [
                "7e9d6788-040e-4a8c-a0d1-fe2aa1cb1010",
                "e52c2dcb-b7f4-4646-92c1-06c2d13f08ae",
                "fc58ae0f-44cd-46bf-bc34-4e645f363807"
              ],
              "pending": [
                "32eb0ccc-ce57-479c-8dd4-db800d6fde27"
              ],
              "skipped": [],
              "duration": 48635,
              "root": false,
              "rootEmpty": false,
              "_timeout": 2000
            }
          ],
          "passes": [],
          "failures": [],
          "pending": [],
          "skipped": [],
          "duration": 0,
          "root": false,
          "rootEmpty": false,
          "_timeout": 2000
        }
      ],
      "passes": [],
      "failures": [],
      "pending": [],
      "skipped": [],
      "duration": 0,
      "root": true,
      "rootEmpty": true,
      "_timeout": 2000
    }
  ],
  "meta": {
    "mocha": {
      "version": "7.0.1"
    },
    "mochawesome": {
      "options": {
        "quiet": true,
        "reportFilename": "mochawesome",
        "saveHtml": false,
        "saveJson": true,
        "consoleReporter": "spec",
        "useInlineDiffs": false,
        "code": true
      },
      "version": "6.3.1"
    },
    "marge": {
      "options": {
        "id": "default",
        "reportDir": "mochawesome-report",
        "quiet": true,
        "overwrite": false,
        "html": false,
        "json": true
      },
      "version": "5.2.0"
    }
  }
}