{
  "stats": {
    "suites": 1,
    "tests": 4,
    "passes": 2,
    "pending": 0,
    "failures": 2,
    "start": "2021-12-06T11:53:20.484Z",
    "end": "2021-12-06T11:54:28.675Z",
    "duration": 68191,
    "testsRegistered": 10,
    "passPercent": 20,
    "pendingPercent": 0,
    "other": 0,
    "hasOther": false,
    "skipped": 6,
    "hasSkipped": true
  },
  "results": [
    {
      "uuid": "6a455c2b-e0f0-4c7f-93e0-91a099d4747b",
      "title": "",
      "fullFile": "cypress/integration/meu-perfil.spec.js",
      "file": "cypress/integration/meu-perfil.spec.js",
      "beforeHooks": [],
      "afterHooks": [],
      "tests": [],
      "suites": [
        {
          "uuid": "ca6a4ed5-4703-490b-abd7-1c18672247d5",
          "title": "Meu Perfil",
          "fullFile": "",
          "file": "",
          "beforeHooks": [],
          "afterHooks": [],
          "tests": [
            {
              "title": "Alterar numero do celular",
              "fullTitle": "Meu Perfil Alterar numero do celular",
              "timedOut": null,
              "duration": 28062,
              "state": "passed",
              "speed": "slow",
              "pass": true,
              "fail": false,
              "pending": false,
              "context": null,
              "code": "_login.default.loginMedico();\n_meuPerfil.default.AcessarMinhaConta();\ncy.get(':nth-child(3) > .form-element > :nth-child(1) > .input-wrapper > .input-wrapper__text-input').clear().type('51987165588{enter}');\ncy.get(':nth-child(2) > #profile').click(); // Falta validacão, pois não temos um feedback ao salvar a alteração.",
              "err": {},
              "uuid": "3dbb0169-9bbd-418b-a9ef-a584ba54372d",
              "parentUUID": "ca6a4ed5-4703-490b-abd7-1c18672247d5",
              "isHook": false,
              "skipped": false
            },
            {
              "title": "Alterar numero do celular utilizando um numero inválido",
              "fullTitle": "Meu Perfil Alterar numero do celular utilizando um numero inválido",
              "timedOut": null,
              "duration": 15646,
              "state": "passed",
              "speed": "slow",
              "pass": true,
              "fail": false,
              "pending": false,
              "context": null,
              "code": "_login.default.loginMedico();\n_meuPerfil.default.AcessarMinhaConta();\ncy.get(':nth-child(3) > .form-element > :nth-child(1) > .input-wrapper > .input-wrapper__text-input').clear().type('00111111111{enter}');\ncy.get(':nth-child(3) > .form-element > .form-element__error-message').should('have.text', 'Celular inválido');",
              "err": {},
              "uuid": "0428cf5a-3460-40eb-bb95-f895975533e0",
              "parentUUID": "ca6a4ed5-4703-490b-abd7-1c18672247d5",
              "isHook": false,
              "skipped": false
            },
            {
              "title": "Alterar email",
              "fullTitle": "Meu Perfil Alterar email",
              "timedOut": null,
              "duration": 18160,
              "state": "failed",
              "speed": null,
              "pass": false,
              "fail": true,
              "pending": false,
              "context": null,
              "code": "_login.default.loginMedico();\n_meuPerfil.default.AcessarMinhaConta();\ncy.get(':nth-child(4) > .form-element > :nth-child(1) > .input-wrapper > .input-wrapper__text-input').clear().type('medico04@teste.com.br{enter}');",
              "err": {
                "message": "AssertionError: Timed out retrying after 4000ms: Expected to find element: `:nth-child(2) > #profile > .grid-md-10 > .c-accordion-item__title-text > .c-my-profile__section-error`, but never found it.",
                "estack": "AssertionError: Timed out retrying after 4000ms: Expected to find element: `:nth-child(2) > #profile > .grid-md-10 > .c-accordion-item__title-text > .c-my-profile__section-error`, but never found it.\n    at MeuPerfil.AcessarMinhaConta (https://stg-cd.sanoficonecta.com.br/__cypress/tests?p=cypress/integration/meu-perfil.spec.js:661:8)\n    at Context.eval (https://stg-cd.sanoficonecta.com.br/__cypress/tests?p=cypress/integration/meu-perfil.spec.js:149:24)",
                "diff": null
              },
              "uuid": "ea4925ee-8abc-4b1a-af77-d86a436725fa",
              "parentUUID": "ca6a4ed5-4703-490b-abd7-1c18672247d5",
              "isHook": false,
              "skipped": false
            },
            {
              "title": "Alterar email utilizando email inválido",
              "fullTitle": "Meu Perfil Alterar email utilizando email inválido",
              "timedOut": null,
              "duration": 6104,
              "state": "failed",
              "speed": null,
              "pass": false,
              "fail": true,
              "pending": false,
              "context": null,
              "code": "_login.default.loginMedico();\n_meuPerfil.default.AcessarMinhaConta();\ncy.get(':nth-child(4) > .form-element > :nth-child(1) > .input-wrapper > .input-wrapper__text-input').clear().type('testemedico{enter}');\ncy.get(':nth-child(2) > #profile').click();\ncy.get(':nth-child(4) > .form-element > .form-element__error-message').should('have.text', 'E-mail inválido');",
              "err": {
                "message": "AssertionError: Timed out retrying after 4000ms: Expected to find element: `:nth-child(1) > .form-element > :nth-child(1) > .input-wrapper > .input-wrapper__text-input`, but never found it.\n\nBecause this error occurred during a `before each` hook we are skipping all of the remaining tests.",
                "estack": "AssertionError: Timed out retrying after 4000ms: Expected to find element: `:nth-child(1) > .form-element > :nth-child(1) > .input-wrapper > .input-wrapper__text-input`, but never found it.\n\nBecause this error occurred during a `before each` hook we are skipping all of the remaining tests.\n    at LoginSistema.acessarSistema (https://stg-cd.sanoficonecta.com.br/__cypress/tests?p=cypress/integration/meu-perfil.spec.js:293:8)\n    at Context.eval (https://stg-cd.sanoficonecta.com.br/__cypress/tests?p=cypress/integration/meu-perfil.spec.js:127:25)",
                "diff": null
              },
              "uuid": "8178a546-f23e-4568-9d1a-64d37305412a",
              "parentUUID": "ca6a4ed5-4703-490b-abd7-1c18672247d5",
              "isHook": false,
              "skipped": false
            },
            {
              "title": "Tentar alterar email ja existente",
              "fullTitle": "Meu Perfil Tentar alterar email ja existente",
              "timedOut": null,
              "duration": 0,
              "state": "skipped",
              "speed": null,
              "pass": false,
              "fail": false,
              "pending": false,
              "context": null,
              "code": "_login.default.loginMedico();\n_meuPerfil.default.AcessarMinhaConta();\ncy.get(':nth-child(4) > .form-element > :nth-child(1) > .input-wrapper > .input-wrapper__text-input').clear().type('testemedico@grr.la{enter}');\ncy.wait(2000);\ncy.get('.c-my-profile__save-container--btn').click(); // Falta validacão, pois não temos um feedback ao salvar a alteração.",
              "err": {},
              "uuid": "28b9ecac-eed1-4c74-b406-bd3df1d9a866",
              "parentUUID": "ca6a4ed5-4703-490b-abd7-1c18672247d5",
              "isHook": false,
              "skipped": true
            },
            {
              "title": "Alterar senha",
              "fullTitle": "Meu Perfil Alterar senha",
              "timedOut": null,
              "duration": 0,
              "state": "skipped",
              "speed": null,
              "pass": false,
              "fail": false,
              "pending": false,
              "context": null,
              "code": "_login.default.loginMedico();\ncy.get('.menu-profile__indicator').click();\ncy.get('.menu-profile > #menu-profile-panel > .menu-profile__panel-content > .menu-profile__panel-row > [href=\"/perfil\"]').click();\ncy.get(':nth-child(2) > #profile > .grid-md-10 > .c-accordion-item__title-text > .c-my-profile__section-error').click();\ncy.get('.c-my-profile__section-form-buttons > .c-my-profile__button').click();\ncy.get('.modal-change-password__form > :nth-child(1) > .form-element > :nth-child(1) > .input-wrapper > .input-wrapper__text-input').type('123456');\ncy.get('.modal-change-password__form > :nth-child(2) > .form-element > :nth-child(1) > .input-wrapper > .input-wrapper__text-input').type('123456');\ncy.get('.modal-change-password__form-buttons > button').click({\n  force: true\n});\ncy.get('.grid-lg-11 > .c-text').should('have.text', 'Dados alterados com sucesso');",
              "err": {},
              "uuid": "ac31d7ec-cc40-42dc-bd99-eb385878aa72",
              "parentUUID": "ca6a4ed5-4703-490b-abd7-1c18672247d5",
              "isHook": false,
              "skipped": true
            },
            {
              "title": "Tentar alterar senha, utilizando uma senha com menos de seis caracteres",
              "fullTitle": "Meu Perfil Tentar alterar senha, utilizando uma senha com menos de seis caracteres",
              "timedOut": null,
              "duration": 0,
              "state": "skipped",
              "speed": null,
              "pass": false,
              "fail": false,
              "pending": false,
              "context": null,
              "code": "_login.default.loginMedico();\ncy.get('.menu-profile__indicator').click();\ncy.get('.menu-profile > #menu-profile-panel > .menu-profile__panel-content > .menu-profile__panel-row > [href=\"/perfil\"]').click();\ncy.get(':nth-child(2) > #profile > .grid-md-10 > .c-accordion-item__title-text > .c-my-profile__section-error').click();\ncy.get('.c-my-profile__section-form-buttons > .c-my-profile__button').click();\ncy.get('.modal-change-password__form > :nth-child(1) > .form-element > :nth-child(1) > .input-wrapper > .input-wrapper__text-input').type('123');\ncy.contains('Senha inválida').should('have.text', 'Senha inválida');",
              "err": {},
              "uuid": "215dd70b-6ea6-4c3a-96a7-146daafa404d",
              "parentUUID": "ca6a4ed5-4703-490b-abd7-1c18672247d5",
              "isHook": false,
              "skipped": true
            },
            {
              "title": "Tentar alterar senha, utilizando a senha de confirmação diferente",
              "fullTitle": "Meu Perfil Tentar alterar senha, utilizando a senha de confirmação diferente",
              "timedOut": null,
              "duration": 0,
              "state": "skipped",
              "speed": null,
              "pass": false,
              "fail": false,
              "pending": false,
              "context": null,
              "code": "_login.default.loginMedico();\ncy.get('.menu-profile__indicator').click();\ncy.get('.menu-profile > #menu-profile-panel > .menu-profile__panel-content > .menu-profile__panel-row > [href=\"/perfil\"]').click();\ncy.get(':nth-child(2) > #profile > .grid-md-10 > .c-accordion-item__title-text > .c-my-profile__section-error').click();\ncy.get('.c-my-profile__section-form-buttons > .c-my-profile__button').click();\ncy.get('.modal-change-password__form > :nth-child(1) > .form-element > :nth-child(1) > .input-wrapper > .input-wrapper__text-input').type('Teste@123');\ncy.get('.modal-change-password__form > :nth-child(2) > .form-element > :nth-child(1) > .input-wrapper > .input-wrapper__text-input').type('Teste@999');\ncy.get('.modal-change-password__form-buttons > button').click({\n  force: true\n});\ncy.contains('Os Passwords digitados estão diferentes.').should('have.text', 'Os Passwords digitados estão diferentes.');",
              "err": {},
              "uuid": "f336cfa5-cfa7-46cc-8ab9-2d27f3b4762b",
              "parentUUID": "ca6a4ed5-4703-490b-abd7-1c18672247d5",
              "isHook": false,
              "skipped": true
            },
            {
              "title": "Alterar especialidades para usuário perfil de médico",
              "fullTitle": "Meu Perfil Alterar especialidades para usuário perfil de médico",
              "timedOut": null,
              "duration": 0,
              "state": "skipped",
              "speed": null,
              "pass": false,
              "fail": false,
              "pending": false,
              "context": null,
              "code": "_login.default.loginMedico();\ncy.get('.menu-profile__indicator').click();\ncy.get('.menu-profile > #menu-profile-panel > .menu-profile__panel-content > .menu-profile__panel-row > [href=\"/perfil\"]').click();\ncy.get(':nth-child(2) > #profile > .grid-md-10 > .c-accordion-item__title-text > .c-my-profile__section-error').click();\ncy.wait(2000);\ncy.get(':nth-child(3) > #profile > .grid-md-10 > .c-accordion-item__title-text > .c-my-profile__section-error').click();\ncy.get('#expertiseprimary').select('Angiologia');\ncy.get('#expertisesecondary').select('Cirurgia geral');\ncy.get('.c-my-profile__save-container--btn').click();\ncy.get('.grid-lg-11 > .c-text').should('have.text', 'Dados alterados com sucesso');\ncy.get('#expertiseprimary').select('Cardiologia');\ncy.get('#expertisesecondary').select('Neurologia');\ncy.get('.c-my-profile__save-container--btn').click();\ncy.get('.grid-lg-11 > .c-text').should('have.text', 'Dados alterados com sucesso');",
              "err": {},
              "uuid": "8506d90f-855d-4d08-afe4-15a7f87d5374",
              "parentUUID": "ca6a4ed5-4703-490b-abd7-1c18672247d5",
              "isHook": false,
              "skipped": true
            },
            {
              "title": "Adicionar Interesse e Especialidade para usuário perfil de médico",
              "fullTitle": "Meu Perfil Adicionar Interesse e Especialidade para usuário perfil de médico",
              "timedOut": null,
              "duration": 0,
              "state": "skipped",
              "speed": null,
              "pass": false,
              "fail": false,
              "pending": false,
              "context": null,
              "code": "_login.default.loginMedico();\ncy.get('.menu-profile__indicator').click();\ncy.get('.menu-profile > #menu-profile-panel > .menu-profile__panel-content > .menu-profile__panel-row > [href=\"/perfil\"]').click();\ncy.get(':nth-child(2) > #profile > .grid-md-10 > .c-accordion-item__title-text > .c-my-profile__section-error').click();\ncy.wait(2000);\ncy.get(':nth-child(3) > #profile > .grid-md-10 > .c-accordion-item__title-text > .c-my-profile__section-error').click();\ncy.get('#expertiseprimary').select('Endoscopia');\ncy.get('#expertisesecondary').select('Geriatria');\ncy.get(':nth-child(9) > .c-select-list__option').click();\ncy.get('.c-my-profile__save-container--btn').click();\ncy.get('.grid-lg-11 > .c-text').should('have.text', 'Dados alterados com sucesso');\ncy.wait(2000);\ncy.get(':nth-child(9) > .c-select-list__option').click();\ncy.get('.grid-lg-11 > .c-text').should('have.text', 'Dados alterados com sucesso');",
              "err": {},
              "uuid": "07d19184-c4f3-43dd-82c1-7cb34c0e235d",
              "parentUUID": "ca6a4ed5-4703-490b-abd7-1c18672247d5",
              "isHook": false,
              "skipped": true
            }
          ],
          "suites": [],
          "passes": [
            "3dbb0169-9bbd-418b-a9ef-a584ba54372d",
            "0428cf5a-3460-40eb-bb95-f895975533e0"
          ],
          "failures": [
            "ea4925ee-8abc-4b1a-af77-d86a436725fa",
            "8178a546-f23e-4568-9d1a-64d37305412a"
          ],
          "pending": [],
          "skipped": [
            "28b9ecac-eed1-4c74-b406-bd3df1d9a866",
            "ac31d7ec-cc40-42dc-bd99-eb385878aa72",
            "215dd70b-6ea6-4c3a-96a7-146daafa404d",
            "f336cfa5-cfa7-46cc-8ab9-2d27f3b4762b",
            "8506d90f-855d-4d08-afe4-15a7f87d5374",
            "07d19184-c4f3-43dd-82c1-7cb34c0e235d"
          ],
          "duration": 67972,
          "root": false,
          "rootEmpty": false,
          "_timeout": 2000
        }
      ],
      "passes": [],
      "failures": [],
      "pending": [],
      "skipped": [],
      "duration": 0,
      "root": true,
      "rootEmpty": true,
      "_timeout": 2000
    }
  ],
  "meta": {
    "mocha": {
      "version": "7.0.1"
    },
    "mochawesome": {
      "options": {
        "quiet": true,
        "reportFilename": "mochawesome",
        "saveHtml": false,
        "saveJson": true,
        "consoleReporter": "spec",
        "useInlineDiffs": false,
        "code": true
      },
      "version": "6.3.1"
    },
    "marge": {
      "options": {
        "id": "default",
        "reportDir": "mochawesome-report",
        "quiet": true,
        "overwrite": false,
        "html": false,
        "json": true
      },
      "version": "5.2.0"
    }
  }
}