{
  "stats": {
    "suites": 1,
    "tests": 10,
    "passes": 0,
    "pending": 0,
    "failures": 10,
    "start": "2021-12-07T08:21:10.751Z",
    "end": "2021-12-07T08:23:05.526Z",
    "duration": 114775,
    "testsRegistered": 10,
    "passPercent": 0,
    "pendingPercent": 0,
    "other": 0,
    "hasOther": false,
    "skipped": 0,
    "hasSkipped": false
  },
  "results": [
    {
      "uuid": "99c0a337-628c-4b3c-b897-234c1c444ce1",
      "title": "",
      "fullFile": "cypress/integration/meu-perfil.spec.js",
      "file": "cypress/integration/meu-perfil.spec.js",
      "beforeHooks": [],
      "afterHooks": [],
      "tests": [],
      "suites": [
        {
          "uuid": "6a953c9e-b64d-4f23-8266-9fbe45ec7d86",
          "title": "Meu Perfil",
          "fullFile": "",
          "file": "",
          "beforeHooks": [],
          "afterHooks": [],
          "tests": [
            {
              "title": "Alterar numero do celular",
              "fullTitle": "Meu Perfil Alterar numero do celular",
              "timedOut": null,
              "duration": 23410,
              "state": "failed",
              "speed": null,
              "pass": false,
              "fail": true,
              "pending": false,
              "context": null,
              "code": "_login.default.loginMedico();\n_meuPerfil.default.AcessarMinhaConta();\ncy.get(':nth-child(3) > .form-element > :nth-child(1) > .input-wrapper > .input-wrapper__text-input').clear().type('51987165588{enter}');\ncy.get(':nth-child(2) > #profile').click(); // Falta validacão, pois não temos um feedback ao salvar a alteração.",
              "err": {
                "message": "AssertionError: Timed out retrying after 4000ms: Expected to find element: `.menu-profile__status`, but never found it.",
                "estack": "AssertionError: Timed out retrying after 4000ms: Expected to find element: `.menu-profile__status`, but never found it.\n    at Login.loginMedico (https://stg-cd.sanoficonecta.com.br/__cypress/tests?p=cypress/integration/meu-perfil.spec.js:372:8)\n    at Context.eval (https://stg-cd.sanoficonecta.com.br/__cypress/tests?p=cypress/integration/meu-perfil.spec.js:131:20)",
                "diff": null
              },
              "uuid": "b944804f-d057-4a86-bb56-f78b3297626f",
              "parentUUID": "6a953c9e-b64d-4f23-8266-9fbe45ec7d86",
              "isHook": false,
              "skipped": false
            },
            {
              "title": "Alterar numero do celular utilizando um numero inválido",
              "fullTitle": "Meu Perfil Alterar numero do celular utilizando um numero inválido",
              "timedOut": null,
              "duration": 9900,
              "state": "failed",
              "speed": null,
              "pass": false,
              "fail": true,
              "pending": false,
              "context": null,
              "code": "_login.default.loginMedico();\n_meuPerfil.default.AcessarMinhaConta();\ncy.get(':nth-child(3) > .form-element > :nth-child(1) > .input-wrapper > .input-wrapper__text-input').clear().type('00111111111{enter}');\ncy.get(':nth-child(3) > .form-element > .form-element__error-message').should('have.text', 'Celular inválido');",
              "err": {
                "message": "AssertionError: Timed out retrying after 4000ms: Expected to find element: `.menu-profile__status`, but never found it.",
                "estack": "AssertionError: Timed out retrying after 4000ms: Expected to find element: `.menu-profile__status`, but never found it.\n    at Login.loginMedico (https://stg-cd.sanoficonecta.com.br/__cypress/tests?p=cypress/integration/meu-perfil.spec.js:372:8)\n    at Context.eval (https://stg-cd.sanoficonecta.com.br/__cypress/tests?p=cypress/integration/meu-perfil.spec.js:139:20)",
                "diff": null
              },
              "uuid": "4e94d6ce-31ff-46b9-9f02-931806356b63",
              "parentUUID": "6a953c9e-b64d-4f23-8266-9fbe45ec7d86",
              "isHook": false,
              "skipped": false
            },
            {
              "title": "Alterar email",
              "fullTitle": "Meu Perfil Alterar email",
              "timedOut": null,
              "duration": 10323,
              "state": "failed",
              "speed": null,
              "pass": false,
              "fail": true,
              "pending": false,
              "context": null,
              "code": "_login.default.loginMedico();\n_meuPerfil.default.AcessarMinhaConta();\ncy.get(':nth-child(4) > .form-element > :nth-child(1) > .input-wrapper > .input-wrapper__text-input').clear().type('medico04@teste.com.br{enter}');",
              "err": {
                "message": "AssertionError: Timed out retrying after 4000ms: Expected to find element: `.menu-profile__status`, but never found it.",
                "estack": "AssertionError: Timed out retrying after 4000ms: Expected to find element: `.menu-profile__status`, but never found it.\n    at Login.loginMedico (https://stg-cd.sanoficonecta.com.br/__cypress/tests?p=cypress/integration/meu-perfil.spec.js:372:8)\n    at Context.eval (https://stg-cd.sanoficonecta.com.br/__cypress/tests?p=cypress/integration/meu-perfil.spec.js:147:20)",
                "diff": null
              },
              "uuid": "9b39f258-9f28-4a3f-9cda-fdf0a2d82c1b",
              "parentUUID": "6a953c9e-b64d-4f23-8266-9fbe45ec7d86",
              "isHook": false,
              "skipped": false
            },
            {
              "title": "Alterar email utilizando email inválido",
              "fullTitle": "Meu Perfil Alterar email utilizando email inválido",
              "timedOut": null,
              "duration": 9949,
              "state": "failed",
              "speed": null,
              "pass": false,
              "fail": true,
              "pending": false,
              "context": null,
              "code": "_login.default.loginMedico();\n_meuPerfil.default.AcessarMinhaConta();\ncy.get(':nth-child(4) > .form-element > :nth-child(1) > .input-wrapper > .input-wrapper__text-input').clear().type('testemedico{enter}');\ncy.get(':nth-child(2) > #profile').click();\ncy.get(':nth-child(4) > .form-element > .form-element__error-message').should('have.text', 'E-mail inválido');",
              "err": {
                "message": "AssertionError: Timed out retrying after 4000ms: Expected to find element: `.menu-profile__status`, but never found it.",
                "estack": "AssertionError: Timed out retrying after 4000ms: Expected to find element: `.menu-profile__status`, but never found it.\n    at Login.loginMedico (https://stg-cd.sanoficonecta.com.br/__cypress/tests?p=cypress/integration/meu-perfil.spec.js:372:8)\n    at Context.eval (https://stg-cd.sanoficonecta.com.br/__cypress/tests?p=cypress/integration/meu-perfil.spec.js:154:20)",
                "diff": null
              },
              "uuid": "65598246-5035-416c-a77a-beebf214e7c3",
              "parentUUID": "6a953c9e-b64d-4f23-8266-9fbe45ec7d86",
              "isHook": false,
              "skipped": false
            },
            {
              "title": "Tentar alterar email ja existente",
              "fullTitle": "Meu Perfil Tentar alterar email ja existente",
              "timedOut": null,
              "duration": 9765,
              "state": "failed",
              "speed": null,
              "pass": false,
              "fail": true,
              "pending": false,
              "context": null,
              "code": "_login.default.loginMedico();\n_meuPerfil.default.AcessarMinhaConta();\ncy.get(':nth-child(4) > .form-element > :nth-child(1) > .input-wrapper > .input-wrapper__text-input').clear().type('testemedico@grr.la{enter}');\ncy.wait(2000);\ncy.get('.c-my-profile__save-container--btn').click(); // Falta validacão, pois não temos um feedback ao salvar a alteração.",
              "err": {
                "message": "AssertionError: Timed out retrying after 4000ms: Expected to find element: `.menu-profile__status`, but never found it.",
                "estack": "AssertionError: Timed out retrying after 4000ms: Expected to find element: `.menu-profile__status`, but never found it.\n    at Login.loginMedico (https://stg-cd.sanoficonecta.com.br/__cypress/tests?p=cypress/integration/meu-perfil.spec.js:372:8)\n    at Context.eval (https://stg-cd.sanoficonecta.com.br/__cypress/tests?p=cypress/integration/meu-perfil.spec.js:163:20)",
                "diff": null
              },
              "uuid": "b00254b1-24de-42f8-8aaa-9dfecd0e789a",
              "parentUUID": "6a953c9e-b64d-4f23-8266-9fbe45ec7d86",
              "isHook": false,
              "skipped": false
            },
            {
              "title": "Alterar senha",
              "fullTitle": "Meu Perfil Alterar senha",
              "timedOut": null,
              "duration": 9839,
              "state": "failed",
              "speed": null,
              "pass": false,
              "fail": true,
              "pending": false,
              "context": null,
              "code": "_login.default.loginMedico();\ncy.get('.menu-profile__indicator').click();\ncy.get('.menu-profile > #menu-profile-panel > .menu-profile__panel-content > .menu-profile__panel-row > [href=\"/perfil\"]').click();\ncy.get(':nth-child(2) > #profile > .grid-md-10 > .c-accordion-item__title-text > .c-my-profile__section-error').click();\ncy.get('.c-my-profile__section-form-buttons > .c-my-profile__button').click();\ncy.get('.modal-change-password__form > :nth-child(1) > .form-element > :nth-child(1) > .input-wrapper > .input-wrapper__text-input').type('123456');\ncy.get('.modal-change-password__form > :nth-child(2) > .form-element > :nth-child(1) > .input-wrapper > .input-wrapper__text-input').type('123456');\ncy.get('.modal-change-password__form-buttons > button').click({\n  force: true\n});\ncy.get('.grid-lg-11 > .c-text').should('have.text', 'Dados alterados com sucesso');",
              "err": {
                "message": "AssertionError: Timed out retrying after 4000ms: Expected to find element: `.menu-profile__status`, but never found it.",
                "estack": "AssertionError: Timed out retrying after 4000ms: Expected to find element: `.menu-profile__status`, but never found it.\n    at Login.loginMedico (https://stg-cd.sanoficonecta.com.br/__cypress/tests?p=cypress/integration/meu-perfil.spec.js:372:8)\n    at Context.eval (https://stg-cd.sanoficonecta.com.br/__cypress/tests?p=cypress/integration/meu-perfil.spec.js:172:20)",
                "diff": null
              },
              "uuid": "fcd08f92-dd4c-4ae0-bf2e-49a041742256",
              "parentUUID": "6a953c9e-b64d-4f23-8266-9fbe45ec7d86",
              "isHook": false,
              "skipped": false
            },
            {
              "title": "Tentar alterar senha, utilizando uma senha com menos de seis caracteres",
              "fullTitle": "Meu Perfil Tentar alterar senha, utilizando uma senha com menos de seis caracteres",
              "timedOut": null,
              "duration": 9865,
              "state": "failed",
              "speed": null,
              "pass": false,
              "fail": true,
              "pending": false,
              "context": null,
              "code": "_login.default.loginMedico();\ncy.get('.menu-profile__indicator').click();\ncy.get('.menu-profile > #menu-profile-panel > .menu-profile__panel-content > .menu-profile__panel-row > [href=\"/perfil\"]').click();\ncy.get(':nth-child(2) > #profile > .grid-md-10 > .c-accordion-item__title-text > .c-my-profile__section-error').click();\ncy.get('.c-my-profile__section-form-buttons > .c-my-profile__button').click();\ncy.get('.modal-change-password__form > :nth-child(1) > .form-element > :nth-child(1) > .input-wrapper > .input-wrapper__text-input').type('123');\ncy.contains('Senha inválida').should('have.text', 'Senha inválida');",
              "err": {
                "message": "AssertionError: Timed out retrying after 4000ms: Expected to find element: `.menu-profile__status`, but never found it.",
                "estack": "AssertionError: Timed out retrying after 4000ms: Expected to find element: `.menu-profile__status`, but never found it.\n    at Login.loginMedico (https://stg-cd.sanoficonecta.com.br/__cypress/tests?p=cypress/integration/meu-perfil.spec.js:372:8)\n    at Context.eval (https://stg-cd.sanoficonecta.com.br/__cypress/tests?p=cypress/integration/meu-perfil.spec.js:186:20)",
                "diff": null
              },
              "uuid": "7fa4d3dc-cb20-448e-8c25-7109229dca80",
              "parentUUID": "6a953c9e-b64d-4f23-8266-9fbe45ec7d86",
              "isHook": false,
              "skipped": false
            },
            {
              "title": "Tentar alterar senha, utilizando a senha de confirmação diferente",
              "fullTitle": "Meu Perfil Tentar alterar senha, utilizando a senha de confirmação diferente",
              "timedOut": null,
              "duration": 11637,
              "state": "failed",
              "speed": null,
              "pass": false,
              "fail": true,
              "pending": false,
              "context": null,
              "code": "_login.default.loginMedico();\ncy.get('.menu-profile__indicator').click();\ncy.get('.menu-profile > #menu-profile-panel > .menu-profile__panel-content > .menu-profile__panel-row > [href=\"/perfil\"]').click();\ncy.get(':nth-child(2) > #profile > .grid-md-10 > .c-accordion-item__title-text > .c-my-profile__section-error').click();\ncy.get('.c-my-profile__section-form-buttons > .c-my-profile__button').click();\ncy.get('.modal-change-password__form > :nth-child(1) > .form-element > :nth-child(1) > .input-wrapper > .input-wrapper__text-input').type('Teste@123');\ncy.get('.modal-change-password__form > :nth-child(2) > .form-element > :nth-child(1) > .input-wrapper > .input-wrapper__text-input').type('Teste@999');\ncy.get('.modal-change-password__form-buttons > button').click({\n  force: true\n});\ncy.contains('Os Passwords digitados estão diferentes.').should('have.text', 'Os Passwords digitados estão diferentes.');",
              "err": {
                "message": "AssertionError: Timed out retrying after 4000ms: Expected to find element: `.menu-profile__status`, but never found it.",
                "estack": "AssertionError: Timed out retrying after 4000ms: Expected to find element: `.menu-profile__status`, but never found it.\n    at Login.loginMedico (https://stg-cd.sanoficonecta.com.br/__cypress/tests?p=cypress/integration/meu-perfil.spec.js:372:8)\n    at Context.eval (https://stg-cd.sanoficonecta.com.br/__cypress/tests?p=cypress/integration/meu-perfil.spec.js:196:20)",
                "diff": null
              },
              "uuid": "b2ca23d8-661a-4ac2-ad1d-b68474bd643b",
              "parentUUID": "6a953c9e-b64d-4f23-8266-9fbe45ec7d86",
              "isHook": false,
              "skipped": false
            },
            {
              "title": "Alterar especialidades para usuário perfil de médico",
              "fullTitle": "Meu Perfil Alterar especialidades para usuário perfil de médico",
              "timedOut": null,
              "duration": 9508,
              "state": "failed",
              "speed": null,
              "pass": false,
              "fail": true,
              "pending": false,
              "context": null,
              "code": "_login.default.loginMedico();\ncy.get('.menu-profile__indicator').click();\ncy.get('.menu-profile > #menu-profile-panel > .menu-profile__panel-content > .menu-profile__panel-row > [href=\"/perfil\"]').click();\ncy.get(':nth-child(2) > #profile > .grid-md-10 > .c-accordion-item__title-text > .c-my-profile__section-error').click();\ncy.wait(2000);\ncy.get(':nth-child(3) > #profile > .grid-md-10 > .c-accordion-item__title-text > .c-my-profile__section-error').click();\ncy.get('#expertiseprimary').select('Angiologia');\ncy.get('#expertisesecondary').select('Cirurgia geral');\ncy.get('.c-my-profile__save-container--btn').click();\ncy.get('.grid-lg-11 > .c-text').should('have.text', 'Dados alterados com sucesso');\ncy.get('#expertiseprimary').select('Cardiologia');\ncy.get('#expertisesecondary').select('Neurologia');\ncy.get('.c-my-profile__save-container--btn').click();\ncy.get('.grid-lg-11 > .c-text').should('have.text', 'Dados alterados com sucesso');",
              "err": {
                "message": "AssertionError: Timed out retrying after 4000ms: Expected to find element: `.menu-profile__status`, but never found it.",
                "estack": "AssertionError: Timed out retrying after 4000ms: Expected to find element: `.menu-profile__status`, but never found it.\n    at Login.loginMedico (https://stg-cd.sanoficonecta.com.br/__cypress/tests?p=cypress/integration/meu-perfil.spec.js:372:8)\n    at Context.eval (https://stg-cd.sanoficonecta.com.br/__cypress/tests?p=cypress/integration/meu-perfil.spec.js:210:20)",
                "diff": null
              },
              "uuid": "b74e5025-15de-447a-b8b5-ad488e694a22",
              "parentUUID": "6a953c9e-b64d-4f23-8266-9fbe45ec7d86",
              "isHook": false,
              "skipped": false
            },
            {
              "title": "Adicionar Interesse e Especialidade para usuário perfil de médico",
              "fullTitle": "Meu Perfil Adicionar Interesse e Especialidade para usuário perfil de médico",
              "timedOut": null,
              "duration": 10171,
              "state": "failed",
              "speed": null,
              "pass": false,
              "fail": true,
              "pending": false,
              "context": null,
              "code": "_login.default.loginMedico();\ncy.get('.menu-profile__indicator').click();\ncy.get('.menu-profile > #menu-profile-panel > .menu-profile__panel-content > .menu-profile__panel-row > [href=\"/perfil\"]').click();\ncy.get(':nth-child(2) > #profile > .grid-md-10 > .c-accordion-item__title-text > .c-my-profile__section-error').click();\ncy.wait(2000);\ncy.get(':nth-child(3) > #profile > .grid-md-10 > .c-accordion-item__title-text > .c-my-profile__section-error').click();\ncy.get('#expertiseprimary').select('Endoscopia');\ncy.get('#expertisesecondary').select('Geriatria');\ncy.get(':nth-child(9) > .c-select-list__option').click();\ncy.get('.c-my-profile__save-container--btn').click();\ncy.get('.grid-lg-11 > .c-text').should('have.text', 'Dados alterados com sucesso');\ncy.wait(2000);\ncy.get(':nth-child(9) > .c-select-list__option').click();\ncy.get('.grid-lg-11 > .c-text').should('have.text', 'Dados alterados com sucesso');",
              "err": {
                "message": "AssertionError: Timed out retrying after 4000ms: Expected to find element: `.menu-profile__status`, but never found it.",
                "estack": "AssertionError: Timed out retrying after 4000ms: Expected to find element: `.menu-profile__status`, but never found it.\n    at Login.loginMedico (https://stg-cd.sanoficonecta.com.br/__cypress/tests?p=cypress/integration/meu-perfil.spec.js:372:8)\n    at Context.eval (https://stg-cd.sanoficonecta.com.br/__cypress/tests?p=cypress/integration/meu-perfil.spec.js:227:20)",
                "diff": null
              },
              "uuid": "b226ee12-8a3c-44d2-8936-44e211a6e4c8",
              "parentUUID": "6a953c9e-b64d-4f23-8266-9fbe45ec7d86",
              "isHook": false,
              "skipped": false
            }
          ],
          "suites": [],
          "passes": [],
          "failures": [
            "b944804f-d057-4a86-bb56-f78b3297626f",
            "4e94d6ce-31ff-46b9-9f02-931806356b63",
            "9b39f258-9f28-4a3f-9cda-fdf0a2d82c1b",
            "65598246-5035-416c-a77a-beebf214e7c3",
            "b00254b1-24de-42f8-8aaa-9dfecd0e789a",
            "fcd08f92-dd4c-4ae0-bf2e-49a041742256",
            "7fa4d3dc-cb20-448e-8c25-7109229dca80",
            "b2ca23d8-661a-4ac2-ad1d-b68474bd643b",
            "b74e5025-15de-447a-b8b5-ad488e694a22",
            "b226ee12-8a3c-44d2-8936-44e211a6e4c8"
          ],
          "pending": [],
          "skipped": [],
          "duration": 114367,
          "root": false,
          "rootEmpty": false,
          "_timeout": 2000
        }
      ],
      "passes": [],
      "failures": [],
      "pending": [],
      "skipped": [],
      "duration": 0,
      "root": true,
      "rootEmpty": true,
      "_timeout": 2000
    }
  ],
  "meta": {
    "mocha": {
      "version": "7.0.1"
    },
    "mochawesome": {
      "options": {
        "quiet": true,
        "reportFilename": "mochawesome",
        "saveHtml": false,
        "saveJson": true,
        "consoleReporter": "spec",
        "useInlineDiffs": false,
        "code": true
      },
      "version": "6.3.1"
    },
    "marge": {
      "options": {
        "id": "default",
        "reportDir": "mochawesome-report",
        "quiet": true,
        "overwrite": false,
        "html": false,
        "json": true
      },
      "version": "5.2.0"
    }
  }
}