{
  "stats": {
    "suites": 4,
    "tests": 3,
    "passes": 2,
    "pending": 1,
    "failures": 0,
    "start": "2021-11-26T08:13:53.710Z",
    "end": "2021-11-26T08:15:00.061Z",
    "duration": 66351,
    "testsRegistered": 3,
    "passPercent": 100,
    "pendingPercent": 33.33333333333333,
    "other": 0,
    "hasOther": false,
    "skipped": 0,
    "hasSkipped": false
  },
  "results": [
    {
      "uuid": "75e996a8-6202-46b5-93cc-226f298a2d6b",
      "title": "",
      "fullFile": "cypress/integration/artigo.spec.js",
      "file": "cypress/integration/artigo.spec.js",
      "beforeHooks": [],
      "afterHooks": [],
      "tests": [],
      "suites": [
        {
          "uuid": "22e551da-331d-4591-940a-062aff1a1e39",
          "title": "Acessar Artigo com usuário deslogado",
          "fullFile": "",
          "file": "",
          "beforeHooks": [],
          "afterHooks": [],
          "tests": [],
          "suites": [
            {
              "uuid": "5b438518-50f3-4e7e-85e4-0c9ed402eb4d",
              "title": "Acessar artigo com sucesso",
              "fullFile": "",
              "file": "",
              "beforeHooks": [],
              "afterHooks": [],
              "tests": [
                {
                  "title": "Acessar artigo",
                  "fullTitle": "Acessar Artigo com usuário deslogado Acessar artigo com sucesso Acessar artigo",
                  "timedOut": null,
                  "duration": 38463,
                  "state": "passed",
                  "speed": "slow",
                  "pass": true,
                  "fail": false,
                  "pending": false,
                  "context": null,
                  "code": "cy.get('.c-navbar__area-logged > .c-navbar__item').click();\ncy.get('#modal-search-box').should('be.visible').type('Artigo Modular Teste home automatizada');\ncy.get('.grid-lg-10 > .modal-search__icon').click();\ncy.wait(2000);\ncy.contains('Artigo Modular Teste home automatizada').click();\ncy.get('.c-hero-article__title').should('contain', 'Artigo Modular Teste');",
                  "err": {},
                  "uuid": "cde8d437-f4a9-458f-a3b0-41bd1f5eccce",
                  "parentUUID": "5b438518-50f3-4e7e-85e4-0c9ed402eb4d",
                  "isHook": false,
                  "skipped": false
                }
              ],
              "suites": [],
              "passes": [
                "cde8d437-f4a9-458f-a3b0-41bd1f5eccce"
              ],
              "failures": [],
              "pending": [],
              "skipped": [],
              "duration": 38463,
              "root": false,
              "rootEmpty": false,
              "_timeout": 2000
            }
          ],
          "passes": [],
          "failures": [],
          "pending": [],
          "skipped": [],
          "duration": 0,
          "root": false,
          "rootEmpty": false,
          "_timeout": 2000
        },
        {
          "uuid": "5c2c1d75-6313-43b4-b1a8-f936f22dd37f",
          "title": "Acessar Artigo com usuário logado",
          "fullFile": "",
          "file": "",
          "beforeHooks": [],
          "afterHooks": [],
          "tests": [],
          "suites": [
            {
              "uuid": "96b98f94-8dd9-4fd4-ab43-d33d7892ed71",
              "title": "Acessar artigo com sucesso",
              "fullFile": "",
              "file": "",
              "beforeHooks": [],
              "afterHooks": [],
              "tests": [
                {
                  "title": "Acessar artigo",
                  "fullTitle": "Acessar Artigo com usuário logado Acessar artigo com sucesso Acessar artigo",
                  "timedOut": null,
                  "duration": 27623,
                  "state": "passed",
                  "speed": "slow",
                  "pass": true,
                  "fail": false,
                  "pending": false,
                  "context": null,
                  "code": "cy.get('.c-navbar__area-logged > .c-navbar__item').click();\ncy.get('#modal-search-box').should('be.visible').type('Artigo Modular Teste home automatizada');\ncy.get('.grid-lg-10 > .modal-search__icon').click();\ncy.wait(2000);\ncy.contains('Artigo Modular Teste home automatizada').click();\ncy.get('.c-hero-article__title').should('contain', 'Artigo Modular Teste');",
                  "err": {},
                  "uuid": "33a3c354-a2a8-4314-8b12-8e7c4e5bdff8",
                  "parentUUID": "96b98f94-8dd9-4fd4-ab43-d33d7892ed71",
                  "isHook": false,
                  "skipped": false
                },
                {
                  "title": "Adicionar e Retirar Artigo dos favoritos",
                  "fullTitle": "Acessar Artigo com usuário logado Acessar artigo com sucesso Adicionar e Retirar Artigo dos favoritos",
                  "timedOut": null,
                  "duration": 0,
                  "state": "pending",
                  "speed": null,
                  "pass": false,
                  "fail": false,
                  "pending": true,
                  "context": null,
                  "code": "",
                  "err": {},
                  "uuid": "617a6cdf-fbf4-4379-8627-6843a7beb42b",
                  "parentUUID": "96b98f94-8dd9-4fd4-ab43-d33d7892ed71",
                  "isHook": false,
                  "skipped": false
                }
              ],
              "suites": [],
              "passes": [
                "33a3c354-a2a8-4314-8b12-8e7c4e5bdff8"
              ],
              "failures": [],
              "pending": [
                "617a6cdf-fbf4-4379-8627-6843a7beb42b"
              ],
              "skipped": [],
              "duration": 27623,
              "root": false,
              "rootEmpty": false,
              "_timeout": 2000
            }
          ],
          "passes": [],
          "failures": [],
          "pending": [],
          "skipped": [],
          "duration": 0,
          "root": false,
          "rootEmpty": false,
          "_timeout": 2000
        }
      ],
      "passes": [],
      "failures": [],
      "pending": [],
      "skipped": [],
      "duration": 0,
      "root": true,
      "rootEmpty": true,
      "_timeout": 2000
    }
  ],
  "meta": {
    "mocha": {
      "version": "7.0.1"
    },
    "mochawesome": {
      "options": {
        "quiet": true,
        "reportFilename": "mochawesome",
        "saveHtml": false,
        "saveJson": true,
        "consoleReporter": "spec",
        "useInlineDiffs": false,
        "code": true
      },
      "version": "6.3.1"
    },
    "marge": {
      "options": {
        "id": "default",
        "reportDir": "mochawesome-report",
        "quiet": true,
        "overwrite": false,
        "html": false,
        "json": true
      },
      "version": "5.2.0"
    }
  }
}