{
  "stats": {
    "suites": 1,
    "tests": 6,
    "passes": 6,
    "pending": 0,
    "failures": 0,
    "start": "2022-12-17T08:17:21.624Z",
    "end": "2022-12-17T08:18:32.839Z",
    "duration": 71215,
    "testsRegistered": 6,
    "passPercent": 100,
    "pendingPercent": 0,
    "other": 0,
    "hasOther": false,
    "skipped": 0,
    "hasSkipped": false
  },
  "results": [
    {
      "uuid": "a87433fb-1341-4554-aee6-0ebec3512292",
      "title": "",
      "fullFile": "cypress/integration/cadastro.spec.js",
      "file": "cypress/integration/cadastro.spec.js",
      "beforeHooks": [],
      "afterHooks": [],
      "tests": [],
      "suites": [
        {
          "uuid": "9bfb7751-a989-4171-886c-ac0ba0bdebd4",
          "title": "Cadastro",
          "fullFile": "",
          "file": "",
          "beforeHooks": [],
          "afterHooks": [],
          "tests": [
            {
              "title": "Tentar realizar cadastro de Médico com registro invalido",
              "fullTitle": "Cadastro Tentar realizar cadastro de Médico com registro invalido",
              "timedOut": null,
              "duration": 23665,
              "state": "passed",
              "speed": "slow",
              "pass": true,
              "fail": false,
              "pending": false,
              "context": null,
              "code": "_cadastro.default.cadastroMedicoComRegistroInvalido();",
              "err": {},
              "uuid": "5194c77c-15e9-448a-800b-3198cfa24915",
              "parentUUID": "9bfb7751-a989-4171-886c-ac0ba0bdebd4",
              "isHook": false,
              "skipped": false
            },
            {
              "title": "Tentar realizar cadastro de Médico sem aceitar os termos",
              "fullTitle": "Cadastro Tentar realizar cadastro de Médico sem aceitar os termos",
              "timedOut": null,
              "duration": 7866,
              "state": "passed",
              "speed": "slow",
              "pass": true,
              "fail": false,
              "pending": false,
              "context": null,
              "code": "_cadastro.default.cadastroMedicoSemAceitarTermos();",
              "err": {},
              "uuid": "ef5193cd-bbda-4fb7-a24b-6a94e015838d",
              "parentUUID": "9bfb7751-a989-4171-886c-ac0ba0bdebd4",
              "isHook": false,
              "skipped": false
            },
            {
              "title": "Tentar realizar cadastro de Médico com registro já cadastrado",
              "fullTitle": "Cadastro Tentar realizar cadastro de Médico com registro já cadastrado",
              "timedOut": null,
              "duration": 9145,
              "state": "passed",
              "speed": "slow",
              "pass": true,
              "fail": false,
              "pending": false,
              "context": null,
              "code": "_cadastro.default.cadastroMedicoComRegistroJaCadastrado();",
              "err": {},
              "uuid": "3e7603b8-340b-4a77-95bc-d54ce698c82a",
              "parentUUID": "9bfb7751-a989-4171-886c-ac0ba0bdebd4",
              "isHook": false,
              "skipped": false
            },
            {
              "title": "Tentar realizar cadastro de Médico com email já cadastrado",
              "fullTitle": "Cadastro Tentar realizar cadastro de Médico com email já cadastrado",
              "timedOut": null,
              "duration": 9265,
              "state": "passed",
              "speed": "slow",
              "pass": true,
              "fail": false,
              "pending": false,
              "context": null,
              "code": "_cadastro.default.cadastroMedicoComEmailJaCadastrado();",
              "err": {},
              "uuid": "b977d391-c8cd-4a04-8871-53fbf5d37c67",
              "parentUUID": "9bfb7751-a989-4171-886c-ac0ba0bdebd4",
              "isHook": false,
              "skipped": false
            },
            {
              "title": "Tentar realizar cadastro de Médico sem informar os dados obrigatórios",
              "fullTitle": "Cadastro Tentar realizar cadastro de Médico sem informar os dados obrigatórios",
              "timedOut": null,
              "duration": 7001,
              "state": "passed",
              "speed": "slow",
              "pass": true,
              "fail": false,
              "pending": false,
              "context": null,
              "code": "_cadastro.default.cadastroMedicoSemInformarDadosObrigatorios();",
              "err": {},
              "uuid": "b157b68b-eae6-4ad8-82d0-c6dea9e83213",
              "parentUUID": "9bfb7751-a989-4171-886c-ac0ba0bdebd4",
              "isHook": false,
              "skipped": false
            },
            {
              "title": "Realizar cadastro de Nutricionista com sucesso",
              "fullTitle": "Cadastro Realizar cadastro de Nutricionista com sucesso",
              "timedOut": null,
              "duration": 14168,
              "state": "passed",
              "speed": "slow",
              "pass": true,
              "fail": false,
              "pending": false,
              "context": null,
              "code": "_cadastro.default.cadastroNutricionista();",
              "err": {},
              "uuid": "989d0680-1ea9-432f-b48f-e06204391ecd",
              "parentUUID": "9bfb7751-a989-4171-886c-ac0ba0bdebd4",
              "isHook": false,
              "skipped": false
            }
          ],
          "suites": [],
          "passes": [
            "5194c77c-15e9-448a-800b-3198cfa24915",
            "ef5193cd-bbda-4fb7-a24b-6a94e015838d",
            "3e7603b8-340b-4a77-95bc-d54ce698c82a",
            "b977d391-c8cd-4a04-8871-53fbf5d37c67",
            "b157b68b-eae6-4ad8-82d0-c6dea9e83213",
            "989d0680-1ea9-432f-b48f-e06204391ecd"
          ],
          "failures": [],
          "pending": [],
          "skipped": [],
          "duration": 71110,
          "root": false,
          "rootEmpty": false,
          "_timeout": 2000
        }
      ],
      "passes": [],
      "failures": [],
      "pending": [],
      "skipped": [],
      "duration": 0,
      "root": true,
      "rootEmpty": true,
      "_timeout": 2000
    }
  ],
  "meta": {
    "mocha": {
      "version": "7.0.1"
    },
    "mochawesome": {
      "options": {
        "quiet": true,
        "reportFilename": "mochawesome",
        "saveHtml": false,
        "saveJson": true,
        "consoleReporter": "spec",
        "useInlineDiffs": false,
        "code": true
      },
      "version": "6.3.1"
    },
    "marge": {
      "options": {
        "id": "default",
        "reportDir": "mochawesome-report",
        "quiet": true,
        "overwrite": false,
        "html": false,
        "json": true
      },
      "version": "5.2.0"
    }
  }
}