{
  "stats": {
    "suites": 1,
    "tests": 7,
    "passes": 5,
    "pending": 0,
    "failures": 2,
    "start": "2021-11-30T08:19:53.035Z",
    "end": "2021-11-30T08:21:33.822Z",
    "duration": 100787,
    "testsRegistered": 7,
    "passPercent": 71.42857142857143,
    "pendingPercent": 0,
    "other": 0,
    "hasOther": false,
    "skipped": 0,
    "hasSkipped": false
  },
  "results": [
    {
      "uuid": "936863e3-2786-45ed-a863-0ce69ca908fb",
      "title": "",
      "fullFile": "cypress/integration/recuperar-senha.js",
      "file": "cypress/integration/recuperar-senha.js",
      "beforeHooks": [],
      "afterHooks": [],
      "tests": [],
      "suites": [
        {
          "uuid": "1275c65f-c03c-41ab-9f4d-37922b743092",
          "title": "Recuperar Senha",
          "fullFile": "",
          "file": "",
          "beforeHooks": [],
          "afterHooks": [],
          "tests": [
            {
              "title": "Esqueci minha senha",
              "fullTitle": "Recuperar Senha Esqueci minha senha",
              "timedOut": null,
              "duration": 23057,
              "state": "passed",
              "speed": "slow",
              "pass": true,
              "fail": false,
              "pending": false,
              "context": null,
              "code": "cy.get('.menu-profile__indicator').click();\ncy.get('.menu-profile > #menu-profile-panel > .menu-profile__panel-content > .menu-profile__panel-row > #btnLogin').click();\ncy.get('#forgot-pass').click();\ncy.get('#uf').select('SC');\ncy.get('#lf-registro').type('11655');\ncy.get('#sf-email-different').click({\n  force: true\n});\ncy.get('.c-base-modal-content__body > :nth-child(1) > .c-text--h2').should('have.text', 'Esqueci minha senha');",
              "err": {},
              "uuid": "ce8e864f-85a4-4911-bade-00428ab48113",
              "parentUUID": "1275c65f-c03c-41ab-9f4d-37922b743092",
              "isHook": false,
              "skipped": false
            },
            {
              "title": "Tentar recuperar senha utilizando Número do registro invalido",
              "fullTitle": "Recuperar Senha Tentar recuperar senha utilizando Número do registro invalido",
              "timedOut": null,
              "duration": 10729,
              "state": "passed",
              "speed": "slow",
              "pass": true,
              "fail": false,
              "pending": false,
              "context": null,
              "code": "cy.get('.menu-profile__indicator').click();\ncy.get('.menu-profile > #menu-profile-panel > .menu-profile__panel-content > .menu-profile__panel-row > #btnLogin').click();\ncy.get('#forgot-pass').click();\ncy.get('#uf').select('SC');\ncy.get('#lf-registro').type('7777');\ncy.get('#sf-email-different').click({\n  force: true\n});\ncy.get('#generic-error').should('have.text', 'Registro não localizado');",
              "err": {},
              "uuid": "285f00a5-7a41-4bd7-bbcd-ef4f67b32200",
              "parentUUID": "1275c65f-c03c-41ab-9f4d-37922b743092",
              "isHook": false,
              "skipped": false
            },
            {
              "title": "Reenviar email de recuperacao de senha",
              "fullTitle": "Recuperar Senha Reenviar email de recuperacao de senha",
              "timedOut": null,
              "duration": 11801,
              "state": "passed",
              "speed": "slow",
              "pass": true,
              "fail": false,
              "pending": false,
              "context": null,
              "code": "cy.get('.menu-profile__indicator').click();\ncy.get('.menu-profile > #menu-profile-panel > .menu-profile__panel-content > .menu-profile__panel-row > #btnLogin').click();\ncy.get('#forgot-pass').click();\ncy.get('#uf').select('SC');\ncy.get('#lf-registro').type('11655');\ncy.get('#sf-email-different').click({\n  force: true\n});\ncy.get('.c-base-modal-content__body > :nth-child(1) > .c-text--h2').should('have.text', 'Esqueci minha senha');\ncy.get('#lf-resend-mail').click();\ncy.get('#lf-resend-mail').should('have.text', 'E-mail enviado!');",
              "err": {},
              "uuid": "2f11daf4-c95b-4724-8223-297e3b23a07c",
              "parentUUID": "1275c65f-c03c-41ab-9f4d-37922b743092",
              "isHook": false,
              "skipped": false
            },
            {
              "title": "Alterar email de recuperacao de senha",
              "fullTitle": "Recuperar Senha Alterar email de recuperacao de senha",
              "timedOut": null,
              "duration": 15834,
              "state": "passed",
              "speed": "slow",
              "pass": true,
              "fail": false,
              "pending": false,
              "context": null,
              "code": "cy.get('.menu-profile__indicator').click();\ncy.get('.menu-profile > #menu-profile-panel > .menu-profile__panel-content > .menu-profile__panel-row > #btnLogin').click();\ncy.get('#forgot-pass').click();\ncy.get('#hcp-type').select('Farmacêutico (CRF)');\ncy.get('#uf').select('RS');\ncy.get('#lf-registro').type('1234');\ncy.get('#sf-email-different').click({\n  force: true\n});\ncy.get('.c-base-modal-content__body > :nth-child(1) > .c-text--h2').should('have.text', 'Esqueci minha senha');\ncy.get('.c-base-modal-content__body > :nth-child(8) > span').click({\n  force: true\n});\ncy.get('.c-text--h2 > strong').should('have.text', 'Habilitar novo Email');\ncy.get('#sf-phone').type('489977777777');\ncy.get('.c-base-modal-content__paper').click();\ncy.get('#lf-email').type('medicorenovaemail@servidor.com');\ncy.get('#sf-continue-validation').click();\ncy.get('.c-base-modal-content__body > :nth-child(1) > .c-text--h2').should('have.text', 'Esqueci minha senha');",
              "err": {},
              "uuid": "11b2537b-e971-4310-8991-d416ee527560",
              "parentUUID": "1275c65f-c03c-41ab-9f4d-37922b743092",
              "isHook": false,
              "skipped": false
            },
            {
              "title": "Tentar alterar email de recuperacao de senha utilizando Email invalido",
              "fullTitle": "Recuperar Senha Tentar alterar email de recuperacao de senha utilizando Email invalido",
              "timedOut": null,
              "duration": 16136,
              "state": "failed",
              "speed": null,
              "pass": false,
              "fail": true,
              "pending": false,
              "context": null,
              "code": "cy.get('.menu-profile__indicator').click();\ncy.get('.menu-profile > #menu-profile-panel > .menu-profile__panel-content > .menu-profile__panel-row > #btnLogin').click();\ncy.get('#forgot-pass').click();\ncy.get('#hcp-type').select('Farmacêutico (CRF)');\ncy.get('#uf').select('RS');\ncy.get('#lf-registro').type('1234');\ncy.get('#sf-email-different').click({\n  force: true\n});\ncy.get('.c-base-modal-content__body > :nth-child(1) > .c-text--h2').should('have.text', 'Esqueci minha senha');\ncy.get('.c-base-modal-content__body > :nth-child(8) > span').click({\n  force: true\n});\ncy.get('.c-text--h2 > strong').should('have.text', 'Habilitar novo Email');\ncy.get('#sf-phone').type('489977777777');\ncy.get('.c-base-modal-content__paper').click();\ncy.get('#lf-email').type('ABc123@teste');\ncy.get('#sf-continue-validation').click();\ncy.get('.c-base-modal__text-error').should('have.text', 'Email inválido');",
              "err": {
                "message": "AssertionError: Timed out retrying after 4000ms: Expected to find element: `#lf-email`, but never found it.",
                "estack": "AssertionError: Timed out retrying after 4000ms: Expected to find element: `#lf-email`, but never found it.\n    at Context.eval (https://stg-cd.sanoficonecta.com.br/__cypress/tests?p=cypress/integration/recuperar-senha.js:201:8)",
                "diff": null
              },
              "uuid": "09a08163-53c7-4c5e-b97c-5ac693ed194c",
              "parentUUID": "1275c65f-c03c-41ab-9f4d-37922b743092",
              "isHook": false,
              "skipped": false
            },
            {
              "title": "Tentar alterar email de recuperacao de senha utilizando Email ja existente",
              "fullTitle": "Recuperar Senha Tentar alterar email de recuperacao de senha utilizando Email ja existente",
              "timedOut": null,
              "duration": 15011,
              "state": "failed",
              "speed": null,
              "pass": false,
              "fail": true,
              "pending": false,
              "context": null,
              "code": "cy.get('.menu-profile__indicator').click();\ncy.get('.menu-profile > #menu-profile-panel > .menu-profile__panel-content > .menu-profile__panel-row > #btnLogin').click();\ncy.get('#forgot-pass').click();\ncy.get('#hcp-type').select('Farmacêutico (CRF)');\ncy.get('#uf').select('RS');\ncy.get('#lf-registro').type('1234');\ncy.get('#sf-email-different').click({\n  force: true\n});\ncy.get('.c-base-modal-content__body > :nth-child(1) > .c-text--h2').should('have.text', 'Esqueci minha senha');\ncy.get('.c-base-modal-content__body > :nth-child(8) > span').click({\n  force: true\n});\ncy.get('.c-text--h2 > strong').should('have.text', 'Habilitar novo Email');\ncy.get('#sf-phone').type('489977777777');\ncy.get('.c-base-modal-content__paper').click();\ncy.get('#lf-email').type('maria@teste.com');\ncy.get('#sf-continue-validation').click();\ncy.get('.c-base-modal__text-error').should('have.text', 'Já existe um usuário com este e-mail');",
              "err": {
                "message": "CypressError: `cy.type()` failed because it targeted a disabled element.\n\nThe element typed into was:\n\n  > <input id=\"lf-email\" name=\"lf-email\" type=\"email\" pattern=\"[a-zA-Z0-9._%+-]+@[a-zA-Z0-9.-]+\\.[a-zA-Z]{2,}$\" required=\"required\" class=\"c-base-modal__input\">\n\nEnsure the element does not have an attribute named `disabled` before typing into it.\n\nhttps://on.cypress.io/type",
                "estack": "CypressError: `cy.type()` failed because it targeted a disabled element.\n\nThe element typed into was:\n\n  > <input id=\"lf-email\" name=\"lf-email\" type=\"email\" pattern=\"[a-zA-Z0-9._%+-]+@[a-zA-Z0-9.-]+\\.[a-zA-Z]{2,}$\" required=\"required\" class=\"c-base-modal__input\">\n\nEnsure the element does not have an attribute named `disabled` before typing into it.\n\nhttps://on.cypress.io/type\n    at https://stg-cd.sanoficonecta.com.br/__cypress/runner/cypress_runner.js:136604:27\n    at tryCatcher (https://stg-cd.sanoficonecta.com.br/__cypress/runner/cypress_runner.js:10798:23)\n    at Promise._settlePromiseFromHandler (https://stg-cd.sanoficonecta.com.br/__cypress/runner/cypress_runner.js:8733:31)\n    at Promise._settlePromise (https://stg-cd.sanoficonecta.com.br/__cypress/runner/cypress_runner.js:8790:18)\n    at Promise._settlePromise0 (https://stg-cd.sanoficonecta.com.br/__cypress/runner/cypress_runner.js:8835:10)\n    at Promise._settlePromises (https://stg-cd.sanoficonecta.com.br/__cypress/runner/cypress_runner.js:8915:18)\n    at _drainQueueStep (https://stg-cd.sanoficonecta.com.br/__cypress/runner/cypress_runner.js:5505:12)\n    at _drainQueue (https://stg-cd.sanoficonecta.com.br/__cypress/runner/cypress_runner.js:5498:9)\n    at Async.../../node_modules/bluebird/js/release/async.js.Async._drainQueues (https://stg-cd.sanoficonecta.com.br/__cypress/runner/cypress_runner.js:5514:5)\n    at Async.drainQueues (https://stg-cd.sanoficonecta.com.br/__cypress/runner/cypress_runner.js:5384:14)\nFrom Your Spec Code:\n    at Context.eval (https://stg-cd.sanoficonecta.com.br/__cypress/tests?p=cypress/integration/recuperar-senha.js:222:25)",
                "diff": null
              },
              "uuid": "deba6818-08e7-4162-82f7-fd6756d76aa6",
              "parentUUID": "1275c65f-c03c-41ab-9f4d-37922b743092",
              "isHook": false,
              "skipped": false
            },
            {
              "title": "Verificar obrigatoriedade dos campos UF e Registro ao Recuperar senha",
              "fullTitle": "Recuperar Senha Verificar obrigatoriedade dos campos UF e Registro ao Recuperar senha",
              "timedOut": null,
              "duration": 7904,
              "state": "passed",
              "speed": "slow",
              "pass": true,
              "fail": false,
              "pending": false,
              "context": null,
              "code": "cy.get('.menu-profile__indicator').click();\ncy.get('.menu-profile > #menu-profile-panel > .menu-profile__panel-content > .menu-profile__panel-row > #btnLogin').click();\ncy.get('#forgot-pass').click();\ncy.get('#sf-email-different').click({\n  force: true\n});\ncy.get('#uf-error').should('have.text', 'Escolher Estado');\ncy.get('#registro-error').should('have.text', 'Favor informar seu número de registro');",
              "err": {},
              "uuid": "2104eadb-1958-4eb6-a288-74ce720e8899",
              "parentUUID": "1275c65f-c03c-41ab-9f4d-37922b743092",
              "isHook": false,
              "skipped": false
            }
          ],
          "suites": [],
          "passes": [
            "ce8e864f-85a4-4911-bade-00428ab48113",
            "285f00a5-7a41-4bd7-bbcd-ef4f67b32200",
            "2f11daf4-c95b-4724-8223-297e3b23a07c",
            "11b2537b-e971-4310-8991-d416ee527560",
            "2104eadb-1958-4eb6-a288-74ce720e8899"
          ],
          "failures": [
            "09a08163-53c7-4c5e-b97c-5ac693ed194c",
            "deba6818-08e7-4162-82f7-fd6756d76aa6"
          ],
          "pending": [],
          "skipped": [],
          "duration": 100472,
          "root": false,
          "rootEmpty": false,
          "_timeout": 2000
        }
      ],
      "passes": [],
      "failures": [],
      "pending": [],
      "skipped": [],
      "duration": 0,
      "root": true,
      "rootEmpty": true,
      "_timeout": 2000
    }
  ],
  "meta": {
    "mocha": {
      "version": "7.0.1"
    },
    "mochawesome": {
      "options": {
        "quiet": true,
        "reportFilename": "mochawesome",
        "saveHtml": false,
        "saveJson": true,
        "consoleReporter": "spec",
        "useInlineDiffs": false,
        "code": true
      },
      "version": "6.3.1"
    },
    "marge": {
      "options": {
        "id": "default",
        "reportDir": "mochawesome-report",
        "quiet": true,
        "overwrite": false,
        "html": false,
        "json": true
      },
      "version": "5.2.0"
    }
  }
}