{
  "stats": {
    "suites": 1,
    "tests": 6,
    "passes": 0,
    "pending": 0,
    "failures": 6,
    "start": "2022-06-25T08:18:51.978Z",
    "end": "2022-06-25T08:20:05.474Z",
    "duration": 73496,
    "testsRegistered": 6,
    "passPercent": 0,
    "pendingPercent": 0,
    "other": 0,
    "hasOther": false,
    "skipped": 0,
    "hasSkipped": false
  },
  "results": [
    {
      "uuid": "b7a227c5-f7b9-426e-9898-2f0c7ca4a428",
      "title": "",
      "fullFile": "cypress/integration/cadastro.spec.js",
      "file": "cypress/integration/cadastro.spec.js",
      "beforeHooks": [],
      "afterHooks": [],
      "tests": [],
      "suites": [
        {
          "uuid": "1a856ca8-40c1-43b2-9f18-c2f4facf6a2b",
          "title": "Cadastro",
          "fullFile": "",
          "file": "",
          "beforeHooks": [],
          "afterHooks": [],
          "tests": [
            {
              "title": "Tentar realizar cadastro de Médico com registro invalido",
              "fullTitle": "Cadastro Tentar realizar cadastro de Médico com registro invalido",
              "timedOut": null,
              "duration": 22440,
              "state": "failed",
              "speed": null,
              "pass": false,
              "fail": true,
              "pending": false,
              "context": null,
              "code": "_cadastro.default.cadastroMedicoComRegistroInvalido();",
              "err": {
                "message": "AssertionError: Timed out retrying after 4000ms: Expected to find element: `.header__login > :nth-child(1)`, but never found it.",
                "estack": "AssertionError: Timed out retrying after 4000ms: Expected to find element: `.header__login > :nth-child(1)`, but never found it.\n    at Cadastro.cadastroMedicoComRegistroInvalido (https://stg-cd.sanoficonecta.com.br/__cypress/tests?p=cypress/integration/cadastro.spec.js:2362:8)\n    at Context.eval (https://stg-cd.sanoficonecta.com.br/__cypress/tests?p=cypress/integration/cadastro.spec.js:2235:23)",
                "diff": null
              },
              "uuid": "57c554b2-5419-48e6-8a98-db2168a52c38",
              "parentUUID": "1a856ca8-40c1-43b2-9f18-c2f4facf6a2b",
              "isHook": false,
              "skipped": false
            },
            {
              "title": "Tentar realizar cadastro de Médico sem aceitar os termos",
              "fullTitle": "Cadastro Tentar realizar cadastro de Médico sem aceitar os termos",
              "timedOut": null,
              "duration": 8936,
              "state": "failed",
              "speed": null,
              "pass": false,
              "fail": true,
              "pending": false,
              "context": null,
              "code": "_cadastro.default.cadastroMedicoSemAceitarTermos();",
              "err": {
                "message": "AssertionError: Timed out retrying after 4000ms: Expected to find element: `.header__login > :nth-child(1)`, but never found it.",
                "estack": "AssertionError: Timed out retrying after 4000ms: Expected to find element: `.header__login > :nth-child(1)`, but never found it.\n    at Cadastro.cadastroMedicoSemAceitarTermos (https://stg-cd.sanoficonecta.com.br/__cypress/tests?p=cypress/integration/cadastro.spec.js:2377:8)\n    at Context.eval (https://stg-cd.sanoficonecta.com.br/__cypress/tests?p=cypress/integration/cadastro.spec.js:2238:23)",
                "diff": null
              },
              "uuid": "2ead35d7-a643-45c7-b270-6fb7044745ac",
              "parentUUID": "1a856ca8-40c1-43b2-9f18-c2f4facf6a2b",
              "isHook": false,
              "skipped": false
            },
            {
              "title": "Tentar realizar cadastro de Médico com registro já cadastrado",
              "fullTitle": "Cadastro Tentar realizar cadastro de Médico com registro já cadastrado",
              "timedOut": null,
              "duration": 9827,
              "state": "failed",
              "speed": null,
              "pass": false,
              "fail": true,
              "pending": false,
              "context": null,
              "code": "_cadastro.default.cadastroMedicoComRegistroJaCadastrado();",
              "err": {
                "message": "AssertionError: Timed out retrying after 4000ms: Expected to find element: `.header__login > :nth-child(1)`, but never found it.",
                "estack": "AssertionError: Timed out retrying after 4000ms: Expected to find element: `.header__login > :nth-child(1)`, but never found it.\n    at Cadastro.cadastroMedicoComRegistroJaCadastrado (https://stg-cd.sanoficonecta.com.br/__cypress/tests?p=cypress/integration/cadastro.spec.js:2390:8)\n    at Context.eval (https://stg-cd.sanoficonecta.com.br/__cypress/tests?p=cypress/integration/cadastro.spec.js:2241:23)",
                "diff": null
              },
              "uuid": "d10d0cd1-cdc3-466e-8dbf-6f7dd848b17d",
              "parentUUID": "1a856ca8-40c1-43b2-9f18-c2f4facf6a2b",
              "isHook": false,
              "skipped": false
            },
            {
              "title": "Tentar realizar cadastro de Médico com email já cadastrado",
              "fullTitle": "Cadastro Tentar realizar cadastro de Médico com email já cadastrado",
              "timedOut": null,
              "duration": 10258,
              "state": "failed",
              "speed": null,
              "pass": false,
              "fail": true,
              "pending": false,
              "context": null,
              "code": "_cadastro.default.cadastroMedicoComEmailJaCadastrado();",
              "err": {
                "message": "AssertionError: Timed out retrying after 4000ms: Expected to find element: `.header__login > :nth-child(1)`, but never found it.",
                "estack": "AssertionError: Timed out retrying after 4000ms: Expected to find element: `.header__login > :nth-child(1)`, but never found it.\n    at Cadastro.cadastroMedicoComEmailJaCadastrado (https://stg-cd.sanoficonecta.com.br/__cypress/tests?p=cypress/integration/cadastro.spec.js:2404:8)\n    at Context.eval (https://stg-cd.sanoficonecta.com.br/__cypress/tests?p=cypress/integration/cadastro.spec.js:2244:23)",
                "diff": null
              },
              "uuid": "8c59ff5f-fbfa-4779-9632-2c23feb7d4c8",
              "parentUUID": "1a856ca8-40c1-43b2-9f18-c2f4facf6a2b",
              "isHook": false,
              "skipped": false
            },
            {
              "title": "Tentar realizar cadastro de Médico sem informar os dados obrigatórios",
              "fullTitle": "Cadastro Tentar realizar cadastro de Médico sem informar os dados obrigatórios",
              "timedOut": null,
              "duration": 11003,
              "state": "failed",
              "speed": null,
              "pass": false,
              "fail": true,
              "pending": false,
              "context": null,
              "code": "_cadastro.default.cadastroMedicoSemInformarDadosObrigatorios();",
              "err": {
                "message": "AssertionError: Timed out retrying after 4000ms: Expected to find element: `.header__login > :nth-child(1)`, but never found it.",
                "estack": "AssertionError: Timed out retrying after 4000ms: Expected to find element: `.header__login > :nth-child(1)`, but never found it.\n    at Cadastro.cadastroMedicoSemInformarDadosObrigatorios (https://stg-cd.sanoficonecta.com.br/__cypress/tests?p=cypress/integration/cadastro.spec.js:2418:8)\n    at Context.eval (https://stg-cd.sanoficonecta.com.br/__cypress/tests?p=cypress/integration/cadastro.spec.js:2247:23)",
                "diff": null
              },
              "uuid": "86c23f9f-3358-442c-a42d-4de591f6b488",
              "parentUUID": "1a856ca8-40c1-43b2-9f18-c2f4facf6a2b",
              "isHook": false,
              "skipped": false
            },
            {
              "title": "Realizar cadastro de Nutricionista com sucesso",
              "fullTitle": "Cadastro Realizar cadastro de Nutricionista com sucesso",
              "timedOut": null,
              "duration": 10823,
              "state": "failed",
              "speed": null,
              "pass": false,
              "fail": true,
              "pending": false,
              "context": null,
              "code": "_cadastro.default.cadastroNutricionista();",
              "err": {
                "message": "AssertionError: Timed out retrying after 4000ms: Expected to find element: `.header__login > :nth-child(1)`, but never found it.",
                "estack": "AssertionError: Timed out retrying after 4000ms: Expected to find element: `.header__login > :nth-child(1)`, but never found it.\n    at Cadastro.cadastroNutricionista (https://stg-cd.sanoficonecta.com.br/__cypress/tests?p=cypress/integration/cadastro.spec.js:2334:8)\n    at Context.eval (https://stg-cd.sanoficonecta.com.br/__cypress/tests?p=cypress/integration/cadastro.spec.js:2250:23)",
                "diff": null
              },
              "uuid": "cbcd5e9d-6e85-4f0f-8715-75256f9f4217",
              "parentUUID": "1a856ca8-40c1-43b2-9f18-c2f4facf6a2b",
              "isHook": false,
              "skipped": false
            }
          ],
          "suites": [],
          "passes": [],
          "failures": [
            "57c554b2-5419-48e6-8a98-db2168a52c38",
            "2ead35d7-a643-45c7-b270-6fb7044745ac",
            "d10d0cd1-cdc3-466e-8dbf-6f7dd848b17d",
            "8c59ff5f-fbfa-4779-9632-2c23feb7d4c8",
            "86c23f9f-3358-442c-a42d-4de591f6b488",
            "cbcd5e9d-6e85-4f0f-8715-75256f9f4217"
          ],
          "pending": [],
          "skipped": [],
          "duration": 73287,
          "root": false,
          "rootEmpty": false,
          "_timeout": 2000
        }
      ],
      "passes": [],
      "failures": [],
      "pending": [],
      "skipped": [],
      "duration": 0,
      "root": true,
      "rootEmpty": true,
      "_timeout": 2000
    }
  ],
  "meta": {
    "mocha": {
      "version": "7.0.1"
    },
    "mochawesome": {
      "options": {
        "quiet": true,
        "reportFilename": "mochawesome",
        "saveHtml": false,
        "saveJson": true,
        "consoleReporter": "spec",
        "useInlineDiffs": false,
        "code": true
      },
      "version": "6.3.1"
    },
    "marge": {
      "options": {
        "id": "default",
        "reportDir": "mochawesome-report",
        "quiet": true,
        "overwrite": false,
        "html": false,
        "json": true
      },
      "version": "5.2.0"
    }
  }
}