{
  "stats": {
    "suites": 4,
    "tests": 6,
    "passes": 6,
    "pending": 1,
    "failures": -1,
    "start": "2022-02-17T08:13:36.088Z",
    "end": "2022-02-17T08:15:25.536Z",
    "duration": 109448,
    "testsRegistered": 7,
    "passPercent": 100,
    "pendingPercent": 14.285714285714285,
    "other": 1,
    "hasOther": true,
    "skipped": 0,
    "hasSkipped": false
  },
  "results": [
    {
      "uuid": "55187eb3-b7be-41d3-8f71-a456e6f91130",
      "title": "",
      "fullFile": "cypress/integration/artigo.spec.js",
      "file": "cypress/integration/artigo.spec.js",
      "beforeHooks": [],
      "afterHooks": [],
      "tests": [],
      "suites": [
        {
          "uuid": "65690167-b942-4d9f-944e-6980a9573bbd",
          "title": "Acessar Artigo com usuário deslogado",
          "fullFile": "",
          "file": "",
          "beforeHooks": [],
          "afterHooks": [],
          "tests": [],
          "suites": [
            {
              "uuid": "21507f81-1980-4d57-9f67-ca3af9a2a481",
              "title": "Acessar artigo com sucesso",
              "fullFile": "",
              "file": "",
              "beforeHooks": [],
              "afterHooks": [],
              "tests": [
                {
                  "title": "Tentar acessar artigo exclusivo para médico e farmacêutico, estando deslogado",
                  "fullTitle": "Acessar Artigo com usuário deslogado Acessar artigo com sucesso Tentar acessar artigo exclusivo para médico e farmacêutico, estando deslogado",
                  "timedOut": null,
                  "duration": 31088,
                  "state": "passed",
                  "speed": "slow",
                  "pass": true,
                  "fail": false,
                  "pending": false,
                  "context": null,
                  "code": "cy.visit('https://stg-cd.sanoficonecta.com.br/artigos/resultados-empower-lung1-localmente-avancada');\ncy.get('.c-base-modal-content__paper').should('be.visible');\ncy.get('.c-base-modal-content__body > .c-text--h2').should('contain', 'Conteúdo exclusivo para Médico e  Farmacêutico');",
                  "err": {},
                  "uuid": "7dc343d4-651f-4291-aaa5-ba4208c9c00b",
                  "parentUUID": "21507f81-1980-4d57-9f67-ca3af9a2a481",
                  "isHook": false,
                  "skipped": false
                },
                {
                  "title": "Acessar artigo",
                  "fullTitle": "Acessar Artigo com usuário deslogado Acessar artigo com sucesso Acessar artigo",
                  "timedOut": null,
                  "duration": 18050,
                  "state": "passed",
                  "speed": "slow",
                  "pass": true,
                  "fail": false,
                  "pending": false,
                  "context": null,
                  "code": "_artigo.default.AcessarArtigo();",
                  "err": {},
                  "uuid": "8ed9ae79-dec1-43ad-8bfd-912862f567e5",
                  "parentUUID": "21507f81-1980-4d57-9f67-ca3af9a2a481",
                  "isHook": false,
                  "skipped": false
                }
              ],
              "suites": [],
              "passes": [
                "7dc343d4-651f-4291-aaa5-ba4208c9c00b",
                "8ed9ae79-dec1-43ad-8bfd-912862f567e5"
              ],
              "failures": [],
              "pending": [],
              "skipped": [],
              "duration": 49138,
              "root": false,
              "rootEmpty": false,
              "_timeout": 2000
            }
          ],
          "passes": [],
          "failures": [],
          "pending": [],
          "skipped": [],
          "duration": 0,
          "root": false,
          "rootEmpty": false,
          "_timeout": 2000
        },
        {
          "uuid": "64ff7f05-4b98-4e17-98aa-f62e12bac30a",
          "title": "Acessar Artigo com usuário logado",
          "fullFile": "",
          "file": "",
          "beforeHooks": [],
          "afterHooks": [],
          "tests": [],
          "suites": [
            {
              "uuid": "b7cb2377-3f26-4489-895d-6d3b07f29a20",
              "title": "Acessar artigo com sucesso",
              "fullFile": "",
              "file": "",
              "beforeHooks": [],
              "afterHooks": [],
              "tests": [
                {
                  "title": "Acessar artigo",
                  "fullTitle": "Acessar Artigo com usuário logado Acessar artigo com sucesso Acessar artigo",
                  "timedOut": null,
                  "duration": 20481,
                  "state": "passed",
                  "speed": "slow",
                  "pass": true,
                  "fail": false,
                  "pending": false,
                  "context": null,
                  "code": "_login.default.loginMedico();\n_artigo.default.AcessarArtigo();",
                  "err": {},
                  "uuid": "c3fc5dc7-aee2-4431-8e80-98461f8f1227",
                  "parentUUID": "b7cb2377-3f26-4489-895d-6d3b07f29a20",
                  "isHook": false,
                  "skipped": false
                },
                {
                  "title": "Adicionar e Retirar Artigo dos favoritos",
                  "fullTitle": "Acessar Artigo com usuário logado Acessar artigo com sucesso Adicionar e Retirar Artigo dos favoritos",
                  "timedOut": null,
                  "duration": 0,
                  "state": "pending",
                  "speed": null,
                  "pass": false,
                  "fail": false,
                  "pending": true,
                  "context": null,
                  "code": "",
                  "err": {},
                  "uuid": "256196e7-1e91-4f86-8745-0184f0eefb1a",
                  "parentUUID": "b7cb2377-3f26-4489-895d-6d3b07f29a20",
                  "isHook": false,
                  "skipped": false
                },
                {
                  "title": "Tentar acessar artigo exclusivo para médico e farmacêutico, utilizando perfil sem permissão",
                  "fullTitle": "Acessar Artigo com usuário logado Acessar artigo com sucesso Tentar acessar artigo exclusivo para médico e farmacêutico, utilizando perfil sem permissão",
                  "timedOut": null,
                  "duration": 14272,
                  "state": "passed",
                  "speed": "slow",
                  "pass": true,
                  "fail": false,
                  "pending": false,
                  "context": null,
                  "code": "_login.default.loginFisioterapeutaComRegistro(); //cy.get('.c-navbar__area-logged > .c-navbar__item').click()\n\ncy.visit('https://stg-cd.sanoficonecta.com.br/artigos/resultados-empower-lung1-localmente-avancada');\ncy.get('.c-base-modal-content__body > .c-text--h2').should('contain', 'Conteúdo exclusivo para Médico e  Farmacêutico');",
                  "err": {},
                  "uuid": "33d74a55-82b6-42ff-84d1-449f53cb1668",
                  "parentUUID": "b7cb2377-3f26-4489-895d-6d3b07f29a20",
                  "isHook": false,
                  "skipped": false
                },
                {
                  "title": "Tentar acessar artigo exclusivo, com Soft Login",
                  "fullTitle": "Acessar Artigo com usuário logado Acessar artigo com sucesso Tentar acessar artigo exclusivo, com Soft Login",
                  "timedOut": null,
                  "duration": 12556,
                  "state": "passed",
                  "speed": "slow",
                  "pass": true,
                  "fail": false,
                  "pending": false,
                  "context": null,
                  "code": "//cy.get('.c-navbar__area-logged > .c-navbar__item').click()\ncy.visit('https://stg-cd.sanoficonecta.com.br/artigos/resultados-empower-lung1-localmente-avancada');\ncy.get('.c-base-modal-content__body > .c-text--h2').should('contain', 'Conteúdo exclusivo para Médico e  Farmacêutico');\ncy.get('input[value=\"true\"]').check();\ncy.get('#sf-continue-validation').click();\ncy.get('#hcp-type').select('Farmacêutico (CRF)');\ncy.get('#uf').select('RS');\ncy.get('#sf-register-2').type('4444444');\ncy.get('#sf-email').type('farma104@teste.com');\ncy.get('#opt-in').check();\ncy.get('#sf-continue-validation').click();\ncy.get('.c-base-modal-content__body > :nth-child(1) > .c-text--h2').should('have.text', 'Criar conta');",
                  "err": {},
                  "uuid": "ad3f9b40-0d73-400c-8dfd-771385fed875",
                  "parentUUID": "b7cb2377-3f26-4489-895d-6d3b07f29a20",
                  "isHook": false,
                  "skipped": false
                },
                {
                  "title": "Acessar artigo exclusivo para médico e farmacêutico, utilizando perfil de Farmacêutico",
                  "fullTitle": "Acessar Artigo com usuário logado Acessar artigo com sucesso Acessar artigo exclusivo para médico e farmacêutico, utilizando perfil de Farmacêutico",
                  "timedOut": null,
                  "duration": 12758,
                  "state": "passed",
                  "speed": "slow",
                  "pass": true,
                  "fail": false,
                  "pending": false,
                  "context": null,
                  "code": "_login.default.loginFarmaceutico(); //cy.get('.c-navbar__area-logged > .c-navbar__item').click()\n\ncy.visit('https://stg-cd.sanoficonecta.com.br/artigos/resultados-empower-lung1-localmente-avancada');\ncy.get('.c-hero-article__title').should('contain', 'Resultados do cemiplimabe');",
                  "err": {},
                  "uuid": "65bd411c-ffba-4d21-86da-adfc6d1e1231",
                  "parentUUID": "b7cb2377-3f26-4489-895d-6d3b07f29a20",
                  "isHook": false,
                  "skipped": false
                }
              ],
              "suites": [],
              "passes": [
                "c3fc5dc7-aee2-4431-8e80-98461f8f1227",
                "33d74a55-82b6-42ff-84d1-449f53cb1668",
                "ad3f9b40-0d73-400c-8dfd-771385fed875",
                "65bd411c-ffba-4d21-86da-adfc6d1e1231"
              ],
              "failures": [],
              "pending": [
                "256196e7-1e91-4f86-8745-0184f0eefb1a"
              ],
              "skipped": [],
              "duration": 60067,
              "root": false,
              "rootEmpty": false,
              "_timeout": 2000
            }
          ],
          "passes": [],
          "failures": [],
          "pending": [],
          "skipped": [],
          "duration": 0,
          "root": false,
          "rootEmpty": false,
          "_timeout": 2000
        }
      ],
      "passes": [],
      "failures": [],
      "pending": [],
      "skipped": [],
      "duration": 0,
      "root": true,
      "rootEmpty": true,
      "_timeout": 2000
    }
  ],
  "meta": {
    "mocha": {
      "version": "7.0.1"
    },
    "mochawesome": {
      "options": {
        "quiet": true,
        "reportFilename": "mochawesome",
        "saveHtml": false,
        "saveJson": true,
        "consoleReporter": "spec",
        "useInlineDiffs": false,
        "code": true
      },
      "version": "6.3.1"
    },
    "marge": {
      "options": {
        "id": "default",
        "reportDir": "mochawesome-report",
        "quiet": true,
        "overwrite": false,
        "html": false,
        "json": true
      },
      "version": "5.2.0"
    }
  }
}