{
  "stats": {
    "suites": 1,
    "tests": 6,
    "passes": 5,
    "pending": 0,
    "failures": 1,
    "start": "2022-03-03T08:18:34.139Z",
    "end": "2022-03-03T08:20:00.756Z",
    "duration": 86617,
    "testsRegistered": 6,
    "passPercent": 83.33333333333334,
    "pendingPercent": 0,
    "other": 0,
    "hasOther": false,
    "skipped": 0,
    "hasSkipped": false
  },
  "results": [
    {
      "uuid": "c68d803d-4672-4aa7-adff-923b8427c579",
      "title": "",
      "fullFile": "cypress/integration/cadastro.spec.js",
      "file": "cypress/integration/cadastro.spec.js",
      "beforeHooks": [],
      "afterHooks": [],
      "tests": [],
      "suites": [
        {
          "uuid": "116be4e5-12d5-410b-97a0-3d2db4d87e16",
          "title": "Cadastro",
          "fullFile": "",
          "file": "",
          "beforeHooks": [],
          "afterHooks": [],
          "tests": [
            {
              "title": "Tentar realizar cadastro de Médico com registro invalido",
              "fullTitle": "Cadastro Tentar realizar cadastro de Médico com registro invalido",
              "timedOut": null,
              "duration": 20086,
              "state": "passed",
              "speed": "slow",
              "pass": true,
              "fail": false,
              "pending": false,
              "context": null,
              "code": "_cadastro.default.cadastroMedicoComRegistroInvalido();",
              "err": {},
              "uuid": "3c8cdf0f-32f6-4230-99c8-b547b3a849a5",
              "parentUUID": "116be4e5-12d5-410b-97a0-3d2db4d87e16",
              "isHook": false,
              "skipped": false
            },
            {
              "title": "Tentar realizar cadastro de Médico sem aceitar os termos",
              "fullTitle": "Cadastro Tentar realizar cadastro de Médico sem aceitar os termos",
              "timedOut": null,
              "duration": 7331,
              "state": "passed",
              "speed": "slow",
              "pass": true,
              "fail": false,
              "pending": false,
              "context": null,
              "code": "_cadastro.default.cadastroMedicoSemAceitarTermos();",
              "err": {},
              "uuid": "cc9b0e8f-d794-4e0a-b949-8fb263ac2705",
              "parentUUID": "116be4e5-12d5-410b-97a0-3d2db4d87e16",
              "isHook": false,
              "skipped": false
            },
            {
              "title": "Tentar realizar cadastro de Médico com registro já cadastrado",
              "fullTitle": "Cadastro Tentar realizar cadastro de Médico com registro já cadastrado",
              "timedOut": null,
              "duration": 8129,
              "state": "passed",
              "speed": "slow",
              "pass": true,
              "fail": false,
              "pending": false,
              "context": null,
              "code": "_cadastro.default.cadastroMedicoComRegistroJaCadastrado();",
              "err": {},
              "uuid": "56cc4c9b-0256-4fb9-90a3-de9f44595862",
              "parentUUID": "116be4e5-12d5-410b-97a0-3d2db4d87e16",
              "isHook": false,
              "skipped": false
            },
            {
              "title": "Tentar realizar cadastro de Médico com email já cadastrado",
              "fullTitle": "Cadastro Tentar realizar cadastro de Médico com email já cadastrado",
              "timedOut": null,
              "duration": 7989,
              "state": "passed",
              "speed": "slow",
              "pass": true,
              "fail": false,
              "pending": false,
              "context": null,
              "code": "_cadastro.default.cadastroMedicoComEmailJaCadastrado();",
              "err": {},
              "uuid": "3ab9ce26-a52e-47f1-addd-c2376ff48578",
              "parentUUID": "116be4e5-12d5-410b-97a0-3d2db4d87e16",
              "isHook": false,
              "skipped": false
            },
            {
              "title": "Tentar realizar cadastro de Médico sem informar os dados obrigatórios",
              "fullTitle": "Cadastro Tentar realizar cadastro de Médico sem informar os dados obrigatórios",
              "timedOut": null,
              "duration": 5878,
              "state": "passed",
              "speed": "slow",
              "pass": true,
              "fail": false,
              "pending": false,
              "context": null,
              "code": "_cadastro.default.cadastroMedicoSemInformarDadosObrigatorios();",
              "err": {},
              "uuid": "30b63bda-9650-40d1-93c1-a6fba1e5bb62",
              "parentUUID": "116be4e5-12d5-410b-97a0-3d2db4d87e16",
              "isHook": false,
              "skipped": false
            },
            {
              "title": "Realizar cadastro de Nutricionista com sucesso",
              "fullTitle": "Cadastro Realizar cadastro de Nutricionista com sucesso",
              "timedOut": null,
              "duration": 36987,
              "state": "failed",
              "speed": null,
              "pass": false,
              "fail": true,
              "pending": false,
              "context": null,
              "code": "_cadastro.default.cadastroNutricionista();",
              "err": {
                "message": "AssertionError: Timed out retrying after 4000ms: expected '<div>' to contain text 'Bem-vindo Teste', but the text was 'Criar conta  \\n                    Para prosseguirmos, precisamos de mais algumas informações suas. Não se preocupe, levará menos de 1 minuto!\\n                '",
                "estack": "AssertionError: Timed out retrying after 4000ms: expected '<div>' to contain text 'Bem-vindo Teste', but the text was 'Criar conta  \\n                    Para prosseguirmos, precisamos de mais algumas informações suas. Não se preocupe, levará menos de 1 minuto!\\n                '\n    at Cadastro.cadastroNutricionista (https://stg-cd.sanoficonecta.com.br/__cypress/tests?p=cypress/integration/cadastro.spec.js:2358:52)\n    at Context.eval (https://stg-cd.sanoficonecta.com.br/__cypress/tests?p=cypress/integration/cadastro.spec.js:2250:23)",
                "diff": "- 'Criar conta  \\n                    Para prosseguirmos, precisamos de mais algumas informações suas. Não se preocupe, levará menos de 1 minuto!\\n                '\n+ 'Bem-vindo Teste'\n"
              },
              "uuid": "964e4080-29ce-4347-a841-36f8ec717665",
              "parentUUID": "116be4e5-12d5-410b-97a0-3d2db4d87e16",
              "isHook": false,
              "skipped": false
            }
          ],
          "suites": [],
          "passes": [
            "3c8cdf0f-32f6-4230-99c8-b547b3a849a5",
            "cc9b0e8f-d794-4e0a-b949-8fb263ac2705",
            "56cc4c9b-0256-4fb9-90a3-de9f44595862",
            "3ab9ce26-a52e-47f1-addd-c2376ff48578",
            "30b63bda-9650-40d1-93c1-a6fba1e5bb62"
          ],
          "failures": [
            "964e4080-29ce-4347-a841-36f8ec717665"
          ],
          "pending": [],
          "skipped": [],
          "duration": 86400,
          "root": false,
          "rootEmpty": false,
          "_timeout": 2000
        }
      ],
      "passes": [],
      "failures": [],
      "pending": [],
      "skipped": [],
      "duration": 0,
      "root": true,
      "rootEmpty": true,
      "_timeout": 2000
    }
  ],
  "meta": {
    "mocha": {
      "version": "7.0.1"
    },
    "mochawesome": {
      "options": {
        "quiet": true,
        "reportFilename": "mochawesome",
        "saveHtml": false,
        "saveJson": true,
        "consoleReporter": "spec",
        "useInlineDiffs": false,
        "code": true
      },
      "version": "6.3.1"
    },
    "marge": {
      "options": {
        "id": "default",
        "reportDir": "mochawesome-report",
        "quiet": true,
        "overwrite": false,
        "html": false,
        "json": true
      },
      "version": "5.2.0"
    }
  }
}