{
  "stats": {
    "suites": 3,
    "tests": 12,
    "passes": 12,
    "pending": 0,
    "failures": 0,
    "start": "2022-09-05T08:23:52.517Z",
    "end": "2022-09-05T08:26:17.242Z",
    "duration": 144725,
    "testsRegistered": 12,
    "passPercent": 100,
    "pendingPercent": 0,
    "other": 0,
    "hasOther": false,
    "skipped": 0,
    "hasSkipped": false
  },
  "results": [
    {
      "uuid": "db471536-f37f-481c-8b6c-788efcc5727b",
      "title": "",
      "fullFile": "cypress/integration/login.spec.js",
      "file": "cypress/integration/login.spec.js",
      "beforeHooks": [],
      "afterHooks": [],
      "tests": [],
      "suites": [
        {
          "uuid": "244e9a1b-c831-41ee-8bff-5a0a8ef02054",
          "title": "Login",
          "fullFile": "",
          "file": "",
          "beforeHooks": [],
          "afterHooks": [],
          "tests": [],
          "suites": [
            {
              "uuid": "bc39978f-b1de-449e-8df8-020cf770646b",
              "title": "Login com sucesso",
              "fullFile": "",
              "file": "",
              "beforeHooks": [],
              "afterHooks": [],
              "tests": [
                {
                  "title": "Realizar login de Médico com número de registro",
                  "fullTitle": "Login Login com sucesso Realizar login de Médico com número de registro",
                  "timedOut": null,
                  "duration": 22314,
                  "state": "passed",
                  "speed": "slow",
                  "pass": true,
                  "fail": false,
                  "pending": false,
                  "context": null,
                  "code": "_login.default.loginMedicoComRegistro();",
                  "err": {},
                  "uuid": "0f83e3b3-6602-45fe-8a04-fddb866d8ef6",
                  "parentUUID": "bc39978f-b1de-449e-8df8-020cf770646b",
                  "isHook": false,
                  "skipped": false
                },
                {
                  "title": "Realizar login de Farmacêutico com número de registro",
                  "fullTitle": "Login Login com sucesso Realizar login de Farmacêutico com número de registro",
                  "timedOut": null,
                  "duration": 11621,
                  "state": "passed",
                  "speed": "slow",
                  "pass": true,
                  "fail": false,
                  "pending": false,
                  "context": null,
                  "code": "_login.default.loginFarmaceuticoComRegistro();",
                  "err": {},
                  "uuid": "c4f963f7-f686-4784-bb99-4d0380ea59b7",
                  "parentUUID": "bc39978f-b1de-449e-8df8-020cf770646b",
                  "isHook": false,
                  "skipped": false
                },
                {
                  "title": "Realizar login de Enfermeiro com número de registro",
                  "fullTitle": "Login Login com sucesso Realizar login de Enfermeiro com número de registro",
                  "timedOut": null,
                  "duration": 11573,
                  "state": "passed",
                  "speed": "slow",
                  "pass": true,
                  "fail": false,
                  "pending": false,
                  "context": null,
                  "code": "_login.default.loginEnfermeiroComRegistro();",
                  "err": {},
                  "uuid": "f98f7d8f-7c4b-44b1-8207-ac4acf90e8cd",
                  "parentUUID": "bc39978f-b1de-449e-8df8-020cf770646b",
                  "isHook": false,
                  "skipped": false
                },
                {
                  "title": "Realizar login de Nutricionista com número de registro",
                  "fullTitle": "Login Login com sucesso Realizar login de Nutricionista com número de registro",
                  "timedOut": null,
                  "duration": 10365,
                  "state": "passed",
                  "speed": "slow",
                  "pass": true,
                  "fail": false,
                  "pending": false,
                  "context": null,
                  "code": "_login.default.loginNutricionistaComRegistro();",
                  "err": {},
                  "uuid": "da212842-0f40-487f-9972-8425ecc59e14",
                  "parentUUID": "bc39978f-b1de-449e-8df8-020cf770646b",
                  "isHook": false,
                  "skipped": false
                },
                {
                  "title": "Realizar login de Fisioterapeuta com número de registro",
                  "fullTitle": "Login Login com sucesso Realizar login de Fisioterapeuta com número de registro",
                  "timedOut": null,
                  "duration": 11156,
                  "state": "passed",
                  "speed": "slow",
                  "pass": true,
                  "fail": false,
                  "pending": false,
                  "context": null,
                  "code": "_login.default.loginFisioterapeutaComRegistro();",
                  "err": {},
                  "uuid": "07112be5-9af6-446b-be8e-ab39ecf8c447",
                  "parentUUID": "bc39978f-b1de-449e-8df8-020cf770646b",
                  "isHook": false,
                  "skipped": false
                },
                {
                  "title": "Realizar login de Médico com email",
                  "fullTitle": "Login Login com sucesso Realizar login de Médico com email",
                  "timedOut": null,
                  "duration": 12245,
                  "state": "passed",
                  "speed": "slow",
                  "pass": true,
                  "fail": false,
                  "pending": false,
                  "context": null,
                  "code": "_login.default.loginMedicoComEmail();",
                  "err": {},
                  "uuid": "307a7e77-ced3-49d4-9e46-f543a810e5bb",
                  "parentUUID": "bc39978f-b1de-449e-8df8-020cf770646b",
                  "isHook": false,
                  "skipped": false
                },
                {
                  "title": "Realizar login de Farmacêutico com email",
                  "fullTitle": "Login Login com sucesso Realizar login de Farmacêutico com email",
                  "timedOut": null,
                  "duration": 13563,
                  "state": "passed",
                  "speed": "slow",
                  "pass": true,
                  "fail": false,
                  "pending": false,
                  "context": null,
                  "code": "_login.default.loginFarmaceuticoComEmail();",
                  "err": {},
                  "uuid": "b99ad181-8d87-4ab7-8ad8-e125ba2cc146",
                  "parentUUID": "bc39978f-b1de-449e-8df8-020cf770646b",
                  "isHook": false,
                  "skipped": false
                },
                {
                  "title": "Realizar login de Enfermeiro com email",
                  "fullTitle": "Login Login com sucesso Realizar login de Enfermeiro com email",
                  "timedOut": null,
                  "duration": 12373,
                  "state": "passed",
                  "speed": "slow",
                  "pass": true,
                  "fail": false,
                  "pending": false,
                  "context": null,
                  "code": "_login.default.loginEnfermeiroComEmail();",
                  "err": {},
                  "uuid": "6d7404a6-f020-4d73-ab0a-c88759a28671",
                  "parentUUID": "bc39978f-b1de-449e-8df8-020cf770646b",
                  "isHook": false,
                  "skipped": false
                },
                {
                  "title": "Realizar login de Nutricionista com email",
                  "fullTitle": "Login Login com sucesso Realizar login de Nutricionista com email",
                  "timedOut": null,
                  "duration": 12081,
                  "state": "passed",
                  "speed": "slow",
                  "pass": true,
                  "fail": false,
                  "pending": false,
                  "context": null,
                  "code": "_login.default.loginNutricionistaComEmail();",
                  "err": {},
                  "uuid": "8bae7b12-c956-40dd-9575-303ca54697e1",
                  "parentUUID": "bc39978f-b1de-449e-8df8-020cf770646b",
                  "isHook": false,
                  "skipped": false
                },
                {
                  "title": "Realizar login de Fisioterapeuta com email",
                  "fullTitle": "Login Login com sucesso Realizar login de Fisioterapeuta com email",
                  "timedOut": null,
                  "duration": 12100,
                  "state": "passed",
                  "speed": "slow",
                  "pass": true,
                  "fail": false,
                  "pending": false,
                  "context": null,
                  "code": "_login.default.loginFisioterapeutaComEmail();",
                  "err": {},
                  "uuid": "50e35488-ff94-4853-9652-0b70e2bb189e",
                  "parentUUID": "bc39978f-b1de-449e-8df8-020cf770646b",
                  "isHook": false,
                  "skipped": false
                }
              ],
              "suites": [],
              "passes": [
                "0f83e3b3-6602-45fe-8a04-fddb866d8ef6",
                "c4f963f7-f686-4784-bb99-4d0380ea59b7",
                "f98f7d8f-7c4b-44b1-8207-ac4acf90e8cd",
                "da212842-0f40-487f-9972-8425ecc59e14",
                "07112be5-9af6-446b-be8e-ab39ecf8c447",
                "307a7e77-ced3-49d4-9e46-f543a810e5bb",
                "b99ad181-8d87-4ab7-8ad8-e125ba2cc146",
                "6d7404a6-f020-4d73-ab0a-c88759a28671",
                "8bae7b12-c956-40dd-9575-303ca54697e1",
                "50e35488-ff94-4853-9652-0b70e2bb189e"
              ],
              "failures": [],
              "pending": [],
              "skipped": [],
              "duration": 129391,
              "root": false,
              "rootEmpty": false,
              "_timeout": 2000
            },
            {
              "uuid": "2004d0b8-9c76-45eb-bf92-540300eb12b8",
              "title": "Login sem sucesso",
              "fullFile": "",
              "file": "",
              "beforeHooks": [],
              "afterHooks": [],
              "tests": [
                {
                  "title": "Tentar realizar login sem informar os dados obrigatórios",
                  "fullTitle": "Login Login sem sucesso Tentar realizar login sem informar os dados obrigatórios",
                  "timedOut": null,
                  "duration": 6794,
                  "state": "passed",
                  "speed": "slow",
                  "pass": true,
                  "fail": false,
                  "pending": false,
                  "context": null,
                  "code": "_login.default.loginSemDadosObrigatorios();",
                  "err": {},
                  "uuid": "405da20c-5cad-4f90-addb-bfc03cb6ffbd",
                  "parentUUID": "2004d0b8-9c76-45eb-bf92-540300eb12b8",
                  "isHook": false,
                  "skipped": false
                },
                {
                  "title": "Tentar realizar login com dados inválidos",
                  "fullTitle": "Login Login sem sucesso Tentar realizar login com dados inválidos",
                  "timedOut": null,
                  "duration": 8329,
                  "state": "passed",
                  "speed": "slow",
                  "pass": true,
                  "fail": false,
                  "pending": false,
                  "context": null,
                  "code": "_login.default.loginComDadosInvalidos();",
                  "err": {},
                  "uuid": "fb529a1a-78b4-408c-9f85-66c6ee3593af",
                  "parentUUID": "2004d0b8-9c76-45eb-bf92-540300eb12b8",
                  "isHook": false,
                  "skipped": false
                }
              ],
              "suites": [],
              "passes": [
                "405da20c-5cad-4f90-addb-bfc03cb6ffbd",
                "fb529a1a-78b4-408c-9f85-66c6ee3593af"
              ],
              "failures": [],
              "pending": [],
              "skipped": [],
              "duration": 15123,
              "root": false,
              "rootEmpty": false,
              "_timeout": 2000
            }
          ],
          "passes": [],
          "failures": [],
          "pending": [],
          "skipped": [],
          "duration": 0,
          "root": false,
          "rootEmpty": false,
          "_timeout": 2000
        }
      ],
      "passes": [],
      "failures": [],
      "pending": [],
      "skipped": [],
      "duration": 0,
      "root": true,
      "rootEmpty": true,
      "_timeout": 2000
    }
  ],
  "meta": {
    "mocha": {
      "version": "7.0.1"
    },
    "mochawesome": {
      "options": {
        "quiet": true,
        "reportFilename": "mochawesome",
        "saveHtml": false,
        "saveJson": true,
        "consoleReporter": "spec",
        "useInlineDiffs": false,
        "code": true
      },
      "version": "6.3.1"
    },
    "marge": {
      "options": {
        "id": "default",
        "reportDir": "mochawesome-report",
        "quiet": true,
        "overwrite": false,
        "html": false,
        "json": true
      },
      "version": "5.2.0"
    }
  }
}