{
  "stats": {
    "suites": 3,
    "tests": 12,
    "passes": 0,
    "pending": 0,
    "failures": 12,
    "start": "2021-11-02T08:16:44.553Z",
    "end": "2021-11-02T08:19:15.087Z",
    "duration": 150534,
    "testsRegistered": 12,
    "passPercent": 0,
    "pendingPercent": 0,
    "other": 0,
    "hasOther": false,
    "skipped": 0,
    "hasSkipped": false
  },
  "results": [
    {
      "uuid": "68918bf4-5d08-4a14-9cea-6a26b5635f7d",
      "title": "",
      "fullFile": "cypress/integration/login.spec.js",
      "file": "cypress/integration/login.spec.js",
      "beforeHooks": [],
      "afterHooks": [],
      "tests": [],
      "suites": [
        {
          "uuid": "fd8882e3-37c6-453a-8487-441f1bc95d85",
          "title": "Login",
          "fullFile": "",
          "file": "",
          "beforeHooks": [],
          "afterHooks": [],
          "tests": [],
          "suites": [
            {
              "uuid": "1d129e09-79a2-4dfb-b75c-698976a09d3b",
              "title": "Login com sucesso",
              "fullFile": "",
              "file": "",
              "beforeHooks": [],
              "afterHooks": [],
              "tests": [
                {
                  "title": "Realizar login de Médico com número de registro",
                  "fullTitle": "Login Login com sucesso Realizar login de Médico com número de registro",
                  "timedOut": null,
                  "duration": 27551,
                  "state": "failed",
                  "speed": null,
                  "pass": false,
                  "fail": true,
                  "pending": false,
                  "context": null,
                  "code": "_login.default.loginMedicoComRegistro();",
                  "err": {
                    "message": "AssertionError: Timed out retrying after 4000ms: Expected to find element: `.c-text--bold > :nth-child(2)`, but never found it.",
                    "estack": "AssertionError: Timed out retrying after 4000ms: Expected to find element: `.c-text--bold > :nth-child(2)`, but never found it.\n    at Login.loginMedicoComRegistro (https://stg-cd.sanoficonecta.com.br/__cypress/tests?p=cypress/integration/login.spec.js:308:28)\n    at Context.eval (https://stg-cd.sanoficonecta.com.br/__cypress/tests?p=cypress/integration/login.spec.js:133:22)",
                    "diff": null
                  },
                  "uuid": "223b9880-914e-4536-8a63-316c32bb67be",
                  "parentUUID": "1d129e09-79a2-4dfb-b75c-698976a09d3b",
                  "isHook": false,
                  "skipped": false
                },
                {
                  "title": "Realizar login de Farmacêutico com número de registro",
                  "fullTitle": "Login Login com sucesso Realizar login de Farmacêutico com número de registro",
                  "timedOut": null,
                  "duration": 4419,
                  "state": "failed",
                  "speed": null,
                  "pass": false,
                  "fail": true,
                  "pending": false,
                  "context": null,
                  "code": "_login.default.loginFarmaceuticoComRegistro();",
                  "err": {
                    "message": "AssertionError: Timed out retrying after 4000ms: Expected to find element: `.menu-profile > #menu-profile-panel > .menu-profile__panel-content > .menu-profile__panel-row > #btnLogin`, but never found it.",
                    "estack": "AssertionError: Timed out retrying after 4000ms: Expected to find element: `.menu-profile > #menu-profile-panel > .menu-profile__panel-content > .menu-profile__panel-row > #btnLogin`, but never found it.\n    at Login.loginFarmaceuticoComRegistro (https://stg-cd.sanoficonecta.com.br/__cypress/tests?p=cypress/integration/login.spec.js:316:8)\n    at Context.eval (https://stg-cd.sanoficonecta.com.br/__cypress/tests?p=cypress/integration/login.spec.js:136:22)",
                    "diff": null
                  },
                  "uuid": "4dafe354-2d81-4319-8610-1f5b893d5726",
                  "parentUUID": "1d129e09-79a2-4dfb-b75c-698976a09d3b",
                  "isHook": false,
                  "skipped": false
                },
                {
                  "title": "Realizar login de Enfermeiro com número de registro",
                  "fullTitle": "Login Login com sucesso Realizar login de Enfermeiro com número de registro",
                  "timedOut": null,
                  "duration": 4355,
                  "state": "failed",
                  "speed": null,
                  "pass": false,
                  "fail": true,
                  "pending": false,
                  "context": null,
                  "code": "_login.default.loginEnfermeiroComRegistro();",
                  "err": {
                    "message": "AssertionError: Timed out retrying after 4000ms: Expected to find element: `.menu-profile > #menu-profile-panel > .menu-profile__panel-content > .menu-profile__panel-row > #btnLogin`, but never found it.",
                    "estack": "AssertionError: Timed out retrying after 4000ms: Expected to find element: `.menu-profile > #menu-profile-panel > .menu-profile__panel-content > .menu-profile__panel-row > #btnLogin`, but never found it.\n    at Login.loginEnfermeiroComRegistro (https://stg-cd.sanoficonecta.com.br/__cypress/tests?p=cypress/integration/login.spec.js:332:8)\n    at Context.eval (https://stg-cd.sanoficonecta.com.br/__cypress/tests?p=cypress/integration/login.spec.js:139:22)",
                    "diff": null
                  },
                  "uuid": "060c9ddd-ef61-4f6c-bedc-d293aa3a2fdc",
                  "parentUUID": "1d129e09-79a2-4dfb-b75c-698976a09d3b",
                  "isHook": false,
                  "skipped": false
                },
                {
                  "title": "Realizar login de Nutricionista com número de registro",
                  "fullTitle": "Login Login com sucesso Realizar login de Nutricionista com número de registro",
                  "timedOut": null,
                  "duration": 4438,
                  "state": "failed",
                  "speed": null,
                  "pass": false,
                  "fail": true,
                  "pending": false,
                  "context": null,
                  "code": "_login.default.loginNutricionistaComRegistro();",
                  "err": {
                    "message": "AssertionError: Timed out retrying after 4000ms: Expected to find element: `.menu-profile > #menu-profile-panel > .menu-profile__panel-content > .menu-profile__panel-row > #btnLogin`, but never found it.",
                    "estack": "AssertionError: Timed out retrying after 4000ms: Expected to find element: `.menu-profile > #menu-profile-panel > .menu-profile__panel-content > .menu-profile__panel-row > #btnLogin`, but never found it.\n    at Login.loginNutricionistaComRegistro (https://stg-cd.sanoficonecta.com.br/__cypress/tests?p=cypress/integration/login.spec.js:348:8)\n    at Context.eval (https://stg-cd.sanoficonecta.com.br/__cypress/tests?p=cypress/integration/login.spec.js:142:22)",
                    "diff": null
                  },
                  "uuid": "22eda9e8-95f3-462c-a361-590b005b7dfb",
                  "parentUUID": "1d129e09-79a2-4dfb-b75c-698976a09d3b",
                  "isHook": false,
                  "skipped": false
                },
                {
                  "title": "Realizar login de Fisioterapeuta com número de registro",
                  "fullTitle": "Login Login com sucesso Realizar login de Fisioterapeuta com número de registro",
                  "timedOut": null,
                  "duration": 4390,
                  "state": "failed",
                  "speed": null,
                  "pass": false,
                  "fail": true,
                  "pending": false,
                  "context": null,
                  "code": "_login.default.loginFisioterapeutaComRegistro();",
                  "err": {
                    "message": "AssertionError: Timed out retrying after 4000ms: Expected to find element: `.menu-profile > #menu-profile-panel > .menu-profile__panel-content > .menu-profile__panel-row > #btnLogin`, but never found it.",
                    "estack": "AssertionError: Timed out retrying after 4000ms: Expected to find element: `.menu-profile > #menu-profile-panel > .menu-profile__panel-content > .menu-profile__panel-row > #btnLogin`, but never found it.\n    at Login.loginFisioterapeutaComRegistro (https://stg-cd.sanoficonecta.com.br/__cypress/tests?p=cypress/integration/login.spec.js:364:8)\n    at Context.eval (https://stg-cd.sanoficonecta.com.br/__cypress/tests?p=cypress/integration/login.spec.js:145:22)",
                    "diff": null
                  },
                  "uuid": "1b305b5f-e156-429c-b528-2cc49e5527d9",
                  "parentUUID": "1d129e09-79a2-4dfb-b75c-698976a09d3b",
                  "isHook": false,
                  "skipped": false
                },
                {
                  "title": "Realizar login de Médico com email",
                  "fullTitle": "Login Login com sucesso Realizar login de Médico com email",
                  "timedOut": null,
                  "duration": 4361,
                  "state": "failed",
                  "speed": null,
                  "pass": false,
                  "fail": true,
                  "pending": false,
                  "context": null,
                  "code": "_login.default.loginMedicoComEmail();",
                  "err": {
                    "message": "AssertionError: Timed out retrying after 4000ms: Expected to find element: `.menu-profile > #menu-profile-panel > .menu-profile__panel-content > .menu-profile__panel-row > #btnLogin`, but never found it.",
                    "estack": "AssertionError: Timed out retrying after 4000ms: Expected to find element: `.menu-profile > #menu-profile-panel > .menu-profile__panel-content > .menu-profile__panel-row > #btnLogin`, but never found it.\n    at Login.loginMedicoComEmail (https://stg-cd.sanoficonecta.com.br/__cypress/tests?p=cypress/integration/login.spec.js:380:8)\n    at Context.eval (https://stg-cd.sanoficonecta.com.br/__cypress/tests?p=cypress/integration/login.spec.js:149:22)",
                    "diff": null
                  },
                  "uuid": "d478b736-07d7-426e-85ac-44c3138205ce",
                  "parentUUID": "1d129e09-79a2-4dfb-b75c-698976a09d3b",
                  "isHook": false,
                  "skipped": false
                },
                {
                  "title": "Realizar login de Farmacêutico com email",
                  "fullTitle": "Login Login com sucesso Realizar login de Farmacêutico com email",
                  "timedOut": null,
                  "duration": 4332,
                  "state": "failed",
                  "speed": null,
                  "pass": false,
                  "fail": true,
                  "pending": false,
                  "context": null,
                  "code": "_login.default.loginFarmaceuticoComEmail();",
                  "err": {
                    "message": "AssertionError: Timed out retrying after 4000ms: Expected to find element: `.menu-profile > #menu-profile-panel > .menu-profile__panel-content > .menu-profile__panel-row > #btnLogin`, but never found it.",
                    "estack": "AssertionError: Timed out retrying after 4000ms: Expected to find element: `.menu-profile > #menu-profile-panel > .menu-profile__panel-content > .menu-profile__panel-row > #btnLogin`, but never found it.\n    at Login.loginFarmaceuticoComEmail (https://stg-cd.sanoficonecta.com.br/__cypress/tests?p=cypress/integration/login.spec.js:396:8)\n    at Context.eval (https://stg-cd.sanoficonecta.com.br/__cypress/tests?p=cypress/integration/login.spec.js:152:22)",
                    "diff": null
                  },
                  "uuid": "9f805a11-ef10-4304-8328-9634cbe38503",
                  "parentUUID": "1d129e09-79a2-4dfb-b75c-698976a09d3b",
                  "isHook": false,
                  "skipped": false
                },
                {
                  "title": "Realizar login de Enfermeiro com email",
                  "fullTitle": "Login Login com sucesso Realizar login de Enfermeiro com email",
                  "timedOut": null,
                  "duration": 4365,
                  "state": "failed",
                  "speed": null,
                  "pass": false,
                  "fail": true,
                  "pending": false,
                  "context": null,
                  "code": "_login.default.loginEnfermeiroComEmail();",
                  "err": {
                    "message": "AssertionError: Timed out retrying after 4000ms: Expected to find element: `.menu-profile > #menu-profile-panel > .menu-profile__panel-content > .menu-profile__panel-row > #btnLogin`, but never found it.",
                    "estack": "AssertionError: Timed out retrying after 4000ms: Expected to find element: `.menu-profile > #menu-profile-panel > .menu-profile__panel-content > .menu-profile__panel-row > #btnLogin`, but never found it.\n    at Login.loginEnfermeiroComEmail (https://stg-cd.sanoficonecta.com.br/__cypress/tests?p=cypress/integration/login.spec.js:412:8)\n    at Context.eval (https://stg-cd.sanoficonecta.com.br/__cypress/tests?p=cypress/integration/login.spec.js:155:22)",
                    "diff": null
                  },
                  "uuid": "5913f0e9-e92f-45ab-aff3-ad825b3c2705",
                  "parentUUID": "1d129e09-79a2-4dfb-b75c-698976a09d3b",
                  "isHook": false,
                  "skipped": false
                },
                {
                  "title": "Realizar login de Nutricionista com email",
                  "fullTitle": "Login Login com sucesso Realizar login de Nutricionista com email",
                  "timedOut": null,
                  "duration": 4374,
                  "state": "failed",
                  "speed": null,
                  "pass": false,
                  "fail": true,
                  "pending": false,
                  "context": null,
                  "code": "_login.default.loginNutricionistaComEmail();",
                  "err": {
                    "message": "AssertionError: Timed out retrying after 4000ms: Expected to find element: `.menu-profile > #menu-profile-panel > .menu-profile__panel-content > .menu-profile__panel-row > #btnLogin`, but never found it.",
                    "estack": "AssertionError: Timed out retrying after 4000ms: Expected to find element: `.menu-profile > #menu-profile-panel > .menu-profile__panel-content > .menu-profile__panel-row > #btnLogin`, but never found it.\n    at Login.loginNutricionistaComEmail (https://stg-cd.sanoficonecta.com.br/__cypress/tests?p=cypress/integration/login.spec.js:428:8)\n    at Context.eval (https://stg-cd.sanoficonecta.com.br/__cypress/tests?p=cypress/integration/login.spec.js:158:22)",
                    "diff": null
                  },
                  "uuid": "bf8a99a2-f16d-4992-8610-ba833b4f7152",
                  "parentUUID": "1d129e09-79a2-4dfb-b75c-698976a09d3b",
                  "isHook": false,
                  "skipped": false
                },
                {
                  "title": "Realizar login de Fisioterapeuta com email",
                  "fullTitle": "Login Login com sucesso Realizar login de Fisioterapeuta com email",
                  "timedOut": null,
                  "duration": 4376,
                  "state": "failed",
                  "speed": null,
                  "pass": false,
                  "fail": true,
                  "pending": false,
                  "context": null,
                  "code": "_login.default.loginFisioterapeutaComEmail();",
                  "err": {
                    "message": "AssertionError: Timed out retrying after 4000ms: Expected to find element: `.menu-profile > #menu-profile-panel > .menu-profile__panel-content > .menu-profile__panel-row > #btnLogin`, but never found it.",
                    "estack": "AssertionError: Timed out retrying after 4000ms: Expected to find element: `.menu-profile > #menu-profile-panel > .menu-profile__panel-content > .menu-profile__panel-row > #btnLogin`, but never found it.\n    at Login.loginFisioterapeutaComEmail (https://stg-cd.sanoficonecta.com.br/__cypress/tests?p=cypress/integration/login.spec.js:444:8)\n    at Context.eval (https://stg-cd.sanoficonecta.com.br/__cypress/tests?p=cypress/integration/login.spec.js:161:22)",
                    "diff": null
                  },
                  "uuid": "5727f79b-5777-4f77-9456-eede65bff7aa",
                  "parentUUID": "1d129e09-79a2-4dfb-b75c-698976a09d3b",
                  "isHook": false,
                  "skipped": false
                }
              ],
              "suites": [],
              "passes": [],
              "failures": [
                "223b9880-914e-4536-8a63-316c32bb67be",
                "4dafe354-2d81-4319-8610-1f5b893d5726",
                "060c9ddd-ef61-4f6c-bedc-d293aa3a2fdc",
                "22eda9e8-95f3-462c-a361-590b005b7dfb",
                "1b305b5f-e156-429c-b528-2cc49e5527d9",
                "d478b736-07d7-426e-85ac-44c3138205ce",
                "9f805a11-ef10-4304-8328-9634cbe38503",
                "5913f0e9-e92f-45ab-aff3-ad825b3c2705",
                "bf8a99a2-f16d-4992-8610-ba833b4f7152",
                "5727f79b-5777-4f77-9456-eede65bff7aa"
              ],
              "pending": [],
              "skipped": [],
              "duration": 66961,
              "root": false,
              "rootEmpty": false,
              "_timeout": 2000
            },
            {
              "uuid": "40538acd-68ad-4239-949b-81b50fb4233f",
              "title": "Login sem sucesso",
              "fullFile": "",
              "file": "",
              "beforeHooks": [],
              "afterHooks": [],
              "tests": [
                {
                  "title": "Tentar realizar login sem informar os dados obrigatórios",
                  "fullTitle": "Login Login sem sucesso Tentar realizar login sem informar os dados obrigatórios",
                  "timedOut": null,
                  "duration": 4354,
                  "state": "failed",
                  "speed": null,
                  "pass": false,
                  "fail": true,
                  "pending": false,
                  "context": null,
                  "code": "_login.default.loginSemDadosObrigatorios();",
                  "err": {
                    "message": "AssertionError: Timed out retrying after 4000ms: Expected to find element: `.menu-profile > #menu-profile-panel > .menu-profile__panel-content > .menu-profile__panel-row > #btnLogin`, but never found it.",
                    "estack": "AssertionError: Timed out retrying after 4000ms: Expected to find element: `.menu-profile > #menu-profile-panel > .menu-profile__panel-content > .menu-profile__panel-row > #btnLogin`, but never found it.\n    at Login.loginSemDadosObrigatorios (https://stg-cd.sanoficonecta.com.br/__cypress/tests?p=cypress/integration/login.spec.js:460:8)\n    at Context.eval (https://stg-cd.sanoficonecta.com.br/__cypress/tests?p=cypress/integration/login.spec.js:166:22)",
                    "diff": null
                  },
                  "uuid": "6d93146f-c5b1-4e7c-9511-3a930bad6b92",
                  "parentUUID": "40538acd-68ad-4239-949b-81b50fb4233f",
                  "isHook": false,
                  "skipped": false
                },
                {
                  "title": "Tentar realizar login com dados inválidos",
                  "fullTitle": "Login Login sem sucesso Tentar realizar login com dados inválidos",
                  "timedOut": null,
                  "duration": 4382,
                  "state": "failed",
                  "speed": null,
                  "pass": false,
                  "fail": true,
                  "pending": false,
                  "context": null,
                  "code": "_login.default.loginComDadosInvalidos();",
                  "err": {
                    "message": "AssertionError: Timed out retrying after 4000ms: Expected to find element: `.menu-profile > #menu-profile-panel > .menu-profile__panel-content > .menu-profile__panel-row > #btnLogin`, but never found it.",
                    "estack": "AssertionError: Timed out retrying after 4000ms: Expected to find element: `.menu-profile > #menu-profile-panel > .menu-profile__panel-content > .menu-profile__panel-row > #btnLogin`, but never found it.\n    at Login.loginComDadosInvalidos (https://stg-cd.sanoficonecta.com.br/__cypress/tests?p=cypress/integration/login.spec.js:472:8)\n    at Context.eval (https://stg-cd.sanoficonecta.com.br/__cypress/tests?p=cypress/integration/login.spec.js:169:22)",
                    "diff": null
                  },
                  "uuid": "a4d7d71a-2916-4798-980d-abd7b159325b",
                  "parentUUID": "40538acd-68ad-4239-949b-81b50fb4233f",
                  "isHook": false,
                  "skipped": false
                }
              ],
              "suites": [],
              "passes": [],
              "failures": [
                "6d93146f-c5b1-4e7c-9511-3a930bad6b92",
                "a4d7d71a-2916-4798-980d-abd7b159325b"
              ],
              "pending": [],
              "skipped": [],
              "duration": 8736,
              "root": false,
              "rootEmpty": false,
              "_timeout": 2000
            }
          ],
          "passes": [],
          "failures": [],
          "pending": [],
          "skipped": [],
          "duration": 0,
          "root": false,
          "rootEmpty": false,
          "_timeout": 2000
        }
      ],
      "passes": [],
      "failures": [],
      "pending": [],
      "skipped": [],
      "duration": 0,
      "root": true,
      "rootEmpty": true,
      "_timeout": 2000
    }
  ],
  "meta": {
    "mocha": {
      "version": "7.0.1"
    },
    "mochawesome": {
      "options": {
        "quiet": true,
        "reportFilename": "mochawesome",
        "saveHtml": false,
        "saveJson": true,
        "consoleReporter": "spec",
        "useInlineDiffs": false,
        "code": true
      },
      "version": "6.3.1"
    },
    "marge": {
      "options": {
        "id": "default",
        "reportDir": "mochawesome-report",
        "quiet": true,
        "overwrite": false,
        "html": false,
        "json": true
      },
      "version": "5.2.0"
    }
  }
}