{
  "stats": {
    "suites": 2,
    "tests": 1,
    "passes": 0,
    "pending": 0,
    "failures": 1,
    "start": "2023-12-31T08:13:08.341Z",
    "end": "2023-12-31T08:13:15.941Z",
    "duration": 7600,
    "testsRegistered": 12,
    "passPercent": 0,
    "pendingPercent": 0,
    "other": 0,
    "hasOther": false,
    "skipped": 11,
    "hasSkipped": true
  },
  "results": [
    {
      "uuid": "ac730316-336d-4bf8-b57d-089e1bd4ec15",
      "title": "",
      "fullFile": "cypress/integration/login.spec.js",
      "file": "cypress/integration/login.spec.js",
      "beforeHooks": [],
      "afterHooks": [],
      "tests": [],
      "suites": [
        {
          "uuid": "beba84d4-c563-473b-9936-55e77aaadf78",
          "title": "Login",
          "fullFile": "",
          "file": "",
          "beforeHooks": [],
          "afterHooks": [],
          "tests": [],
          "suites": [
            {
              "uuid": "fe1c18c0-d87a-423f-aa83-9ec8017059c4",
              "title": "Login com sucesso",
              "fullFile": "",
              "file": "",
              "beforeHooks": [],
              "afterHooks": [],
              "tests": [
                {
                  "title": "Realizar login de Médico com número de registro",
                  "fullTitle": "Login Login com sucesso Realizar login de Médico com número de registro",
                  "timedOut": null,
                  "duration": 7554,
                  "state": "failed",
                  "speed": null,
                  "pass": false,
                  "fail": true,
                  "pending": false,
                  "context": null,
                  "code": "_login.default.loginMedicoComRegistro();",
                  "err": {
                    "message": "CypressError: `cy.visit()` failed trying to load:\n\nhttps://stg-cd.sanoficonecta.com.br/\n\nThe response we received from your web server was:\n\n  > 403: Forbidden\n\nThis was considered a failure because the status code was not `2xx`.\n\nIf you do not want status codes to cause failures pass the option: `failOnStatusCode: false`\n\nBecause this error occurred during a `before each` hook we are skipping the remaining tests in the current suite: `Login`",
                    "estack": "CypressError: `cy.visit()` failed trying to load:\n\nhttps://stg-cd.sanoficonecta.com.br/\n\nThe response we received from your web server was:\n\n  > 403: Forbidden\n\nThis was considered a failure because the status code was not `2xx`.\n\nIf you do not want status codes to cause failures pass the option: `failOnStatusCode: false`\n\nBecause this error occurred during a `before each` hook we are skipping the remaining tests in the current suite: `Login`\n    at https://stg-cd.sanoficonecta.com.br/__cypress/runner/cypress_runner.js:140508:25\n    at visitFailedByErr (https://stg-cd.sanoficonecta.com.br/__cypress/runner/cypress_runner.js:139883:12)\n    at https://stg-cd.sanoficonecta.com.br/__cypress/runner/cypress_runner.js:140488:13\n    at tryCatcher (https://stg-cd.sanoficonecta.com.br/__cypress/runner/cypress_runner.js:10798:23)\n    at Promise._settlePromiseFromHandler (https://stg-cd.sanoficonecta.com.br/__cypress/runner/cypress_runner.js:8733:31)\n    at Promise._settlePromise (https://stg-cd.sanoficonecta.com.br/__cypress/runner/cypress_runner.js:8790:18)\n    at Promise._settlePromise0 (https://stg-cd.sanoficonecta.com.br/__cypress/runner/cypress_runner.js:8835:10)\n    at Promise._settlePromises (https://stg-cd.sanoficonecta.com.br/__cypress/runner/cypress_runner.js:8911:18)\n    at _drainQueueStep (https://stg-cd.sanoficonecta.com.br/__cypress/runner/cypress_runner.js:5505:12)\n    at _drainQueue (https://stg-cd.sanoficonecta.com.br/__cypress/runner/cypress_runner.js:5498:9)\n    at Async.../../node_modules/bluebird/js/release/async.js.Async._drainQueues (https://stg-cd.sanoficonecta.com.br/__cypress/runner/cypress_runner.js:5514:5)\n    at Async.drainQueues (https://stg-cd.sanoficonecta.com.br/__cypress/runner/cypress_runner.js:5384:14)\nFrom Your Spec Code:\n    at LoginSistema.acessarSistema (https://stg-cd.sanoficonecta.com.br/__cypress/tests?p=cypress/integration/login.spec.js:217:8)\n    at Context.eval (https://stg-cd.sanoficonecta.com.br/__cypress/tests?p=cypress/integration/login.spec.js:126:27)",
                    "diff": null
                  },
                  "uuid": "3ed73d55-f5fb-4f41-b5b2-c52173980549",
                  "parentUUID": "fe1c18c0-d87a-423f-aa83-9ec8017059c4",
                  "isHook": false,
                  "skipped": false
                },
                {
                  "title": "Realizar login de Farmacêutico com número de registro",
                  "fullTitle": "Login Login com sucesso Realizar login de Farmacêutico com número de registro",
                  "timedOut": null,
                  "duration": 0,
                  "state": "skipped",
                  "speed": null,
                  "pass": false,
                  "fail": false,
                  "pending": false,
                  "context": null,
                  "code": "_login.default.loginFarmaceuticoComRegistro();",
                  "err": {},
                  "uuid": "cadb3846-5287-4df1-ab8f-94d1cdfef4de",
                  "parentUUID": "fe1c18c0-d87a-423f-aa83-9ec8017059c4",
                  "isHook": false,
                  "skipped": true
                },
                {
                  "title": "Realizar login de Enfermeiro com número de registro",
                  "fullTitle": "Login Login com sucesso Realizar login de Enfermeiro com número de registro",
                  "timedOut": null,
                  "duration": 0,
                  "state": "skipped",
                  "speed": null,
                  "pass": false,
                  "fail": false,
                  "pending": false,
                  "context": null,
                  "code": "_login.default.loginEnfermeiroComRegistro();",
                  "err": {},
                  "uuid": "26f001f5-7a64-4c19-9fcf-7467fa384853",
                  "parentUUID": "fe1c18c0-d87a-423f-aa83-9ec8017059c4",
                  "isHook": false,
                  "skipped": true
                },
                {
                  "title": "Realizar login de Nutricionista com número de registro",
                  "fullTitle": "Login Login com sucesso Realizar login de Nutricionista com número de registro",
                  "timedOut": null,
                  "duration": 0,
                  "state": "skipped",
                  "speed": null,
                  "pass": false,
                  "fail": false,
                  "pending": false,
                  "context": null,
                  "code": "_login.default.loginNutricionistaComRegistro();",
                  "err": {},
                  "uuid": "41a76790-b4ee-4bf7-ab81-6227db23018e",
                  "parentUUID": "fe1c18c0-d87a-423f-aa83-9ec8017059c4",
                  "isHook": false,
                  "skipped": true
                },
                {
                  "title": "Realizar login de Fisioterapeuta com número de registro",
                  "fullTitle": "Login Login com sucesso Realizar login de Fisioterapeuta com número de registro",
                  "timedOut": null,
                  "duration": 0,
                  "state": "skipped",
                  "speed": null,
                  "pass": false,
                  "fail": false,
                  "pending": false,
                  "context": null,
                  "code": "_login.default.loginFisioterapeutaComRegistro();",
                  "err": {},
                  "uuid": "0fc68e22-8690-48b8-abdf-8089a37fa718",
                  "parentUUID": "fe1c18c0-d87a-423f-aa83-9ec8017059c4",
                  "isHook": false,
                  "skipped": true
                },
                {
                  "title": "Realizar login de Médico com email",
                  "fullTitle": "Login Login com sucesso Realizar login de Médico com email",
                  "timedOut": null,
                  "duration": 0,
                  "state": "skipped",
                  "speed": null,
                  "pass": false,
                  "fail": false,
                  "pending": false,
                  "context": null,
                  "code": "_login.default.loginMedicoComEmail();",
                  "err": {},
                  "uuid": "5d65dded-3a06-4e3b-ac88-7ff54a3ecccb",
                  "parentUUID": "fe1c18c0-d87a-423f-aa83-9ec8017059c4",
                  "isHook": false,
                  "skipped": true
                },
                {
                  "title": "Realizar login de Farmacêutico com email",
                  "fullTitle": "Login Login com sucesso Realizar login de Farmacêutico com email",
                  "timedOut": null,
                  "duration": 0,
                  "state": "skipped",
                  "speed": null,
                  "pass": false,
                  "fail": false,
                  "pending": false,
                  "context": null,
                  "code": "_login.default.loginFarmaceuticoComEmail();",
                  "err": {},
                  "uuid": "fa59046c-7f4c-457a-9dc8-6971eb97c8b0",
                  "parentUUID": "fe1c18c0-d87a-423f-aa83-9ec8017059c4",
                  "isHook": false,
                  "skipped": true
                },
                {
                  "title": "Realizar login de Enfermeiro com email",
                  "fullTitle": "Login Login com sucesso Realizar login de Enfermeiro com email",
                  "timedOut": null,
                  "duration": 0,
                  "state": "skipped",
                  "speed": null,
                  "pass": false,
                  "fail": false,
                  "pending": false,
                  "context": null,
                  "code": "_login.default.loginEnfermeiroComEmail();",
                  "err": {},
                  "uuid": "744b4d04-265d-4fe4-878a-4eecdf1e1e22",
                  "parentUUID": "fe1c18c0-d87a-423f-aa83-9ec8017059c4",
                  "isHook": false,
                  "skipped": true
                },
                {
                  "title": "Realizar login de Nutricionista com email",
                  "fullTitle": "Login Login com sucesso Realizar login de Nutricionista com email",
                  "timedOut": null,
                  "duration": 0,
                  "state": "skipped",
                  "speed": null,
                  "pass": false,
                  "fail": false,
                  "pending": false,
                  "context": null,
                  "code": "_login.default.loginNutricionistaComEmail();",
                  "err": {},
                  "uuid": "5195841e-fb86-40a4-9ff6-02d6224c07c2",
                  "parentUUID": "fe1c18c0-d87a-423f-aa83-9ec8017059c4",
                  "isHook": false,
                  "skipped": true
                },
                {
                  "title": "Realizar login de Fisioterapeuta com email",
                  "fullTitle": "Login Login com sucesso Realizar login de Fisioterapeuta com email",
                  "timedOut": null,
                  "duration": 0,
                  "state": "skipped",
                  "speed": null,
                  "pass": false,
                  "fail": false,
                  "pending": false,
                  "context": null,
                  "code": "_login.default.loginFisioterapeutaComEmail();",
                  "err": {},
                  "uuid": "69cbcd53-cf28-4030-831c-1879c04846c8",
                  "parentUUID": "fe1c18c0-d87a-423f-aa83-9ec8017059c4",
                  "isHook": false,
                  "skipped": true
                }
              ],
              "suites": [],
              "passes": [],
              "failures": [
                "3ed73d55-f5fb-4f41-b5b2-c52173980549"
              ],
              "pending": [],
              "skipped": [
                "cadb3846-5287-4df1-ab8f-94d1cdfef4de",
                "26f001f5-7a64-4c19-9fcf-7467fa384853",
                "41a76790-b4ee-4bf7-ab81-6227db23018e",
                "0fc68e22-8690-48b8-abdf-8089a37fa718",
                "5d65dded-3a06-4e3b-ac88-7ff54a3ecccb",
                "fa59046c-7f4c-457a-9dc8-6971eb97c8b0",
                "744b4d04-265d-4fe4-878a-4eecdf1e1e22",
                "5195841e-fb86-40a4-9ff6-02d6224c07c2",
                "69cbcd53-cf28-4030-831c-1879c04846c8"
              ],
              "duration": 7554,
              "root": false,
              "rootEmpty": false,
              "_timeout": 2000
            },
            {
              "uuid": "d449bbbc-9567-47b2-951d-c05b355c762e",
              "title": "Login sem sucesso",
              "fullFile": "",
              "file": "",
              "beforeHooks": [],
              "afterHooks": [],
              "tests": [
                {
                  "title": "Tentar realizar login sem informar os dados obrigatórios",
                  "fullTitle": "Login Login sem sucesso Tentar realizar login sem informar os dados obrigatórios",
                  "timedOut": null,
                  "duration": 0,
                  "state": "skipped",
                  "speed": null,
                  "pass": false,
                  "fail": false,
                  "pending": false,
                  "context": null,
                  "code": "_login.default.loginSemDadosObrigatorios();",
                  "err": {},
                  "uuid": "7f5864a5-9788-4539-a2f7-1d1c46914a15",
                  "parentUUID": null,
                  "isHook": false,
                  "skipped": true
                },
                {
                  "title": "Tentar realizar login com dados inválidos",
                  "fullTitle": "Login Login sem sucesso Tentar realizar login com dados inválidos",
                  "timedOut": null,
                  "duration": 0,
                  "state": "skipped",
                  "speed": null,
                  "pass": false,
                  "fail": false,
                  "pending": false,
                  "context": null,
                  "code": "_login.default.loginComDadosInvalidos();",
                  "err": {},
                  "uuid": "061ee99c-8bc7-4115-8e03-e9e451d41536",
                  "parentUUID": null,
                  "isHook": false,
                  "skipped": true
                }
              ],
              "suites": [],
              "passes": [],
              "failures": [],
              "pending": [],
              "skipped": [
                "7f5864a5-9788-4539-a2f7-1d1c46914a15",
                "061ee99c-8bc7-4115-8e03-e9e451d41536"
              ],
              "duration": 0,
              "root": false,
              "rootEmpty": false,
              "_timeout": 2000
            }
          ],
          "passes": [],
          "failures": [],
          "pending": [],
          "skipped": [],
          "duration": 0,
          "root": false,
          "rootEmpty": false,
          "_timeout": 2000
        }
      ],
      "passes": [],
      "failures": [],
      "pending": [],
      "skipped": [],
      "duration": 0,
      "root": true,
      "rootEmpty": true,
      "_timeout": 2000
    }
  ],
  "meta": {
    "mocha": {
      "version": "7.0.1"
    },
    "mochawesome": {
      "options": {
        "quiet": true,
        "reportFilename": "mochawesome",
        "saveHtml": false,
        "saveJson": true,
        "consoleReporter": "spec",
        "useInlineDiffs": false,
        "code": true
      },
      "version": "6.3.1"
    },
    "marge": {
      "options": {
        "id": "default",
        "reportDir": "mochawesome-report",
        "quiet": true,
        "overwrite": false,
        "html": false,
        "json": true
      },
      "version": "5.2.0"
    }
  }
}