{
  "stats": {
    "suites": 1,
    "tests": 4,
    "passes": 1,
    "pending": 0,
    "failures": 3,
    "start": "2022-05-05T08:23:59.808Z",
    "end": "2022-05-05T08:25:24.662Z",
    "duration": 84854,
    "testsRegistered": 4,
    "passPercent": 25,
    "pendingPercent": 0,
    "other": 0,
    "hasOther": false,
    "skipped": 0,
    "hasSkipped": false
  },
  "results": [
    {
      "uuid": "b8b60dd8-c08f-4553-8d13-dba0f3fbb3bf",
      "title": "",
      "fullFile": "cypress/integration/calendario.spec.js",
      "file": "cypress/integration/calendario.spec.js",
      "beforeHooks": [],
      "afterHooks": [],
      "tests": [],
      "suites": [
        {
          "uuid": "3ae78ff2-811d-48bc-a239-55184fc773a9",
          "title": "Calendario",
          "fullFile": "",
          "file": "",
          "beforeHooks": [],
          "afterHooks": [],
          "tests": [
            {
              "title": "Acessar evento com data passada, como medico",
              "fullTitle": "Calendario Acessar evento com data passada, como medico",
              "timedOut": null,
              "duration": 31965,
              "state": "failed",
              "speed": null,
              "pass": false,
              "fail": true,
              "pending": false,
              "context": null,
              "code": "_login.default.loginMedico();\ncy.get('.header__menu-links > :nth-child(3) > a').click();\ncy.contains('HipoTalks').click();\ncy.get('.c-text--h1').should('contain', 'HipoTalks');",
              "err": {
                "message": "AssertionError: Timed out retrying after 4000ms: Expected to find content: 'HipoTalks' but never did.",
                "estack": "AssertionError: Timed out retrying after 4000ms: Expected to find content: 'HipoTalks' but never did.\n    at Context.eval (https://stg-cd.sanoficonecta.com.br/__cypress/tests?p=cypress/integration/calendario.spec.js:132:8)",
                "diff": null
              },
              "uuid": "f0e7c4a4-8037-445a-872a-c78d00259fe9",
              "parentUUID": "3ae78ff2-811d-48bc-a239-55184fc773a9",
              "isHook": false,
              "skipped": false
            },
            {
              "title": "Acessar evento com data futura, como medico",
              "fullTitle": "Calendario Acessar evento com data futura, como medico",
              "timedOut": null,
              "duration": 18172,
              "state": "failed",
              "speed": null,
              "pass": false,
              "fail": true,
              "pending": false,
              "context": null,
              "code": "_login.default.loginMedico();\ncy.get('.header__menu-links > :nth-child(3) > a').click();\ncy.contains('Evento Zinpass Eze 2021 - Automação Data Futura').click();\ncy.get('.c-text--h1').should('contain', 'Evento Automação Data Futura');",
              "err": {
                "message": "AssertionError: Timed out retrying after 4000ms: Expected to find content: 'Evento Zinpass Eze 2021 - Automação Data Futura' but never did.",
                "estack": "AssertionError: Timed out retrying after 4000ms: Expected to find content: 'Evento Zinpass Eze 2021 - Automação Data Futura' but never did.\n    at Context.eval (https://stg-cd.sanoficonecta.com.br/__cypress/tests?p=cypress/integration/calendario.spec.js:139:8)",
                "diff": null
              },
              "uuid": "fa01c397-36f2-4eb2-aa0e-f8a8d9463d30",
              "parentUUID": "3ae78ff2-811d-48bc-a239-55184fc773a9",
              "isHook": false,
              "skipped": false
            },
            {
              "title": "Adicionar evento ao calendário, como medico",
              "fullTitle": "Calendario Adicionar evento ao calendário, como medico",
              "timedOut": null,
              "duration": 19071,
              "state": "failed",
              "speed": null,
              "pass": false,
              "fail": true,
              "pending": false,
              "context": null,
              "code": "_login.default.loginMedico();\ncy.get('.header__menu-links > :nth-child(3) > a').click();\ncy.get('#calendar-2021-dezembro > .c-pt-32 > .c-pt-16 > :nth-child(1) > .c-row > .grid-lg-ml-4 > :nth-child(1) > .c-button-align-box > .c-dropdown > .c-button-schedule').click();\ncy.get('.c-dropdown > ul > :nth-child(2)').click(); // Falta validação, na outra aba.",
              "err": {
                "message": "AssertionError: Timed out retrying after 4000ms: Expected to find element: `#calendar-2021-dezembro > .c-pt-32 > .c-pt-16 > :nth-child(1) > .c-row > .grid-lg-ml-4 > :nth-child(1) > .c-button-align-box > .c-dropdown > .c-button-schedule`, but never found it.",
                "estack": "AssertionError: Timed out retrying after 4000ms: Expected to find element: `#calendar-2021-dezembro > .c-pt-32 > .c-pt-16 > :nth-child(1) > .c-row > .grid-lg-ml-4 > :nth-child(1) > .c-button-align-box > .c-dropdown > .c-button-schedule`, but never found it.\n    at Context.eval (https://stg-cd.sanoficonecta.com.br/__cypress/tests?p=cypress/integration/calendario.spec.js:146:8)",
                "diff": null
              },
              "uuid": "f1fb5c24-bb0c-4f4c-ad3c-7ff307e566e4",
              "parentUUID": "3ae78ff2-811d-48bc-a239-55184fc773a9",
              "isHook": false,
              "skipped": false
            },
            {
              "title": "Acessar evento ao vivo, como medico",
              "fullTitle": "Calendario Acessar evento ao vivo, como medico",
              "timedOut": null,
              "duration": 15273,
              "state": "passed",
              "speed": "slow",
              "pass": true,
              "fail": false,
              "pending": false,
              "context": null,
              "code": "_login.default.loginMedico();\ncy.get('.header__menu-links > :nth-child(3) > a').click(); // Falta criar evento ao vivo",
              "err": {},
              "uuid": "17c0684e-9de9-4645-9288-b5a3fa6ade5c",
              "parentUUID": "3ae78ff2-811d-48bc-a239-55184fc773a9",
              "isHook": false,
              "skipped": false
            }
          ],
          "suites": [],
          "passes": [
            "17c0684e-9de9-4645-9288-b5a3fa6ade5c"
          ],
          "failures": [
            "f0e7c4a4-8037-445a-872a-c78d00259fe9",
            "fa01c397-36f2-4eb2-aa0e-f8a8d9463d30",
            "f1fb5c24-bb0c-4f4c-ad3c-7ff307e566e4"
          ],
          "pending": [],
          "skipped": [],
          "duration": 84481,
          "root": false,
          "rootEmpty": false,
          "_timeout": 2000
        }
      ],
      "passes": [],
      "failures": [],
      "pending": [],
      "skipped": [],
      "duration": 0,
      "root": true,
      "rootEmpty": true,
      "_timeout": 2000
    }
  ],
  "meta": {
    "mocha": {
      "version": "7.0.1"
    },
    "mochawesome": {
      "options": {
        "quiet": true,
        "reportFilename": "mochawesome",
        "saveHtml": false,
        "saveJson": true,
        "consoleReporter": "spec",
        "useInlineDiffs": false,
        "code": true
      },
      "version": "6.3.1"
    },
    "marge": {
      "options": {
        "id": "default",
        "reportDir": "mochawesome-report",
        "quiet": true,
        "overwrite": false,
        "html": false,
        "json": true
      },
      "version": "5.2.0"
    }
  }
}