{
  "stats": {
    "suites": 2,
    "tests": 3,
    "passes": 2,
    "pending": 0,
    "failures": 1,
    "start": "2022-09-17T08:25:46.268Z",
    "end": "2022-09-17T08:26:28.310Z",
    "duration": 42042,
    "testsRegistered": 12,
    "passPercent": 16.666666666666664,
    "pendingPercent": 0,
    "other": 0,
    "hasOther": false,
    "skipped": 9,
    "hasSkipped": true
  },
  "results": [
    {
      "uuid": "8ee16dab-33fe-4d23-a455-6708e2c3e515",
      "title": "",
      "fullFile": "cypress/integration/login.spec.js",
      "file": "cypress/integration/login.spec.js",
      "beforeHooks": [],
      "afterHooks": [],
      "tests": [],
      "suites": [
        {
          "uuid": "73633d40-818b-4bb4-a981-cd8436a305da",
          "title": "Login",
          "fullFile": "",
          "file": "",
          "beforeHooks": [],
          "afterHooks": [],
          "tests": [],
          "suites": [
            {
              "uuid": "78c751f4-bf87-4663-b184-c787a0272ecf",
              "title": "Login com sucesso",
              "fullFile": "",
              "file": "",
              "beforeHooks": [],
              "afterHooks": [],
              "tests": [
                {
                  "title": "Realizar login de Médico com número de registro",
                  "fullTitle": "Login Login com sucesso Realizar login de Médico com número de registro",
                  "timedOut": null,
                  "duration": 23768,
                  "state": "passed",
                  "speed": "slow",
                  "pass": true,
                  "fail": false,
                  "pending": false,
                  "context": null,
                  "code": "_login.default.loginMedicoComRegistro();",
                  "err": {},
                  "uuid": "322b38e7-c1a3-4bb6-bde2-ef84ff97223a",
                  "parentUUID": "78c751f4-bf87-4663-b184-c787a0272ecf",
                  "isHook": false,
                  "skipped": false
                },
                {
                  "title": "Realizar login de Farmacêutico com número de registro",
                  "fullTitle": "Login Login com sucesso Realizar login de Farmacêutico com número de registro",
                  "timedOut": null,
                  "duration": 11530,
                  "state": "passed",
                  "speed": "slow",
                  "pass": true,
                  "fail": false,
                  "pending": false,
                  "context": null,
                  "code": "_login.default.loginFarmaceuticoComRegistro();",
                  "err": {},
                  "uuid": "2b8b7e8c-6ac5-4b3a-b9eb-7d0b814ac1fa",
                  "parentUUID": "78c751f4-bf87-4663-b184-c787a0272ecf",
                  "isHook": false,
                  "skipped": false
                },
                {
                  "title": "Realizar login de Enfermeiro com número de registro",
                  "fullTitle": "Login Login com sucesso Realizar login de Enfermeiro com número de registro",
                  "timedOut": null,
                  "duration": 6597,
                  "state": "failed",
                  "speed": null,
                  "pass": false,
                  "fail": true,
                  "pending": false,
                  "context": null,
                  "code": "_login.default.loginEnfermeiroComRegistro();",
                  "err": {
                    "message": "AssertionError: Timed out retrying after 4000ms: Expected to find element: `:nth-child(1) > .form-element > :nth-child(1) > .input-wrapper > .input-wrapper__text-input`, but never found it.\n\nBecause this error occurred during a `before each` hook we are skipping the remaining tests in the current suite: `Login`",
                    "estack": "AssertionError: Timed out retrying after 4000ms: Expected to find element: `:nth-child(1) > .form-element > :nth-child(1) > .input-wrapper > .input-wrapper__text-input`, but never found it.\n\nBecause this error occurred during a `before each` hook we are skipping the remaining tests in the current suite: `Login`\n    at LoginSistema.acessarSistema (https://stg-cd.sanoficonecta.com.br/__cypress/tests?p=cypress/integration/login.spec.js:219:8)\n    at Context.eval (https://stg-cd.sanoficonecta.com.br/__cypress/tests?p=cypress/integration/login.spec.js:126:27)",
                    "diff": null
                  },
                  "uuid": "fc7a7e00-11ca-490f-b559-f91a7c66e0f1",
                  "parentUUID": "78c751f4-bf87-4663-b184-c787a0272ecf",
                  "isHook": false,
                  "skipped": false
                },
                {
                  "title": "Realizar login de Nutricionista com número de registro",
                  "fullTitle": "Login Login com sucesso Realizar login de Nutricionista com número de registro",
                  "timedOut": null,
                  "duration": 0,
                  "state": "skipped",
                  "speed": null,
                  "pass": false,
                  "fail": false,
                  "pending": false,
                  "context": null,
                  "code": "_login.default.loginNutricionistaComRegistro();",
                  "err": {},
                  "uuid": "97ba4b93-fcdc-4dad-805d-0352b89aa871",
                  "parentUUID": "78c751f4-bf87-4663-b184-c787a0272ecf",
                  "isHook": false,
                  "skipped": true
                },
                {
                  "title": "Realizar login de Fisioterapeuta com número de registro",
                  "fullTitle": "Login Login com sucesso Realizar login de Fisioterapeuta com número de registro",
                  "timedOut": null,
                  "duration": 0,
                  "state": "skipped",
                  "speed": null,
                  "pass": false,
                  "fail": false,
                  "pending": false,
                  "context": null,
                  "code": "_login.default.loginFisioterapeutaComRegistro();",
                  "err": {},
                  "uuid": "98231360-76a1-4e5e-96b3-00349f8f5f70",
                  "parentUUID": "78c751f4-bf87-4663-b184-c787a0272ecf",
                  "isHook": false,
                  "skipped": true
                },
                {
                  "title": "Realizar login de Médico com email",
                  "fullTitle": "Login Login com sucesso Realizar login de Médico com email",
                  "timedOut": null,
                  "duration": 0,
                  "state": "skipped",
                  "speed": null,
                  "pass": false,
                  "fail": false,
                  "pending": false,
                  "context": null,
                  "code": "_login.default.loginMedicoComEmail();",
                  "err": {},
                  "uuid": "ee148ae8-021c-4068-be72-329372fa1e81",
                  "parentUUID": "78c751f4-bf87-4663-b184-c787a0272ecf",
                  "isHook": false,
                  "skipped": true
                },
                {
                  "title": "Realizar login de Farmacêutico com email",
                  "fullTitle": "Login Login com sucesso Realizar login de Farmacêutico com email",
                  "timedOut": null,
                  "duration": 0,
                  "state": "skipped",
                  "speed": null,
                  "pass": false,
                  "fail": false,
                  "pending": false,
                  "context": null,
                  "code": "_login.default.loginFarmaceuticoComEmail();",
                  "err": {},
                  "uuid": "dedd2a46-234a-44b5-92eb-ec38101c2531",
                  "parentUUID": "78c751f4-bf87-4663-b184-c787a0272ecf",
                  "isHook": false,
                  "skipped": true
                },
                {
                  "title": "Realizar login de Enfermeiro com email",
                  "fullTitle": "Login Login com sucesso Realizar login de Enfermeiro com email",
                  "timedOut": null,
                  "duration": 0,
                  "state": "skipped",
                  "speed": null,
                  "pass": false,
                  "fail": false,
                  "pending": false,
                  "context": null,
                  "code": "_login.default.loginEnfermeiroComEmail();",
                  "err": {},
                  "uuid": "018aed61-365f-4ed1-9243-954b83a48d42",
                  "parentUUID": "78c751f4-bf87-4663-b184-c787a0272ecf",
                  "isHook": false,
                  "skipped": true
                },
                {
                  "title": "Realizar login de Nutricionista com email",
                  "fullTitle": "Login Login com sucesso Realizar login de Nutricionista com email",
                  "timedOut": null,
                  "duration": 0,
                  "state": "skipped",
                  "speed": null,
                  "pass": false,
                  "fail": false,
                  "pending": false,
                  "context": null,
                  "code": "_login.default.loginNutricionistaComEmail();",
                  "err": {},
                  "uuid": "1cbe302a-5583-4aac-8be7-3355c510a093",
                  "parentUUID": "78c751f4-bf87-4663-b184-c787a0272ecf",
                  "isHook": false,
                  "skipped": true
                },
                {
                  "title": "Realizar login de Fisioterapeuta com email",
                  "fullTitle": "Login Login com sucesso Realizar login de Fisioterapeuta com email",
                  "timedOut": null,
                  "duration": 0,
                  "state": "skipped",
                  "speed": null,
                  "pass": false,
                  "fail": false,
                  "pending": false,
                  "context": null,
                  "code": "_login.default.loginFisioterapeutaComEmail();",
                  "err": {},
                  "uuid": "23aee7f5-2eb5-40e1-b10c-66550964d4ea",
                  "parentUUID": "78c751f4-bf87-4663-b184-c787a0272ecf",
                  "isHook": false,
                  "skipped": true
                }
              ],
              "suites": [],
              "passes": [
                "322b38e7-c1a3-4bb6-bde2-ef84ff97223a",
                "2b8b7e8c-6ac5-4b3a-b9eb-7d0b814ac1fa"
              ],
              "failures": [
                "fc7a7e00-11ca-490f-b559-f91a7c66e0f1"
              ],
              "pending": [],
              "skipped": [
                "97ba4b93-fcdc-4dad-805d-0352b89aa871",
                "98231360-76a1-4e5e-96b3-00349f8f5f70",
                "ee148ae8-021c-4068-be72-329372fa1e81",
                "dedd2a46-234a-44b5-92eb-ec38101c2531",
                "018aed61-365f-4ed1-9243-954b83a48d42",
                "1cbe302a-5583-4aac-8be7-3355c510a093",
                "23aee7f5-2eb5-40e1-b10c-66550964d4ea"
              ],
              "duration": 41895,
              "root": false,
              "rootEmpty": false,
              "_timeout": 2000
            },
            {
              "uuid": "2785b9c1-33bb-4dbc-84ec-f31feb0b37ca",
              "title": "Login sem sucesso",
              "fullFile": "",
              "file": "",
              "beforeHooks": [],
              "afterHooks": [],
              "tests": [
                {
                  "title": "Tentar realizar login sem informar os dados obrigatórios",
                  "fullTitle": "Login Login sem sucesso Tentar realizar login sem informar os dados obrigatórios",
                  "timedOut": null,
                  "duration": 0,
                  "state": "skipped",
                  "speed": null,
                  "pass": false,
                  "fail": false,
                  "pending": false,
                  "context": null,
                  "code": "_login.default.loginSemDadosObrigatorios();",
                  "err": {},
                  "uuid": "3e7bee45-2bed-46e8-981e-0d4202837085",
                  "parentUUID": null,
                  "isHook": false,
                  "skipped": true
                },
                {
                  "title": "Tentar realizar login com dados inválidos",
                  "fullTitle": "Login Login sem sucesso Tentar realizar login com dados inválidos",
                  "timedOut": null,
                  "duration": 0,
                  "state": "skipped",
                  "speed": null,
                  "pass": false,
                  "fail": false,
                  "pending": false,
                  "context": null,
                  "code": "_login.default.loginComDadosInvalidos();",
                  "err": {},
                  "uuid": "85c95c62-d20f-49e0-b6a9-81b4f86f4e9f",
                  "parentUUID": null,
                  "isHook": false,
                  "skipped": true
                }
              ],
              "suites": [],
              "passes": [],
              "failures": [],
              "pending": [],
              "skipped": [
                "3e7bee45-2bed-46e8-981e-0d4202837085",
                "85c95c62-d20f-49e0-b6a9-81b4f86f4e9f"
              ],
              "duration": 0,
              "root": false,
              "rootEmpty": false,
              "_timeout": 2000
            }
          ],
          "passes": [],
          "failures": [],
          "pending": [],
          "skipped": [],
          "duration": 0,
          "root": false,
          "rootEmpty": false,
          "_timeout": 2000
        }
      ],
      "passes": [],
      "failures": [],
      "pending": [],
      "skipped": [],
      "duration": 0,
      "root": true,
      "rootEmpty": true,
      "_timeout": 2000
    }
  ],
  "meta": {
    "mocha": {
      "version": "7.0.1"
    },
    "mochawesome": {
      "options": {
        "quiet": true,
        "reportFilename": "mochawesome",
        "saveHtml": false,
        "saveJson": true,
        "consoleReporter": "spec",
        "useInlineDiffs": false,
        "code": true
      },
      "version": "6.3.1"
    },
    "marge": {
      "options": {
        "id": "default",
        "reportDir": "mochawesome-report",
        "quiet": true,
        "overwrite": false,
        "html": false,
        "json": true
      },
      "version": "5.2.0"
    }
  }
}