{
  "stats": {
    "suites": 1,
    "tests": 7,
    "passes": 4,
    "pending": 0,
    "failures": 3,
    "start": "2021-12-02T08:22:26.388Z",
    "end": "2021-12-02T08:24:00.783Z",
    "duration": 94395,
    "testsRegistered": 7,
    "passPercent": 57.14285714285714,
    "pendingPercent": 0,
    "other": 0,
    "hasOther": false,
    "skipped": 0,
    "hasSkipped": false
  },
  "results": [
    {
      "uuid": "ac19fc19-7482-45b4-9687-887ee66e9880",
      "title": "",
      "fullFile": "cypress/integration/recuperar-senha.js",
      "file": "cypress/integration/recuperar-senha.js",
      "beforeHooks": [],
      "afterHooks": [],
      "tests": [],
      "suites": [
        {
          "uuid": "fd76ae6d-9923-4c99-8607-fec8323bc939",
          "title": "Recuperar Senha",
          "fullFile": "",
          "file": "",
          "beforeHooks": [],
          "afterHooks": [],
          "tests": [
            {
              "title": "Esqueci minha senha",
              "fullTitle": "Recuperar Senha Esqueci minha senha",
              "timedOut": null,
              "duration": 22257,
              "state": "passed",
              "speed": "slow",
              "pass": true,
              "fail": false,
              "pending": false,
              "context": null,
              "code": "cy.get('.menu-profile__indicator').click();\ncy.get('.menu-profile > #menu-profile-panel > .menu-profile__panel-content > .menu-profile__panel-row > #btnLogin').click();\ncy.get('#forgot-pass').click();\ncy.get('#uf').select('SC');\ncy.get('#lf-registro').type('11655');\ncy.get('#sf-email-different').click({\n  force: true\n});\ncy.get('.c-base-modal-content__body > :nth-child(1) > .c-text--h2').should('have.text', 'Esqueci minha senha');",
              "err": {},
              "uuid": "2b2adc27-f38c-4ebc-b0b6-d82758a7bf29",
              "parentUUID": "fd76ae6d-9923-4c99-8607-fec8323bc939",
              "isHook": false,
              "skipped": false
            },
            {
              "title": "Tentar recuperar senha utilizando Número do registro invalido",
              "fullTitle": "Recuperar Senha Tentar recuperar senha utilizando Número do registro invalido",
              "timedOut": null,
              "duration": 8511,
              "state": "passed",
              "speed": "slow",
              "pass": true,
              "fail": false,
              "pending": false,
              "context": null,
              "code": "cy.get('.menu-profile__indicator').click();\ncy.get('.menu-profile > #menu-profile-panel > .menu-profile__panel-content > .menu-profile__panel-row > #btnLogin').click();\ncy.get('#forgot-pass').click();\ncy.get('#uf').select('SC');\ncy.get('#lf-registro').type('7777');\ncy.get('#sf-email-different').click({\n  force: true\n});\ncy.get('#generic-error').should('have.text', 'Registro não localizado');",
              "err": {},
              "uuid": "241906f3-865c-4d6b-b813-87d59f7ee462",
              "parentUUID": "fd76ae6d-9923-4c99-8607-fec8323bc939",
              "isHook": false,
              "skipped": false
            },
            {
              "title": "Reenviar email de recuperacao de senha",
              "fullTitle": "Recuperar Senha Reenviar email de recuperacao de senha",
              "timedOut": null,
              "duration": 9592,
              "state": "passed",
              "speed": "slow",
              "pass": true,
              "fail": false,
              "pending": false,
              "context": null,
              "code": "cy.get('.menu-profile__indicator').click();\ncy.get('.menu-profile > #menu-profile-panel > .menu-profile__panel-content > .menu-profile__panel-row > #btnLogin').click();\ncy.get('#forgot-pass').click();\ncy.get('#uf').select('SC');\ncy.get('#lf-registro').type('11655');\ncy.get('#sf-email-different').click({\n  force: true\n});\ncy.get('.c-base-modal-content__body > :nth-child(1) > .c-text--h2').should('have.text', 'Esqueci minha senha');\ncy.get('#lf-resend-mail').click();\ncy.get('#lf-resend-mail').should('have.text', 'E-mail enviado!');",
              "err": {},
              "uuid": "ce9f2819-c608-43ba-a956-9e11afdfa369",
              "parentUUID": "fd76ae6d-9923-4c99-8607-fec8323bc939",
              "isHook": false,
              "skipped": false
            },
            {
              "title": "Alterar email de recuperacao de senha",
              "fullTitle": "Recuperar Senha Alterar email de recuperacao de senha",
              "timedOut": null,
              "duration": 16229,
              "state": "failed",
              "speed": null,
              "pass": false,
              "fail": true,
              "pending": false,
              "context": null,
              "code": "cy.get('.menu-profile__indicator').click();\ncy.get('.menu-profile > #menu-profile-panel > .menu-profile__panel-content > .menu-profile__panel-row > #btnLogin').click();\ncy.get('#forgot-pass').click();\ncy.get('#hcp-type').select('Farmacêutico (CRF)');\ncy.get('#uf').select('RS');\ncy.get('#lf-registro').type('1234');\ncy.get('#sf-email-different').click({\n  force: true\n});\ncy.get('.c-base-modal-content__body > :nth-child(1) > .c-text--h2').should('have.text', 'Esqueci minha senha');\ncy.get('.c-base-modal-content__body > :nth-child(8) > span').click({\n  force: true\n});\ncy.get('.c-text--h2 > strong').should('have.text', 'Habilitar novo Email');\ncy.get('#sf-phone').type('489977777777');\ncy.get('.c-base-modal-content__paper').click();\ncy.get('#lf-email').type('medicorenovaemail@servidor.com');\ncy.get('#sf-continue-validation').click();\ncy.get('.c-base-modal-content__body > :nth-child(1) > .c-text--h2').should('have.text', 'Esqueci minha senha');",
              "err": {
                "message": "CypressError: Timed out retrying after 4050ms: `cy.click()` failed because this element is `disabled`:\n\n`<button type=\"button\" class=\"c-base-modal-content__button\" id=\"sf-continue-validation\" disabled=\"disabled\">Habilit...</button>`\n\nFix this problem, or use `{force: true}` to disable error checking.\n\nhttps://on.cypress.io/element-cannot-be-interacted-with",
                "estack": "CypressError: Timed out retrying after 4050ms: `cy.click()` failed because this element is `disabled`:\n\n`<button type=\"button\" class=\"c-base-modal-content__button\" id=\"sf-continue-validation\" disabled=\"disabled\">Habilit...</button>`\n\nFix this problem, or use `{force: true}` to disable error checking.\n\nhttps://on.cypress.io/element-cannot-be-interacted-with\n    at $Cy.ensureNotDisabled (https://stg-cd.sanoficonecta.com.br/__cypress/runner/cypress_runner.js:144000:24)\n    at runAllChecks (https://stg-cd.sanoficonecta.com.br/__cypress/runner/cypress_runner.js:132645:14)\n    at retryActionability (https://stg-cd.sanoficonecta.com.br/__cypress/runner/cypress_runner.js:132719:16)\n    at tryCatcher (https://stg-cd.sanoficonecta.com.br/__cypress/runner/cypress_runner.js:10798:23)\n    at Function.Promise.attempt.Promise.try (https://stg-cd.sanoficonecta.com.br/__cypress/runner/cypress_runner.js:8072:29)\n    at tryFn (https://stg-cd.sanoficonecta.com.br/__cypress/runner/cypress_runner.js:148863:21)\n    at whenStable (https://stg-cd.sanoficonecta.com.br/__cypress/runner/cypress_runner.js:148901:12)\n    at https://stg-cd.sanoficonecta.com.br/__cypress/runner/cypress_runner.js:148393:16\n    at tryCatcher (https://stg-cd.sanoficonecta.com.br/__cypress/runner/cypress_runner.js:10798:23)\n    at Promise._settlePromiseFromHandler (https://stg-cd.sanoficonecta.com.br/__cypress/runner/cypress_runner.js:8733:31)\n    at Promise._settlePromise (https://stg-cd.sanoficonecta.com.br/__cypress/runner/cypress_runner.js:8790:18)\n    at Promise._settlePromise0 (https://stg-cd.sanoficonecta.com.br/__cypress/runner/cypress_runner.js:8835:10)\n    at Promise._settlePromises (https://stg-cd.sanoficonecta.com.br/__cypress/runner/cypress_runner.js:8915:18)\n    at Promise._fulfill (https://stg-cd.sanoficonecta.com.br/__cypress/runner/cypress_runner.js:8859:18)\n    at https://stg-cd.sanoficonecta.com.br/__cypress/runner/cypress_runner.js:10473:46\nFrom Your Spec Code:\n    at Context.eval (https://stg-cd.sanoficonecta.com.br/__cypress/tests?p=cypress/integration/recuperar-senha.js:181:39)",
                "diff": null
              },
              "uuid": "16488572-941d-4152-b4f7-6c5cadd8d36c",
              "parentUUID": "fd76ae6d-9923-4c99-8607-fec8323bc939",
              "isHook": false,
              "skipped": false
            },
            {
              "title": "Tentar alterar email de recuperacao de senha utilizando Email invalido",
              "fullTitle": "Recuperar Senha Tentar alterar email de recuperacao de senha utilizando Email invalido",
              "timedOut": null,
              "duration": 12727,
              "state": "failed",
              "speed": null,
              "pass": false,
              "fail": true,
              "pending": false,
              "context": null,
              "code": "cy.get('.menu-profile__indicator').click();\ncy.get('.menu-profile > #menu-profile-panel > .menu-profile__panel-content > .menu-profile__panel-row > #btnLogin').click();\ncy.get('#forgot-pass').click();\ncy.get('#hcp-type').select('Farmacêutico (CRF)');\ncy.get('#uf').select('RS');\ncy.get('#lf-registro').type('1234');\ncy.get('#sf-email-different').click({\n  force: true\n});\ncy.get('.c-base-modal-content__body > :nth-child(1) > .c-text--h2').should('have.text', 'Esqueci minha senha');\ncy.get('.c-base-modal-content__body > :nth-child(8) > span').click({\n  force: true\n});\ncy.get('.c-text--h2 > strong').should('have.text', 'Habilitar novo Email');\ncy.get('#sf-phone').type('489977777777');\ncy.get('#lf-email').type('ABc123@teste');\ncy.get('#sf-continue-validation').click();\ncy.get('.c-base-modal__text-error').should('have.text', 'Email inválido');",
              "err": {
                "message": "CypressError: `cy.type()` failed because it targeted a disabled element.\n\nThe element typed into was:\n\n  > <input id=\"lf-email\" name=\"lf-email\" type=\"email\" pattern=\"[a-zA-Z0-9._%+-]+@[a-zA-Z0-9.-]+\\.[a-zA-Z]{2,}$\" required=\"required\" class=\"c-base-modal__input\">\n\nEnsure the element does not have an attribute named `disabled` before typing into it.\n\nhttps://on.cypress.io/type",
                "estack": "CypressError: `cy.type()` failed because it targeted a disabled element.\n\nThe element typed into was:\n\n  > <input id=\"lf-email\" name=\"lf-email\" type=\"email\" pattern=\"[a-zA-Z0-9._%+-]+@[a-zA-Z0-9.-]+\\.[a-zA-Z]{2,}$\" required=\"required\" class=\"c-base-modal__input\">\n\nEnsure the element does not have an attribute named `disabled` before typing into it.\n\nhttps://on.cypress.io/type\n    at https://stg-cd.sanoficonecta.com.br/__cypress/runner/cypress_runner.js:136604:27\n    at tryCatcher (https://stg-cd.sanoficonecta.com.br/__cypress/runner/cypress_runner.js:10798:23)\n    at Promise._settlePromiseFromHandler (https://stg-cd.sanoficonecta.com.br/__cypress/runner/cypress_runner.js:8733:31)\n    at Promise._settlePromise (https://stg-cd.sanoficonecta.com.br/__cypress/runner/cypress_runner.js:8790:18)\n    at Promise._settlePromise0 (https://stg-cd.sanoficonecta.com.br/__cypress/runner/cypress_runner.js:8835:10)\n    at Promise._settlePromises (https://stg-cd.sanoficonecta.com.br/__cypress/runner/cypress_runner.js:8915:18)\n    at _drainQueueStep (https://stg-cd.sanoficonecta.com.br/__cypress/runner/cypress_runner.js:5505:12)\n    at _drainQueue (https://stg-cd.sanoficonecta.com.br/__cypress/runner/cypress_runner.js:5498:9)\n    at Async.../../node_modules/bluebird/js/release/async.js.Async._drainQueues (https://stg-cd.sanoficonecta.com.br/__cypress/runner/cypress_runner.js:5514:5)\n    at Async.drainQueues (https://stg-cd.sanoficonecta.com.br/__cypress/runner/cypress_runner.js:5384:14)\nFrom Your Spec Code:\n    at Context.eval (https://stg-cd.sanoficonecta.com.br/__cypress/tests?p=cypress/integration/recuperar-senha.js:200:25)",
                "diff": null
              },
              "uuid": "bc4f4910-40bf-4545-87cc-ac1f5848ea04",
              "parentUUID": "fd76ae6d-9923-4c99-8607-fec8323bc939",
              "isHook": false,
              "skipped": false
            },
            {
              "title": "Tentar alterar email de recuperacao de senha utilizando Email ja existente",
              "fullTitle": "Recuperar Senha Tentar alterar email de recuperacao de senha utilizando Email ja existente",
              "timedOut": null,
              "duration": 16445,
              "state": "failed",
              "speed": null,
              "pass": false,
              "fail": true,
              "pending": false,
              "context": null,
              "code": "cy.get('.menu-profile__indicator').click();\ncy.get('.menu-profile > #menu-profile-panel > .menu-profile__panel-content > .menu-profile__panel-row > #btnLogin').click();\ncy.get('#forgot-pass').click();\ncy.get('#hcp-type').select('Farmacêutico (CRF)');\ncy.get('#uf').select('RS');\ncy.get('#lf-registro').type('1234');\ncy.get('#sf-email-different').click({\n  force: true\n});\ncy.get('.c-base-modal-content__body > :nth-child(1) > .c-text--h2').should('have.text', 'Esqueci minha senha');\ncy.get('.c-base-modal-content__body > :nth-child(8) > span').click({\n  force: true\n});\ncy.get('.c-text--h2 > strong').should('have.text', 'Habilitar novo Email');\ncy.get('#sf-phone').type('489977777777');\ncy.get('.c-base-modal-content__paper').click();\ncy.get('#lf-email').type('maria@teste.com');\ncy.get('#sf-continue-validation').click();\ncy.get('.c-base-modal__text-error').should('have.text', 'Já existe um usuário com este e-mail');",
              "err": {
                "message": "CypressError: Timed out retrying after 4000ms: `cy.type()` failed because this element is detached from the DOM.\n\n`<input id=\"lf-email\" name=\"lf-email\" type=\"email\" pattern=\"[a-zA-Z0-9._%+-]+@[a-zA-Z0-9.-]+\\.[a-zA-Z]{2,}$\" required=\"required\" class=\"c-base-modal__input\">`\n\nCypress requires elements be attached in the DOM to interact with them.\n\nThe previous command that ran was:\n\n  > `cy.get()`\n\nThis DOM element likely became detached somewhere between the previous and current command.\n\nCommon situations why this happens:\n  - Your JS framework re-rendered asynchronously\n  - Your app code reacted to an event firing and removed the element\n\nYou typically need to re-query for the element or add 'guards' which delay Cypress from running new commands.\n\nhttps://on.cypress.io/element-has-detached-from-dom",
                "estack": "CypressError: Timed out retrying after 4000ms: `cy.type()` failed because this element is detached from the DOM.\n\n`<input id=\"lf-email\" name=\"lf-email\" type=\"email\" pattern=\"[a-zA-Z0-9._%+-]+@[a-zA-Z0-9.-]+\\.[a-zA-Z]{2,}$\" required=\"required\" class=\"c-base-modal__input\">`\n\nCypress requires elements be attached in the DOM to interact with them.\n\nThe previous command that ran was:\n\n  > `cy.get()`\n\nThis DOM element likely became detached somewhere between the previous and current command.\n\nCommon situations why this happens:\n  - Your JS framework re-rendered asynchronously\n  - Your app code reacted to an event firing and removed the element\n\nYou typically need to re-query for the element or add 'guards' which delay Cypress from running new commands.\n\nhttps://on.cypress.io/element-has-detached-from-dom\n    at $Cy.ensureAttached (https://stg-cd.sanoficonecta.com.br/__cypress/runner/cypress_runner.js:144054:24)\n    at runAllChecks (https://stg-cd.sanoficonecta.com.br/__cypress/runner/cypress_runner.js:132642:12)\n    at retryActionability (https://stg-cd.sanoficonecta.com.br/__cypress/runner/cypress_runner.js:132719:16)\n    at tryCatcher (https://stg-cd.sanoficonecta.com.br/__cypress/runner/cypress_runner.js:10798:23)\n    at Function.Promise.attempt.Promise.try (https://stg-cd.sanoficonecta.com.br/__cypress/runner/cypress_runner.js:8072:29)\n    at tryFn (https://stg-cd.sanoficonecta.com.br/__cypress/runner/cypress_runner.js:148863:21)\n    at whenStable (https://stg-cd.sanoficonecta.com.br/__cypress/runner/cypress_runner.js:148901:12)\n    at https://stg-cd.sanoficonecta.com.br/__cypress/runner/cypress_runner.js:148393:16\n    at tryCatcher (https://stg-cd.sanoficonecta.com.br/__cypress/runner/cypress_runner.js:10798:23)\n    at Promise._settlePromiseFromHandler (https://stg-cd.sanoficonecta.com.br/__cypress/runner/cypress_runner.js:8733:31)\n    at Promise._settlePromise (https://stg-cd.sanoficonecta.com.br/__cypress/runner/cypress_runner.js:8790:18)\n    at Promise._settlePromise0 (https://stg-cd.sanoficonecta.com.br/__cypress/runner/cypress_runner.js:8835:10)\n    at Promise._settlePromises (https://stg-cd.sanoficonecta.com.br/__cypress/runner/cypress_runner.js:8915:18)\n    at Promise._fulfill (https://stg-cd.sanoficonecta.com.br/__cypress/runner/cypress_runner.js:8859:18)\n    at https://stg-cd.sanoficonecta.com.br/__cypress/runner/cypress_runner.js:10473:46\nFrom Your Spec Code:\n    at Context.eval (https://stg-cd.sanoficonecta.com.br/__cypress/tests?p=cypress/integration/recuperar-senha.js:221:25)",
                "diff": null
              },
              "uuid": "cc92792c-d545-49b1-8e29-fde67a4e7604",
              "parentUUID": "fd76ae6d-9923-4c99-8607-fec8323bc939",
              "isHook": false,
              "skipped": false
            },
            {
              "title": "Verificar obrigatoriedade dos campos UF e Registro ao Recuperar senha",
              "fullTitle": "Recuperar Senha Verificar obrigatoriedade dos campos UF e Registro ao Recuperar senha",
              "timedOut": null,
              "duration": 8271,
              "state": "passed",
              "speed": "slow",
              "pass": true,
              "fail": false,
              "pending": false,
              "context": null,
              "code": "cy.get('.menu-profile__indicator').click();\ncy.get('.menu-profile > #menu-profile-panel > .menu-profile__panel-content > .menu-profile__panel-row > #btnLogin').click();\ncy.get('#forgot-pass').click();\ncy.get('#sf-email-different').click({\n  force: true\n});\ncy.get('#uf-error').should('have.text', 'Escolher Estado');\ncy.get('#registro-error').should('have.text', 'Favor informar seu número de registro');",
              "err": {},
              "uuid": "b5e6091c-5463-4c3f-97f0-11b348ffc848",
              "parentUUID": "fd76ae6d-9923-4c99-8607-fec8323bc939",
              "isHook": false,
              "skipped": false
            }
          ],
          "suites": [],
          "passes": [
            "2b2adc27-f38c-4ebc-b0b6-d82758a7bf29",
            "241906f3-865c-4d6b-b813-87d59f7ee462",
            "ce9f2819-c608-43ba-a956-9e11afdfa369",
            "b5e6091c-5463-4c3f-97f0-11b348ffc848"
          ],
          "failures": [
            "16488572-941d-4152-b4f7-6c5cadd8d36c",
            "bc4f4910-40bf-4545-87cc-ac1f5848ea04",
            "cc92792c-d545-49b1-8e29-fde67a4e7604"
          ],
          "pending": [],
          "skipped": [],
          "duration": 94032,
          "root": false,
          "rootEmpty": false,
          "_timeout": 2000
        }
      ],
      "passes": [],
      "failures": [],
      "pending": [],
      "skipped": [],
      "duration": 0,
      "root": true,
      "rootEmpty": true,
      "_timeout": 2000
    }
  ],
  "meta": {
    "mocha": {
      "version": "7.0.1"
    },
    "mochawesome": {
      "options": {
        "quiet": true,
        "reportFilename": "mochawesome",
        "saveHtml": false,
        "saveJson": true,
        "consoleReporter": "spec",
        "useInlineDiffs": false,
        "code": true
      },
      "version": "6.3.1"
    },
    "marge": {
      "options": {
        "id": "default",
        "reportDir": "mochawesome-report",
        "quiet": true,
        "overwrite": false,
        "html": false,
        "json": true
      },
      "version": "5.2.0"
    }
  }
}