{
  "stats": {
    "suites": 5,
    "tests": 7,
    "passes": 4,
    "pending": 0,
    "failures": 3,
    "start": "2021-10-23T08:12:49.497Z",
    "end": "2021-10-23T08:14:05.958Z",
    "duration": 76461,
    "testsRegistered": 8,
    "passPercent": 50,
    "pendingPercent": 0,
    "other": 0,
    "hasOther": false,
    "skipped": 1,
    "hasSkipped": true
  },
  "results": [
    {
      "uuid": "5bfa3674-80e2-4dd7-b6dc-46122d63120b",
      "title": "",
      "fullFile": "cypress/integration/busca.spec.js",
      "file": "cypress/integration/busca.spec.js",
      "beforeHooks": [],
      "afterHooks": [],
      "tests": [],
      "suites": [
        {
          "uuid": "15fa9fc2-cbfa-4823-b90d-06e80e5b4103",
          "title": "Busca com usuário deslogado",
          "fullFile": "",
          "file": "",
          "beforeHooks": [],
          "afterHooks": [],
          "tests": [],
          "suites": [
            {
              "uuid": "d7912b56-d293-40c7-8e42-ae0d7326d15c",
              "title": "Busca com sucesso",
              "fullFile": "",
              "file": "",
              "beforeHooks": [],
              "afterHooks": [],
              "tests": [
                {
                  "title": "Realizar uma busca pelo nome completo do termo",
                  "fullTitle": "Busca com usuário deslogado Busca com sucesso Realizar uma busca pelo nome completo do termo",
                  "timedOut": null,
                  "duration": 26993,
                  "state": "passed",
                  "speed": "slow",
                  "pass": true,
                  "fail": false,
                  "pending": false,
                  "context": null,
                  "code": "_busca.default.BuscaDeslogadoHeaderComResultado();",
                  "err": {},
                  "uuid": "a4411fe0-ef35-4abf-bc3e-fa271f78475f",
                  "parentUUID": "d7912b56-d293-40c7-8e42-ae0d7326d15c",
                  "isHook": false,
                  "skipped": false
                },
                {
                  "title": "Realizar uma busca por parte do nome do termo",
                  "fullTitle": "Busca com usuário deslogado Busca com sucesso Realizar uma busca por parte do nome do termo",
                  "timedOut": null,
                  "duration": 5050,
                  "state": "failed",
                  "speed": null,
                  "pass": false,
                  "fail": true,
                  "pending": false,
                  "context": null,
                  "code": "_busca.default.BuscaParteNomeTermo();",
                  "err": {
                    "message": "AssertionError: Timed out retrying after 4000ms: Expected to find element: `body > div:nth-child(2) > div:nth-child(1) > div:nth-child(1) > div:nth-child(1) > div:nth-child(3) > div:nth-child(1) > div:nth-child(1) > div:nth-child(2) > div:nth-child(1) > a:nth-child(2)`, but never found it.",
                    "estack": "AssertionError: Timed out retrying after 4000ms: Expected to find element: `body > div:nth-child(2) > div:nth-child(1) > div:nth-child(1) > div:nth-child(1) > div:nth-child(3) > div:nth-child(1) > div:nth-child(1) > div:nth-child(2) > div:nth-child(1) > a:nth-child(2)`, but never found it.\n    at BuscaParteNomeTermo (https://stg-cd.sanoficonecta.com.br/__cypress/tests?p=cypress/integration/busca.spec.js:238:39)\n    at Context.eval (https://stg-cd.sanoficonecta.com.br/__cypress/tests?p=cypress/integration/busca.spec.js:138:22)",
                    "diff": null
                  },
                  "uuid": "d0fbd112-dd07-484d-a9b6-87cd010b53ce",
                  "parentUUID": "d7912b56-d293-40c7-8e42-ae0d7326d15c",
                  "isHook": false,
                  "skipped": false
                },
                {
                  "title": "Realizar uma busca por termo utilizando traço",
                  "fullTitle": "Busca com usuário deslogado Busca com sucesso Realizar uma busca por termo utilizando traço",
                  "timedOut": null,
                  "duration": 5105,
                  "state": "failed",
                  "speed": null,
                  "pass": false,
                  "fail": true,
                  "pending": false,
                  "context": null,
                  "code": "_busca.default.BuscaPorTermoComTraco();",
                  "err": {
                    "message": "AssertionError: Timed out retrying after 4000ms: Expected to find element: `body > div:nth-child(2) > div:nth-child(1) > div:nth-child(1) > div:nth-child(1) > div:nth-child(3) > div:nth-child(1) > div:nth-child(1) > div:nth-child(2) > div:nth-child(1) > a:nth-child(2)`, but never found it.",
                    "estack": "AssertionError: Timed out retrying after 4000ms: Expected to find element: `body > div:nth-child(2) > div:nth-child(1) > div:nth-child(1) > div:nth-child(1) > div:nth-child(3) > div:nth-child(1) > div:nth-child(1) > div:nth-child(2) > div:nth-child(1) > a:nth-child(2)`, but never found it.\n    at BuscaPorTermoComTraco (https://stg-cd.sanoficonecta.com.br/__cypress/tests?p=cypress/integration/busca.spec.js:252:39)\n    at Context.eval (https://stg-cd.sanoficonecta.com.br/__cypress/tests?p=cypress/integration/busca.spec.js:141:22)",
                    "diff": null
                  },
                  "uuid": "f2a144c0-c596-46fc-85d4-ce95c8a572d5",
                  "parentUUID": "d7912b56-d293-40c7-8e42-ae0d7326d15c",
                  "isHook": false,
                  "skipped": false
                },
                {
                  "title": "Realizar uma busca por termo utilizando acentuação e preposição",
                  "fullTitle": "Busca com usuário deslogado Busca com sucesso Realizar uma busca por termo utilizando acentuação e preposição",
                  "timedOut": null,
                  "duration": 1861,
                  "state": "passed",
                  "speed": "slow",
                  "pass": true,
                  "fail": false,
                  "pending": false,
                  "context": null,
                  "code": "_busca.default.BuscaPorTermoComAcentuacaoePreposicao();",
                  "err": {},
                  "uuid": "168bdb42-1053-4c0a-83e0-a10986615242",
                  "parentUUID": "d7912b56-d293-40c7-8e42-ae0d7326d15c",
                  "isHook": false,
                  "skipped": false
                }
              ],
              "suites": [],
              "passes": [
                "a4411fe0-ef35-4abf-bc3e-fa271f78475f",
                "168bdb42-1053-4c0a-83e0-a10986615242"
              ],
              "failures": [
                "d0fbd112-dd07-484d-a9b6-87cd010b53ce",
                "f2a144c0-c596-46fc-85d4-ce95c8a572d5"
              ],
              "pending": [],
              "skipped": [],
              "duration": 39009,
              "root": false,
              "rootEmpty": false,
              "_timeout": 2000
            },
            {
              "uuid": "b6620f57-1d66-4dae-99d5-4c33c6c533d0",
              "title": "Busca sem sucesso",
              "fullFile": "",
              "file": "",
              "beforeHooks": [],
              "afterHooks": [],
              "tests": [
                {
                  "title": "Realizar uma busca por termo inexistente",
                  "fullTitle": "Busca com usuário deslogado Busca sem sucesso Realizar uma busca por termo inexistente",
                  "timedOut": null,
                  "duration": 1414,
                  "state": "passed",
                  "speed": "slow",
                  "pass": true,
                  "fail": false,
                  "pending": false,
                  "context": null,
                  "code": "_busca.default.BuscaDeslogadoHeaderSemResultado();",
                  "err": {},
                  "uuid": "9b1265a0-4fdd-4374-9705-d930a6fd0d83",
                  "parentUUID": "b6620f57-1d66-4dae-99d5-4c33c6c533d0",
                  "isHook": false,
                  "skipped": false
                },
                {
                  "title": "Realizar uma busca vazia",
                  "fullTitle": "Busca com usuário deslogado Busca sem sucesso Realizar uma busca vazia",
                  "timedOut": null,
                  "duration": 800,
                  "state": "passed",
                  "speed": "slow",
                  "pass": true,
                  "fail": false,
                  "pending": false,
                  "context": null,
                  "code": "_busca.default.BuscaVaziaDeslogado();",
                  "err": {},
                  "uuid": "025c4d84-7862-4437-9a12-bf8feb109c40",
                  "parentUUID": "b6620f57-1d66-4dae-99d5-4c33c6c533d0",
                  "isHook": false,
                  "skipped": false
                }
              ],
              "suites": [],
              "passes": [
                "9b1265a0-4fdd-4374-9705-d930a6fd0d83",
                "025c4d84-7862-4437-9a12-bf8feb109c40"
              ],
              "failures": [],
              "pending": [],
              "skipped": [],
              "duration": 2214,
              "root": false,
              "rootEmpty": false,
              "_timeout": 2000
            },
            {
              "uuid": "2f40d3e5-a085-4351-90cd-953f84e3e135",
              "title": "Busca com usuário logado como Médico",
              "fullFile": "",
              "file": "",
              "beforeHooks": [],
              "afterHooks": [],
              "tests": [],
              "suites": [
                {
                  "uuid": "171993f0-7a2e-4c90-b568-7e08dd91702c",
                  "title": "Busca com sucesso",
                  "fullFile": "",
                  "file": "",
                  "beforeHooks": [],
                  "afterHooks": [],
                  "tests": [
                    {
                      "title": "Realizar uma busca pelo nome completo do termo",
                      "fullTitle": "Busca com usuário deslogado Busca com usuário logado como Médico Busca com sucesso Realizar uma busca pelo nome completo do termo",
                      "timedOut": null,
                      "duration": 5194,
                      "state": "failed",
                      "speed": null,
                      "pass": false,
                      "fail": true,
                      "pending": false,
                      "context": null,
                      "code": "_busca.default.BuscaDeslogadoHeaderComResultado();",
                      "err": {
                        "message": "CypressError: Timed out retrying after 4050ms: `cy.select()` failed because this element is not visible:\n\n`<select id=\"uf\" name=\"UF\" class=\"c-base-modal__select\">...</select>`\n\nThis element `<select#uf.c-base-modal__select>` is not visible because it has CSS property: `position: fixed` and it's being covered by another element:\n\n`<div class=\"QSIWebResponsiveDialog-Layout1-SI_2awlkX1xR3gTnNQ_content QSIWebResponsiveDialog-Layout1-SI_2awlkX1xR3gTnNQ_content-medium QSIWebResponsiveDialog-Layout1-SI_2awlkX1xR3gTnNQ_border-radius-slightly-rounded QSIWebResponsiveDialog-Layout1-SI_2awlkX1xR3gTnNQ_drop-shadow-light\" role=\"dialog\" aria-modal=\"true\" aria-labelledby=\"QSIWebResponsiveDialog-Layout1-SI_2awlkX1xR3gTnNQ-headline\" aria-describedby=\"QSIWebResponsiveDialog-Layout1-SI_2awlkX1xR3gTnNQ-description\" style=\"background-color: rgb(255, 255, 255); opacity: 1; transition: transform 1s ease 0s, opacity 0.5s ease 0s;\">...</div>`\n\nFix this problem, or use `{force: true}` to disable error checking.\n\nhttps://on.cypress.io/element-cannot-be-interacted-with\n\nBecause this error occurred during a `before each` hook we are skipping the remaining tests in the current suite: `Busca com usuário logado co...`",
                        "estack": "CypressError: Timed out retrying after 4050ms: `cy.select()` failed because this element is not visible:\n\n`<select id=\"uf\" name=\"UF\" class=\"c-base-modal__select\">...</select>`\n\nThis element `<select#uf.c-base-modal__select>` is not visible because it has CSS property: `position: fixed` and it's being covered by another element:\n\n`<div class=\"QSIWebResponsiveDialog-Layout1-SI_2awlkX1xR3gTnNQ_content QSIWebResponsiveDialog-Layout1-SI_2awlkX1xR3gTnNQ_content-medium QSIWebResponsiveDialog-Layout1-SI_2awlkX1xR3gTnNQ_border-radius-slightly-rounded QSIWebResponsiveDialog-Layout1-SI_2awlkX1xR3gTnNQ_drop-shadow-light\" role=\"dialog\" aria-modal=\"true\" aria-labelledby=\"QSIWebResponsiveDialog-Layout1-SI_2awlkX1xR3gTnNQ-headline\" aria-describedby=\"QSIWebResponsiveDialog-Layout1-SI_2awlkX1xR3gTnNQ-description\" style=\"background-color: rgb(255, 255, 255); opacity: 1; transition: transform 1s ease 0s, opacity 0.5s ease 0s;\">...</div>`\n\nFix this problem, or use `{force: true}` to disable error checking.\n\nhttps://on.cypress.io/element-cannot-be-interacted-with\n\nBecause this error occurred during a `before each` hook we are skipping the remaining tests in the current suite: `Busca com usuário logado co...`\n    at $Cy.ensureVisibility (https://stg-cd.sanoficonecta.com.br/__cypress/runner/cypress_runner.js:144037:24)\n    at runAllChecks (https://stg-cd.sanoficonecta.com.br/__cypress/runner/cypress_runner.js:132665:14)\n    at retryActionability (https://stg-cd.sanoficonecta.com.br/__cypress/runner/cypress_runner.js:132719:16)\n    at tryCatcher (https://stg-cd.sanoficonecta.com.br/__cypress/runner/cypress_runner.js:10798:23)\n    at Function.Promise.attempt.Promise.try (https://stg-cd.sanoficonecta.com.br/__cypress/runner/cypress_runner.js:8072:29)\n    at tryFn (https://stg-cd.sanoficonecta.com.br/__cypress/runner/cypress_runner.js:148863:21)\n    at whenStable (https://stg-cd.sanoficonecta.com.br/__cypress/runner/cypress_runner.js:148901:12)\n    at https://stg-cd.sanoficonecta.com.br/__cypress/runner/cypress_runner.js:148393:16\n    at tryCatcher (https://stg-cd.sanoficonecta.com.br/__cypress/runner/cypress_runner.js:10798:23)\n    at Promise._settlePromiseFromHandler (https://stg-cd.sanoficonecta.com.br/__cypress/runner/cypress_runner.js:8733:31)\n    at Promise._settlePromise (https://stg-cd.sanoficonecta.com.br/__cypress/runner/cypress_runner.js:8790:18)\n    at Promise._settlePromise0 (https://stg-cd.sanoficonecta.com.br/__cypress/runner/cypress_runner.js:8835:10)\n    at Promise._settlePromises (https://stg-cd.sanoficonecta.com.br/__cypress/runner/cypress_runner.js:8915:18)\n    at Promise._fulfill (https://stg-cd.sanoficonecta.com.br/__cypress/runner/cypress_runner.js:8859:18)\n    at https://stg-cd.sanoficonecta.com.br/__cypress/runner/cypress_runner.js:10473:46\nFrom Your Spec Code:\n    at Login.loginMedicoComRegistro (https://stg-cd.sanoficonecta.com.br/__cypress/tests?p=cypress/integration/busca.spec.js:397:29)\n    at Context.eval (https://stg-cd.sanoficonecta.com.br/__cypress/tests?p=cypress/integration/busca.spec.js:157:22)",
                        "diff": null
                      },
                      "uuid": "9a2e265b-2052-4d01-823a-9e5fc0e52154",
                      "parentUUID": "171993f0-7a2e-4c90-b568-7e08dd91702c",
                      "isHook": false,
                      "skipped": false
                    }
                  ],
                  "suites": [],
                  "passes": [],
                  "failures": [
                    "9a2e265b-2052-4d01-823a-9e5fc0e52154"
                  ],
                  "pending": [],
                  "skipped": [],
                  "duration": 5194,
                  "root": false,
                  "rootEmpty": false,
                  "_timeout": 2000
                },
                {
                  "uuid": "3e80d2f9-f0ef-41b2-9523-01308d0ac6f9",
                  "title": "Busca sem sucesso",
                  "fullFile": "",
                  "file": "",
                  "beforeHooks": [],
                  "afterHooks": [],
                  "tests": [
                    {
                      "title": "Realizar uma busca por termo inexistente",
                      "fullTitle": "Busca com usuário deslogado Busca com usuário logado como Médico Busca sem sucesso Realizar uma busca por termo inexistente",
                      "timedOut": null,
                      "duration": 0,
                      "state": "skipped",
                      "speed": null,
                      "pass": false,
                      "fail": false,
                      "pending": false,
                      "context": null,
                      "code": "_busca.default.BuscaDeslogadoHeaderSemResultado();",
                      "err": {},
                      "uuid": "97e4f5b1-3232-4c11-8169-f9b27e6d2fb5",
                      "parentUUID": null,
                      "isHook": false,
                      "skipped": true
                    }
                  ],
                  "suites": [],
                  "passes": [],
                  "failures": [],
                  "pending": [],
                  "skipped": [
                    "97e4f5b1-3232-4c11-8169-f9b27e6d2fb5"
                  ],
                  "duration": 0,
                  "root": false,
                  "rootEmpty": false,
                  "_timeout": 2000
                }
              ],
              "passes": [],
              "failures": [],
              "pending": [],
              "skipped": [],
              "duration": 0,
              "root": false,
              "rootEmpty": false,
              "_timeout": 2000
            }
          ],
          "passes": [],
          "failures": [],
          "pending": [],
          "skipped": [],
          "duration": 0,
          "root": false,
          "rootEmpty": false,
          "_timeout": 2000
        }
      ],
      "passes": [],
      "failures": [],
      "pending": [],
      "skipped": [],
      "duration": 0,
      "root": true,
      "rootEmpty": true,
      "_timeout": 2000
    }
  ],
  "meta": {
    "mocha": {
      "version": "7.0.1"
    },
    "mochawesome": {
      "options": {
        "quiet": true,
        "reportFilename": "mochawesome",
        "saveHtml": false,
        "saveJson": true,
        "consoleReporter": "spec",
        "useInlineDiffs": false,
        "code": true
      },
      "version": "6.3.1"
    },
    "marge": {
      "options": {
        "id": "default",
        "reportDir": "mochawesome-report",
        "quiet": true,
        "overwrite": false,
        "html": false,
        "json": true
      },
      "version": "5.2.0"
    }
  }
}