{
  "stats": {
    "suites": 2,
    "tests": 2,
    "passes": 1,
    "pending": 0,
    "failures": 1,
    "start": "2022-09-23T08:26:26.071Z",
    "end": "2022-09-23T08:26:53.751Z",
    "duration": 27680,
    "testsRegistered": 12,
    "passPercent": 8.333333333333332,
    "pendingPercent": 0,
    "other": 0,
    "hasOther": false,
    "skipped": 10,
    "hasSkipped": true
  },
  "results": [
    {
      "uuid": "3cdc46ff-9f0c-40f3-8390-e777a01c7cb6",
      "title": "",
      "fullFile": "cypress/integration/login.spec.js",
      "file": "cypress/integration/login.spec.js",
      "beforeHooks": [],
      "afterHooks": [],
      "tests": [],
      "suites": [
        {
          "uuid": "85f4da9b-6513-4d53-ad78-58c734faca8d",
          "title": "Login",
          "fullFile": "",
          "file": "",
          "beforeHooks": [],
          "afterHooks": [],
          "tests": [],
          "suites": [
            {
              "uuid": "e57e53a7-24cd-4c7c-8903-8301a0844c87",
              "title": "Login com sucesso",
              "fullFile": "",
              "file": "",
              "beforeHooks": [],
              "afterHooks": [],
              "tests": [
                {
                  "title": "Realizar login de Médico com número de registro",
                  "fullTitle": "Login Login com sucesso Realizar login de Médico com número de registro",
                  "timedOut": null,
                  "duration": 20567,
                  "state": "passed",
                  "speed": "slow",
                  "pass": true,
                  "fail": false,
                  "pending": false,
                  "context": null,
                  "code": "_login.default.loginMedicoComRegistro();",
                  "err": {},
                  "uuid": "1117c047-59cc-4031-b970-888881fb21af",
                  "parentUUID": "e57e53a7-24cd-4c7c-8903-8301a0844c87",
                  "isHook": false,
                  "skipped": false
                },
                {
                  "title": "Realizar login de Farmacêutico com número de registro",
                  "fullTitle": "Login Login com sucesso Realizar login de Farmacêutico com número de registro",
                  "timedOut": null,
                  "duration": 6939,
                  "state": "failed",
                  "speed": null,
                  "pass": false,
                  "fail": true,
                  "pending": false,
                  "context": null,
                  "code": "_login.default.loginFarmaceuticoComRegistro();",
                  "err": {
                    "message": "AssertionError: Timed out retrying after 4000ms: Expected to find element: `:nth-child(1) > .form-element > :nth-child(1) > .input-wrapper > .input-wrapper__text-input`, but never found it.\n\nBecause this error occurred during a `before each` hook we are skipping the remaining tests in the current suite: `Login`",
                    "estack": "AssertionError: Timed out retrying after 4000ms: Expected to find element: `:nth-child(1) > .form-element > :nth-child(1) > .input-wrapper > .input-wrapper__text-input`, but never found it.\n\nBecause this error occurred during a `before each` hook we are skipping the remaining tests in the current suite: `Login`\n    at LoginSistema.acessarSistema (https://stg-cd.sanoficonecta.com.br/__cypress/tests?p=cypress/integration/login.spec.js:219:8)\n    at Context.eval (https://stg-cd.sanoficonecta.com.br/__cypress/tests?p=cypress/integration/login.spec.js:126:27)",
                    "diff": null
                  },
                  "uuid": "38a0ee10-60c0-49a8-9f51-22e1cbc1823c",
                  "parentUUID": "e57e53a7-24cd-4c7c-8903-8301a0844c87",
                  "isHook": false,
                  "skipped": false
                },
                {
                  "title": "Realizar login de Enfermeiro com número de registro",
                  "fullTitle": "Login Login com sucesso Realizar login de Enfermeiro com número de registro",
                  "timedOut": null,
                  "duration": 0,
                  "state": "skipped",
                  "speed": null,
                  "pass": false,
                  "fail": false,
                  "pending": false,
                  "context": null,
                  "code": "_login.default.loginEnfermeiroComRegistro();",
                  "err": {},
                  "uuid": "4dea022c-2f37-4c62-858e-ad5187fafe75",
                  "parentUUID": "e57e53a7-24cd-4c7c-8903-8301a0844c87",
                  "isHook": false,
                  "skipped": true
                },
                {
                  "title": "Realizar login de Nutricionista com número de registro",
                  "fullTitle": "Login Login com sucesso Realizar login de Nutricionista com número de registro",
                  "timedOut": null,
                  "duration": 0,
                  "state": "skipped",
                  "speed": null,
                  "pass": false,
                  "fail": false,
                  "pending": false,
                  "context": null,
                  "code": "_login.default.loginNutricionistaComRegistro();",
                  "err": {},
                  "uuid": "47139cae-5190-407d-b748-e17a1b3a3bc5",
                  "parentUUID": "e57e53a7-24cd-4c7c-8903-8301a0844c87",
                  "isHook": false,
                  "skipped": true
                },
                {
                  "title": "Realizar login de Fisioterapeuta com número de registro",
                  "fullTitle": "Login Login com sucesso Realizar login de Fisioterapeuta com número de registro",
                  "timedOut": null,
                  "duration": 0,
                  "state": "skipped",
                  "speed": null,
                  "pass": false,
                  "fail": false,
                  "pending": false,
                  "context": null,
                  "code": "_login.default.loginFisioterapeutaComRegistro();",
                  "err": {},
                  "uuid": "d904dbf3-b93b-47ac-b8bf-4fb4f1c3c244",
                  "parentUUID": "e57e53a7-24cd-4c7c-8903-8301a0844c87",
                  "isHook": false,
                  "skipped": true
                },
                {
                  "title": "Realizar login de Médico com email",
                  "fullTitle": "Login Login com sucesso Realizar login de Médico com email",
                  "timedOut": null,
                  "duration": 0,
                  "state": "skipped",
                  "speed": null,
                  "pass": false,
                  "fail": false,
                  "pending": false,
                  "context": null,
                  "code": "_login.default.loginMedicoComEmail();",
                  "err": {},
                  "uuid": "6646bb39-1bb9-4686-91f4-a9242bb581b5",
                  "parentUUID": "e57e53a7-24cd-4c7c-8903-8301a0844c87",
                  "isHook": false,
                  "skipped": true
                },
                {
                  "title": "Realizar login de Farmacêutico com email",
                  "fullTitle": "Login Login com sucesso Realizar login de Farmacêutico com email",
                  "timedOut": null,
                  "duration": 0,
                  "state": "skipped",
                  "speed": null,
                  "pass": false,
                  "fail": false,
                  "pending": false,
                  "context": null,
                  "code": "_login.default.loginFarmaceuticoComEmail();",
                  "err": {},
                  "uuid": "6f14b50a-e2c8-4c56-8930-8e2e951c707e",
                  "parentUUID": "e57e53a7-24cd-4c7c-8903-8301a0844c87",
                  "isHook": false,
                  "skipped": true
                },
                {
                  "title": "Realizar login de Enfermeiro com email",
                  "fullTitle": "Login Login com sucesso Realizar login de Enfermeiro com email",
                  "timedOut": null,
                  "duration": 0,
                  "state": "skipped",
                  "speed": null,
                  "pass": false,
                  "fail": false,
                  "pending": false,
                  "context": null,
                  "code": "_login.default.loginEnfermeiroComEmail();",
                  "err": {},
                  "uuid": "fdc67448-d0c3-44a3-b2d9-1cf3f1414eea",
                  "parentUUID": "e57e53a7-24cd-4c7c-8903-8301a0844c87",
                  "isHook": false,
                  "skipped": true
                },
                {
                  "title": "Realizar login de Nutricionista com email",
                  "fullTitle": "Login Login com sucesso Realizar login de Nutricionista com email",
                  "timedOut": null,
                  "duration": 0,
                  "state": "skipped",
                  "speed": null,
                  "pass": false,
                  "fail": false,
                  "pending": false,
                  "context": null,
                  "code": "_login.default.loginNutricionistaComEmail();",
                  "err": {},
                  "uuid": "12fafb49-2570-4cd2-8988-bc4c2ab2d297",
                  "parentUUID": "e57e53a7-24cd-4c7c-8903-8301a0844c87",
                  "isHook": false,
                  "skipped": true
                },
                {
                  "title": "Realizar login de Fisioterapeuta com email",
                  "fullTitle": "Login Login com sucesso Realizar login de Fisioterapeuta com email",
                  "timedOut": null,
                  "duration": 0,
                  "state": "skipped",
                  "speed": null,
                  "pass": false,
                  "fail": false,
                  "pending": false,
                  "context": null,
                  "code": "_login.default.loginFisioterapeutaComEmail();",
                  "err": {},
                  "uuid": "d17d5d8b-3d4e-4aa8-a819-16943147cbc0",
                  "parentUUID": "e57e53a7-24cd-4c7c-8903-8301a0844c87",
                  "isHook": false,
                  "skipped": true
                }
              ],
              "suites": [],
              "passes": [
                "1117c047-59cc-4031-b970-888881fb21af"
              ],
              "failures": [
                "38a0ee10-60c0-49a8-9f51-22e1cbc1823c"
              ],
              "pending": [],
              "skipped": [
                "4dea022c-2f37-4c62-858e-ad5187fafe75",
                "47139cae-5190-407d-b748-e17a1b3a3bc5",
                "d904dbf3-b93b-47ac-b8bf-4fb4f1c3c244",
                "6646bb39-1bb9-4686-91f4-a9242bb581b5",
                "6f14b50a-e2c8-4c56-8930-8e2e951c707e",
                "fdc67448-d0c3-44a3-b2d9-1cf3f1414eea",
                "12fafb49-2570-4cd2-8988-bc4c2ab2d297",
                "d17d5d8b-3d4e-4aa8-a819-16943147cbc0"
              ],
              "duration": 27506,
              "root": false,
              "rootEmpty": false,
              "_timeout": 2000
            },
            {
              "uuid": "a9be9e21-d3d0-4297-bc68-c60b97bbe1b8",
              "title": "Login sem sucesso",
              "fullFile": "",
              "file": "",
              "beforeHooks": [],
              "afterHooks": [],
              "tests": [
                {
                  "title": "Tentar realizar login sem informar os dados obrigatórios",
                  "fullTitle": "Login Login sem sucesso Tentar realizar login sem informar os dados obrigatórios",
                  "timedOut": null,
                  "duration": 0,
                  "state": "skipped",
                  "speed": null,
                  "pass": false,
                  "fail": false,
                  "pending": false,
                  "context": null,
                  "code": "_login.default.loginSemDadosObrigatorios();",
                  "err": {},
                  "uuid": "da1d3021-e95e-4b13-829d-d8d06daeb65e",
                  "parentUUID": null,
                  "isHook": false,
                  "skipped": true
                },
                {
                  "title": "Tentar realizar login com dados inválidos",
                  "fullTitle": "Login Login sem sucesso Tentar realizar login com dados inválidos",
                  "timedOut": null,
                  "duration": 0,
                  "state": "skipped",
                  "speed": null,
                  "pass": false,
                  "fail": false,
                  "pending": false,
                  "context": null,
                  "code": "_login.default.loginComDadosInvalidos();",
                  "err": {},
                  "uuid": "cf66a799-e94a-49dc-a2fd-de09fc61e882",
                  "parentUUID": null,
                  "isHook": false,
                  "skipped": true
                }
              ],
              "suites": [],
              "passes": [],
              "failures": [],
              "pending": [],
              "skipped": [
                "da1d3021-e95e-4b13-829d-d8d06daeb65e",
                "cf66a799-e94a-49dc-a2fd-de09fc61e882"
              ],
              "duration": 0,
              "root": false,
              "rootEmpty": false,
              "_timeout": 2000
            }
          ],
          "passes": [],
          "failures": [],
          "pending": [],
          "skipped": [],
          "duration": 0,
          "root": false,
          "rootEmpty": false,
          "_timeout": 2000
        }
      ],
      "passes": [],
      "failures": [],
      "pending": [],
      "skipped": [],
      "duration": 0,
      "root": true,
      "rootEmpty": true,
      "_timeout": 2000
    }
  ],
  "meta": {
    "mocha": {
      "version": "7.0.1"
    },
    "mochawesome": {
      "options": {
        "quiet": true,
        "reportFilename": "mochawesome",
        "saveHtml": false,
        "saveJson": true,
        "consoleReporter": "spec",
        "useInlineDiffs": false,
        "code": true
      },
      "version": "6.3.1"
    },
    "marge": {
      "options": {
        "id": "default",
        "reportDir": "mochawesome-report",
        "quiet": true,
        "overwrite": false,
        "html": false,
        "json": true
      },
      "version": "5.2.0"
    }
  }
}