{
  "stats": {
    "suites": 1,
    "tests": 1,
    "passes": 0,
    "pending": 0,
    "failures": 1,
    "start": "2023-12-21T08:14:01.794Z",
    "end": "2023-12-21T08:14:02.862Z",
    "duration": 1068,
    "testsRegistered": 4,
    "passPercent": 0,
    "pendingPercent": 0,
    "other": 0,
    "hasOther": false,
    "skipped": 3,
    "hasSkipped": true
  },
  "results": [
    {
      "uuid": "12bab4ff-e176-4318-a328-210f2dc279e5",
      "title": "",
      "fullFile": "cypress/integration/calendario.spec.js",
      "file": "cypress/integration/calendario.spec.js",
      "beforeHooks": [],
      "afterHooks": [],
      "tests": [],
      "suites": [
        {
          "uuid": "799ed86c-8344-4785-a966-93973efc5c21",
          "title": "Calendario",
          "fullFile": "",
          "file": "",
          "beforeHooks": [],
          "afterHooks": [],
          "tests": [
            {
              "title": "Acessar evento com data passada, como medico",
              "fullTitle": "Calendario Acessar evento com data passada, como medico",
              "timedOut": null,
              "duration": 1033,
              "state": "failed",
              "speed": null,
              "pass": false,
              "fail": true,
              "pending": false,
              "context": null,
              "code": "_login.default.loginMedico();\ncy.get('.header__menu-links > :nth-child(3) > a').click();\ncy.contains('HipoTalks').click();\ncy.get('.c-text--h1').should('contain', 'HipoTalks');",
              "err": {
                "message": "CypressError: `cy.visit()` failed trying to load:\n\nhttps://stg-cd.sanoficonecta.com.br/\n\nThe response we received from your web server was:\n\n  > 403: Forbidden\n\nThis was considered a failure because the status code was not `2xx`.\n\nIf you do not want status codes to cause failures pass the option: `failOnStatusCode: false`\n\nBecause this error occurred during a `before each` hook we are skipping all of the remaining tests.",
                "estack": "CypressError: `cy.visit()` failed trying to load:\n\nhttps://stg-cd.sanoficonecta.com.br/\n\nThe response we received from your web server was:\n\n  > 403: Forbidden\n\nThis was considered a failure because the status code was not `2xx`.\n\nIf you do not want status codes to cause failures pass the option: `failOnStatusCode: false`\n\nBecause this error occurred during a `before each` hook we are skipping all of the remaining tests.\n    at https://stg-cd.sanoficonecta.com.br/__cypress/runner/cypress_runner.js:140508:25\n    at visitFailedByErr (https://stg-cd.sanoficonecta.com.br/__cypress/runner/cypress_runner.js:139883:12)\n    at https://stg-cd.sanoficonecta.com.br/__cypress/runner/cypress_runner.js:140488:13\n    at tryCatcher (https://stg-cd.sanoficonecta.com.br/__cypress/runner/cypress_runner.js:10798:23)\n    at Promise._settlePromiseFromHandler (https://stg-cd.sanoficonecta.com.br/__cypress/runner/cypress_runner.js:8733:31)\n    at Promise._settlePromise (https://stg-cd.sanoficonecta.com.br/__cypress/runner/cypress_runner.js:8790:18)\n    at Promise._settlePromise0 (https://stg-cd.sanoficonecta.com.br/__cypress/runner/cypress_runner.js:8835:10)\n    at Promise._settlePromises (https://stg-cd.sanoficonecta.com.br/__cypress/runner/cypress_runner.js:8911:18)\n    at _drainQueueStep (https://stg-cd.sanoficonecta.com.br/__cypress/runner/cypress_runner.js:5505:12)\n    at _drainQueue (https://stg-cd.sanoficonecta.com.br/__cypress/runner/cypress_runner.js:5498:9)\n    at Async.../../node_modules/bluebird/js/release/async.js.Async._drainQueues (https://stg-cd.sanoficonecta.com.br/__cypress/runner/cypress_runner.js:5514:5)\n    at Async.drainQueues (https://stg-cd.sanoficonecta.com.br/__cypress/runner/cypress_runner.js:5384:14)\nFrom Your Spec Code:\n    at LoginSistema.acessarSistema (https://stg-cd.sanoficonecta.com.br/__cypress/tests?p=cypress/integration/calendario.spec.js:202:8)\n    at Context.eval (https://stg-cd.sanoficonecta.com.br/__cypress/tests?p=cypress/integration/calendario.spec.js:125:25)",
                "diff": null
              },
              "uuid": "b7a34b98-60d1-45dd-a746-1f6de826b3f1",
              "parentUUID": "799ed86c-8344-4785-a966-93973efc5c21",
              "isHook": false,
              "skipped": false
            },
            {
              "title": "Acessar evento com data futura, como medico",
              "fullTitle": "Calendario Acessar evento com data futura, como medico",
              "timedOut": null,
              "duration": 0,
              "state": "skipped",
              "speed": null,
              "pass": false,
              "fail": false,
              "pending": false,
              "context": null,
              "code": "_login.default.loginMedico();\ncy.get('.header__menu-links > :nth-child(3) > a').click();\ncy.contains('Evento Zinpass Eze 2021 - Automação Data Futura').click();\ncy.get('.c-text--h1').should('contain', 'Evento Automação Data Futura');",
              "err": {},
              "uuid": "dde006e0-a50c-491f-9e91-60d7727bd8f8",
              "parentUUID": "799ed86c-8344-4785-a966-93973efc5c21",
              "isHook": false,
              "skipped": true
            },
            {
              "title": "Adicionar evento ao calendário, como medico",
              "fullTitle": "Calendario Adicionar evento ao calendário, como medico",
              "timedOut": null,
              "duration": 0,
              "state": "skipped",
              "speed": null,
              "pass": false,
              "fail": false,
              "pending": false,
              "context": null,
              "code": "_login.default.loginMedico();\ncy.get('.header__menu-links > :nth-child(3) > a').click();\ncy.get('#calendar-2021-dezembro > .c-pt-32 > .c-pt-16 > :nth-child(1) > .c-row > .grid-lg-ml-4 > :nth-child(1) > .c-button-align-box > .c-dropdown > .c-button-schedule').click();\ncy.get('.c-dropdown > ul > :nth-child(2)').click(); // Falta validação, na outra aba.",
              "err": {},
              "uuid": "32214c39-d8b3-4b31-9139-a0d85318998c",
              "parentUUID": "799ed86c-8344-4785-a966-93973efc5c21",
              "isHook": false,
              "skipped": true
            },
            {
              "title": "Acessar evento ao vivo, como medico",
              "fullTitle": "Calendario Acessar evento ao vivo, como medico",
              "timedOut": null,
              "duration": 0,
              "state": "skipped",
              "speed": null,
              "pass": false,
              "fail": false,
              "pending": false,
              "context": null,
              "code": "_login.default.loginMedico();\ncy.get('.header__menu-links > :nth-child(3) > a').click(); // Falta criar evento ao vivo",
              "err": {},
              "uuid": "6286e1a4-f0be-4f31-b96e-ca97c20721c3",
              "parentUUID": "799ed86c-8344-4785-a966-93973efc5c21",
              "isHook": false,
              "skipped": true
            }
          ],
          "suites": [],
          "passes": [],
          "failures": [
            "b7a34b98-60d1-45dd-a746-1f6de826b3f1"
          ],
          "pending": [],
          "skipped": [
            "dde006e0-a50c-491f-9e91-60d7727bd8f8",
            "32214c39-d8b3-4b31-9139-a0d85318998c",
            "6286e1a4-f0be-4f31-b96e-ca97c20721c3"
          ],
          "duration": 1033,
          "root": false,
          "rootEmpty": false,
          "_timeout": 2000
        }
      ],
      "passes": [],
      "failures": [],
      "pending": [],
      "skipped": [],
      "duration": 0,
      "root": true,
      "rootEmpty": true,
      "_timeout": 2000
    }
  ],
  "meta": {
    "mocha": {
      "version": "7.0.1"
    },
    "mochawesome": {
      "options": {
        "quiet": true,
        "reportFilename": "mochawesome",
        "saveHtml": false,
        "saveJson": true,
        "consoleReporter": "spec",
        "useInlineDiffs": false,
        "code": true
      },
      "version": "6.3.1"
    },
    "marge": {
      "options": {
        "id": "default",
        "reportDir": "mochawesome-report",
        "quiet": true,
        "overwrite": false,
        "html": false,
        "json": true
      },
      "version": "5.2.0"
    }
  }
}