{
  "stats": {
    "suites": 1,
    "tests": 10,
    "passes": 4,
    "pending": 0,
    "failures": 6,
    "start": "2022-02-21T08:24:48.694Z",
    "end": "2022-02-21T08:28:24.108Z",
    "duration": 215414,
    "testsRegistered": 10,
    "passPercent": 40,
    "pendingPercent": 0,
    "other": 0,
    "hasOther": false,
    "skipped": 0,
    "hasSkipped": false
  },
  "results": [
    {
      "uuid": "8114d7f7-d8a2-4809-9c14-f3c1e79a80d7",
      "title": "",
      "fullFile": "cypress/integration/meu-perfil.spec.js",
      "file": "cypress/integration/meu-perfil.spec.js",
      "beforeHooks": [],
      "afterHooks": [],
      "tests": [],
      "suites": [
        {
          "uuid": "50db03b9-a888-4daa-8b29-1880fa7a3556",
          "title": "Meu Perfil",
          "fullFile": "",
          "file": "",
          "beforeHooks": [],
          "afterHooks": [],
          "tests": [
            {
              "title": "Alterar senha",
              "fullTitle": "Meu Perfil Alterar senha",
              "timedOut": null,
              "duration": 32736,
              "state": "failed",
              "speed": null,
              "pass": false,
              "fail": true,
              "pending": false,
              "context": null,
              "code": "_login.default.loginMedico();\n_meuPerfil.default.AcessarMinhaConta();\ncy.get('.c-my-profile__section-form-buttons > .c-my-profile__button').click();\ncy.get('.modal-change-password__form > :nth-child(1) > .form-element > :nth-child(1) > .input-wrapper > .input-wrapper__text-input').type('123456');\ncy.get('.modal-change-password__form > :nth-child(2) > .form-element > :nth-child(1) > .input-wrapper > .input-wrapper__text-input').type('123456');\ncy.get('.modal-change-password__form-buttons > button').click({\n  force: true\n});\ncy.get('.grid-lg-11 > .c-text').should('have.text', 'Dados alterados com sucesso');",
              "err": {
                "message": "AssertionError: Timed out retrying after 4000ms: Expected to find element: `.c-my-profile__section-form-buttons > .c-my-profile__button`, but never found it.",
                "estack": "AssertionError: Timed out retrying after 4000ms: Expected to find element: `.c-my-profile__section-form-buttons > .c-my-profile__button`, but never found it.\n    at Context.eval (https://stg-cd.sanoficonecta.com.br/__cypress/tests?p=cypress/integration/meu-perfil.spec.js:135:8)",
                "diff": null
              },
              "uuid": "e4ad045c-2687-41d4-b733-cd911a47f9b7",
              "parentUUID": "50db03b9-a888-4daa-8b29-1880fa7a3556",
              "isHook": false,
              "skipped": false
            },
            {
              "title": "Tentar alterar senha, utilizando uma senha com menos de seis caracteres",
              "fullTitle": "Meu Perfil Tentar alterar senha, utilizando uma senha com menos de seis caracteres",
              "timedOut": null,
              "duration": 18387,
              "state": "failed",
              "speed": null,
              "pass": false,
              "fail": true,
              "pending": false,
              "context": null,
              "code": "_login.default.loginMedico();\n_meuPerfil.default.AcessarMinhaConta();\ncy.get('.c-my-profile__section-form-buttons > .c-my-profile__button').click();\ncy.get('.modal-change-password__form > :nth-child(1) > .form-element > :nth-child(1) > .input-wrapper > .input-wrapper__text-input').type('123');\ncy.contains('Senha inválida').should('have.text', 'Senha inválida');",
              "err": {
                "message": "AssertionError: Timed out retrying after 4000ms: Expected to find element: `.c-my-profile__section-form-buttons > .c-my-profile__button`, but never found it.",
                "estack": "AssertionError: Timed out retrying after 4000ms: Expected to find element: `.c-my-profile__section-form-buttons > .c-my-profile__button`, but never found it.\n    at Context.eval (https://stg-cd.sanoficonecta.com.br/__cypress/tests?p=cypress/integration/meu-perfil.spec.js:148:8)",
                "diff": null
              },
              "uuid": "b9a93f73-ecb6-4281-a673-d6566376d4ee",
              "parentUUID": "50db03b9-a888-4daa-8b29-1880fa7a3556",
              "isHook": false,
              "skipped": false
            },
            {
              "title": "Tentar alterar senha, utilizando a senha de confirmação diferente",
              "fullTitle": "Meu Perfil Tentar alterar senha, utilizando a senha de confirmação diferente",
              "timedOut": null,
              "duration": 18879,
              "state": "failed",
              "speed": null,
              "pass": false,
              "fail": true,
              "pending": false,
              "context": null,
              "code": "_login.default.loginMedico();\n_meuPerfil.default.AcessarMinhaConta();\ncy.get('.c-my-profile__section-form-buttons > .c-my-profile__button').click();\ncy.get('.modal-change-password__form > :nth-child(1) > .form-element > :nth-child(1) > .input-wrapper > .input-wrapper__text-input').type('Teste@123');\ncy.get('.modal-change-password__form > :nth-child(2) > .form-element > :nth-child(1) > .input-wrapper > .input-wrapper__text-input').type('Teste@999');\ncy.get('.modal-change-password__form-buttons > button').click({\n  force: true\n});\ncy.contains('Os Passwords digitados estão diferentes.').should('have.text', 'Os Passwords digitados estão diferentes.');",
              "err": {
                "message": "AssertionError: Timed out retrying after 4000ms: Expected to find element: `.c-my-profile__section-form-buttons > .c-my-profile__button`, but never found it.",
                "estack": "AssertionError: Timed out retrying after 4000ms: Expected to find element: `.c-my-profile__section-form-buttons > .c-my-profile__button`, but never found it.\n    at Context.eval (https://stg-cd.sanoficonecta.com.br/__cypress/tests?p=cypress/integration/meu-perfil.spec.js:157:8)",
                "diff": null
              },
              "uuid": "401c2c76-f0d6-40ff-85fc-c1f9b42d44b8",
              "parentUUID": "50db03b9-a888-4daa-8b29-1880fa7a3556",
              "isHook": false,
              "skipped": false
            },
            {
              "title": "Alterar numero do celular",
              "fullTitle": "Meu Perfil Alterar numero do celular",
              "timedOut": null,
              "duration": 17216,
              "state": "passed",
              "speed": "slow",
              "pass": true,
              "fail": false,
              "pending": false,
              "context": null,
              "code": "_login.default.loginMedico();\n_meuPerfil.default.AcessarMinhaConta();\ncy.get(':nth-child(3) > .form-element > :nth-child(1) > .input-wrapper > .input-wrapper__text-input').clear().type('51987165588{enter}');\ncy.get(':nth-child(2) > #profile').click(); // Falta validacão, pois não temos um feedback ao salvar a alteração.",
              "err": {},
              "uuid": "918a25c9-cc11-4075-aa2d-c1d91ad3771f",
              "parentUUID": "50db03b9-a888-4daa-8b29-1880fa7a3556",
              "isHook": false,
              "skipped": false
            },
            {
              "title": "Alterar numero do celular utilizando um numero inválido",
              "fullTitle": "Meu Perfil Alterar numero do celular utilizando um numero inválido",
              "timedOut": null,
              "duration": 18143,
              "state": "passed",
              "speed": "slow",
              "pass": true,
              "fail": false,
              "pending": false,
              "context": null,
              "code": "_login.default.loginMedico();\n_meuPerfil.default.AcessarMinhaConta();\ncy.get(':nth-child(3) > .form-element > :nth-child(1) > .input-wrapper > .input-wrapper__text-input').clear().type('00111111111{enter}');\ncy.get(':nth-child(3) > .form-element > .form-element__error-message').should('have.text', 'Celular inválido');",
              "err": {},
              "uuid": "7b2d91b7-8552-4e35-877a-2d5ff88a83ad",
              "parentUUID": "50db03b9-a888-4daa-8b29-1880fa7a3556",
              "isHook": false,
              "skipped": false
            },
            {
              "title": "Alterar email",
              "fullTitle": "Meu Perfil Alterar email",
              "timedOut": null,
              "duration": 18594,
              "state": "passed",
              "speed": "slow",
              "pass": true,
              "fail": false,
              "pending": false,
              "context": null,
              "code": "_login.default.loginMedico();\n_meuPerfil.default.AcessarMinhaConta();\ncy.get(':nth-child(4) > .form-element > :nth-child(1) > .input-wrapper > .input-wrapper__text-input').clear().type('medico04@teste.com.br{enter}');",
              "err": {},
              "uuid": "26a37e7a-07ba-4980-acba-ed779a1cc933",
              "parentUUID": "50db03b9-a888-4daa-8b29-1880fa7a3556",
              "isHook": false,
              "skipped": false
            },
            {
              "title": "Alterar email utilizando email inválido",
              "fullTitle": "Meu Perfil Alterar email utilizando email inválido",
              "timedOut": null,
              "duration": 18712,
              "state": "passed",
              "speed": "slow",
              "pass": true,
              "fail": false,
              "pending": false,
              "context": null,
              "code": "_login.default.loginMedico();\n_meuPerfil.default.AcessarMinhaConta();\ncy.get(':nth-child(4) > .form-element > :nth-child(1) > .input-wrapper > .input-wrapper__text-input').clear().type('testemedico{enter}');\ncy.get(':nth-child(2) > #profile').click();\ncy.get(':nth-child(4) > .form-element > .form-element__error-message').should('have.text', 'E-mail inválido');",
              "err": {},
              "uuid": "cca1587b-3801-4f3d-a397-399eb1a33afc",
              "parentUUID": "50db03b9-a888-4daa-8b29-1880fa7a3556",
              "isHook": false,
              "skipped": false
            },
            {
              "title": "Tentar alterar email ja existente",
              "fullTitle": "Meu Perfil Tentar alterar email ja existente",
              "timedOut": null,
              "duration": 23611,
              "state": "failed",
              "speed": null,
              "pass": false,
              "fail": true,
              "pending": false,
              "context": null,
              "code": "_login.default.loginMedico();\n_meuPerfil.default.AcessarMinhaConta();\ncy.get(':nth-child(4) > .form-element > :nth-child(1) > .input-wrapper > .input-wrapper__text-input').clear().type('testemedico@grr.la{enter}');\ncy.wait(2000);\ncy.get('.c-my-profile__save-container--btn').click(); // Falta validacão, pois não temos um feedback ao salvar a alteração.\ncy.get('.header__profile').click();\ncy.get('.menu-drawer__signout > span').click();",
              "err": {
                "message": "AssertionError: Timed out retrying after 4000ms: Expected to find element: `.c-my-profile__save-container--btn`, but never found it.",
                "estack": "AssertionError: Timed out retrying after 4000ms: Expected to find element: `.c-my-profile__save-container--btn`, but never found it.\n    at Context.eval (https://stg-cd.sanoficonecta.com.br/__cypress/tests?p=cypress/integration/meu-perfil.spec.js:204:8)",
                "diff": null
              },
              "uuid": "7ee845b9-ccd8-4d7b-be33-da436280f253",
              "parentUUID": "50db03b9-a888-4daa-8b29-1880fa7a3556",
              "isHook": false,
              "skipped": false
            },
            {
              "title": "Adicionar Interesse e Especialidade para usuário perfil de médico",
              "fullTitle": "Meu Perfil Adicionar Interesse e Especialidade para usuário perfil de médico",
              "timedOut": null,
              "duration": 23944,
              "state": "failed",
              "speed": null,
              "pass": false,
              "fail": true,
              "pending": false,
              "context": null,
              "code": "_login.default.loginMedico();\n_meuPerfil.default.AcessarMinhaConta();\ncy.get(':nth-child(3) > #profile > .grid-md-10 > .c-accordion-item__title-text > .c-my-profile__section-error').click();\ncy.get('#expertiseprimary').select('Endoscopia');\ncy.get('#expertisesecondary').select('Geriatria');\ncy.get(':nth-child(9) > .c-select-list__option').click();\ncy.get('.c-my-profile__save-container--btn').click();\ncy.get('.grid-lg-11 > .c-text').should('have.text', 'Dados alterados com sucesso');\ncy.wait(2000);\ncy.get(':nth-child(9) > .c-select-list__option').click();\ncy.get('.grid-lg-11 > .c-text').should('have.text', 'Dados alterados com sucesso');",
              "err": {
                "message": "AssertionError: Timed out retrying after 4000ms: Expected to find element: `.c-my-profile__save-container--btn`, but never found it.",
                "estack": "AssertionError: Timed out retrying after 4000ms: Expected to find element: `.c-my-profile__save-container--btn`, but never found it.\n    at Context.eval (https://stg-cd.sanoficonecta.com.br/__cypress/tests?p=cypress/integration/meu-perfil.spec.js:218:8)",
                "diff": null
              },
              "uuid": "6650261d-ddba-4819-849d-64e57777b550",
              "parentUUID": "50db03b9-a888-4daa-8b29-1880fa7a3556",
              "isHook": false,
              "skipped": false
            },
            {
              "title": "Alterar especialidades para usuário perfil de médico",
              "fullTitle": "Meu Perfil Alterar especialidades para usuário perfil de médico",
              "timedOut": null,
              "duration": 24686,
              "state": "failed",
              "speed": null,
              "pass": false,
              "fail": true,
              "pending": false,
              "context": null,
              "code": "_login.default.loginMedico();\n_meuPerfil.default.AcessarMinhaConta();\ncy.get(':nth-child(3) > #profile > .grid-md-10 > .c-accordion-item__title-text > .c-my-profile__section-error').click();\ncy.get('#expertiseprimary').select('Angiologia');\ncy.get('#expertisesecondary').select('Cirurgia geral');\ncy.get('.c-my-profile__save-container--btn').click();\ncy.get('.grid-lg-11 > .c-text').should('have.text', 'Dados alterados com sucesso');\ncy.get('#expertiseprimary').select('Cardiologia');\ncy.get('#expertisesecondary').select('Neurologia');\ncy.get('.c-my-profile__save-container--btn').click();\ncy.get('.grid-lg-11 > .c-text').should('have.text', 'Dados alterados com sucesso');",
              "err": {
                "message": "AssertionError: Timed out retrying after 4000ms: Expected to find element: `.c-my-profile__save-container--btn`, but never found it.",
                "estack": "AssertionError: Timed out retrying after 4000ms: Expected to find element: `.c-my-profile__save-container--btn`, but never found it.\n    at Context.eval (https://stg-cd.sanoficonecta.com.br/__cypress/tests?p=cypress/integration/meu-perfil.spec.js:232:8)",
                "diff": null
              },
              "uuid": "0a17fdf2-8991-41af-bbd3-2bb5bd27f0b2",
              "parentUUID": "50db03b9-a888-4daa-8b29-1880fa7a3556",
              "isHook": false,
              "skipped": false
            }
          ],
          "suites": [],
          "passes": [
            "918a25c9-cc11-4075-aa2d-c1d91ad3771f",
            "7b2d91b7-8552-4e35-877a-2d5ff88a83ad",
            "26a37e7a-07ba-4980-acba-ed779a1cc933",
            "cca1587b-3801-4f3d-a397-399eb1a33afc"
          ],
          "failures": [
            "e4ad045c-2687-41d4-b733-cd911a47f9b7",
            "b9a93f73-ecb6-4281-a673-d6566376d4ee",
            "401c2c76-f0d6-40ff-85fc-c1f9b42d44b8",
            "7ee845b9-ccd8-4d7b-be33-da436280f253",
            "6650261d-ddba-4819-849d-64e57777b550",
            "0a17fdf2-8991-41af-bbd3-2bb5bd27f0b2"
          ],
          "pending": [],
          "skipped": [],
          "duration": 214908,
          "root": false,
          "rootEmpty": false,
          "_timeout": 2000
        }
      ],
      "passes": [],
      "failures": [],
      "pending": [],
      "skipped": [],
      "duration": 0,
      "root": true,
      "rootEmpty": true,
      "_timeout": 2000
    }
  ],
  "meta": {
    "mocha": {
      "version": "7.0.1"
    },
    "mochawesome": {
      "options": {
        "quiet": true,
        "reportFilename": "mochawesome",
        "saveHtml": false,
        "saveJson": true,
        "consoleReporter": "spec",
        "useInlineDiffs": false,
        "code": true
      },
      "version": "6.3.1"
    },
    "marge": {
      "options": {
        "id": "default",
        "reportDir": "mochawesome-report",
        "quiet": true,
        "overwrite": false,
        "html": false,
        "json": true
      },
      "version": "5.2.0"
    }
  }
}