{
  "stats": {
    "suites": 1,
    "tests": 6,
    "passes": 4,
    "pending": 0,
    "failures": 2,
    "start": "2023-08-07T08:17:25.444Z",
    "end": "2023-08-07T08:18:39.271Z",
    "duration": 73827,
    "testsRegistered": 6,
    "passPercent": 66.66666666666666,
    "pendingPercent": 0,
    "other": 0,
    "hasOther": false,
    "skipped": 0,
    "hasSkipped": false
  },
  "results": [
    {
      "uuid": "912fb042-fad4-43b2-a034-6d0df41f3adf",
      "title": "",
      "fullFile": "cypress/integration/cadastro.spec.js",
      "file": "cypress/integration/cadastro.spec.js",
      "beforeHooks": [],
      "afterHooks": [],
      "tests": [],
      "suites": [
        {
          "uuid": "cde827ef-5d29-43c6-935d-39b481a8b72b",
          "title": "Cadastro",
          "fullFile": "",
          "file": "",
          "beforeHooks": [],
          "afterHooks": [],
          "tests": [
            {
              "title": "Tentar realizar cadastro de Médico com registro invalido",
              "fullTitle": "Cadastro Tentar realizar cadastro de Médico com registro invalido",
              "timedOut": null,
              "duration": 22965,
              "state": "passed",
              "speed": "slow",
              "pass": true,
              "fail": false,
              "pending": false,
              "context": null,
              "code": "_cadastro.default.cadastroMedicoComRegistroInvalido();",
              "err": {},
              "uuid": "c93b1289-1224-481b-9faf-8f02cf7528ef",
              "parentUUID": "cde827ef-5d29-43c6-935d-39b481a8b72b",
              "isHook": false,
              "skipped": false
            },
            {
              "title": "Tentar realizar cadastro de Médico sem aceitar os termos",
              "fullTitle": "Cadastro Tentar realizar cadastro de Médico sem aceitar os termos",
              "timedOut": null,
              "duration": 7421,
              "state": "passed",
              "speed": "slow",
              "pass": true,
              "fail": false,
              "pending": false,
              "context": null,
              "code": "_cadastro.default.cadastroMedicoSemAceitarTermos();",
              "err": {},
              "uuid": "d21bb9c5-432c-450e-8a32-e75f2e50c3f7",
              "parentUUID": "cde827ef-5d29-43c6-935d-39b481a8b72b",
              "isHook": false,
              "skipped": false
            },
            {
              "title": "Tentar realizar cadastro de Médico com registro já cadastrado",
              "fullTitle": "Cadastro Tentar realizar cadastro de Médico com registro já cadastrado",
              "timedOut": null,
              "duration": 10824,
              "state": "failed",
              "speed": null,
              "pass": false,
              "fail": true,
              "pending": false,
              "context": null,
              "code": "_cadastro.default.cadastroMedicoComRegistroJaCadastrado();",
              "err": {
                "message": "AssertionError: Timed out retrying after 4000ms: Expected to find element: `.c-text--h3 > strong`, but never found it.",
                "estack": "AssertionError: Timed out retrying after 4000ms: Expected to find element: `.c-text--h3 > strong`, but never found it.\n    at Cadastro.cadastroMedicoComRegistroJaCadastrado (https://stg-cd.sanoficonecta.com.br/__cypress/tests?p=cypress/integration/cadastro.spec.js:2399:37)\n    at Context.eval (https://stg-cd.sanoficonecta.com.br/__cypress/tests?p=cypress/integration/cadastro.spec.js:2241:23)",
                "diff": null
              },
              "uuid": "eb74c018-38cb-46a2-afbb-18f299506a3b",
              "parentUUID": "cde827ef-5d29-43c6-935d-39b481a8b72b",
              "isHook": false,
              "skipped": false
            },
            {
              "title": "Tentar realizar cadastro de Médico com email já cadastrado",
              "fullTitle": "Cadastro Tentar realizar cadastro de Médico com email já cadastrado",
              "timedOut": null,
              "duration": 11542,
              "state": "failed",
              "speed": null,
              "pass": false,
              "fail": true,
              "pending": false,
              "context": null,
              "code": "_cadastro.default.cadastroMedicoComEmailJaCadastrado();",
              "err": {
                "message": "AssertionError: Timed out retrying after 4000ms: Expected to find element: `.c-text--h3 > strong`, but never found it.",
                "estack": "AssertionError: Timed out retrying after 4000ms: Expected to find element: `.c-text--h3 > strong`, but never found it.\n    at Cadastro.cadastroMedicoComEmailJaCadastrado (https://stg-cd.sanoficonecta.com.br/__cypress/tests?p=cypress/integration/cadastro.spec.js:2413:34)\n    at Context.eval (https://stg-cd.sanoficonecta.com.br/__cypress/tests?p=cypress/integration/cadastro.spec.js:2244:23)",
                "diff": null
              },
              "uuid": "caf57e56-98fe-456c-b0b9-4686287dab15",
              "parentUUID": "cde827ef-5d29-43c6-935d-39b481a8b72b",
              "isHook": false,
              "skipped": false
            },
            {
              "title": "Tentar realizar cadastro de Médico sem informar os dados obrigatórios",
              "fullTitle": "Cadastro Tentar realizar cadastro de Médico sem informar os dados obrigatórios",
              "timedOut": null,
              "duration": 6598,
              "state": "passed",
              "speed": "slow",
              "pass": true,
              "fail": false,
              "pending": false,
              "context": null,
              "code": "_cadastro.default.cadastroMedicoSemInformarDadosObrigatorios();",
              "err": {},
              "uuid": "bde7a482-dcb7-403e-b46a-156875e0df52",
              "parentUUID": "cde827ef-5d29-43c6-935d-39b481a8b72b",
              "isHook": false,
              "skipped": false
            },
            {
              "title": "Realizar cadastro de Nutricionista com sucesso",
              "fullTitle": "Cadastro Realizar cadastro de Nutricionista com sucesso",
              "timedOut": null,
              "duration": 14295,
              "state": "passed",
              "speed": "slow",
              "pass": true,
              "fail": false,
              "pending": false,
              "context": null,
              "code": "_cadastro.default.cadastroNutricionista();",
              "err": {},
              "uuid": "6f46dd69-6f27-44f6-8a21-b991688809d1",
              "parentUUID": "cde827ef-5d29-43c6-935d-39b481a8b72b",
              "isHook": false,
              "skipped": false
            }
          ],
          "suites": [],
          "passes": [
            "c93b1289-1224-481b-9faf-8f02cf7528ef",
            "d21bb9c5-432c-450e-8a32-e75f2e50c3f7",
            "bde7a482-dcb7-403e-b46a-156875e0df52",
            "6f46dd69-6f27-44f6-8a21-b991688809d1"
          ],
          "failures": [
            "eb74c018-38cb-46a2-afbb-18f299506a3b",
            "caf57e56-98fe-456c-b0b9-4686287dab15"
          ],
          "pending": [],
          "skipped": [],
          "duration": 73645,
          "root": false,
          "rootEmpty": false,
          "_timeout": 2000
        }
      ],
      "passes": [],
      "failures": [],
      "pending": [],
      "skipped": [],
      "duration": 0,
      "root": true,
      "rootEmpty": true,
      "_timeout": 2000
    }
  ],
  "meta": {
    "mocha": {
      "version": "7.0.1"
    },
    "mochawesome": {
      "options": {
        "quiet": true,
        "reportFilename": "mochawesome",
        "saveHtml": false,
        "saveJson": true,
        "consoleReporter": "spec",
        "useInlineDiffs": false,
        "code": true
      },
      "version": "6.3.1"
    },
    "marge": {
      "options": {
        "id": "default",
        "reportDir": "mochawesome-report",
        "quiet": true,
        "overwrite": false,
        "html": false,
        "json": true
      },
      "version": "5.2.0"
    }
  }
}