{
  "stats": {
    "suites": 4,
    "tests": 6,
    "passes": 4,
    "pending": 1,
    "failures": 1,
    "start": "2023-08-22T08:13:10.189Z",
    "end": "2023-08-22T08:14:42.170Z",
    "duration": 91981,
    "testsRegistered": 7,
    "passPercent": 66.66666666666666,
    "pendingPercent": 14.285714285714285,
    "other": 1,
    "hasOther": true,
    "skipped": 0,
    "hasSkipped": false
  },
  "results": [
    {
      "uuid": "7d3ea1cd-3b66-4622-8339-90e1cb83365f",
      "title": "",
      "fullFile": "cypress/integration/artigo.spec.js",
      "file": "cypress/integration/artigo.spec.js",
      "beforeHooks": [],
      "afterHooks": [],
      "tests": [],
      "suites": [
        {
          "uuid": "d03c83e6-1c76-4e50-b42c-7ddbaa9a2bd7",
          "title": "Acessar Artigo com usuário deslogado",
          "fullFile": "",
          "file": "",
          "beforeHooks": [],
          "afterHooks": [],
          "tests": [],
          "suites": [
            {
              "uuid": "0c48c6ba-7674-4b3a-bf49-13d7aae62300",
              "title": "Acessar artigo com sucesso",
              "fullFile": "",
              "file": "",
              "beforeHooks": [],
              "afterHooks": [],
              "tests": [
                {
                  "title": "Tentar acessar artigo exclusivo para médico e farmacêutico, estando deslogado",
                  "fullTitle": "Acessar Artigo com usuário deslogado Acessar artigo com sucesso Tentar acessar artigo exclusivo para médico e farmacêutico, estando deslogado",
                  "timedOut": null,
                  "duration": 27677,
                  "state": "passed",
                  "speed": "slow",
                  "pass": true,
                  "fail": false,
                  "pending": false,
                  "context": null,
                  "code": "cy.visit('https://stg-cd.sanoficonecta.com.br/artigos/resultados-empower-lung1-localmente-avancada');\ncy.get('.c-base-modal-content__paper').should('be.visible');\ncy.get('.c-base-modal-content__body > .c-text--h2').should('contain', 'Conteúdo exclusivo para Médico e  Farmacêutico');",
                  "err": {},
                  "uuid": "aa688175-a6a5-4ee5-adb7-fba691a69aaa",
                  "parentUUID": "0c48c6ba-7674-4b3a-bf49-13d7aae62300",
                  "isHook": false,
                  "skipped": false
                },
                {
                  "title": "Acessar artigo",
                  "fullTitle": "Acessar Artigo com usuário deslogado Acessar artigo com sucesso Acessar artigo",
                  "timedOut": null,
                  "duration": 13632,
                  "state": "passed",
                  "speed": "slow",
                  "pass": true,
                  "fail": false,
                  "pending": false,
                  "context": null,
                  "code": "_artigo.default.AcessarArtigo();",
                  "err": {},
                  "uuid": "943a74ab-f6b9-4c5b-8313-1f74937c7d9f",
                  "parentUUID": "0c48c6ba-7674-4b3a-bf49-13d7aae62300",
                  "isHook": false,
                  "skipped": false
                }
              ],
              "suites": [],
              "passes": [
                "aa688175-a6a5-4ee5-adb7-fba691a69aaa",
                "943a74ab-f6b9-4c5b-8313-1f74937c7d9f"
              ],
              "failures": [],
              "pending": [],
              "skipped": [],
              "duration": 41309,
              "root": false,
              "rootEmpty": false,
              "_timeout": 2000
            }
          ],
          "passes": [],
          "failures": [],
          "pending": [],
          "skipped": [],
          "duration": 0,
          "root": false,
          "rootEmpty": false,
          "_timeout": 2000
        },
        {
          "uuid": "c0753eab-63fc-492e-928a-22b06dbfbc23",
          "title": "Acessar Artigo com usuário logado",
          "fullFile": "",
          "file": "",
          "beforeHooks": [],
          "afterHooks": [],
          "tests": [],
          "suites": [
            {
              "uuid": "879f10b1-2a75-4493-a4f9-780c8f7f9d56",
              "title": "Acessar artigo com sucesso",
              "fullFile": "",
              "file": "",
              "beforeHooks": [],
              "afterHooks": [],
              "tests": [
                {
                  "title": "Acessar artigo",
                  "fullTitle": "Acessar Artigo com usuário logado Acessar artigo com sucesso Acessar artigo",
                  "timedOut": null,
                  "duration": 13172,
                  "state": "failed",
                  "speed": null,
                  "pass": false,
                  "fail": true,
                  "pending": false,
                  "context": null,
                  "code": "_login.default.loginMedico();\n_artigo.default.AcessarArtigo();",
                  "err": {
                    "message": "AssertionError: Timed out retrying after 4000ms: Expected to find element: `.c-text--bold > :nth-child(2)`, but never found it.",
                    "estack": "AssertionError: Timed out retrying after 4000ms: Expected to find element: `.c-text--bold > :nth-child(2)`, but never found it.\n    at Login.loginMedico (https://stg-cd.sanoficonecta.com.br/__cypress/tests?p=cypress/integration/artigo.spec.js:393:28)\n    at Context.eval (https://stg-cd.sanoficonecta.com.br/__cypress/tests?p=cypress/integration/artigo.spec.js:144:22)",
                    "diff": null
                  },
                  "uuid": "bdb8c076-bfe1-42f6-8b4b-72139ba571ab",
                  "parentUUID": "879f10b1-2a75-4493-a4f9-780c8f7f9d56",
                  "isHook": false,
                  "skipped": false
                },
                {
                  "title": "Adicionar e Retirar Artigo dos favoritos",
                  "fullTitle": "Acessar Artigo com usuário logado Acessar artigo com sucesso Adicionar e Retirar Artigo dos favoritos",
                  "timedOut": null,
                  "duration": 0,
                  "state": "pending",
                  "speed": null,
                  "pass": false,
                  "fail": false,
                  "pending": true,
                  "context": null,
                  "code": "",
                  "err": {},
                  "uuid": "7a53a79c-16c6-468c-a212-b6cf3749234b",
                  "parentUUID": "879f10b1-2a75-4493-a4f9-780c8f7f9d56",
                  "isHook": false,
                  "skipped": false
                },
                {
                  "title": "Tentar acessar artigo exclusivo para médico e farmacêutico, utilizando perfil sem permissão",
                  "fullTitle": "Acessar Artigo com usuário logado Acessar artigo com sucesso Tentar acessar artigo exclusivo para médico e farmacêutico, utilizando perfil sem permissão",
                  "timedOut": null,
                  "duration": 13759,
                  "state": "failed",
                  "speed": null,
                  "pass": false,
                  "fail": true,
                  "pending": false,
                  "context": null,
                  "code": "_login.default.loginFisioterapeutaComRegistro(); //cy.get('.c-navbar__area-logged > .c-navbar__item').click()\n\ncy.visit('https://stg-cd.sanoficonecta.com.br/artigos/resultados-empower-lung1-localmente-avancada');\ncy.get('.c-base-modal-content__body > .c-text--h2').should('contain', 'Conteúdo exclusivo para Médico e  Farmacêutico');",
                  "err": {
                    "message": "AssertionError: Timed out retrying after 4000ms: Expected to find element: `.c-text--bold > :nth-child(2)`, but never found it.",
                    "estack": "AssertionError: Timed out retrying after 4000ms: Expected to find element: `.c-text--bold > :nth-child(2)`, but never found it.\n    at Login.loginFisioterapeutaComRegistro (https://stg-cd.sanoficonecta.com.br/__cypress/tests?p=cypress/integration/artigo.spec.js:493:28)\n    at Context.eval (https://stg-cd.sanoficonecta.com.br/__cypress/tests?p=cypress/integration/artigo.spec.js:164:22)",
                    "diff": null
                  },
                  "uuid": "82306c1a-51d9-4361-baa8-6dd2d8f979d1",
                  "parentUUID": "879f10b1-2a75-4493-a4f9-780c8f7f9d56",
                  "isHook": false,
                  "skipped": false
                },
                {
                  "title": "Tentar acessar artigo exclusivo, com Soft Login",
                  "fullTitle": "Acessar Artigo com usuário logado Acessar artigo com sucesso Tentar acessar artigo exclusivo, com Soft Login",
                  "timedOut": null,
                  "duration": 10947,
                  "state": "passed",
                  "speed": "slow",
                  "pass": true,
                  "fail": false,
                  "pending": false,
                  "context": null,
                  "code": "//cy.get('.c-navbar__area-logged > .c-navbar__item').click()\ncy.visit('https://stg-cd.sanoficonecta.com.br/artigos/resultados-empower-lung1-localmente-avancada');\ncy.get('.c-base-modal-content__body > .c-text--h2').should('contain', 'Conteúdo exclusivo para Médico e  Farmacêutico');\ncy.get('input[value=\"true\"]').check();\ncy.get('#sf-continue-validation').click();\ncy.get('#hcp-type').select('Farmacêutico (CRF)');\ncy.get('#uf').select('RS');\ncy.get('#sf-register-2').type('4444444');\ncy.get('#sf-email').type('farma104@teste.com');\ncy.get('#opt-in').check();\ncy.get('#sf-continue-validation').click();\ncy.get('.c-base-modal-content__body > :nth-child(1) > .c-text--h2').should('have.text', 'Criar conta');",
                  "err": {},
                  "uuid": "03b76632-5fb1-45cb-9072-563f1fd4b634",
                  "parentUUID": "879f10b1-2a75-4493-a4f9-780c8f7f9d56",
                  "isHook": false,
                  "skipped": false
                },
                {
                  "title": "Acessar artigo exclusivo para médico e farmacêutico, utilizando perfil de Farmacêutico",
                  "fullTitle": "Acessar Artigo com usuário logado Acessar artigo com sucesso Acessar artigo exclusivo para médico e farmacêutico, utilizando perfil de Farmacêutico",
                  "timedOut": null,
                  "duration": 12492,
                  "state": "passed",
                  "speed": "slow",
                  "pass": true,
                  "fail": false,
                  "pending": false,
                  "context": null,
                  "code": "_login.default.loginFarmaceutico(); //cy.get('.c-navbar__area-logged > .c-navbar__item').click()\n\ncy.visit('https://stg-cd.sanoficonecta.com.br/artigos/resultados-empower-lung1-localmente-avancada');\ncy.get('.c-hero-article__title').should('contain', 'Resultados do cemiplimabe');",
                  "err": {},
                  "uuid": "fef0ac2a-fd0e-4f5c-93ef-be4e01ce2209",
                  "parentUUID": "879f10b1-2a75-4493-a4f9-780c8f7f9d56",
                  "isHook": false,
                  "skipped": false
                }
              ],
              "suites": [],
              "passes": [
                "03b76632-5fb1-45cb-9072-563f1fd4b634",
                "fef0ac2a-fd0e-4f5c-93ef-be4e01ce2209"
              ],
              "failures": [
                "bdb8c076-bfe1-42f6-8b4b-72139ba571ab",
                "82306c1a-51d9-4361-baa8-6dd2d8f979d1"
              ],
              "pending": [
                "7a53a79c-16c6-468c-a212-b6cf3749234b"
              ],
              "skipped": [],
              "duration": 50370,
              "root": false,
              "rootEmpty": false,
              "_timeout": 2000
            }
          ],
          "passes": [],
          "failures": [],
          "pending": [],
          "skipped": [],
          "duration": 0,
          "root": false,
          "rootEmpty": false,
          "_timeout": 2000
        }
      ],
      "passes": [],
      "failures": [],
      "pending": [],
      "skipped": [],
      "duration": 0,
      "root": true,
      "rootEmpty": true,
      "_timeout": 2000
    }
  ],
  "meta": {
    "mocha": {
      "version": "7.0.1"
    },
    "mochawesome": {
      "options": {
        "quiet": true,
        "reportFilename": "mochawesome",
        "saveHtml": false,
        "saveJson": true,
        "consoleReporter": "spec",
        "useInlineDiffs": false,
        "code": true
      },
      "version": "6.3.1"
    },
    "marge": {
      "options": {
        "id": "default",
        "reportDir": "mochawesome-report",
        "quiet": true,
        "overwrite": false,
        "html": false,
        "json": true
      },
      "version": "5.2.0"
    }
  }
}